[0.031s] Invoking command in '/wolvi/build/controller': BYOBU_DATE=%Y-%m-%d CMAKE_PREFIX_PATH=/wolvi/install/utils:/wolvi/install/controller:/wolvi/install/robot_bringup:/wolvi/install/navigation:/wolvi/install/localization:/opt/ros/humble /usr/bin/cmake --build /wolvi/build/controller -- -j16 -l16
[0.143s] Built target ament_cmake_python_copy_controller
[0.407s] running egg_info
[0.408s] writing controller.egg-info/PKG-INFO
[0.408s] writing dependency_links to controller.egg-info/dependency_links.txt
[0.409s] writing top-level names to controller.egg-info/top_level.txt
[0.411s] reading manifest file 'controller.egg-info/SOURCES.txt'
[0.412s] writing manifest file 'controller.egg-info/SOURCES.txt'
[0.462s] Built target ament_cmake_python_build_controller_egg
[0.489s] Invoked command in '/wolvi/build/controller' returned '0': BYOBU_DATE=%Y-%m-%d CMAKE_PREFIX_PATH=/wolvi/install/utils:/wolvi/install/controller:/wolvi/install/robot_bringup:/wolvi/install/navigation:/wolvi/install/localization:/opt/ros/humble /usr/bin/cmake --build /wolvi/build/controller -- -j16 -l16
[0.491s] Invoking command in '/wolvi/build/controller': BYOBU_DATE=%Y-%m-%d CMAKE_PREFIX_PATH=/wolvi/install/utils:/wolvi/install/controller:/wolvi/install/robot_bringup:/wolvi/install/navigation:/wolvi/install/localization:/opt/ros/humble /usr/bin/cmake --install /wolvi/build/controller
[0.506s] -- Install configuration: ""
[0.506s] -- Up-to-date: /wolvi/install/controller/share/controller/environment/pythonpath.sh
[0.506s] -- Up-to-date: /wolvi/install/controller/share/controller/environment/pythonpath.dsv
[0.506s] -- Up-to-date: /wolvi/install/controller/local/lib/python3.10/dist-packages/controller-0.0.0-py3.10.egg-info
[0.506s] -- Installing: /wolvi/install/controller/local/lib/python3.10/dist-packages/controller-0.0.0-py3.10.egg-info/top_level.txt
[0.506s] -- Installing: /wolvi/install/controller/local/lib/python3.10/dist-packages/controller-0.0.0-py3.10.egg-info/dependency_links.txt
[0.507s] -- Installing: /wolvi/install/controller/local/lib/python3.10/dist-packages/controller-0.0.0-py3.10.egg-info/SOURCES.txt
[0.507s] -- Installing: /wolvi/install/controller/local/lib/python3.10/dist-packages/controller-0.0.0-py3.10.egg-info/PKG-INFO
[0.507s] -- Up-to-date: /wolvi/install/controller/local/lib/python3.10/dist-packages/controller
[0.507s] -- Up-to-date: /wolvi/install/controller/local/lib/python3.10/dist-packages/controller/__init__.py
[0.561s] Listing '/wolvi/install/controller/local/lib/python3.10/dist-packages/controller'...
[0.568s] -- Installing: /wolvi/install/controller/lib/controller/controller_node.py
[0.568s] -- Up-to-date: /wolvi/install/controller/lib/controller/first_driver.py
[0.568s] -- Up-to-date: /wolvi/install/controller/lib/controller/differential_drive.py
[0.568s] -- Up-to-date: /wolvi/install/controller/lib/controller/serial_communication.py
[0.568s] -- Up-to-date: /wolvi/install/controller/share/ament_index/resource_index/package_run_dependencies/controller
[0.568s] -- Up-to-date: /wolvi/install/controller/share/ament_index/resource_index/parent_prefix_path/controller
[0.569s] -- Up-to-date: /wolvi/install/controller/share/controller/environment/ament_prefix_path.sh
[0.569s] -- Up-to-date: /wolvi/install/controller/share/controller/environment/ament_prefix_path.dsv
[0.569s] -- Up-to-date: /wolvi/install/controller/share/controller/environment/path.sh
[0.569s] -- Up-to-date: /wolvi/install/controller/share/controller/environment/path.dsv
[0.569s] -- Up-to-date: /wolvi/install/controller/share/controller/local_setup.bash
[0.569s] -- Up-to-date: /wolvi/install/controller/share/controller/local_setup.sh
[0.569s] -- Up-to-date: /wolvi/install/controller/share/controller/local_setup.zsh
[0.569s] -- Up-to-date: /wolvi/install/controller/share/controller/local_setup.dsv
[0.569s] -- Installing: /wolvi/install/controller/share/controller/package.dsv
[0.570s] -- Up-to-date: /wolvi/install/controller/share/ament_index/resource_index/packages/controller
[0.570s] -- Up-to-date: /wolvi/install/controller/share/controller/cmake/controllerConfig.cmake
[0.570s] -- Up-to-date: /wolvi/install/controller/share/controller/cmake/controllerConfig-version.cmake
[0.570s] -- Up-to-date: /wolvi/install/controller/share/controller/package.xml
[0.576s] Invoked command in '/wolvi/build/controller' returned '0': BYOBU_DATE=%Y-%m-%d CMAKE_PREFIX_PATH=/wolvi/install/utils:/wolvi/install/controller:/wolvi/install/robot_bringup:/wolvi/install/navigation:/wolvi/install/localization:/opt/ros/humble /usr/bin/cmake --install /wolvi/build/controller
