[0.049s] Invoking command in '/wolvi/build/navigation': CMAKE_PREFIX_PATH=${CMAKE_PREFIX_PATH}:/opt/ros/humble /usr/bin/cmake --build /wolvi/build/navigation -- -j16 -l16
[0.138s] Built target ament_cmake_python_copy_navigation
[0.377s] running egg_info
[0.378s] writing navigation.egg-info/PKG-INFO
[0.378s] writing dependency_links to navigation.egg-info/dependency_links.txt
[0.378s] writing top-level names to navigation.egg-info/top_level.txt
[0.381s] reading manifest file 'navigation.egg-info/SOURCES.txt'
[0.381s] writing manifest file 'navigation.egg-info/SOURCES.txt'
[0.420s] Built target ament_cmake_python_build_navigation_egg
[0.445s] Invoked command in '/wolvi/build/navigation' returned '0': CMAKE_PREFIX_PATH=${CMAKE_PREFIX_PATH}:/opt/ros/humble /usr/bin/cmake --build /wolvi/build/navigation -- -j16 -l16
[0.449s] Invoking command in '/wolvi/build/navigation': CMAKE_PREFIX_PATH=${CMAKE_PREFIX_PATH}:/opt/ros/humble /usr/bin/cmake --install /wolvi/build/navigation
[0.462s] -- Install configuration: ""
[0.462s] -- Up-to-date: /wolvi/install/navigation/share/navigation/environment/pythonpath.sh
[0.462s] -- Up-to-date: /wolvi/install/navigation/share/navigation/environment/pythonpath.dsv
[0.462s] -- Up-to-date: /wolvi/install/navigation/local/lib/python3.10/dist-packages/navigation-0.0.0-py3.10.egg-info
[0.463s] -- Installing: /wolvi/install/navigation/local/lib/python3.10/dist-packages/navigation-0.0.0-py3.10.egg-info/top_level.txt
[0.463s] -- Installing: /wolvi/install/navigation/local/lib/python3.10/dist-packages/navigation-0.0.0-py3.10.egg-info/dependency_links.txt
[0.463s] -- Installing: /wolvi/install/navigation/local/lib/python3.10/dist-packages/navigation-0.0.0-py3.10.egg-info/SOURCES.txt
[0.463s] -- Installing: /wolvi/install/navigation/local/lib/python3.10/dist-packages/navigation-0.0.0-py3.10.egg-info/PKG-INFO
[0.463s] -- Up-to-date: /wolvi/install/navigation/local/lib/python3.10/dist-packages/navigation
[0.464s] -- Up-to-date: /wolvi/install/navigation/local/lib/python3.10/dist-packages/navigation/__init__.py
[0.503s] Listing '/wolvi/install/navigation/local/lib/python3.10/dist-packages/navigation'...
[0.510s] -- Installing: /wolvi/install/navigation/lib/navigation/simple_navigation_node.py
[0.511s] -- Up-to-date: /wolvi/install/navigation/share/ament_index/resource_index/package_run_dependencies/navigation
[0.511s] -- Up-to-date: /wolvi/install/navigation/share/ament_index/resource_index/parent_prefix_path/navigation
[0.511s] -- Up-to-date: /wolvi/install/navigation/share/navigation/environment/ament_prefix_path.sh
[0.512s] -- Up-to-date: /wolvi/install/navigation/share/navigation/environment/ament_prefix_path.dsv
[0.512s] -- Up-to-date: /wolvi/install/navigation/share/navigation/environment/path.sh
[0.512s] -- Up-to-date: /wolvi/install/navigation/share/navigation/environment/path.dsv
[0.512s] -- Up-to-date: /wolvi/install/navigation/share/navigation/local_setup.bash
[0.513s] -- Up-to-date: /wolvi/install/navigation/share/navigation/local_setup.sh
[0.513s] -- Up-to-date: /wolvi/install/navigation/share/navigation/local_setup.zsh
[0.513s] -- Up-to-date: /wolvi/install/navigation/share/navigation/local_setup.dsv
[0.513s] -- Installing: /wolvi/install/navigation/share/navigation/package.dsv
[0.513s] -- Up-to-date: /wolvi/install/navigation/share/ament_index/resource_index/packages/navigation
[0.513s] -- Up-to-date: /wolvi/install/navigation/share/navigation/cmake/navigationConfig.cmake
[0.514s] -- Up-to-date: /wolvi/install/navigation/share/navigation/cmake/navigationConfig-version.cmake
[0.514s] -- Up-to-date: /wolvi/install/navigation/share/navigation/package.xml
[0.517s] Invoked command in '/wolvi/build/navigation' returned '0': CMAKE_PREFIX_PATH=${CMAKE_PREFIX_PATH}:/opt/ros/humble /usr/bin/cmake --install /wolvi/build/navigation
