[0.047s] Invoking command in '/wolvi/build/localization': CMAKE_PREFIX_PATH=${CMAKE_PREFIX_PATH}:/opt/ros/humble /usr/bin/cmake --build /wolvi/build/localization -- -j16 -l16
[0.155s] Built target ament_cmake_python_copy_localization
[0.377s] running egg_info
[0.377s] writing localization.egg-info/PKG-INFO
[0.378s] writing dependency_links to localization.egg-info/dependency_links.txt
[0.378s] writing top-level names to localization.egg-info/top_level.txt
[0.380s] reading manifest file 'localization.egg-info/SOURCES.txt'
[0.380s] writing manifest file 'localization.egg-info/SOURCES.txt'
[0.432s] Built target ament_cmake_python_build_localization_egg
[0.457s] Invoked command in '/wolvi/build/localization' returned '0': CMAKE_PREFIX_PATH=${CMAKE_PREFIX_PATH}:/opt/ros/humble /usr/bin/cmake --build /wolvi/build/localization -- -j16 -l16
[0.460s] Invoking command in '/wolvi/build/localization': CMAKE_PREFIX_PATH=${CMAKE_PREFIX_PATH}:/opt/ros/humble /usr/bin/cmake --install /wolvi/build/localization
[0.471s] -- Install configuration: ""
[0.472s] -- Up-to-date: /wolvi/install/localization/share/localization/environment/pythonpath.sh
[0.472s] -- Up-to-date: /wolvi/install/localization/share/localization/environment/pythonpath.dsv
[0.472s] -- Up-to-date: /wolvi/install/localization/local/lib/python3.10/dist-packages/localization-0.0.0-py3.10.egg-info
[0.472s] -- Installing: /wolvi/install/localization/local/lib/python3.10/dist-packages/localization-0.0.0-py3.10.egg-info/top_level.txt
[0.472s] -- Installing: /wolvi/install/localization/local/lib/python3.10/dist-packages/localization-0.0.0-py3.10.egg-info/dependency_links.txt
[0.472s] -- Installing: /wolvi/install/localization/local/lib/python3.10/dist-packages/localization-0.0.0-py3.10.egg-info/SOURCES.txt
[0.472s] -- Installing: /wolvi/install/localization/local/lib/python3.10/dist-packages/localization-0.0.0-py3.10.egg-info/PKG-INFO
[0.473s] -- Up-to-date: /wolvi/install/localization/local/lib/python3.10/dist-packages/localization
[0.473s] -- Up-to-date: /wolvi/install/localization/local/lib/python3.10/dist-packages/localization/__init__.py
[0.516s] Listing '/wolvi/install/localization/local/lib/python3.10/dist-packages/localization'...
[0.522s] -- Up-to-date: /wolvi/install/localization/share/ament_index/resource_index/package_run_dependencies/localization
[0.522s] -- Up-to-date: /wolvi/install/localization/share/ament_index/resource_index/parent_prefix_path/localization
[0.523s] -- Up-to-date: /wolvi/install/localization/share/localization/environment/ament_prefix_path.sh
[0.523s] -- Up-to-date: /wolvi/install/localization/share/localization/environment/ament_prefix_path.dsv
[0.524s] -- Up-to-date: /wolvi/install/localization/share/localization/environment/path.sh
[0.524s] -- Up-to-date: /wolvi/install/localization/share/localization/environment/path.dsv
[0.524s] -- Up-to-date: /wolvi/install/localization/share/localization/local_setup.bash
[0.525s] -- Up-to-date: /wolvi/install/localization/share/localization/local_setup.sh
[0.525s] -- Up-to-date: /wolvi/install/localization/share/localization/local_setup.zsh
[0.525s] -- Up-to-date: /wolvi/install/localization/share/localization/local_setup.dsv
[0.525s] -- Installing: /wolvi/install/localization/share/localization/package.dsv
[0.526s] -- Up-to-date: /wolvi/install/localization/share/ament_index/resource_index/packages/localization
[0.526s] -- Up-to-date: /wolvi/install/localization/share/localization/cmake/localizationConfig.cmake
[0.526s] -- Up-to-date: /wolvi/install/localization/share/localization/cmake/localizationConfig-version.cmake
[0.526s] -- Up-to-date: /wolvi/install/localization/share/localization/package.xml
[0.546s] Invoked command in '/wolvi/build/localization' returned '0': CMAKE_PREFIX_PATH=${CMAKE_PREFIX_PATH}:/opt/ros/humble /usr/bin/cmake --install /wolvi/build/localization
