[0.034s] Invoking command in '/wolvi/build/controller': CMAKE_PREFIX_PATH=/wolvi/install/utils:/wolvi/install/prova_02:/wolvi/install/prova_01:/wolvi/install/controller:/wolvi/install/robot_bringup:/wolvi/install/localization:/opt/ros/humble /usr/bin/cmake --build /wolvi/build/controller -- -j16 -l16
[0.155s] Built target ament_cmake_python_copy_controller
[0.404s] running egg_info
[0.404s] writing controller.egg-info/PKG-INFO
[0.404s] writing dependency_links to controller.egg-info/dependency_links.txt
[0.404s] writing top-level names to controller.egg-info/top_level.txt
[0.406s] reading manifest file 'controller.egg-info/SOURCES.txt'
[0.407s] writing manifest file 'controller.egg-info/SOURCES.txt'
[0.464s] Built target ament_cmake_python_build_controller_egg
[0.491s] Invoked command in '/wolvi/build/controller' returned '0': CMAKE_PREFIX_PATH=/wolvi/install/utils:/wolvi/install/prova_02:/wolvi/install/prova_01:/wolvi/install/controller:/wolvi/install/robot_bringup:/wolvi/install/localization:/opt/ros/humble /usr/bin/cmake --build /wolvi/build/controller -- -j16 -l16
[0.495s] Invoking command in '/wolvi/build/controller': CMAKE_PREFIX_PATH=/wolvi/install/utils:/wolvi/install/prova_02:/wolvi/install/prova_01:/wolvi/install/controller:/wolvi/install/robot_bringup:/wolvi/install/localization:/opt/ros/humble /usr/bin/cmake --install /wolvi/build/controller
[0.510s] -- Install configuration: ""
[0.510s] -- Up-to-date: /wolvi/install/controller/share/controller/environment/pythonpath.sh
[0.510s] -- Up-to-date: /wolvi/install/controller/share/controller/environment/pythonpath.dsv
[0.511s] -- Up-to-date: /wolvi/install/controller/local/lib/python3.10/dist-packages/controller-0.0.0-py3.10.egg-info
[0.511s] -- Installing: /wolvi/install/controller/local/lib/python3.10/dist-packages/controller-0.0.0-py3.10.egg-info/top_level.txt
[0.511s] -- Installing: /wolvi/install/controller/local/lib/python3.10/dist-packages/controller-0.0.0-py3.10.egg-info/dependency_links.txt
[0.511s] -- Installing: /wolvi/install/controller/local/lib/python3.10/dist-packages/controller-0.0.0-py3.10.egg-info/SOURCES.txt
[0.511s] -- Installing: /wolvi/install/controller/local/lib/python3.10/dist-packages/controller-0.0.0-py3.10.egg-info/PKG-INFO
[0.511s] -- Up-to-date: /wolvi/install/controller/local/lib/python3.10/dist-packages/controller
[0.512s] -- Up-to-date: /wolvi/install/controller/local/lib/python3.10/dist-packages/controller/__init__.py
[0.550s] Listing '/wolvi/install/controller/local/lib/python3.10/dist-packages/controller'...
[0.554s] -- Up-to-date: /wolvi/install/controller/lib/controller/controller_node.py
[0.554s] -- Up-to-date: /wolvi/install/controller/lib/controller/first_driver.py
[0.554s] -- Up-to-date: /wolvi/install/controller/lib/controller/differential_drive.py
[0.554s] -- Up-to-date: /wolvi/install/controller/lib/controller/serial_communication.py
[0.555s] -- Up-to-date: /wolvi/install/controller/share/ament_index/resource_index/package_run_dependencies/controller
[0.555s] -- Up-to-date: /wolvi/install/controller/share/ament_index/resource_index/parent_prefix_path/controller
[0.555s] -- Up-to-date: /wolvi/install/controller/share/controller/environment/ament_prefix_path.sh
[0.555s] -- Up-to-date: /wolvi/install/controller/share/controller/environment/ament_prefix_path.dsv
[0.555s] -- Up-to-date: /wolvi/install/controller/share/controller/environment/path.sh
[0.555s] -- Up-to-date: /wolvi/install/controller/share/controller/environment/path.dsv
[0.556s] -- Up-to-date: /wolvi/install/controller/share/controller/local_setup.bash
[0.556s] -- Up-to-date: /wolvi/install/controller/share/controller/local_setup.sh
[0.556s] -- Up-to-date: /wolvi/install/controller/share/controller/local_setup.zsh
[0.557s] -- Up-to-date: /wolvi/install/controller/share/controller/local_setup.dsv
[0.558s] -- Up-to-date: /wolvi/install/controller/share/controller/package.dsv
[0.558s] -- Up-to-date: /wolvi/install/controller/share/ament_index/resource_index/packages/controller
[0.558s] -- Up-to-date: /wolvi/install/controller/share/controller/cmake/controllerConfig.cmake
[0.558s] -- Up-to-date: /wolvi/install/controller/share/controller/cmake/controllerConfig-version.cmake
[0.559s] -- Up-to-date: /wolvi/install/controller/share/controller/package.xml
[0.559s] Invoked command in '/wolvi/build/controller' returned '0': CMAKE_PREFIX_PATH=/wolvi/install/utils:/wolvi/install/prova_02:/wolvi/install/prova_01:/wolvi/install/controller:/wolvi/install/robot_bringup:/wolvi/install/localization:/opt/ros/humble /usr/bin/cmake --install /wolvi/build/controller
