[0.030s] Invoking command in '/wolvi/build/controller': BYOBU_DATE=%Y-%m-%d CMAKE_PREFIX_PATH=/wolvi/install/utils:/wolvi/install/prova_02:/wolvi/install/prova_01:/wolvi/install/controller:/wolvi/install/robot_bringup:/wolvi/install/localization:/opt/ros/humble /usr/bin/cmake --build /wolvi/build/controller -- -j16 -l16
[0.144s] Built target ament_cmake_python_copy_controller
[0.364s] running egg_info
[0.365s] writing controller.egg-info/PKG-INFO
[0.365s] writing dependency_links to controller.egg-info/dependency_links.txt
[0.365s] writing top-level names to controller.egg-info/top_level.txt
[0.367s] reading manifest file 'controller.egg-info/SOURCES.txt'
[0.367s] writing manifest file 'controller.egg-info/SOURCES.txt'
[0.402s] Built target ament_cmake_python_build_controller_egg
[0.427s] Invoked command in '/wolvi/build/controller' returned '0': BYOBU_DATE=%Y-%m-%d CMAKE_PREFIX_PATH=/wolvi/install/utils:/wolvi/install/prova_02:/wolvi/install/prova_01:/wolvi/install/controller:/wolvi/install/robot_bringup:/wolvi/install/localization:/opt/ros/humble /usr/bin/cmake --build /wolvi/build/controller -- -j16 -l16
[0.430s] Invoking command in '/wolvi/build/controller': BYOBU_DATE=%Y-%m-%d CMAKE_PREFIX_PATH=/wolvi/install/utils:/wolvi/install/prova_02:/wolvi/install/prova_01:/wolvi/install/controller:/wolvi/install/robot_bringup:/wolvi/install/localization:/opt/ros/humble /usr/bin/cmake --install /wolvi/build/controller
[0.446s] -- Install configuration: ""
[0.446s] -- Up-to-date: /wolvi/install/controller/share/controller/environment/pythonpath.sh
[0.446s] -- Up-to-date: /wolvi/install/controller/share/controller/environment/pythonpath.dsv
[0.446s] -- Up-to-date: /wolvi/install/controller/local/lib/python3.10/dist-packages/controller-0.0.0-py3.10.egg-info
[0.447s] -- Installing: /wolvi/install/controller/local/lib/python3.10/dist-packages/controller-0.0.0-py3.10.egg-info/top_level.txt
[0.447s] -- Installing: /wolvi/install/controller/local/lib/python3.10/dist-packages/controller-0.0.0-py3.10.egg-info/dependency_links.txt
[0.447s] -- Installing: /wolvi/install/controller/local/lib/python3.10/dist-packages/controller-0.0.0-py3.10.egg-info/SOURCES.txt
[0.447s] -- Installing: /wolvi/install/controller/local/lib/python3.10/dist-packages/controller-0.0.0-py3.10.egg-info/PKG-INFO
[0.447s] -- Up-to-date: /wolvi/install/controller/local/lib/python3.10/dist-packages/controller
[0.448s] -- Up-to-date: /wolvi/install/controller/local/lib/python3.10/dist-packages/controller/__init__.py
[0.480s] Listing '/wolvi/install/controller/local/lib/python3.10/dist-packages/controller'...
[0.484s] -- Installing: /wolvi/install/controller/lib/controller/controller_node.py
[0.485s] -- Installing: /wolvi/install/controller/lib/controller/first_driver.py
[0.485s] [31mCMake Error at cmake_install.cmake:70 (file):
[0.485s]   file INSTALL cannot find
[0.485s]   "/wolvi/src/controller/scripts/utils/differential_drive.py": No such file
[0.485s]   or directory.
[0.485s] 
[0.486s] [0m
[0.489s] Invoked command in '/wolvi/build/controller' returned '1': BYOBU_DATE=%Y-%m-%d CMAKE_PREFIX_PATH=/wolvi/install/utils:/wolvi/install/prova_02:/wolvi/install/prova_01:/wolvi/install/controller:/wolvi/install/robot_bringup:/wolvi/install/localization:/opt/ros/humble /usr/bin/cmake --install /wolvi/build/controller
