[0.056s] Invoking command in '/wolvi/build/localization': CMAKE_PREFIX_PATH=${CMAKE_PREFIX_PATH}:/opt/ros/humble /usr/bin/cmake /wolvi/src/localization -DCMAKE_INSTALL_PREFIX=/wolvi/install/localization
[0.208s] -- The C compiler identification is GNU 11.4.0
[0.314s] -- The CXX compiler identification is GNU 11.4.0
[0.329s] -- Detecting C compiler ABI info
[0.461s] -- Detecting C compiler ABI info - done
[0.476s] -- Check for working C compiler: /usr/bin/cc - skipped
[0.476s] -- Detecting C compile features
[0.477s] -- Detecting C compile features - done
[0.482s] -- Detecting CXX compiler ABI info
[0.633s] -- Detecting CXX compiler ABI info - done
[0.649s] -- Check for working CXX compiler: /usr/bin/c++ - skipped
[0.649s] -- Detecting CXX compile features
[0.650s] -- Detecting CXX compile features - done
[0.655s] -- Found ament_cmake: 1.3.11 (/opt/ros/humble/share/ament_cmake/cmake)
[0.895s] -- Found Python3: /usr/bin/python3 (found version "3.10.12") found components: Interpreter 
[1.059s] -- Found rclcpp: 16.0.12 (/opt/ros/humble/share/rclcpp/cmake)
[1.124s] -- Found rosidl_generator_c: 3.1.6 (/opt/ros/humble/share/rosidl_generator_c/cmake)
[1.131s] -- Found rosidl_adapter: 3.1.6 (/opt/ros/humble/share/rosidl_adapter/cmake)
[1.143s] -- Found rosidl_generator_cpp: 3.1.6 (/opt/ros/humble/share/rosidl_generator_cpp/cmake)
[1.159s] -- Using all available rosidl_typesupport_c: rosidl_typesupport_fastrtps_c;rosidl_typesupport_introspection_c
[1.184s] -- Using all available rosidl_typesupport_cpp: rosidl_typesupport_fastrtps_cpp;rosidl_typesupport_introspection_cpp
[1.253s] -- Found rmw_implementation_cmake: 6.1.2 (/opt/ros/humble/share/rmw_implementation_cmake/cmake)
[1.258s] -- Found rmw_fastrtps_cpp: 6.2.7 (/opt/ros/humble/share/rmw_fastrtps_cpp/cmake)
[1.460s] -- Found OpenSSL: /usr/lib/x86_64-linux-gnu/libcrypto.so (found version "3.0.2")  
[1.520s] -- Found FastRTPS: /opt/ros/humble/include  
[1.618s] -- Using RMW implementation 'rmw_fastrtps_cpp' as default
[1.631s] -- Looking for pthread.h
[1.757s] -- Looking for pthread.h - found
[1.757s] -- Performing Test CMAKE_HAVE_LIBC_PTHREAD
[1.898s] -- Performing Test CMAKE_HAVE_LIBC_PTHREAD - Success
[1.900s] -- Found Threads: TRUE  
[1.987s] -- Found rclpy: 3.3.16 (/opt/ros/humble/share/rclpy/cmake)
[2.129s] -- Found ament_lint_auto: 0.12.12 (/opt/ros/humble/share/ament_lint_auto/cmake)
[2.255s] -- Added test 'flake8' to check Python code syntax and style conventions
[2.255s] -- Added test 'lint_cmake' to check CMake code style
[2.256s] -- Added test 'pep257' to check Python code against some of the docstring style conventions in PEP 257
[2.258s] -- Added test 'xmllint' to check XML markup files
[2.260s] -- Configuring done
[2.273s] -- Generating done
[2.276s] -- Build files have been written to: /wolvi/build/localization
[2.293s] Invoked command in '/wolvi/build/localization' returned '0': CMAKE_PREFIX_PATH=${CMAKE_PREFIX_PATH}:/opt/ros/humble /usr/bin/cmake /wolvi/src/localization -DCMAKE_INSTALL_PREFIX=/wolvi/install/localization
[2.294s] Invoking command in '/wolvi/build/localization': CMAKE_PREFIX_PATH=${CMAKE_PREFIX_PATH}:/opt/ros/humble /usr/bin/cmake --build /wolvi/build/localization -- -j16 -l16
[2.412s] Built target ament_cmake_python_copy_localization
[2.853s] running egg_info
[2.855s] creating localization.egg-info
[2.855s] writing localization.egg-info/PKG-INFO
[2.856s] writing dependency_links to localization.egg-info/dependency_links.txt
[2.856s] writing top-level names to localization.egg-info/top_level.txt
[2.857s] writing manifest file 'localization.egg-info/SOURCES.txt'
[2.862s] reading manifest file 'localization.egg-info/SOURCES.txt'
[2.863s] writing manifest file 'localization.egg-info/SOURCES.txt'
[2.967s] Built target ament_cmake_python_build_localization_egg
[3.009s] Invoked command in '/wolvi/build/localization' returned '0': CMAKE_PREFIX_PATH=${CMAKE_PREFIX_PATH}:/opt/ros/humble /usr/bin/cmake --build /wolvi/build/localization -- -j16 -l16
[3.012s] Invoking command in '/wolvi/build/localization': CMAKE_PREFIX_PATH=${CMAKE_PREFIX_PATH}:/opt/ros/humble /usr/bin/cmake --install /wolvi/build/localization
[3.030s] -- Install configuration: ""
[3.031s] -- Installing: /wolvi/install/localization/share/localization/environment/pythonpath.sh
[3.031s] -- Installing: /wolvi/install/localization/share/localization/environment/pythonpath.dsv
[3.032s] -- Installing: /wolvi/install/localization/local/lib/python3.10/dist-packages/localization-0.0.0-py3.10.egg-info
[3.032s] -- Installing: /wolvi/install/localization/local/lib/python3.10/dist-packages/localization-0.0.0-py3.10.egg-info/top_level.txt
[3.032s] -- Installing: /wolvi/install/localization/local/lib/python3.10/dist-packages/localization-0.0.0-py3.10.egg-info/dependency_links.txt
[3.033s] -- Installing: /wolvi/install/localization/local/lib/python3.10/dist-packages/localization-0.0.0-py3.10.egg-info/SOURCES.txt
[3.033s] -- Installing: /wolvi/install/localization/local/lib/python3.10/dist-packages/localization-0.0.0-py3.10.egg-info/PKG-INFO
[3.033s] -- Installing: /wolvi/install/localization/local/lib/python3.10/dist-packages/localization
[3.033s] -- Installing: /wolvi/install/localization/local/lib/python3.10/dist-packages/localization/__init__.py
[3.096s] Listing '/wolvi/install/localization/local/lib/python3.10/dist-packages/localization'...
[3.096s] Compiling '/wolvi/install/localization/local/lib/python3.10/dist-packages/localization/__init__.py'...
[3.113s] -- Installing: /wolvi/install/localization/share/ament_index/resource_index/package_run_dependencies/localization
[3.117s] -- Installing: /wolvi/install/localization/share/ament_index/resource_index/parent_prefix_path/localization
[3.118s] -- Installing: /wolvi/install/localization/share/localization/environment/ament_prefix_path.sh
[3.120s] -- Installing: /wolvi/install/localization/share/localization/environment/ament_prefix_path.dsv
[3.121s] -- Installing: /wolvi/install/localization/share/localization/environment/path.sh
[3.121s] -- Installing: /wolvi/install/localization/share/localization/environment/path.dsv
[3.121s] -- Installing: /wolvi/install/localization/share/localization/local_setup.bash
[3.121s] -- Installing: /wolvi/install/localization/share/localization/local_setup.sh
[3.122s] -- Installing: /wolvi/install/localization/share/localization/local_setup.zsh
[3.122s] -- Installing: /wolvi/install/localization/share/localization/local_setup.dsv
[3.123s] -- Installing: /wolvi/install/localization/share/localization/package.dsv
[3.123s] -- Installing: /wolvi/install/localization/share/ament_index/resource_index/packages/localization
[3.123s] -- Installing: /wolvi/install/localization/share/localization/cmake/localizationConfig.cmake
[3.124s] -- Installing: /wolvi/install/localization/share/localization/cmake/localizationConfig-version.cmake
[3.124s] -- Installing: /wolvi/install/localization/share/localization/package.xml
[3.210s] Invoked command in '/wolvi/build/localization' returned '0': CMAKE_PREFIX_PATH=${CMAKE_PREFIX_PATH}:/opt/ros/humble /usr/bin/cmake --install /wolvi/build/localization
