[0.054s] Invoking command in '/wolvi/build/robot_bringup': CMAKE_PREFIX_PATH=${CMAKE_PREFIX_PATH}:/opt/ros/humble /usr/bin/cmake --build /wolvi/build/robot_bringup -- -j16 -l16
[0.166s] Invoked command in '/wolvi/build/robot_bringup' returned '0': CMAKE_PREFIX_PATH=${CMAKE_PREFIX_PATH}:/opt/ros/humble /usr/bin/cmake --build /wolvi/build/robot_bringup -- -j16 -l16
[0.168s] Invoking command in '/wolvi/build/robot_bringup': CMAKE_PREFIX_PATH=${CMAKE_PREFIX_PATH}:/opt/ros/humble /usr/bin/cmake --install /wolvi/build/robot_bringup
[0.177s] -- Install configuration: ""
[0.178s] -- Up-to-date: /wolvi/install/robot_bringup/share/robot_bringup//launch
[0.178s] -- Up-to-date: /wolvi/install/robot_bringup/share/robot_bringup//launch/turtlebot4_bringup.launch.py
[0.178s] -- Up-to-date: /wolvi/install/robot_bringup/share/robot_bringup//config
[0.178s] -- Up-to-date: /wolvi/install/robot_bringup/share/robot_bringup//config/config_turltebot4.rviz
[0.179s] -- Up-to-date: /wolvi/install/robot_bringup/share/ament_index/resource_index/package_run_dependencies/robot_bringup
[0.179s] -- Up-to-date: /wolvi/install/robot_bringup/share/ament_index/resource_index/parent_prefix_path/robot_bringup
[0.179s] -- Up-to-date: /wolvi/install/robot_bringup/share/robot_bringup/environment/ament_prefix_path.sh
[0.179s] -- Up-to-date: /wolvi/install/robot_bringup/share/robot_bringup/environment/ament_prefix_path.dsv
[0.179s] -- Up-to-date: /wolvi/install/robot_bringup/share/robot_bringup/environment/path.sh
[0.179s] -- Up-to-date: /wolvi/install/robot_bringup/share/robot_bringup/environment/path.dsv
[0.179s] -- Up-to-date: /wolvi/install/robot_bringup/share/robot_bringup/local_setup.bash
[0.180s] -- Up-to-date: /wolvi/install/robot_bringup/share/robot_bringup/local_setup.sh
[0.180s] -- Up-to-date: /wolvi/install/robot_bringup/share/robot_bringup/local_setup.zsh
[0.180s] -- Up-to-date: /wolvi/install/robot_bringup/share/robot_bringup/local_setup.dsv
[0.180s] -- Installing: /wolvi/install/robot_bringup/share/robot_bringup/package.dsv
[0.180s] -- Up-to-date: /wolvi/install/robot_bringup/share/ament_index/resource_index/packages/robot_bringup
[0.181s] -- Up-to-date: /wolvi/install/robot_bringup/share/robot_bringup/cmake/robot_bringupConfig.cmake
[0.181s] -- Up-to-date: /wolvi/install/robot_bringup/share/robot_bringup/cmake/robot_bringupConfig-version.cmake
[0.182s] -- Up-to-date: /wolvi/install/robot_bringup/share/robot_bringup/package.xml
[0.183s] Invoked command in '/wolvi/build/robot_bringup' returned '0': CMAKE_PREFIX_PATH=${CMAKE_PREFIX_PATH}:/opt/ros/humble /usr/bin/cmake --install /wolvi/build/robot_bringup
