[0.039s] Invoking command in '/wolvi/build/localization': BYOBU_DATE=%Y-%m-%d CMAKE_PREFIX_PATH=${CMAKE_PREFIX_PATH}:/opt/ros/humble /usr/bin/cmake --build /wolvi/build/localization -- -j16 -l16
[0.220s] Built target ament_cmake_python_copy_localization
[0.457s] running egg_info
[0.458s] writing localization.egg-info/PKG-INFO
[0.458s] writing dependency_links to localization.egg-info/dependency_links.txt
[0.458s] writing top-level names to localization.egg-info/top_level.txt
[0.463s] reading manifest file 'localization.egg-info/SOURCES.txt'
[0.464s] writing manifest file 'localization.egg-info/SOURCES.txt'
[0.513s] Built target ament_cmake_python_build_localization_egg
[0.531s] Invoked command in '/wolvi/build/localization' returned '0': BYOBU_DATE=%Y-%m-%d CMAKE_PREFIX_PATH=${CMAKE_PREFIX_PATH}:/opt/ros/humble /usr/bin/cmake --build /wolvi/build/localization -- -j16 -l16
[0.535s] Invoking command in '/wolvi/build/localization': BYOBU_DATE=%Y-%m-%d CMAKE_PREFIX_PATH=${CMAKE_PREFIX_PATH}:/opt/ros/humble /usr/bin/cmake --install /wolvi/build/localization
[0.551s] -- Install configuration: ""
[0.551s] -- Up-to-date: /wolvi/install/localization/share/localization/environment/pythonpath.sh
[0.552s] -- Up-to-date: /wolvi/install/localization/share/localization/environment/pythonpath.dsv
[0.552s] -- Up-to-date: /wolvi/install/localization/local/lib/python3.10/dist-packages/localization-0.0.0-py3.10.egg-info
[0.552s] -- Installing: /wolvi/install/localization/local/lib/python3.10/dist-packages/localization-0.0.0-py3.10.egg-info/top_level.txt
[0.552s] -- Installing: /wolvi/install/localization/local/lib/python3.10/dist-packages/localization-0.0.0-py3.10.egg-info/dependency_links.txt
[0.552s] -- Installing: /wolvi/install/localization/local/lib/python3.10/dist-packages/localization-0.0.0-py3.10.egg-info/SOURCES.txt
[0.553s] -- Installing: /wolvi/install/localization/local/lib/python3.10/dist-packages/localization-0.0.0-py3.10.egg-info/PKG-INFO
[0.553s] -- Up-to-date: /wolvi/install/localization/local/lib/python3.10/dist-packages/localization
[0.553s] -- Up-to-date: /wolvi/install/localization/local/lib/python3.10/dist-packages/localization/__init__.py
[0.596s] Listing '/wolvi/install/localization/local/lib/python3.10/dist-packages/localization'...
[0.600s] -- Up-to-date: /wolvi/install/localization/share/ament_index/resource_index/package_run_dependencies/localization
[0.601s] -- Up-to-date: /wolvi/install/localization/share/ament_index/resource_index/parent_prefix_path/localization
[0.601s] -- Up-to-date: /wolvi/install/localization/share/localization/environment/ament_prefix_path.sh
[0.601s] -- Up-to-date: /wolvi/install/localization/share/localization/environment/ament_prefix_path.dsv
[0.601s] -- Up-to-date: /wolvi/install/localization/share/localization/environment/path.sh
[0.601s] -- Up-to-date: /wolvi/install/localization/share/localization/environment/path.dsv
[0.601s] -- Up-to-date: /wolvi/install/localization/share/localization/local_setup.bash
[0.601s] -- Up-to-date: /wolvi/install/localization/share/localization/local_setup.sh
[0.602s] -- Up-to-date: /wolvi/install/localization/share/localization/local_setup.zsh
[0.602s] -- Up-to-date: /wolvi/install/localization/share/localization/local_setup.dsv
[0.602s] -- Installing: /wolvi/install/localization/share/localization/package.dsv
[0.602s] -- Up-to-date: /wolvi/install/localization/share/ament_index/resource_index/packages/localization
[0.602s] -- Up-to-date: /wolvi/install/localization/share/localization/cmake/localizationConfig.cmake
[0.602s] -- Up-to-date: /wolvi/install/localization/share/localization/cmake/localizationConfig-version.cmake
[0.602s] -- Up-to-date: /wolvi/install/localization/share/localization/package.xml
[0.607s] Invoked command in '/wolvi/build/localization' returned '0': BYOBU_DATE=%Y-%m-%d CMAKE_PREFIX_PATH=${CMAKE_PREFIX_PATH}:/opt/ros/humble /usr/bin/cmake --install /wolvi/build/localization
