[0.023s] Invoking command in '/wolvi/build/controller': BYOBU_DATE=%Y-%m-%d CMAKE_PREFIX_PATH=/wolvi/install/utils:/wolvi/install/controller:/wolvi/install/robot_bringup:/wolvi/install/localization:/opt/ros/humble /usr/bin/cmake --build /wolvi/build/controller -- -j16 -l16
[0.128s] Built target ament_cmake_python_copy_controller
[0.345s] running egg_info
[0.346s] writing controller.egg-info/PKG-INFO
[0.346s] writing dependency_links to controller.egg-info/dependency_links.txt
[0.346s] writing top-level names to controller.egg-info/top_level.txt
[0.348s] reading manifest file 'controller.egg-info/SOURCES.txt'
[0.348s] writing manifest file 'controller.egg-info/SOURCES.txt'
[0.392s] Built target ament_cmake_python_build_controller_egg
[0.417s] Invoked command in '/wolvi/build/controller' returned '0': BYOBU_DATE=%Y-%m-%d CMAKE_PREFIX_PATH=/wolvi/install/utils:/wolvi/install/controller:/wolvi/install/robot_bringup:/wolvi/install/localization:/opt/ros/humble /usr/bin/cmake --build /wolvi/build/controller -- -j16 -l16
[0.418s] Invoking command in '/wolvi/build/controller': BYOBU_DATE=%Y-%m-%d CMAKE_PREFIX_PATH=/wolvi/install/utils:/wolvi/install/controller:/wolvi/install/robot_bringup:/wolvi/install/localization:/opt/ros/humble /usr/bin/cmake --install /wolvi/build/controller
[0.432s] -- Install configuration: ""
[0.433s] -- Up-to-date: /wolvi/install/controller/share/controller/environment/pythonpath.sh
[0.433s] -- Up-to-date: /wolvi/install/controller/share/controller/environment/pythonpath.dsv
[0.433s] -- Up-to-date: /wolvi/install/controller/local/lib/python3.10/dist-packages/controller-0.0.0-py3.10.egg-info
[0.433s] -- Installing: /wolvi/install/controller/local/lib/python3.10/dist-packages/controller-0.0.0-py3.10.egg-info/top_level.txt
[0.433s] -- Installing: /wolvi/install/controller/local/lib/python3.10/dist-packages/controller-0.0.0-py3.10.egg-info/dependency_links.txt
[0.434s] -- Installing: /wolvi/install/controller/local/lib/python3.10/dist-packages/controller-0.0.0-py3.10.egg-info/SOURCES.txt
[0.434s] -- Installing: /wolvi/install/controller/local/lib/python3.10/dist-packages/controller-0.0.0-py3.10.egg-info/PKG-INFO
[0.434s] -- Up-to-date: /wolvi/install/controller/local/lib/python3.10/dist-packages/controller
[0.434s] -- Up-to-date: /wolvi/install/controller/local/lib/python3.10/dist-packages/controller/__init__.py
[0.467s] Listing '/wolvi/install/controller/local/lib/python3.10/dist-packages/controller'...
[0.471s] -- Installing: /wolvi/install/controller/lib/controller/controller_node.py
[0.471s] -- Up-to-date: /wolvi/install/controller/lib/controller/first_driver.py
[0.471s] -- Up-to-date: /wolvi/install/controller/lib/controller/differential_drive.py
[0.472s] -- Up-to-date: /wolvi/install/controller/lib/controller/serial_communication.py
[0.472s] -- Up-to-date: /wolvi/install/controller/share/ament_index/resource_index/package_run_dependencies/controller
[0.472s] -- Up-to-date: /wolvi/install/controller/share/ament_index/resource_index/parent_prefix_path/controller
[0.472s] -- Up-to-date: /wolvi/install/controller/share/controller/environment/ament_prefix_path.sh
[0.473s] -- Up-to-date: /wolvi/install/controller/share/controller/environment/ament_prefix_path.dsv
[0.473s] -- Up-to-date: /wolvi/install/controller/share/controller/environment/path.sh
[0.473s] -- Up-to-date: /wolvi/install/controller/share/controller/environment/path.dsv
[0.473s] -- Up-to-date: /wolvi/install/controller/share/controller/local_setup.bash
[0.473s] -- Up-to-date: /wolvi/install/controller/share/controller/local_setup.sh
[0.473s] -- Up-to-date: /wolvi/install/controller/share/controller/local_setup.zsh
[0.473s] -- Up-to-date: /wolvi/install/controller/share/controller/local_setup.dsv
[0.474s] -- Installing: /wolvi/install/controller/share/controller/package.dsv
[0.474s] -- Up-to-date: /wolvi/install/controller/share/ament_index/resource_index/packages/controller
[0.474s] -- Up-to-date: /wolvi/install/controller/share/controller/cmake/controllerConfig.cmake
[0.474s] -- Up-to-date: /wolvi/install/controller/share/controller/cmake/controllerConfig-version.cmake
[0.474s] -- Up-to-date: /wolvi/install/controller/share/controller/package.xml
[0.479s] Invoked command in '/wolvi/build/controller' returned '0': BYOBU_DATE=%Y-%m-%d CMAKE_PREFIX_PATH=/wolvi/install/utils:/wolvi/install/controller:/wolvi/install/robot_bringup:/wolvi/install/localization:/opt/ros/humble /usr/bin/cmake --install /wolvi/build/controller
