[0.105s] DEBUG:colcon:Command line arguments: ['/usr/bin/colcon', 'build']
[0.105s] DEBUG:colcon:Parsed command line arguments: Namespace(log_base=None, log_level=None, verb_name='build', build_base='build', install_base='install', merge_install=False, symlink_install=False, test_result_base=None, continue_on_error=False, executor='parallel', parallel_workers=16, event_handlers=None, ignore_user_meta=False, metas=['./colcon.meta'], base_paths=['.'], packages_ignore=None, packages_ignore_regex=None, paths=None, packages_up_to=None, packages_up_to_regex=None, packages_above=None, packages_above_and_dependencies=None, packages_above_depth=None, packages_select_by_dep=None, packages_skip_by_dep=None, packages_skip_up_to=None, packages_select_build_failed=False, packages_skip_build_finished=False, packages_select_test_failures=False, packages_skip_test_passed=False, packages_select=None, packages_skip=None, packages_select_regex=None, packages_skip_regex=None, packages_start=None, packages_end=None, cmake_args=None, cmake_target=None, cmake_target_skip_unavailable=False, cmake_clean_cache=False, cmake_clean_first=False, cmake_force_configure=False, ament_cmake_args=None, catkin_cmake_args=None, catkin_skip_building_tests=False, mixin_files=None, mixin=None, verb_parser=<colcon_mixin.mixin.mixin_argument.MixinArgumentDecorator object at 0x7f8cd8a802e0>, verb_extension=<colcon_core.verb.build.BuildVerb object at 0x7f8cd8a57d30>, main=<bound method BuildVerb.main of <colcon_core.verb.build.BuildVerb object at 0x7f8cd8a57d30>>, mixin_verb=('build',))
[0.238s] Level 1:colcon.colcon_core.package_discovery:discover_packages(colcon_meta) check parameters
[0.239s] INFO:colcon.colcon_metadata.package_discovery.colcon_meta:Using configuration from '/root/.colcon/metadata/default/Gazebo.meta'
[0.239s] INFO:colcon.colcon_metadata.package_discovery.colcon_meta:Using configuration from '/root/.colcon/metadata/default/fastdds.meta'
[0.239s] INFO:colcon.colcon_metadata.package_discovery.colcon_meta:Using configuration from '/root/.colcon/metadata/default/fastrtps.meta'
[0.240s] Level 1:colcon.colcon_core.package_discovery:discover_packages(recursive) check parameters
[0.240s] Level 1:colcon.colcon_core.package_discovery:discover_packages(ignore) check parameters
[0.240s] Level 1:colcon.colcon_core.package_discovery:discover_packages(path) check parameters
[0.240s] Level 1:colcon.colcon_core.package_discovery:discover_packages(colcon_meta) discover
[0.240s] Level 1:colcon.colcon_core.package_discovery:discover_packages(recursive) discover
[0.240s] INFO:colcon.colcon_core.package_discovery:Crawling recursively for packages in '/wolvi'
[0.240s] Level 1:colcon.colcon_core.package_identification:_identify(.) by extensions ['ignore', 'ignore_ament_install']
[0.240s] Level 1:colcon.colcon_core.package_identification:_identify(.) by extension 'ignore'
[0.240s] Level 1:colcon.colcon_core.package_identification:_identify(.) by extension 'ignore_ament_install'
[0.240s] Level 1:colcon.colcon_core.package_identification:_identify(.) by extensions ['colcon_pkg']
[0.240s] Level 1:colcon.colcon_core.package_identification:_identify(.) by extension 'colcon_pkg'
[0.240s] Level 1:colcon.colcon_core.package_identification:_identify(.) by extensions ['colcon_meta']
[0.240s] Level 1:colcon.colcon_core.package_identification:_identify(.) by extension 'colcon_meta'
[0.240s] Level 1:colcon.colcon_core.package_identification:_identify(.) by extensions ['ros']
[0.240s] Level 1:colcon.colcon_core.package_identification:_identify(.) by extension 'ros'
[0.250s] Level 1:colcon.colcon_core.package_identification:_identify(.) by extensions ['cmake', 'python']
[0.250s] Level 1:colcon.colcon_core.package_identification:_identify(.) by extension 'cmake'
[0.250s] Level 1:colcon.colcon_core.package_identification:_identify(.) by extension 'python'
[0.250s] Level 1:colcon.colcon_core.package_identification:_identify(.) by extensions ['python_setup_py']
[0.250s] Level 1:colcon.colcon_core.package_identification:_identify(.) by extension 'python_setup_py'
[0.250s] Level 1:colcon.colcon_core.package_identification:_identify(build) by extensions ['ignore', 'ignore_ament_install']
[0.250s] Level 1:colcon.colcon_core.package_identification:_identify(build) by extension 'ignore'
[0.250s] Level 1:colcon.colcon_core.package_identification:_identify(build) ignored
[0.250s] Level 1:colcon.colcon_core.package_identification:_identify(install) by extensions ['ignore', 'ignore_ament_install']
[0.250s] Level 1:colcon.colcon_core.package_identification:_identify(install) by extension 'ignore'
[0.250s] Level 1:colcon.colcon_core.package_identification:_identify(install) ignored
[0.251s] Level 1:colcon.colcon_core.package_identification:_identify(log) by extensions ['ignore', 'ignore_ament_install']
[0.251s] Level 1:colcon.colcon_core.package_identification:_identify(log) by extension 'ignore'
[0.251s] Level 1:colcon.colcon_core.package_identification:_identify(log) ignored
[0.251s] Level 1:colcon.colcon_core.package_identification:_identify(src) by extensions ['ignore', 'ignore_ament_install']
[0.251s] Level 1:colcon.colcon_core.package_identification:_identify(src) by extension 'ignore'
[0.251s] Level 1:colcon.colcon_core.package_identification:_identify(src) by extension 'ignore_ament_install'
[0.251s] Level 1:colcon.colcon_core.package_identification:_identify(src) by extensions ['colcon_pkg']
[0.251s] Level 1:colcon.colcon_core.package_identification:_identify(src) by extension 'colcon_pkg'
[0.251s] Level 1:colcon.colcon_core.package_identification:_identify(src) by extensions ['colcon_meta']
[0.251s] Level 1:colcon.colcon_core.package_identification:_identify(src) by extension 'colcon_meta'
[0.251s] Level 1:colcon.colcon_core.package_identification:_identify(src) by extensions ['ros']
[0.251s] Level 1:colcon.colcon_core.package_identification:_identify(src) by extension 'ros'
[0.251s] Level 1:colcon.colcon_core.package_identification:_identify(src) by extensions ['cmake', 'python']
[0.251s] Level 1:colcon.colcon_core.package_identification:_identify(src) by extension 'cmake'
[0.251s] Level 1:colcon.colcon_core.package_identification:_identify(src) by extension 'python'
[0.251s] Level 1:colcon.colcon_core.package_identification:_identify(src) by extensions ['python_setup_py']
[0.251s] Level 1:colcon.colcon_core.package_identification:_identify(src) by extension 'python_setup_py'
[0.251s] Level 1:colcon.colcon_core.package_identification:_identify(src/cam_pos_detection) by extensions ['ignore', 'ignore_ament_install']
[0.251s] Level 1:colcon.colcon_core.package_identification:_identify(src/cam_pos_detection) by extension 'ignore'
[0.251s] Level 1:colcon.colcon_core.package_identification:_identify(src/cam_pos_detection) by extension 'ignore_ament_install'
[0.251s] Level 1:colcon.colcon_core.package_identification:_identify(src/cam_pos_detection) by extensions ['colcon_pkg']
[0.251s] Level 1:colcon.colcon_core.package_identification:_identify(src/cam_pos_detection) by extension 'colcon_pkg'
[0.251s] Level 1:colcon.colcon_core.package_identification:_identify(src/cam_pos_detection) by extensions ['colcon_meta']
[0.251s] Level 1:colcon.colcon_core.package_identification:_identify(src/cam_pos_detection) by extension 'colcon_meta'
[0.252s] Level 1:colcon.colcon_core.package_identification:_identify(src/cam_pos_detection) by extensions ['ros']
[0.252s] Level 1:colcon.colcon_core.package_identification:_identify(src/cam_pos_detection) by extension 'ros'
[0.254s] DEBUG:colcon.colcon_core.package_identification:Package 'src/cam_pos_detection' with type 'ros.ament_cmake' and name 'cam_pos_detection'
[0.254s] Level 1:colcon.colcon_core.package_identification:_identify(src/camera_sim) by extensions ['ignore', 'ignore_ament_install']
[0.254s] Level 1:colcon.colcon_core.package_identification:_identify(src/camera_sim) by extension 'ignore'
[0.254s] Level 1:colcon.colcon_core.package_identification:_identify(src/camera_sim) by extension 'ignore_ament_install'
[0.254s] Level 1:colcon.colcon_core.package_identification:_identify(src/camera_sim) by extensions ['colcon_pkg']
[0.254s] Level 1:colcon.colcon_core.package_identification:_identify(src/camera_sim) by extension 'colcon_pkg'
[0.254s] Level 1:colcon.colcon_core.package_identification:_identify(src/camera_sim) by extensions ['colcon_meta']
[0.254s] Level 1:colcon.colcon_core.package_identification:_identify(src/camera_sim) by extension 'colcon_meta'
[0.254s] Level 1:colcon.colcon_core.package_identification:_identify(src/camera_sim) by extensions ['ros']
[0.254s] Level 1:colcon.colcon_core.package_identification:_identify(src/camera_sim) by extension 'ros'
[0.255s] DEBUG:colcon.colcon_core.package_identification:Package 'src/camera_sim' with type 'ros.ament_cmake' and name 'camera_sim'
[0.255s] Level 1:colcon.colcon_core.package_identification:_identify(src/computing_zone) by extensions ['ignore', 'ignore_ament_install']
[0.255s] Level 1:colcon.colcon_core.package_identification:_identify(src/computing_zone) by extension 'ignore'
[0.255s] Level 1:colcon.colcon_core.package_identification:_identify(src/computing_zone) by extension 'ignore_ament_install'
[0.255s] Level 1:colcon.colcon_core.package_identification:_identify(src/computing_zone) by extensions ['colcon_pkg']
[0.255s] Level 1:colcon.colcon_core.package_identification:_identify(src/computing_zone) by extension 'colcon_pkg'
[0.255s] Level 1:colcon.colcon_core.package_identification:_identify(src/computing_zone) by extensions ['colcon_meta']
[0.255s] Level 1:colcon.colcon_core.package_identification:_identify(src/computing_zone) by extension 'colcon_meta'
[0.255s] Level 1:colcon.colcon_core.package_identification:_identify(src/computing_zone) by extensions ['ros']
[0.255s] Level 1:colcon.colcon_core.package_identification:_identify(src/computing_zone) by extension 'ros'
[0.256s] Level 1:colcon.colcon_core.package_identification:_identify(src/computing_zone) by extensions ['cmake', 'python']
[0.256s] Level 1:colcon.colcon_core.package_identification:_identify(src/computing_zone) by extension 'cmake'
[0.256s] Level 1:colcon.colcon_core.package_identification:_identify(src/computing_zone) by extension 'python'
[0.256s] Level 1:colcon.colcon_core.package_identification:_identify(src/computing_zone) by extensions ['python_setup_py']
[0.256s] Level 1:colcon.colcon_core.package_identification:_identify(src/computing_zone) by extension 'python_setup_py'
[0.256s] Level 1:colcon.colcon_core.package_identification:_identify(src/computing_zone/aruco_detection) by extensions ['ignore', 'ignore_ament_install']
[0.256s] Level 1:colcon.colcon_core.package_identification:_identify(src/computing_zone/aruco_detection) by extension 'ignore'
[0.256s] Level 1:colcon.colcon_core.package_identification:_identify(src/computing_zone/aruco_detection) by extension 'ignore_ament_install'
[0.256s] Level 1:colcon.colcon_core.package_identification:_identify(src/computing_zone/aruco_detection) by extensions ['colcon_pkg']
[0.256s] Level 1:colcon.colcon_core.package_identification:_identify(src/computing_zone/aruco_detection) by extension 'colcon_pkg'
[0.256s] Level 1:colcon.colcon_core.package_identification:_identify(src/computing_zone/aruco_detection) by extensions ['colcon_meta']
[0.256s] Level 1:colcon.colcon_core.package_identification:_identify(src/computing_zone/aruco_detection) by extension 'colcon_meta'
[0.256s] Level 1:colcon.colcon_core.package_identification:_identify(src/computing_zone/aruco_detection) by extensions ['ros']
[0.256s] Level 1:colcon.colcon_core.package_identification:_identify(src/computing_zone/aruco_detection) by extension 'ros'
[0.256s] Level 1:colcon.colcon_core.package_identification:_identify(src/computing_zone/aruco_detection) by extensions ['cmake', 'python']
[0.256s] Level 1:colcon.colcon_core.package_identification:_identify(src/computing_zone/aruco_detection) by extension 'cmake'
[0.259s] Level 1:colcon.colcon_core.package_identification:_identify(src/computing_zone/aruco_detection) by extension 'python'
[0.259s] DEBUG:colcon.colcon_core.package_identification:Package 'src/computing_zone/aruco_detection' with type 'cmake' and name 'aruco_detection'
[0.259s] Level 1:colcon.colcon_core.package_identification:_identify(src/controller) by extensions ['ignore', 'ignore_ament_install']
[0.259s] Level 1:colcon.colcon_core.package_identification:_identify(src/controller) by extension 'ignore'
[0.259s] Level 1:colcon.colcon_core.package_identification:_identify(src/controller) by extension 'ignore_ament_install'
[0.259s] Level 1:colcon.colcon_core.package_identification:_identify(src/controller) by extensions ['colcon_pkg']
[0.259s] Level 1:colcon.colcon_core.package_identification:_identify(src/controller) by extension 'colcon_pkg'
[0.259s] Level 1:colcon.colcon_core.package_identification:_identify(src/controller) by extensions ['colcon_meta']
[0.259s] Level 1:colcon.colcon_core.package_identification:_identify(src/controller) by extension 'colcon_meta'
[0.260s] Level 1:colcon.colcon_core.package_identification:_identify(src/controller) by extensions ['ros']
[0.260s] Level 1:colcon.colcon_core.package_identification:_identify(src/controller) by extension 'ros'
[0.260s] DEBUG:colcon.colcon_core.package_identification:Package 'src/controller' with type 'ros.ament_cmake' and name 'controller'
[0.260s] Level 1:colcon.colcon_core.package_identification:_identify(src/localization) by extensions ['ignore', 'ignore_ament_install']
[0.260s] Level 1:colcon.colcon_core.package_identification:_identify(src/localization) by extension 'ignore'
[0.260s] Level 1:colcon.colcon_core.package_identification:_identify(src/localization) by extension 'ignore_ament_install'
[0.260s] Level 1:colcon.colcon_core.package_identification:_identify(src/localization) by extensions ['colcon_pkg']
[0.260s] Level 1:colcon.colcon_core.package_identification:_identify(src/localization) by extension 'colcon_pkg'
[0.260s] Level 1:colcon.colcon_core.package_identification:_identify(src/localization) by extensions ['colcon_meta']
[0.260s] Level 1:colcon.colcon_core.package_identification:_identify(src/localization) by extension 'colcon_meta'
[0.260s] Level 1:colcon.colcon_core.package_identification:_identify(src/localization) by extensions ['ros']
[0.260s] Level 1:colcon.colcon_core.package_identification:_identify(src/localization) by extension 'ros'
[0.261s] DEBUG:colcon.colcon_core.package_identification:Package 'src/localization' with type 'ros.ament_cmake' and name 'localization'
[0.261s] Level 1:colcon.colcon_core.package_identification:_identify(src/navigation) by extensions ['ignore', 'ignore_ament_install']
[0.261s] Level 1:colcon.colcon_core.package_identification:_identify(src/navigation) by extension 'ignore'
[0.261s] Level 1:colcon.colcon_core.package_identification:_identify(src/navigation) by extension 'ignore_ament_install'
[0.261s] Level 1:colcon.colcon_core.package_identification:_identify(src/navigation) by extensions ['colcon_pkg']
[0.261s] Level 1:colcon.colcon_core.package_identification:_identify(src/navigation) by extension 'colcon_pkg'
[0.261s] Level 1:colcon.colcon_core.package_identification:_identify(src/navigation) by extensions ['colcon_meta']
[0.261s] Level 1:colcon.colcon_core.package_identification:_identify(src/navigation) by extension 'colcon_meta'
[0.261s] Level 1:colcon.colcon_core.package_identification:_identify(src/navigation) by extensions ['ros']
[0.261s] Level 1:colcon.colcon_core.package_identification:_identify(src/navigation) by extension 'ros'
[0.262s] DEBUG:colcon.colcon_core.package_identification:Package 'src/navigation' with type 'ros.ament_cmake' and name 'navigation'
[0.262s] Level 1:colcon.colcon_core.package_discovery:discover_packages(recursive) using defaults
[0.262s] Level 1:colcon.colcon_core.package_discovery:discover_packages(ignore) discover
[0.262s] Level 1:colcon.colcon_core.package_discovery:discover_packages(ignore) using defaults
[0.262s] Level 1:colcon.colcon_core.package_discovery:discover_packages(path) discover
[0.262s] Level 1:colcon.colcon_core.package_discovery:discover_packages(path) using defaults
[0.279s] Level 5:colcon.colcon_core.verb:set package 'aruco_detection' build argument 'cmake_args' from command line to 'None'
[0.279s] Level 5:colcon.colcon_core.verb:set package 'aruco_detection' build argument 'cmake_target' from command line to 'None'
[0.279s] Level 5:colcon.colcon_core.verb:set package 'aruco_detection' build argument 'cmake_target_skip_unavailable' from command line to 'False'
[0.279s] Level 5:colcon.colcon_core.verb:set package 'aruco_detection' build argument 'cmake_clean_cache' from command line to 'False'
[0.279s] Level 5:colcon.colcon_core.verb:set package 'aruco_detection' build argument 'cmake_clean_first' from command line to 'False'
[0.279s] Level 5:colcon.colcon_core.verb:set package 'aruco_detection' build argument 'cmake_force_configure' from command line to 'False'
[0.279s] Level 5:colcon.colcon_core.verb:set package 'aruco_detection' build argument 'ament_cmake_args' from command line to 'None'
[0.279s] Level 5:colcon.colcon_core.verb:set package 'aruco_detection' build argument 'catkin_cmake_args' from command line to 'None'
[0.279s] Level 5:colcon.colcon_core.verb:set package 'aruco_detection' build argument 'catkin_skip_building_tests' from command line to 'False'
[0.279s] DEBUG:colcon.colcon_core.verb:Building package 'aruco_detection' with the following arguments: {'ament_cmake_args': None, 'build_base': '/wolvi/build/aruco_detection', 'catkin_cmake_args': None, 'catkin_skip_building_tests': False, 'cmake_args': None, 'cmake_clean_cache': False, 'cmake_clean_first': False, 'cmake_force_configure': False, 'cmake_target': None, 'cmake_target_skip_unavailable': False, 'install_base': '/wolvi/install/aruco_detection', 'merge_install': False, 'path': '/wolvi/src/computing_zone/aruco_detection', 'symlink_install': False, 'test_result_base': None}
[0.279s] Level 5:colcon.colcon_core.verb:set package 'cam_pos_detection' build argument 'cmake_args' from command line to 'None'
[0.279s] Level 5:colcon.colcon_core.verb:set package 'cam_pos_detection' build argument 'cmake_target' from command line to 'None'
[0.279s] Level 5:colcon.colcon_core.verb:set package 'cam_pos_detection' build argument 'cmake_target_skip_unavailable' from command line to 'False'
[0.279s] Level 5:colcon.colcon_core.verb:set package 'cam_pos_detection' build argument 'cmake_clean_cache' from command line to 'False'
[0.279s] Level 5:colcon.colcon_core.verb:set package 'cam_pos_detection' build argument 'cmake_clean_first' from command line to 'False'
[0.279s] Level 5:colcon.colcon_core.verb:set package 'cam_pos_detection' build argument 'cmake_force_configure' from command line to 'False'
[0.279s] Level 5:colcon.colcon_core.verb:set package 'cam_pos_detection' build argument 'ament_cmake_args' from command line to 'None'
[0.279s] Level 5:colcon.colcon_core.verb:set package 'cam_pos_detection' build argument 'catkin_cmake_args' from command line to 'None'
[0.279s] Level 5:colcon.colcon_core.verb:set package 'cam_pos_detection' build argument 'catkin_skip_building_tests' from command line to 'False'
[0.279s] DEBUG:colcon.colcon_core.verb:Building package 'cam_pos_detection' with the following arguments: {'ament_cmake_args': None, 'build_base': '/wolvi/build/cam_pos_detection', 'catkin_cmake_args': None, 'catkin_skip_building_tests': False, 'cmake_args': None, 'cmake_clean_cache': False, 'cmake_clean_first': False, 'cmake_force_configure': False, 'cmake_target': None, 'cmake_target_skip_unavailable': False, 'install_base': '/wolvi/install/cam_pos_detection', 'merge_install': False, 'path': '/wolvi/src/cam_pos_detection', 'symlink_install': False, 'test_result_base': None}
[0.280s] Level 5:colcon.colcon_core.verb:set package 'camera_sim' build argument 'cmake_args' from command line to 'None'
[0.280s] Level 5:colcon.colcon_core.verb:set package 'camera_sim' build argument 'cmake_target' from command line to 'None'
[0.280s] Level 5:colcon.colcon_core.verb:set package 'camera_sim' build argument 'cmake_target_skip_unavailable' from command line to 'False'
[0.280s] Level 5:colcon.colcon_core.verb:set package 'camera_sim' build argument 'cmake_clean_cache' from command line to 'False'
[0.280s] Level 5:colcon.colcon_core.verb:set package 'camera_sim' build argument 'cmake_clean_first' from command line to 'False'
[0.280s] Level 5:colcon.colcon_core.verb:set package 'camera_sim' build argument 'cmake_force_configure' from command line to 'False'
[0.280s] Level 5:colcon.colcon_core.verb:set package 'camera_sim' build argument 'ament_cmake_args' from command line to 'None'
[0.280s] Level 5:colcon.colcon_core.verb:set package 'camera_sim' build argument 'catkin_cmake_args' from command line to 'None'
[0.280s] Level 5:colcon.colcon_core.verb:set package 'camera_sim' build argument 'catkin_skip_building_tests' from command line to 'False'
[0.280s] DEBUG:colcon.colcon_core.verb:Building package 'camera_sim' with the following arguments: {'ament_cmake_args': None, 'build_base': '/wolvi/build/camera_sim', 'catkin_cmake_args': None, 'catkin_skip_building_tests': False, 'cmake_args': None, 'cmake_clean_cache': False, 'cmake_clean_first': False, 'cmake_force_configure': False, 'cmake_target': None, 'cmake_target_skip_unavailable': False, 'install_base': '/wolvi/install/camera_sim', 'merge_install': False, 'path': '/wolvi/src/camera_sim', 'symlink_install': False, 'test_result_base': None}
[0.280s] Level 5:colcon.colcon_core.verb:set package 'controller' build argument 'cmake_args' from command line to 'None'
[0.280s] Level 5:colcon.colcon_core.verb:set package 'controller' build argument 'cmake_target' from command line to 'None'
[0.280s] Level 5:colcon.colcon_core.verb:set package 'controller' build argument 'cmake_target_skip_unavailable' from command line to 'False'
[0.280s] Level 5:colcon.colcon_core.verb:set package 'controller' build argument 'cmake_clean_cache' from command line to 'False'
[0.280s] Level 5:colcon.colcon_core.verb:set package 'controller' build argument 'cmake_clean_first' from command line to 'False'
[0.280s] Level 5:colcon.colcon_core.verb:set package 'controller' build argument 'cmake_force_configure' from command line to 'False'
[0.280s] Level 5:colcon.colcon_core.verb:set package 'controller' build argument 'ament_cmake_args' from command line to 'None'
[0.280s] Level 5:colcon.colcon_core.verb:set package 'controller' build argument 'catkin_cmake_args' from command line to 'None'
[0.280s] Level 5:colcon.colcon_core.verb:set package 'controller' build argument 'catkin_skip_building_tests' from command line to 'False'
[0.280s] DEBUG:colcon.colcon_core.verb:Building package 'controller' with the following arguments: {'ament_cmake_args': None, 'build_base': '/wolvi/build/controller', 'catkin_cmake_args': None, 'catkin_skip_building_tests': False, 'cmake_args': None, 'cmake_clean_cache': False, 'cmake_clean_first': False, 'cmake_force_configure': False, 'cmake_target': None, 'cmake_target_skip_unavailable': False, 'install_base': '/wolvi/install/controller', 'merge_install': False, 'path': '/wolvi/src/controller', 'symlink_install': False, 'test_result_base': None}
[0.280s] Level 5:colcon.colcon_core.verb:set package 'localization' build argument 'cmake_args' from command line to 'None'
[0.280s] Level 5:colcon.colcon_core.verb:set package 'localization' build argument 'cmake_target' from command line to 'None'
[0.281s] Level 5:colcon.colcon_core.verb:set package 'localization' build argument 'cmake_target_skip_unavailable' from command line to 'False'
[0.281s] Level 5:colcon.colcon_core.verb:set package 'localization' build argument 'cmake_clean_cache' from command line to 'False'
[0.281s] Level 5:colcon.colcon_core.verb:set package 'localization' build argument 'cmake_clean_first' from command line to 'False'
[0.281s] Level 5:colcon.colcon_core.verb:set package 'localization' build argument 'cmake_force_configure' from command line to 'False'
[0.281s] Level 5:colcon.colcon_core.verb:set package 'localization' build argument 'ament_cmake_args' from command line to 'None'
[0.281s] Level 5:colcon.colcon_core.verb:set package 'localization' build argument 'catkin_cmake_args' from command line to 'None'
[0.281s] Level 5:colcon.colcon_core.verb:set package 'localization' build argument 'catkin_skip_building_tests' from command line to 'False'
[0.281s] DEBUG:colcon.colcon_core.verb:Building package 'localization' with the following arguments: {'ament_cmake_args': None, 'build_base': '/wolvi/build/localization', 'catkin_cmake_args': None, 'catkin_skip_building_tests': False, 'cmake_args': None, 'cmake_clean_cache': False, 'cmake_clean_first': False, 'cmake_force_configure': False, 'cmake_target': None, 'cmake_target_skip_unavailable': False, 'install_base': '/wolvi/install/localization', 'merge_install': False, 'path': '/wolvi/src/localization', 'symlink_install': False, 'test_result_base': None}
[0.281s] Level 5:colcon.colcon_core.verb:set package 'navigation' build argument 'cmake_args' from command line to 'None'
[0.281s] Level 5:colcon.colcon_core.verb:set package 'navigation' build argument 'cmake_target' from command line to 'None'
[0.281s] Level 5:colcon.colcon_core.verb:set package 'navigation' build argument 'cmake_target_skip_unavailable' from command line to 'False'
[0.281s] Level 5:colcon.colcon_core.verb:set package 'navigation' build argument 'cmake_clean_cache' from command line to 'False'
[0.281s] Level 5:colcon.colcon_core.verb:set package 'navigation' build argument 'cmake_clean_first' from command line to 'False'
[0.281s] Level 5:colcon.colcon_core.verb:set package 'navigation' build argument 'cmake_force_configure' from command line to 'False'
[0.281s] Level 5:colcon.colcon_core.verb:set package 'navigation' build argument 'ament_cmake_args' from command line to 'None'
[0.281s] Level 5:colcon.colcon_core.verb:set package 'navigation' build argument 'catkin_cmake_args' from command line to 'None'
[0.281s] Level 5:colcon.colcon_core.verb:set package 'navigation' build argument 'catkin_skip_building_tests' from command line to 'False'
[0.281s] DEBUG:colcon.colcon_core.verb:Building package 'navigation' with the following arguments: {'ament_cmake_args': None, 'build_base': '/wolvi/build/navigation', 'catkin_cmake_args': None, 'catkin_skip_building_tests': False, 'cmake_args': None, 'cmake_clean_cache': False, 'cmake_clean_first': False, 'cmake_force_configure': False, 'cmake_target': None, 'cmake_target_skip_unavailable': False, 'install_base': '/wolvi/install/navigation', 'merge_install': False, 'path': '/wolvi/src/navigation', 'symlink_install': False, 'test_result_base': None}
[0.281s] INFO:colcon.colcon_core.executor:Executing jobs using 'parallel' executor
[0.282s] DEBUG:colcon.colcon_parallel_executor.executor.parallel:run_until_complete
[0.283s] INFO:colcon.colcon_cmake.task.cmake.build:Building CMake package in '/wolvi/src/computing_zone/aruco_detection'
[0.285s] INFO:colcon.colcon_core.plugin_system:Skipping extension 'colcon_core.shell.bat': Not used on non-Windows systems
[0.285s] INFO:colcon.colcon_core.shell:Skip shell extension 'powershell' for command environment: Not usable outside of PowerShell
[0.285s] DEBUG:colcon.colcon_core.shell:Skip shell extension 'dsv' for command environment
[0.286s] WARNING:colcon.colcon_ros.prefix_path.ament:The path '/wolvi/install/tutorial_interfaces' in the environment variable AMENT_PREFIX_PATH doesn't exist
[0.287s] WARNING:colcon.colcon_ros.prefix_path.catkin:The path '/wolvi/install/tutorial_interfaces' in the environment variable CMAKE_PREFIX_PATH doesn't exist
[0.296s] INFO:colcon.colcon_ros.task.ament_cmake.build:Building ROS package in '/wolvi/src/cam_pos_detection' with build type 'ament_cmake'
[0.296s] INFO:colcon.colcon_cmake.task.cmake.build:Building CMake package in '/wolvi/src/cam_pos_detection'
[0.297s] INFO:colcon.colcon_core.shell:Skip shell extension 'powershell' for command environment: Not usable outside of PowerShell
[0.297s] DEBUG:colcon.colcon_core.shell:Skip shell extension 'dsv' for command environment
[0.302s] INFO:colcon.colcon_ros.task.ament_cmake.build:Building ROS package in '/wolvi/src/camera_sim' with build type 'ament_cmake'
[0.302s] INFO:colcon.colcon_cmake.task.cmake.build:Building CMake package in '/wolvi/src/camera_sim'
[0.302s] INFO:colcon.colcon_core.shell:Skip shell extension 'powershell' for command environment: Not usable outside of PowerShell
[0.302s] DEBUG:colcon.colcon_core.shell:Skip shell extension 'dsv' for command environment
[0.306s] INFO:colcon.colcon_ros.task.ament_cmake.build:Building ROS package in '/wolvi/src/controller' with build type 'ament_cmake'
[0.306s] INFO:colcon.colcon_cmake.task.cmake.build:Building CMake package in '/wolvi/src/controller'
[0.306s] INFO:colcon.colcon_core.shell:Skip shell extension 'powershell' for command environment: Not usable outside of PowerShell
[0.306s] DEBUG:colcon.colcon_core.shell:Skip shell extension 'dsv' for command environment
[0.314s] INFO:colcon.colcon_ros.task.ament_cmake.build:Building ROS package in '/wolvi/src/localization' with build type 'ament_cmake'
[0.314s] INFO:colcon.colcon_cmake.task.cmake.build:Building CMake package in '/wolvi/src/localization'
[0.315s] INFO:colcon.colcon_core.shell:Skip shell extension 'powershell' for command environment: Not usable outside of PowerShell
[0.315s] DEBUG:colcon.colcon_core.shell:Skip shell extension 'dsv' for command environment
[0.321s] INFO:colcon.colcon_ros.task.ament_cmake.build:Building ROS package in '/wolvi/src/navigation' with build type 'ament_cmake'
[0.321s] INFO:colcon.colcon_cmake.task.cmake.build:Building CMake package in '/wolvi/src/navigation'
[0.322s] INFO:colcon.colcon_core.shell:Skip shell extension 'powershell' for command environment: Not usable outside of PowerShell
[0.322s] DEBUG:colcon.colcon_core.shell:Skip shell extension 'dsv' for command environment
[0.352s] DEBUG:colcon.colcon_core.event_handler.log_command:Invoking command in '/wolvi/build/aruco_detection': /usr/bin/cmake --build /wolvi/build/aruco_detection -- -j16 -l16
[0.358s] DEBUG:colcon.colcon_core.event_handler.log_command:Invoking command in '/wolvi/build/cam_pos_detection': CMAKE_PREFIX_PATH=${CMAKE_PREFIX_PATH}:/opt/ros/humble /usr/bin/cmake --build /wolvi/build/cam_pos_detection -- -j16 -l16
[0.362s] DEBUG:colcon.colcon_core.event_handler.log_command:Invoking command in '/wolvi/build/camera_sim': CMAKE_PREFIX_PATH=${CMAKE_PREFIX_PATH}:/opt/ros/humble /usr/bin/cmake --build /wolvi/build/camera_sim -- -j16 -l16
[0.367s] DEBUG:colcon.colcon_core.event_handler.log_command:Invoking command in '/wolvi/build/controller': CMAKE_PREFIX_PATH=${CMAKE_PREFIX_PATH}:/opt/ros/humble /usr/bin/cmake --build /wolvi/build/controller -- -j16 -l16
[0.371s] DEBUG:colcon.colcon_core.event_handler.log_command:Invoking command in '/wolvi/build/localization': CMAKE_PREFIX_PATH=${CMAKE_PREFIX_PATH}:/opt/ros/humble /usr/bin/cmake --build /wolvi/build/localization -- -j16 -l16
[0.379s] DEBUG:colcon.colcon_core.event_handler.log_command:Invoking command in '/wolvi/build/navigation': CMAKE_PREFIX_PATH=${CMAKE_PREFIX_PATH}:/opt/ros/humble /usr/bin/cmake --build /wolvi/build/navigation -- -j16 -l16
[0.486s] DEBUG:colcon.colcon_core.event_handler.log_command:Invoked command in '/wolvi/build/aruco_detection' returned '0': /usr/bin/cmake --build /wolvi/build/aruco_detection -- -j16 -l16
[0.486s] WARNING:colcon.colcon_cmake.task.cmake.build:Could not run installation step for package 'aruco_detection' because it has no 'install' target
[0.487s] Level 1:colcon.colcon_core.environment:create_environment_scripts_only(aruco_detection)
[0.493s] Level 1:colcon.colcon_core.environment:checking '/wolvi/install/aruco_detection' for CMake module files
[0.493s] Level 1:colcon.colcon_core.environment:checking '/wolvi/install/aruco_detection' for CMake config files
[0.494s] Level 1:colcon.colcon_core.environment:checking '/wolvi/install/aruco_detection/bin'
[0.494s] Level 1:colcon.colcon_core.environment:checking '/wolvi/install/aruco_detection/lib/pkgconfig/aruco_detection.pc'
[0.497s] Level 1:colcon.colcon_core.environment:checking '/wolvi/install/aruco_detection/lib/python3.10/site-packages'
[0.497s] Level 1:colcon.colcon_core.environment:checking '/wolvi/install/aruco_detection/bin'
[0.498s] INFO:colcon.colcon_core.shell:Creating package script '/wolvi/install/aruco_detection/share/aruco_detection/package.ps1'
[0.499s] INFO:colcon.colcon_core.shell:Creating package descriptor '/wolvi/install/aruco_detection/share/aruco_detection/package.dsv'
[0.500s] INFO:colcon.colcon_core.shell:Creating package script '/wolvi/install/aruco_detection/share/aruco_detection/package.sh'
[0.500s] INFO:colcon.colcon_core.shell:Creating package script '/wolvi/install/aruco_detection/share/aruco_detection/package.bash'
[0.501s] INFO:colcon.colcon_core.shell:Creating package script '/wolvi/install/aruco_detection/share/aruco_detection/package.zsh'
[0.502s] Level 1:colcon.colcon_core.environment:create_file_with_runtime_dependencies(/wolvi/install/aruco_detection/share/colcon-core/packages/aruco_detection)
[0.839s] DEBUG:colcon.colcon_core.event_handler.log_command:Invoked command in '/wolvi/build/camera_sim' returned '0': CMAKE_PREFIX_PATH=${CMAKE_PREFIX_PATH}:/opt/ros/humble /usr/bin/cmake --build /wolvi/build/camera_sim -- -j16 -l16
[0.857s] DEBUG:colcon.colcon_core.event_handler.log_command:Invoking command in '/wolvi/build/camera_sim': CMAKE_PREFIX_PATH=${CMAKE_PREFIX_PATH}:/opt/ros/humble /usr/bin/cmake --install /wolvi/build/camera_sim
[0.860s] DEBUG:colcon.colcon_core.event_handler.log_command:Invoked command in '/wolvi/build/controller' returned '0': CMAKE_PREFIX_PATH=${CMAKE_PREFIX_PATH}:/opt/ros/humble /usr/bin/cmake --build /wolvi/build/controller -- -j16 -l16
[0.863s] DEBUG:colcon.colcon_core.event_handler.log_command:Invoking command in '/wolvi/build/controller': CMAKE_PREFIX_PATH=${CMAKE_PREFIX_PATH}:/opt/ros/humble /usr/bin/cmake --install /wolvi/build/controller
[0.873s] DEBUG:colcon.colcon_core.event_handler.log_command:Invoked command in '/wolvi/build/localization' returned '0': CMAKE_PREFIX_PATH=${CMAKE_PREFIX_PATH}:/opt/ros/humble /usr/bin/cmake --build /wolvi/build/localization -- -j16 -l16
[0.874s] DEBUG:colcon.colcon_core.event_handler.log_command:Invoking command in '/wolvi/build/localization': CMAKE_PREFIX_PATH=${CMAKE_PREFIX_PATH}:/opt/ros/humble /usr/bin/cmake --install /wolvi/build/localization
[0.890s] DEBUG:colcon.colcon_core.event_handler.log_command:Invoked command in '/wolvi/build/navigation' returned '0': CMAKE_PREFIX_PATH=${CMAKE_PREFIX_PATH}:/opt/ros/humble /usr/bin/cmake --build /wolvi/build/navigation -- -j16 -l16
[0.893s] DEBUG:colcon.colcon_core.event_handler.log_command:Invoking command in '/wolvi/build/navigation': CMAKE_PREFIX_PATH=${CMAKE_PREFIX_PATH}:/opt/ros/humble /usr/bin/cmake --install /wolvi/build/navigation
[0.933s] Level 1:colcon.colcon_core.environment:create_environment_scripts_only(camera_sim)
[0.933s] DEBUG:colcon.colcon_core.event_handler.log_command:Invoked command in '/wolvi/build/camera_sim' returned '0': CMAKE_PREFIX_PATH=${CMAKE_PREFIX_PATH}:/opt/ros/humble /usr/bin/cmake --install /wolvi/build/camera_sim
[0.934s] Level 1:colcon.colcon_core.environment:checking '/wolvi/install/camera_sim' for CMake module files
[0.937s] Level 1:colcon.colcon_core.environment:checking '/wolvi/install/camera_sim' for CMake config files
[0.940s] Level 1:colcon.colcon_core.shell:create_environment_hook('camera_sim', 'cmake_prefix_path')
[0.941s] INFO:colcon.colcon_core.shell:Creating environment hook '/wolvi/install/camera_sim/share/camera_sim/hook/cmake_prefix_path.ps1'
[0.942s] INFO:colcon.colcon_core.shell:Creating environment descriptor '/wolvi/install/camera_sim/share/camera_sim/hook/cmake_prefix_path.dsv'
[0.943s] INFO:colcon.colcon_core.shell:Creating environment hook '/wolvi/install/camera_sim/share/camera_sim/hook/cmake_prefix_path.sh'
[0.945s] Level 1:colcon.colcon_core.environment:checking '/wolvi/install/camera_sim/lib'
[0.945s] Level 1:colcon.colcon_core.environment:checking '/wolvi/install/camera_sim/bin'
[0.945s] Level 1:colcon.colcon_core.environment:checking '/wolvi/install/camera_sim/lib/pkgconfig/camera_sim.pc'
[0.946s] Level 1:colcon.colcon_core.environment:checking '/wolvi/install/camera_sim/lib/python3.10/site-packages'
[0.946s] Level 1:colcon.colcon_core.environment:checking '/wolvi/install/camera_sim/bin'
[0.946s] INFO:colcon.colcon_core.shell:Creating package script '/wolvi/install/camera_sim/share/camera_sim/package.ps1'
[0.947s] INFO:colcon.colcon_core.shell:Creating package descriptor '/wolvi/install/camera_sim/share/camera_sim/package.dsv'
[0.948s] INFO:colcon.colcon_core.shell:Creating package script '/wolvi/install/camera_sim/share/camera_sim/package.sh'
[0.949s] INFO:colcon.colcon_core.shell:Creating package script '/wolvi/install/camera_sim/share/camera_sim/package.bash'
[0.949s] INFO:colcon.colcon_core.shell:Creating package script '/wolvi/install/camera_sim/share/camera_sim/package.zsh'
[0.950s] Level 1:colcon.colcon_core.environment:create_file_with_runtime_dependencies(/wolvi/install/camera_sim/share/colcon-core/packages/camera_sim)
[0.951s] Level 1:colcon.colcon_core.environment:create_environment_scripts_only(camera_sim)
[0.951s] Level 1:colcon.colcon_core.environment:checking '/wolvi/install/camera_sim' for CMake module files
[0.954s] Level 1:colcon.colcon_core.environment:checking '/wolvi/install/camera_sim' for CMake config files
[0.957s] Level 1:colcon.colcon_core.shell:create_environment_hook('camera_sim', 'cmake_prefix_path')
[0.958s] INFO:colcon.colcon_core.shell:Creating environment hook '/wolvi/install/camera_sim/share/camera_sim/hook/cmake_prefix_path.ps1'
[0.959s] INFO:colcon.colcon_core.shell:Creating environment descriptor '/wolvi/install/camera_sim/share/camera_sim/hook/cmake_prefix_path.dsv'
[0.960s] INFO:colcon.colcon_core.shell:Creating environment hook '/wolvi/install/camera_sim/share/camera_sim/hook/cmake_prefix_path.sh'
[0.962s] Level 1:colcon.colcon_core.environment:checking '/wolvi/install/camera_sim/lib'
[0.962s] Level 1:colcon.colcon_core.environment:checking '/wolvi/install/camera_sim/bin'
[0.962s] Level 1:colcon.colcon_core.environment:checking '/wolvi/install/camera_sim/lib/pkgconfig/camera_sim.pc'
[0.963s] Level 1:colcon.colcon_core.environment:checking '/wolvi/install/camera_sim/lib/python3.10/site-packages'
[0.963s] Level 1:colcon.colcon_core.environment:checking '/wolvi/install/camera_sim/bin'
[0.964s] INFO:colcon.colcon_core.shell:Creating package script '/wolvi/install/camera_sim/share/camera_sim/package.ps1'
[0.965s] INFO:colcon.colcon_core.shell:Creating package descriptor '/wolvi/install/camera_sim/share/camera_sim/package.dsv'
[0.967s] INFO:colcon.colcon_core.shell:Creating package script '/wolvi/install/camera_sim/share/camera_sim/package.sh'
[0.970s] INFO:colcon.colcon_core.shell:Creating package script '/wolvi/install/camera_sim/share/camera_sim/package.bash'
[0.972s] INFO:colcon.colcon_core.shell:Creating package script '/wolvi/install/camera_sim/share/camera_sim/package.zsh'
[0.973s] Level 1:colcon.colcon_core.environment:create_file_with_runtime_dependencies(/wolvi/install/camera_sim/share/colcon-core/packages/camera_sim)
[0.976s] Level 1:colcon.colcon_core.environment:create_environment_scripts_only(localization)
[0.976s] Level 1:colcon.colcon_core.environment:checking '/wolvi/install/localization' for CMake module files
[0.978s] DEBUG:colcon.colcon_core.event_handler.log_command:Invoked command in '/wolvi/build/localization' returned '0': CMAKE_PREFIX_PATH=${CMAKE_PREFIX_PATH}:/opt/ros/humble /usr/bin/cmake --install /wolvi/build/localization
[0.978s] Level 1:colcon.colcon_core.environment:checking '/wolvi/install/localization' for CMake config files
[0.979s] Level 1:colcon.colcon_core.shell:create_environment_hook('localization', 'cmake_prefix_path')
[0.979s] INFO:colcon.colcon_core.shell:Creating environment hook '/wolvi/install/localization/share/localization/hook/cmake_prefix_path.ps1'
[0.980s] INFO:colcon.colcon_core.shell:Creating environment descriptor '/wolvi/install/localization/share/localization/hook/cmake_prefix_path.dsv'
[0.981s] INFO:colcon.colcon_core.shell:Creating environment hook '/wolvi/install/localization/share/localization/hook/cmake_prefix_path.sh'
[0.982s] Level 1:colcon.colcon_core.environment:checking '/wolvi/install/localization/bin'
[0.982s] Level 1:colcon.colcon_core.environment:checking '/wolvi/install/localization/lib/pkgconfig/localization.pc'
[0.982s] Level 1:colcon.colcon_core.environment:checking '/wolvi/install/localization/lib/python3.10/site-packages'
[0.983s] Level 1:colcon.colcon_core.environment:checking '/wolvi/install/localization/bin'
[0.983s] INFO:colcon.colcon_core.shell:Creating package script '/wolvi/install/localization/share/localization/package.ps1'
[0.984s] INFO:colcon.colcon_core.shell:Creating package descriptor '/wolvi/install/localization/share/localization/package.dsv'
[0.985s] INFO:colcon.colcon_core.shell:Creating package script '/wolvi/install/localization/share/localization/package.sh'
[0.986s] INFO:colcon.colcon_core.shell:Creating package script '/wolvi/install/localization/share/localization/package.bash'
[0.987s] INFO:colcon.colcon_core.shell:Creating package script '/wolvi/install/localization/share/localization/package.zsh'
[0.988s] Level 1:colcon.colcon_core.environment:create_file_with_runtime_dependencies(/wolvi/install/localization/share/colcon-core/packages/localization)
[0.988s] Level 1:colcon.colcon_core.environment:create_environment_scripts_only(localization)
[0.989s] Level 1:colcon.colcon_core.environment:checking '/wolvi/install/localization' for CMake module files
[0.989s] Level 1:colcon.colcon_core.environment:checking '/wolvi/install/localization' for CMake config files
[0.990s] Level 1:colcon.colcon_core.shell:create_environment_hook('localization', 'cmake_prefix_path')
[0.990s] INFO:colcon.colcon_core.shell:Creating environment hook '/wolvi/install/localization/share/localization/hook/cmake_prefix_path.ps1'
[0.991s] INFO:colcon.colcon_core.shell:Creating environment descriptor '/wolvi/install/localization/share/localization/hook/cmake_prefix_path.dsv'
[0.991s] INFO:colcon.colcon_core.shell:Creating environment hook '/wolvi/install/localization/share/localization/hook/cmake_prefix_path.sh'
[0.992s] Level 1:colcon.colcon_core.environment:checking '/wolvi/install/localization/bin'
[0.992s] Level 1:colcon.colcon_core.environment:checking '/wolvi/install/localization/lib/pkgconfig/localization.pc'
[0.992s] Level 1:colcon.colcon_core.environment:checking '/wolvi/install/localization/lib/python3.10/site-packages'
[0.993s] Level 1:colcon.colcon_core.environment:checking '/wolvi/install/localization/bin'
[0.993s] INFO:colcon.colcon_core.shell:Creating package script '/wolvi/install/localization/share/localization/package.ps1'
[0.994s] INFO:colcon.colcon_core.shell:Creating package descriptor '/wolvi/install/localization/share/localization/package.dsv'
[0.994s] INFO:colcon.colcon_core.shell:Creating package script '/wolvi/install/localization/share/localization/package.sh'
[0.995s] INFO:colcon.colcon_core.shell:Creating package script '/wolvi/install/localization/share/localization/package.bash'
[0.995s] INFO:colcon.colcon_core.shell:Creating package script '/wolvi/install/localization/share/localization/package.zsh'
[0.996s] Level 1:colcon.colcon_core.environment:create_file_with_runtime_dependencies(/wolvi/install/localization/share/colcon-core/packages/localization)
[0.996s] Level 1:colcon.colcon_core.environment:create_environment_scripts_only(navigation)
[0.997s] Level 1:colcon.colcon_core.environment:checking '/wolvi/install/navigation' for CMake module files
[0.998s] DEBUG:colcon.colcon_core.event_handler.log_command:Invoked command in '/wolvi/build/navigation' returned '0': CMAKE_PREFIX_PATH=${CMAKE_PREFIX_PATH}:/opt/ros/humble /usr/bin/cmake --install /wolvi/build/navigation
[0.998s] Level 1:colcon.colcon_core.environment:checking '/wolvi/install/navigation' for CMake config files
[0.998s] Level 1:colcon.colcon_core.shell:create_environment_hook('navigation', 'cmake_prefix_path')
[0.999s] INFO:colcon.colcon_core.shell:Creating environment hook '/wolvi/install/navigation/share/navigation/hook/cmake_prefix_path.ps1'
[0.999s] INFO:colcon.colcon_core.shell:Creating environment descriptor '/wolvi/install/navigation/share/navigation/hook/cmake_prefix_path.dsv'
[0.999s] INFO:colcon.colcon_core.shell:Creating environment hook '/wolvi/install/navigation/share/navigation/hook/cmake_prefix_path.sh'
[1.000s] Level 1:colcon.colcon_core.environment:checking '/wolvi/install/navigation/lib'
[1.000s] Level 1:colcon.colcon_core.environment:checking '/wolvi/install/navigation/bin'
[1.000s] Level 1:colcon.colcon_core.environment:checking '/wolvi/install/navigation/lib/pkgconfig/navigation.pc'
[1.000s] Level 1:colcon.colcon_core.environment:checking '/wolvi/install/navigation/lib/python3.10/site-packages'
[1.000s] Level 1:colcon.colcon_core.environment:checking '/wolvi/install/navigation/bin'
[1.001s] INFO:colcon.colcon_core.shell:Creating package script '/wolvi/install/navigation/share/navigation/package.ps1'
[1.001s] INFO:colcon.colcon_core.shell:Creating package descriptor '/wolvi/install/navigation/share/navigation/package.dsv'
[1.002s] INFO:colcon.colcon_core.shell:Creating package script '/wolvi/install/navigation/share/navigation/package.sh'
[1.003s] INFO:colcon.colcon_core.shell:Creating package script '/wolvi/install/navigation/share/navigation/package.bash'
[1.003s] INFO:colcon.colcon_core.shell:Creating package script '/wolvi/install/navigation/share/navigation/package.zsh'
[1.004s] Level 1:colcon.colcon_core.environment:create_file_with_runtime_dependencies(/wolvi/install/navigation/share/colcon-core/packages/navigation)
[1.004s] Level 1:colcon.colcon_core.environment:create_environment_scripts_only(navigation)
[1.005s] Level 1:colcon.colcon_core.environment:checking '/wolvi/install/navigation' for CMake module files
[1.005s] Level 1:colcon.colcon_core.environment:checking '/wolvi/install/navigation' for CMake config files
[1.005s] Level 1:colcon.colcon_core.shell:create_environment_hook('navigation', 'cmake_prefix_path')
[1.006s] INFO:colcon.colcon_core.shell:Creating environment hook '/wolvi/install/navigation/share/navigation/hook/cmake_prefix_path.ps1'
[1.006s] INFO:colcon.colcon_core.shell:Creating environment descriptor '/wolvi/install/navigation/share/navigation/hook/cmake_prefix_path.dsv'
[1.007s] INFO:colcon.colcon_core.shell:Creating environment hook '/wolvi/install/navigation/share/navigation/hook/cmake_prefix_path.sh'
[1.007s] Level 1:colcon.colcon_core.environment:checking '/wolvi/install/navigation/lib'
[1.007s] Level 1:colcon.colcon_core.environment:checking '/wolvi/install/navigation/bin'
[1.007s] Level 1:colcon.colcon_core.environment:checking '/wolvi/install/navigation/lib/pkgconfig/navigation.pc'
[1.007s] Level 1:colcon.colcon_core.environment:checking '/wolvi/install/navigation/lib/python3.10/site-packages'
[1.008s] Level 1:colcon.colcon_core.environment:checking '/wolvi/install/navigation/bin'
[1.008s] INFO:colcon.colcon_core.shell:Creating package script '/wolvi/install/navigation/share/navigation/package.ps1'
[1.009s] INFO:colcon.colcon_core.shell:Creating package descriptor '/wolvi/install/navigation/share/navigation/package.dsv'
[1.009s] INFO:colcon.colcon_core.shell:Creating package script '/wolvi/install/navigation/share/navigation/package.sh'
[1.009s] INFO:colcon.colcon_core.shell:Creating package script '/wolvi/install/navigation/share/navigation/package.bash'
[1.010s] INFO:colcon.colcon_core.shell:Creating package script '/wolvi/install/navigation/share/navigation/package.zsh'
[1.010s] Level 1:colcon.colcon_core.environment:create_file_with_runtime_dependencies(/wolvi/install/navigation/share/colcon-core/packages/navigation)
[1.011s] Level 1:colcon.colcon_core.environment:create_environment_scripts_only(controller)
[1.011s] Level 1:colcon.colcon_core.environment:checking '/wolvi/install/controller' for CMake module files
[1.012s] DEBUG:colcon.colcon_core.event_handler.log_command:Invoked command in '/wolvi/build/controller' returned '0': CMAKE_PREFIX_PATH=${CMAKE_PREFIX_PATH}:/opt/ros/humble /usr/bin/cmake --install /wolvi/build/controller
[1.013s] Level 1:colcon.colcon_core.environment:checking '/wolvi/install/controller' for CMake config files
[1.013s] Level 1:colcon.colcon_core.shell:create_environment_hook('controller', 'cmake_prefix_path')
[1.013s] INFO:colcon.colcon_core.shell:Creating environment hook '/wolvi/install/controller/share/controller/hook/cmake_prefix_path.ps1'
[1.014s] INFO:colcon.colcon_core.shell:Creating environment descriptor '/wolvi/install/controller/share/controller/hook/cmake_prefix_path.dsv'
[1.014s] INFO:colcon.colcon_core.shell:Creating environment hook '/wolvi/install/controller/share/controller/hook/cmake_prefix_path.sh'
[1.015s] Level 1:colcon.colcon_core.environment:checking '/wolvi/install/controller/lib'
[1.015s] Level 1:colcon.colcon_core.environment:checking '/wolvi/install/controller/bin'
[1.015s] Level 1:colcon.colcon_core.environment:checking '/wolvi/install/controller/lib/pkgconfig/controller.pc'
[1.015s] Level 1:colcon.colcon_core.environment:checking '/wolvi/install/controller/lib/python3.10/site-packages'
[1.015s] Level 1:colcon.colcon_core.environment:checking '/wolvi/install/controller/bin'
[1.016s] INFO:colcon.colcon_core.shell:Creating package script '/wolvi/install/controller/share/controller/package.ps1'
[1.016s] INFO:colcon.colcon_core.shell:Creating package descriptor '/wolvi/install/controller/share/controller/package.dsv'
[1.016s] INFO:colcon.colcon_core.shell:Creating package script '/wolvi/install/controller/share/controller/package.sh'
[1.017s] INFO:colcon.colcon_core.shell:Creating package script '/wolvi/install/controller/share/controller/package.bash'
[1.017s] INFO:colcon.colcon_core.shell:Creating package script '/wolvi/install/controller/share/controller/package.zsh'
[1.017s] Level 1:colcon.colcon_core.environment:create_file_with_runtime_dependencies(/wolvi/install/controller/share/colcon-core/packages/controller)
[1.018s] Level 1:colcon.colcon_core.environment:create_environment_scripts_only(controller)
[1.018s] Level 1:colcon.colcon_core.environment:checking '/wolvi/install/controller' for CMake module files
[1.018s] Level 1:colcon.colcon_core.environment:checking '/wolvi/install/controller' for CMake config files
[1.019s] Level 1:colcon.colcon_core.shell:create_environment_hook('controller', 'cmake_prefix_path')
[1.019s] INFO:colcon.colcon_core.shell:Creating environment hook '/wolvi/install/controller/share/controller/hook/cmake_prefix_path.ps1'
[1.021s] INFO:colcon.colcon_core.shell:Creating environment descriptor '/wolvi/install/controller/share/controller/hook/cmake_prefix_path.dsv'
[1.021s] INFO:colcon.colcon_core.shell:Creating environment hook '/wolvi/install/controller/share/controller/hook/cmake_prefix_path.sh'
[1.022s] Level 1:colcon.colcon_core.environment:checking '/wolvi/install/controller/lib'
[1.023s] Level 1:colcon.colcon_core.environment:checking '/wolvi/install/controller/bin'
[1.023s] Level 1:colcon.colcon_core.environment:checking '/wolvi/install/controller/lib/pkgconfig/controller.pc'
[1.023s] Level 1:colcon.colcon_core.environment:checking '/wolvi/install/controller/lib/python3.10/site-packages'
[1.023s] Level 1:colcon.colcon_core.environment:checking '/wolvi/install/controller/bin'
[1.024s] INFO:colcon.colcon_core.shell:Creating package script '/wolvi/install/controller/share/controller/package.ps1'
[1.025s] INFO:colcon.colcon_core.shell:Creating package descriptor '/wolvi/install/controller/share/controller/package.dsv'
[1.026s] INFO:colcon.colcon_core.shell:Creating package script '/wolvi/install/controller/share/controller/package.sh'
[1.027s] INFO:colcon.colcon_core.shell:Creating package script '/wolvi/install/controller/share/controller/package.bash'
[1.027s] INFO:colcon.colcon_core.shell:Creating package script '/wolvi/install/controller/share/controller/package.zsh'
[1.028s] Level 1:colcon.colcon_core.environment:create_file_with_runtime_dependencies(/wolvi/install/controller/share/colcon-core/packages/controller)
[3.588s] DEBUG:colcon.colcon_core.event_handler.log_command:Invoked command in '/wolvi/build/cam_pos_detection' returned '0': CMAKE_PREFIX_PATH=${CMAKE_PREFIX_PATH}:/opt/ros/humble /usr/bin/cmake --build /wolvi/build/cam_pos_detection -- -j16 -l16
[3.592s] DEBUG:colcon.colcon_core.event_handler.log_command:Invoking command in '/wolvi/build/cam_pos_detection': CMAKE_PREFIX_PATH=${CMAKE_PREFIX_PATH}:/opt/ros/humble /usr/bin/cmake --install /wolvi/build/cam_pos_detection
[3.623s] Level 1:colcon.colcon_core.environment:create_environment_scripts_only(cam_pos_detection)
[3.624s] Level 1:colcon.colcon_core.environment:checking '/wolvi/install/cam_pos_detection' for CMake module files
[3.625s] DEBUG:colcon.colcon_core.event_handler.log_command:Invoked command in '/wolvi/build/cam_pos_detection' returned '0': CMAKE_PREFIX_PATH=${CMAKE_PREFIX_PATH}:/opt/ros/humble /usr/bin/cmake --install /wolvi/build/cam_pos_detection
[3.626s] Level 1:colcon.colcon_core.environment:checking '/wolvi/install/cam_pos_detection' for CMake config files
[3.627s] Level 1:colcon.colcon_core.shell:create_environment_hook('cam_pos_detection', 'cmake_prefix_path')
[3.627s] INFO:colcon.colcon_core.shell:Creating environment hook '/wolvi/install/cam_pos_detection/share/cam_pos_detection/hook/cmake_prefix_path.ps1'
[3.628s] INFO:colcon.colcon_core.shell:Creating environment descriptor '/wolvi/install/cam_pos_detection/share/cam_pos_detection/hook/cmake_prefix_path.dsv'
[3.629s] INFO:colcon.colcon_core.shell:Creating environment hook '/wolvi/install/cam_pos_detection/share/cam_pos_detection/hook/cmake_prefix_path.sh'
[3.630s] Level 1:colcon.colcon_core.environment:checking '/wolvi/install/cam_pos_detection/lib'
[3.630s] Level 1:colcon.colcon_core.environment:checking '/wolvi/install/cam_pos_detection/bin'
[3.630s] Level 1:colcon.colcon_core.environment:checking '/wolvi/install/cam_pos_detection/lib/pkgconfig/cam_pos_detection.pc'
[3.631s] Level 1:colcon.colcon_core.environment:checking '/wolvi/install/cam_pos_detection/lib/python3.10/site-packages'
[3.631s] Level 1:colcon.colcon_core.environment:checking '/wolvi/install/cam_pos_detection/bin'
[3.632s] INFO:colcon.colcon_core.shell:Creating package script '/wolvi/install/cam_pos_detection/share/cam_pos_detection/package.ps1'
[3.632s] INFO:colcon.colcon_core.shell:Creating package descriptor '/wolvi/install/cam_pos_detection/share/cam_pos_detection/package.dsv'
[3.633s] INFO:colcon.colcon_core.shell:Creating package script '/wolvi/install/cam_pos_detection/share/cam_pos_detection/package.sh'
[3.634s] INFO:colcon.colcon_core.shell:Creating package script '/wolvi/install/cam_pos_detection/share/cam_pos_detection/package.bash'
[3.634s] INFO:colcon.colcon_core.shell:Creating package script '/wolvi/install/cam_pos_detection/share/cam_pos_detection/package.zsh'
[3.635s] Level 1:colcon.colcon_core.environment:create_file_with_runtime_dependencies(/wolvi/install/cam_pos_detection/share/colcon-core/packages/cam_pos_detection)
[3.636s] Level 1:colcon.colcon_core.environment:create_environment_scripts_only(cam_pos_detection)
[3.636s] Level 1:colcon.colcon_core.environment:checking '/wolvi/install/cam_pos_detection' for CMake module files
[3.637s] Level 1:colcon.colcon_core.environment:checking '/wolvi/install/cam_pos_detection' for CMake config files
[3.638s] Level 1:colcon.colcon_core.shell:create_environment_hook('cam_pos_detection', 'cmake_prefix_path')
[3.638s] INFO:colcon.colcon_core.shell:Creating environment hook '/wolvi/install/cam_pos_detection/share/cam_pos_detection/hook/cmake_prefix_path.ps1'
[3.639s] INFO:colcon.colcon_core.shell:Creating environment descriptor '/wolvi/install/cam_pos_detection/share/cam_pos_detection/hook/cmake_prefix_path.dsv'
[3.639s] INFO:colcon.colcon_core.shell:Creating environment hook '/wolvi/install/cam_pos_detection/share/cam_pos_detection/hook/cmake_prefix_path.sh'
[3.640s] Level 1:colcon.colcon_core.environment:checking '/wolvi/install/cam_pos_detection/lib'
[3.640s] Level 1:colcon.colcon_core.environment:checking '/wolvi/install/cam_pos_detection/bin'
[3.640s] Level 1:colcon.colcon_core.environment:checking '/wolvi/install/cam_pos_detection/lib/pkgconfig/cam_pos_detection.pc'
[3.640s] Level 1:colcon.colcon_core.environment:checking '/wolvi/install/cam_pos_detection/lib/python3.10/site-packages'
[3.640s] Level 1:colcon.colcon_core.environment:checking '/wolvi/install/cam_pos_detection/bin'
[3.640s] INFO:colcon.colcon_core.shell:Creating package script '/wolvi/install/cam_pos_detection/share/cam_pos_detection/package.ps1'
[3.641s] INFO:colcon.colcon_core.shell:Creating package descriptor '/wolvi/install/cam_pos_detection/share/cam_pos_detection/package.dsv'
[3.641s] INFO:colcon.colcon_core.shell:Creating package script '/wolvi/install/cam_pos_detection/share/cam_pos_detection/package.sh'
[3.641s] INFO:colcon.colcon_core.shell:Creating package script '/wolvi/install/cam_pos_detection/share/cam_pos_detection/package.bash'
[3.642s] INFO:colcon.colcon_core.shell:Creating package script '/wolvi/install/cam_pos_detection/share/cam_pos_detection/package.zsh'
[3.642s] Level 1:colcon.colcon_core.environment:create_file_with_runtime_dependencies(/wolvi/install/cam_pos_detection/share/colcon-core/packages/cam_pos_detection)
[3.642s] DEBUG:colcon.colcon_parallel_executor.executor.parallel:closing loop
[3.643s] DEBUG:colcon.colcon_parallel_executor.executor.parallel:loop closed
[3.643s] DEBUG:colcon.colcon_parallel_executor.executor.parallel:run_until_complete finished with '0'
[3.643s] DEBUG:colcon.colcon_core.event_reactor:joining thread
[3.656s] INFO:colcon.colcon_core.plugin_system:Skipping extension 'colcon_notification.desktop_notification.notify_send': Could not find 'notify-send'
[3.657s] INFO:colcon.colcon_core.plugin_system:Skipping extension 'colcon_notification.desktop_notification.terminal_notifier': Not used on non-Darwin systems
[3.657s] INFO:colcon.colcon_core.plugin_system:Skipping extension 'colcon_notification.desktop_notification.win32': Not used on non-Windows systems
[3.657s] INFO:colcon.colcon_notification.desktop_notification:Sending desktop notification using 'notify2'
[3.660s] DEBUG:colcon.colcon_notification.desktop_notification.notify2:Failed to initialize notify2: org.freedesktop.DBus.Error.ServiceUnknown: The name org.freedesktop.Notifications was not provided by any .service files
[3.660s] DEBUG:colcon.colcon_core.event_reactor:joined thread
[3.661s] INFO:colcon.colcon_core.shell:Creating prefix script '/wolvi/install/local_setup.ps1'
[3.663s] INFO:colcon.colcon_core.shell:Creating prefix util module '/wolvi/install/_local_setup_util_ps1.py'
[3.666s] INFO:colcon.colcon_core.shell:Creating prefix chain script '/wolvi/install/setup.ps1'
[3.668s] INFO:colcon.colcon_core.shell:Creating prefix script '/wolvi/install/local_setup.sh'
[3.669s] INFO:colcon.colcon_core.shell:Creating prefix util module '/wolvi/install/_local_setup_util_sh.py'
[3.670s] INFO:colcon.colcon_core.shell:Creating prefix chain script '/wolvi/install/setup.sh'
[3.673s] INFO:colcon.colcon_core.shell:Creating prefix script '/wolvi/install/local_setup.bash'
[3.674s] INFO:colcon.colcon_core.shell:Creating prefix chain script '/wolvi/install/setup.bash'
[3.676s] INFO:colcon.colcon_core.shell:Creating prefix script '/wolvi/install/local_setup.zsh'
[3.677s] INFO:colcon.colcon_core.shell:Creating prefix chain script '/wolvi/install/setup.zsh'
