[0.051s] Invoking command in '/wolvi/build/localization': BYOBU_DATE=%Y-%m-%d CMAKE_PREFIX_PATH=${CMAKE_PREFIX_PATH}:/opt/ros/humble /usr/bin/cmake --build /wolvi/build/localization -- -j16 -l16
[0.145s] Built target ament_cmake_python_copy_localization
[0.387s] running egg_info
[0.388s] writing localization.egg-info/PKG-INFO
[0.389s] writing dependency_links to localization.egg-info/dependency_links.txt
[0.389s] writing top-level names to localization.egg-info/top_level.txt
[0.392s] reading manifest file 'localization.egg-info/SOURCES.txt'
[0.393s] writing manifest file 'localization.egg-info/SOURCES.txt'
[0.459s] Built target ament_cmake_python_build_localization_egg
[0.488s] Invoked command in '/wolvi/build/localization' returned '0': BYOBU_DATE=%Y-%m-%d CMAKE_PREFIX_PATH=${CMAKE_PREFIX_PATH}:/opt/ros/humble /usr/bin/cmake --build /wolvi/build/localization -- -j16 -l16
[0.492s] Invoking command in '/wolvi/build/localization': BYOBU_DATE=%Y-%m-%d CMAKE_PREFIX_PATH=${CMAKE_PREFIX_PATH}:/opt/ros/humble /usr/bin/cmake --install /wolvi/build/localization
[0.507s] -- Install configuration: ""
[0.508s] -- Up-to-date: /wolvi/install/localization/share/localization/environment/pythonpath.sh
[0.508s] -- Up-to-date: /wolvi/install/localization/share/localization/environment/pythonpath.dsv
[0.508s] -- Up-to-date: /wolvi/install/localization/local/lib/python3.10/dist-packages/localization-0.0.0-py3.10.egg-info
[0.508s] -- Installing: /wolvi/install/localization/local/lib/python3.10/dist-packages/localization-0.0.0-py3.10.egg-info/top_level.txt
[0.508s] -- Installing: /wolvi/install/localization/local/lib/python3.10/dist-packages/localization-0.0.0-py3.10.egg-info/dependency_links.txt
[0.509s] -- Installing: /wolvi/install/localization/local/lib/python3.10/dist-packages/localization-0.0.0-py3.10.egg-info/SOURCES.txt
[0.509s] -- Installing: /wolvi/install/localization/local/lib/python3.10/dist-packages/localization-0.0.0-py3.10.egg-info/PKG-INFO
[0.509s] -- Up-to-date: /wolvi/install/localization/local/lib/python3.10/dist-packages/localization
[0.509s] -- Up-to-date: /wolvi/install/localization/local/lib/python3.10/dist-packages/localization/__init__.py
[0.555s] Listing '/wolvi/install/localization/local/lib/python3.10/dist-packages/localization'...
[0.563s] -- Up-to-date: /wolvi/install/localization/share/ament_index/resource_index/package_run_dependencies/localization
[0.564s] -- Up-to-date: /wolvi/install/localization/share/ament_index/resource_index/parent_prefix_path/localization
[0.566s] -- Up-to-date: /wolvi/install/localization/share/localization/environment/ament_prefix_path.sh
[0.566s] -- Up-to-date: /wolvi/install/localization/share/localization/environment/ament_prefix_path.dsv
[0.566s] -- Up-to-date: /wolvi/install/localization/share/localization/environment/path.sh
[0.566s] -- Up-to-date: /wolvi/install/localization/share/localization/environment/path.dsv
[0.567s] -- Up-to-date: /wolvi/install/localization/share/localization/local_setup.bash
[0.567s] -- Up-to-date: /wolvi/install/localization/share/localization/local_setup.sh
[0.568s] -- Up-to-date: /wolvi/install/localization/share/localization/local_setup.zsh
[0.568s] -- Up-to-date: /wolvi/install/localization/share/localization/local_setup.dsv
[0.568s] -- Installing: /wolvi/install/localization/share/localization/package.dsv
[0.568s] -- Up-to-date: /wolvi/install/localization/share/ament_index/resource_index/packages/localization
[0.569s] -- Up-to-date: /wolvi/install/localization/share/localization/cmake/localizationConfig.cmake
[0.569s] -- Up-to-date: /wolvi/install/localization/share/localization/cmake/localizationConfig-version.cmake
[0.569s] -- Up-to-date: /wolvi/install/localization/share/localization/package.xml
[0.582s] Invoked command in '/wolvi/build/localization' returned '0': BYOBU_DATE=%Y-%m-%d CMAKE_PREFIX_PATH=${CMAKE_PREFIX_PATH}:/opt/ros/humble /usr/bin/cmake --install /wolvi/build/localization
