[0.053s] Invoking command in '/wolvi/build/navigation': BYOBU_DATE=%Y-%m-%d CMAKE_PREFIX_PATH=${CMAKE_PREFIX_PATH}:/opt/ros/humble /usr/bin/cmake --build /wolvi/build/navigation -- -j16 -l16
[0.135s] Built target ament_cmake_python_copy_navigation
[0.354s] running egg_info
[0.355s] writing navigation.egg-info/PKG-INFO
[0.355s] writing dependency_links to navigation.egg-info/dependency_links.txt
[0.356s] writing top-level names to navigation.egg-info/top_level.txt
[0.358s] reading manifest file 'navigation.egg-info/SOURCES.txt'
[0.358s] writing manifest file 'navigation.egg-info/SOURCES.txt'
[0.413s] Built target ament_cmake_python_build_navigation_egg
[0.436s] Invoked command in '/wolvi/build/navigation' returned '0': BYOBU_DATE=%Y-%m-%d CMAKE_PREFIX_PATH=${CMAKE_PREFIX_PATH}:/opt/ros/humble /usr/bin/cmake --build /wolvi/build/navigation -- -j16 -l16
[0.439s] Invoking command in '/wolvi/build/navigation': BYOBU_DATE=%Y-%m-%d CMAKE_PREFIX_PATH=${CMAKE_PREFIX_PATH}:/opt/ros/humble /usr/bin/cmake --install /wolvi/build/navigation
[0.452s] -- Install configuration: ""
[0.452s] -- Up-to-date: /wolvi/install/navigation/share/navigation/environment/pythonpath.sh
[0.452s] -- Up-to-date: /wolvi/install/navigation/share/navigation/environment/pythonpath.dsv
[0.452s] -- Up-to-date: /wolvi/install/navigation/local/lib/python3.10/dist-packages/navigation-0.0.0-py3.10.egg-info
[0.452s] -- Installing: /wolvi/install/navigation/local/lib/python3.10/dist-packages/navigation-0.0.0-py3.10.egg-info/top_level.txt
[0.452s] -- Installing: /wolvi/install/navigation/local/lib/python3.10/dist-packages/navigation-0.0.0-py3.10.egg-info/dependency_links.txt
[0.453s] -- Installing: /wolvi/install/navigation/local/lib/python3.10/dist-packages/navigation-0.0.0-py3.10.egg-info/SOURCES.txt
[0.453s] -- Installing: /wolvi/install/navigation/local/lib/python3.10/dist-packages/navigation-0.0.0-py3.10.egg-info/PKG-INFO
[0.453s] -- Up-to-date: /wolvi/install/navigation/local/lib/python3.10/dist-packages/navigation
[0.453s] -- Up-to-date: /wolvi/install/navigation/local/lib/python3.10/dist-packages/navigation/__init__.py
[0.492s] Listing '/wolvi/install/navigation/local/lib/python3.10/dist-packages/navigation'...
[0.499s] -- Up-to-date: /wolvi/install/navigation/lib/navigation/simple_navigation_node.py
[0.499s] -- Up-to-date: /wolvi/install/navigation/share/ament_index/resource_index/package_run_dependencies/navigation
[0.499s] -- Up-to-date: /wolvi/install/navigation/share/ament_index/resource_index/parent_prefix_path/navigation
[0.500s] -- Up-to-date: /wolvi/install/navigation/share/navigation/environment/ament_prefix_path.sh
[0.500s] -- Up-to-date: /wolvi/install/navigation/share/navigation/environment/ament_prefix_path.dsv
[0.500s] -- Up-to-date: /wolvi/install/navigation/share/navigation/environment/path.sh
[0.500s] -- Up-to-date: /wolvi/install/navigation/share/navigation/environment/path.dsv
[0.501s] -- Up-to-date: /wolvi/install/navigation/share/navigation/local_setup.bash
[0.501s] -- Up-to-date: /wolvi/install/navigation/share/navigation/local_setup.sh
[0.501s] -- Up-to-date: /wolvi/install/navigation/share/navigation/local_setup.zsh
[0.501s] -- Up-to-date: /wolvi/install/navigation/share/navigation/local_setup.dsv
[0.501s] -- Installing: /wolvi/install/navigation/share/navigation/package.dsv
[0.501s] -- Up-to-date: /wolvi/install/navigation/share/ament_index/resource_index/packages/navigation
[0.501s] -- Up-to-date: /wolvi/install/navigation/share/navigation/cmake/navigationConfig.cmake
[0.502s] -- Up-to-date: /wolvi/install/navigation/share/navigation/cmake/navigationConfig-version.cmake
[0.502s] -- Up-to-date: /wolvi/install/navigation/share/navigation/package.xml
[0.505s] Invoked command in '/wolvi/build/navigation' returned '0': BYOBU_DATE=%Y-%m-%d CMAKE_PREFIX_PATH=${CMAKE_PREFIX_PATH}:/opt/ros/humble /usr/bin/cmake --install /wolvi/build/navigation
