[0.030s] Invoking command in '/wolvi/build/controller': BYOBU_DATE=%Y-%m-%d CMAKE_PREFIX_PATH=/wolvi/install/utils:/wolvi/install/controller:/wolvi/install/robot_bringup:/wolvi/install/localization:/opt/ros/humble /usr/bin/cmake --build /wolvi/build/controller -- -j16 -l16
[0.070s] -- Found ament_cmake: 1.3.11 (/opt/ros/humble/share/ament_cmake/cmake)
[0.239s] -- Found rclcpp: 16.0.12 (/opt/ros/humble/share/rclcpp/cmake)
[0.269s] -- Found rosidl_generator_c: 3.1.6 (/opt/ros/humble/share/rosidl_generator_c/cmake)
[0.271s] -- Found rosidl_adapter: 3.1.6 (/opt/ros/humble/share/rosidl_adapter/cmake)
[0.277s] -- Found rosidl_generator_cpp: 3.1.6 (/opt/ros/humble/share/rosidl_generator_cpp/cmake)
[0.287s] -- Using all available rosidl_typesupport_c: rosidl_typesupport_fastrtps_c;rosidl_typesupport_introspection_c
[0.302s] -- Using all available rosidl_typesupport_cpp: rosidl_typesupport_fastrtps_cpp;rosidl_typesupport_introspection_cpp
[0.332s] -- Found rmw_implementation_cmake: 6.1.2 (/opt/ros/humble/share/rmw_implementation_cmake/cmake)
[0.333s] -- Found rmw_fastrtps_cpp: 6.2.7 (/opt/ros/humble/share/rmw_fastrtps_cpp/cmake)
[0.490s] -- Using RMW implementation 'rmw_fastrtps_cpp' as default
[0.541s] -- Found rclpy: 3.3.16 (/opt/ros/humble/share/rclpy/cmake)
[0.541s] -- Found utils: 0.0.0 (/wolvi/install/utils/share/utils/cmake)
[0.611s] -- Found ament_lint_auto: 0.12.12 (/opt/ros/humble/share/ament_lint_auto/cmake)
[0.717s] -- Added test 'flake8' to check Python code syntax and style conventions
[0.717s] -- Added test 'lint_cmake' to check CMake code style
[0.717s] -- Added test 'pep257' to check Python code against some of the docstring style conventions in PEP 257
[0.718s] -- Added test 'xmllint' to check XML markup files
[0.719s] -- Configuring done
[0.725s] -- Generating done
[0.728s] -- Build files have been written to: /wolvi/build/controller
[0.810s] Built target ament_cmake_python_copy_controller
[1.022s] running egg_info
[1.022s] writing controller.egg-info/PKG-INFO
[1.022s] writing dependency_links to controller.egg-info/dependency_links.txt
[1.023s] writing top-level names to controller.egg-info/top_level.txt
[1.024s] reading manifest file 'controller.egg-info/SOURCES.txt'
[1.025s] writing manifest file 'controller.egg-info/SOURCES.txt'
[1.065s] Built target ament_cmake_python_build_controller_egg
[1.081s] Invoked command in '/wolvi/build/controller' returned '0': BYOBU_DATE=%Y-%m-%d CMAKE_PREFIX_PATH=/wolvi/install/utils:/wolvi/install/controller:/wolvi/install/robot_bringup:/wolvi/install/localization:/opt/ros/humble /usr/bin/cmake --build /wolvi/build/controller -- -j16 -l16
[1.083s] Invoking command in '/wolvi/build/controller': BYOBU_DATE=%Y-%m-%d CMAKE_PREFIX_PATH=/wolvi/install/utils:/wolvi/install/controller:/wolvi/install/robot_bringup:/wolvi/install/localization:/opt/ros/humble /usr/bin/cmake --install /wolvi/build/controller
[1.098s] -- Install configuration: ""
[1.099s] -- Up-to-date: /wolvi/install/controller/share/controller/environment/pythonpath.sh
[1.099s] -- Installing: /wolvi/install/controller/share/controller/environment/pythonpath.dsv
[1.099s] -- Up-to-date: /wolvi/install/controller/local/lib/python3.10/dist-packages/controller-0.0.0-py3.10.egg-info
[1.099s] -- Installing: /wolvi/install/controller/local/lib/python3.10/dist-packages/controller-0.0.0-py3.10.egg-info/top_level.txt
[1.100s] -- Installing: /wolvi/install/controller/local/lib/python3.10/dist-packages/controller-0.0.0-py3.10.egg-info/dependency_links.txt
[1.100s] -- Installing: /wolvi/install/controller/local/lib/python3.10/dist-packages/controller-0.0.0-py3.10.egg-info/SOURCES.txt
[1.100s] -- Installing: /wolvi/install/controller/local/lib/python3.10/dist-packages/controller-0.0.0-py3.10.egg-info/PKG-INFO
[1.100s] -- Up-to-date: /wolvi/install/controller/local/lib/python3.10/dist-packages/controller
[1.100s] -- Up-to-date: /wolvi/install/controller/local/lib/python3.10/dist-packages/controller/__init__.py
[1.135s] Listing '/wolvi/install/controller/local/lib/python3.10/dist-packages/controller'...
[1.139s] -- Up-to-date: /wolvi/install/controller/lib/controller/controller_node.py
[1.140s] -- Up-to-date: /wolvi/install/controller/lib/controller/first_driver.py
[1.140s] -- Up-to-date: /wolvi/install/controller/lib/controller/differential_drive.py
[1.140s] -- Up-to-date: /wolvi/install/controller/lib/controller/serial_communication.py
[1.140s] -- Up-to-date: /wolvi/install/controller/share/ament_index/resource_index/package_run_dependencies/controller
[1.140s] -- Up-to-date: /wolvi/install/controller/share/ament_index/resource_index/parent_prefix_path/controller
[1.141s] -- Up-to-date: /wolvi/install/controller/share/controller/environment/ament_prefix_path.sh
[1.141s] -- Installing: /wolvi/install/controller/share/controller/environment/ament_prefix_path.dsv
[1.141s] -- Up-to-date: /wolvi/install/controller/share/controller/environment/path.sh
[1.141s] -- Installing: /wolvi/install/controller/share/controller/environment/path.dsv
[1.141s] -- Up-to-date: /wolvi/install/controller/share/controller/local_setup.bash
[1.142s] -- Up-to-date: /wolvi/install/controller/share/controller/local_setup.sh
[1.142s] -- Up-to-date: /wolvi/install/controller/share/controller/local_setup.zsh
[1.142s] -- Installing: /wolvi/install/controller/share/controller/local_setup.dsv
[1.142s] -- Installing: /wolvi/install/controller/share/controller/package.dsv
[1.143s] -- Up-to-date: /wolvi/install/controller/share/ament_index/resource_index/packages/controller
[1.143s] -- Up-to-date: /wolvi/install/controller/share/controller/cmake/controllerConfig.cmake
[1.143s] -- Up-to-date: /wolvi/install/controller/share/controller/cmake/controllerConfig-version.cmake
[1.143s] -- Up-to-date: /wolvi/install/controller/share/controller/package.xml
[1.149s] Invoked command in '/wolvi/build/controller' returned '0': BYOBU_DATE=%Y-%m-%d CMAKE_PREFIX_PATH=/wolvi/install/utils:/wolvi/install/controller:/wolvi/install/robot_bringup:/wolvi/install/localization:/opt/ros/humble /usr/bin/cmake --install /wolvi/build/controller
