[0.044s] Invoking command in '/wolvi/build/aruco_detection': /usr/bin/cmake /wolvi/src/computing_zone/aruco_detection -DCMAKE_INSTALL_PREFIX=/wolvi/install/aruco_detection
[0.256s] -- The C compiler identification is GNU 11.4.0
[0.407s] -- The CXX compiler identification is GNU 11.4.0
[0.421s] -- Detecting C compiler ABI info
[0.537s] -- Detecting C compiler ABI info - done
[0.545s] -- Check for working C compiler: /usr/bin/cc - skipped
[0.545s] -- Detecting C compile features
[0.546s] -- Detecting C compile features - done
[0.551s] -- Detecting CXX compiler ABI info
[0.682s] -- Detecting CXX compiler ABI info - done
[0.692s] -- Check for working CXX compiler: /usr/bin/c++ - skipped
[0.693s] -- Detecting CXX compile features
[0.693s] -- Detecting CXX compile features - done
[0.707s] -- Found OpenCV: /usr (found version "4.5.4") 
[0.707s] -- Configuring done
[0.713s] -- Generating done
[0.716s] -- Build files have been written to: /wolvi/build/aruco_detection
[0.719s] Invoked command in '/wolvi/build/aruco_detection' returned '0': /usr/bin/cmake /wolvi/src/computing_zone/aruco_detection -DCMAKE_INSTALL_PREFIX=/wolvi/install/aruco_detection
[0.721s] Invoking command in '/wolvi/build/aruco_detection': /usr/bin/cmake --build /wolvi/build/aruco_detection -- -j16 -l16
[0.806s] [ 50%] [32mBuilding CXX object CMakeFiles/t_aruco_detection.dir/src/pose_estimation.cpp.o[0m
[3.754s] [100%] [32m[1mLinking CXX executable t_aruco_detection[0m
[4.345s] [100%] Built target t_aruco_detection
[4.371s] Invoked command in '/wolvi/build/aruco_detection' returned '0': /usr/bin/cmake --build /wolvi/build/aruco_detection -- -j16 -l16
