Built target ament_cmake_python_copy_localization
running egg_info
writing localization.egg-info/PKG-INFO
writing dependency_links to localization.egg-info/dependency_links.txt
writing top-level names to localization.egg-info/top_level.txt
reading manifest file 'localization.egg-info/SOURCES.txt'
writing manifest file 'localization.egg-info/SOURCES.txt'
Built target ament_cmake_python_build_localization_egg
-- Install configuration: ""
-- Installing: /wolvi/install/localization/share/localization/environment/pythonpath.sh
-- Installing: /wolvi/install/localization/share/localization/environment/pythonpath.dsv
-- Installing: /wolvi/install/localization/local/lib/python3.10/dist-packages/localization-0.0.0-py3.10.egg-info
-- Installing: /wolvi/install/localization/local/lib/python3.10/dist-packages/localization-0.0.0-py3.10.egg-info/top_level.txt
-- Installing: /wolvi/install/localization/local/lib/python3.10/dist-packages/localization-0.0.0-py3.10.egg-info/dependency_links.txt
-- Installing: /wolvi/install/localization/local/lib/python3.10/dist-packages/localization-0.0.0-py3.10.egg-info/SOURCES.txt
-- Installing: /wolvi/install/localization/local/lib/python3.10/dist-packages/localization-0.0.0-py3.10.egg-info/PKG-INFO
-- Installing: /wolvi/install/localization/local/lib/python3.10/dist-packages/localization
-- Installing: /wolvi/install/localization/local/lib/python3.10/dist-packages/localization/__init__.py
Listing '/wolvi/install/localization/local/lib/python3.10/dist-packages/localization'...
Compiling '/wolvi/install/localization/local/lib/python3.10/dist-packages/localization/__init__.py'...
-- Installing: /wolvi/install/localization/share/ament_index/resource_index/package_run_dependencies/localization
-- Installing: /wolvi/install/localization/share/ament_index/resource_index/parent_prefix_path/localization
-- Installing: /wolvi/install/localization/share/localization/environment/ament_prefix_path.sh
-- Installing: /wolvi/install/localization/share/localization/environment/ament_prefix_path.dsv
-- Installing: /wolvi/install/localization/share/localization/environment/path.sh
-- Installing: /wolvi/install/localization/share/localization/environment/path.dsv
-- Installing: /wolvi/install/localization/share/localization/local_setup.bash
-- Installing: /wolvi/install/localization/share/localization/local_setup.sh
-- Installing: /wolvi/install/localization/share/localization/local_setup.zsh
-- Installing: /wolvi/install/localization/share/localization/local_setup.dsv
-- Installing: /wolvi/install/localization/share/localization/package.dsv
-- Installing: /wolvi/install/localization/share/ament_index/resource_index/packages/localization
-- Installing: /wolvi/install/localization/share/localization/cmake/localizationConfig.cmake
-- Installing: /wolvi/install/localization/share/localization/cmake/localizationConfig-version.cmake
-- Installing: /wolvi/install/localization/share/localization/package.xml
