-- The C compiler identification is GNU 11.4.0
-- The CXX compiler identification is GNU 11.4.0
-- Detecting C compiler ABI info
-- Detecting C compiler ABI info - done
-- Check for working C compiler: /usr/bin/cc - skipped
-- Detecting C compile features
-- Detecting C compile features - done
-- Detecting CXX compiler ABI info
-- Detecting CXX compiler ABI info - done
-- Check for working CXX compiler: /usr/bin/c++ - skipped
-- Detecting CXX compile features
-- Detecting CXX compile features - done
-- Found ament_cmake: 1.3.11 (/opt/ros/humble/share/ament_cmake/cmake)
-- Found Python3: /usr/bin/python3 (found version "3.10.12") found components: Interpreter 
-- Found rclcpp: 16.0.12 (/opt/ros/humble/share/rclcpp/cmake)
-- Found rosidl_generator_c: 3.1.6 (/opt/ros/humble/share/rosidl_generator_c/cmake)
-- Found rosidl_adapter: 3.1.6 (/opt/ros/humble/share/rosidl_adapter/cmake)
-- Found rosidl_generator_cpp: 3.1.6 (/opt/ros/humble/share/rosidl_generator_cpp/cmake)
-- Using all available rosidl_typesupport_c: rosidl_typesupport_fastrtps_c;rosidl_typesupport_introspection_c
-- Using all available rosidl_typesupport_cpp: rosidl_typesupport_fastrtps_cpp;rosidl_typesupport_introspection_cpp
-- Found rmw_implementation_cmake: 6.1.2 (/opt/ros/humble/share/rmw_implementation_cmake/cmake)
-- Found rmw_fastrtps_cpp: 6.2.7 (/opt/ros/humble/share/rmw_fastrtps_cpp/cmake)
-- Found OpenSSL: /usr/lib/x86_64-linux-gnu/libcrypto.so (found version "3.0.2")  
-- Found FastRTPS: /opt/ros/humble/include  
-- Using RMW implementation 'rmw_fastrtps_cpp' as default
-- Looking for pthread.h
-- Looking for pthread.h - found
-- Performing Test CMAKE_HAVE_LIBC_PTHREAD
-- Performing Test CMAKE_HAVE_LIBC_PTHREAD - Success
-- Found Threads: TRUE  
-- Found rclpy: 3.3.16 (/opt/ros/humble/share/rclpy/cmake)
-- Found utils: 0.0.0 (/wolvi/install/utils/share/utils/cmake)
-- Found ament_lint_auto: 0.12.12 (/opt/ros/humble/share/ament_lint_auto/cmake)
-- Added test 'flake8' to check Python code syntax and style conventions
-- Added test 'lint_cmake' to check CMake code style
-- Added test 'pep257' to check Python code against some of the docstring style conventions in PEP 257
-- Added test 'xmllint' to check XML markup files
-- Configuring done
-- Generating done
-- Build files have been written to: /wolvi/build/controller
Built target ament_cmake_python_copy_controller
running egg_info
creating controller.egg-info
writing controller.egg-info/PKG-INFO
writing dependency_links to controller.egg-info/dependency_links.txt
writing top-level names to controller.egg-info/top_level.txt
writing manifest file 'controller.egg-info/SOURCES.txt'
reading manifest file 'controller.egg-info/SOURCES.txt'
writing manifest file 'controller.egg-info/SOURCES.txt'
Built target ament_cmake_python_build_controller_egg
-- Install configuration: ""
-- Installing: /wolvi/install/controller/share/controller/environment/pythonpath.sh
-- Installing: /wolvi/install/controller/share/controller/environment/pythonpath.dsv
-- Installing: /wolvi/install/controller/local/lib/python3.10/dist-packages/controller-0.0.0-py3.10.egg-info
-- Installing: /wolvi/install/controller/local/lib/python3.10/dist-packages/controller-0.0.0-py3.10.egg-info/top_level.txt
-- Installing: /wolvi/install/controller/local/lib/python3.10/dist-packages/controller-0.0.0-py3.10.egg-info/dependency_links.txt
-- Installing: /wolvi/install/controller/local/lib/python3.10/dist-packages/controller-0.0.0-py3.10.egg-info/SOURCES.txt
-- Installing: /wolvi/install/controller/local/lib/python3.10/dist-packages/controller-0.0.0-py3.10.egg-info/PKG-INFO
-- Installing: /wolvi/install/controller/local/lib/python3.10/dist-packages/controller
-- Installing: /wolvi/install/controller/local/lib/python3.10/dist-packages/controller/__init__.py
Listing '/wolvi/install/controller/local/lib/python3.10/dist-packages/controller'...
Compiling '/wolvi/install/controller/local/lib/python3.10/dist-packages/controller/__init__.py'...
-- Installing: /wolvi/install/controller/lib/controller/controller_node.py
-- Installing: /wolvi/install/controller/lib/controller/first_driver.py
-- Installing: /wolvi/install/controller/lib/controller/differential_drive.py
-- Installing: /wolvi/install/controller/lib/controller/serial_communication.py
-- Installing: /wolvi/install/controller/share/ament_index/resource_index/package_run_dependencies/controller
-- Installing: /wolvi/install/controller/share/ament_index/resource_index/parent_prefix_path/controller
-- Installing: /wolvi/install/controller/share/controller/environment/ament_prefix_path.sh
-- Installing: /wolvi/install/controller/share/controller/environment/ament_prefix_path.dsv
-- Installing: /wolvi/install/controller/share/controller/environment/path.sh
-- Installing: /wolvi/install/controller/share/controller/environment/path.dsv
-- Installing: /wolvi/install/controller/share/controller/local_setup.bash
-- Installing: /wolvi/install/controller/share/controller/local_setup.sh
-- Installing: /wolvi/install/controller/share/controller/local_setup.zsh
-- Installing: /wolvi/install/controller/share/controller/local_setup.dsv
-- Installing: /wolvi/install/controller/share/controller/package.dsv
-- Installing: /wolvi/install/controller/share/ament_index/resource_index/packages/controller
-- Installing: /wolvi/install/controller/share/controller/cmake/controllerConfig.cmake
-- Installing: /wolvi/install/controller/share/controller/cmake/controllerConfig-version.cmake
-- Installing: /wolvi/install/controller/share/controller/package.xml
