[0.011s] Invoking command in '/wolvi/build/controller': CMAKE_PREFIX_PATH=/wolvi/install/utils:/wolvi/install/prova_02:/wolvi/install/prova_01:/wolvi/install/controller:/wolvi/install/robot_bringup:/wolvi/install/localization:/opt/ros/humble /usr/bin/cmake /wolvi/src/controller -DCMAKE_INSTALL_PREFIX=/wolvi/install/controller
[0.118s] -- The C compiler identification is GNU 11.4.0
[0.198s] -- The CXX compiler identification is GNU 11.4.0
[0.214s] -- Detecting C compiler ABI info
[0.334s] -- Detecting C compiler ABI info - done
[0.346s] -- Check for working C compiler: /usr/bin/cc - skipped
[0.346s] -- Detecting C compile features
[0.347s] -- Detecting C compile features - done
[0.349s] -- Detecting CXX compiler ABI info
[0.484s] -- Detecting CXX compiler ABI info - done
[0.499s] -- Check for working CXX compiler: /usr/bin/c++ - skipped
[0.499s] -- Detecting CXX compile features
[0.499s] -- Detecting CXX compile features - done
[0.502s] -- Found ament_cmake: 1.3.11 (/opt/ros/humble/share/ament_cmake/cmake)
[0.705s] -- Found Python3: /usr/bin/python3 (found version "3.10.12") found components: Interpreter 
[0.819s] -- Found rclcpp: 16.0.12 (/opt/ros/humble/share/rclcpp/cmake)
[0.863s] -- Found rosidl_generator_c: 3.1.6 (/opt/ros/humble/share/rosidl_generator_c/cmake)
[0.868s] -- Found rosidl_adapter: 3.1.6 (/opt/ros/humble/share/rosidl_adapter/cmake)
[0.877s] -- Found rosidl_generator_cpp: 3.1.6 (/opt/ros/humble/share/rosidl_generator_cpp/cmake)
[0.891s] -- Using all available rosidl_typesupport_c: rosidl_typesupport_fastrtps_c;rosidl_typesupport_introspection_c
[0.907s] -- Using all available rosidl_typesupport_cpp: rosidl_typesupport_fastrtps_cpp;rosidl_typesupport_introspection_cpp
[0.951s] -- Found rmw_implementation_cmake: 6.1.2 (/opt/ros/humble/share/rmw_implementation_cmake/cmake)
[0.954s] -- Found rmw_fastrtps_cpp: 6.2.7 (/opt/ros/humble/share/rmw_fastrtps_cpp/cmake)
[1.135s] -- Found OpenSSL: /usr/lib/x86_64-linux-gnu/libcrypto.so (found version "3.0.2")  
[1.189s] -- Found FastRTPS: /opt/ros/humble/include  
[1.263s] -- Using RMW implementation 'rmw_fastrtps_cpp' as default
[1.273s] -- Looking for pthread.h
[1.387s] -- Looking for pthread.h - found
[1.388s] -- Performing Test CMAKE_HAVE_LIBC_PTHREAD
[1.527s] -- Performing Test CMAKE_HAVE_LIBC_PTHREAD - Success
[1.530s] -- Found Threads: TRUE  
[1.587s] -- Found rclpy: 3.3.16 (/opt/ros/humble/share/rclpy/cmake)
[1.588s] -- Found utils: 0.0.0 (/wolvi/install/utils/share/utils/cmake)
[1.679s] -- Found ament_lint_auto: 0.12.12 (/opt/ros/humble/share/ament_lint_auto/cmake)
[1.775s] -- Added test 'flake8' to check Python code syntax and style conventions
[1.776s] -- Added test 'lint_cmake' to check CMake code style
[1.776s] -- Added test 'pep257' to check Python code against some of the docstring style conventions in PEP 257
[1.777s] -- Added test 'xmllint' to check XML markup files
[1.779s] -- Configuring done
[1.785s] -- Generating done
[1.788s] -- Build files have been written to: /wolvi/build/controller
[1.796s] Invoked command in '/wolvi/build/controller' returned '0': CMAKE_PREFIX_PATH=/wolvi/install/utils:/wolvi/install/prova_02:/wolvi/install/prova_01:/wolvi/install/controller:/wolvi/install/robot_bringup:/wolvi/install/localization:/opt/ros/humble /usr/bin/cmake /wolvi/src/controller -DCMAKE_INSTALL_PREFIX=/wolvi/install/controller
[1.799s] Invoking command in '/wolvi/build/controller': CMAKE_PREFIX_PATH=/wolvi/install/utils:/wolvi/install/prova_02:/wolvi/install/prova_01:/wolvi/install/controller:/wolvi/install/robot_bringup:/wolvi/install/localization:/opt/ros/humble /usr/bin/cmake --build /wolvi/build/controller -- -j16 -l16
[1.898s] Built target ament_cmake_python_copy_controller
[2.115s] running egg_info
[2.116s] creating controller.egg-info
[2.116s] writing controller.egg-info/PKG-INFO
[2.116s] writing dependency_links to controller.egg-info/dependency_links.txt
[2.116s] writing top-level names to controller.egg-info/top_level.txt
[2.117s] writing manifest file 'controller.egg-info/SOURCES.txt'
[2.119s] reading manifest file 'controller.egg-info/SOURCES.txt'
[2.119s] writing manifest file 'controller.egg-info/SOURCES.txt'
[2.156s] Built target ament_cmake_python_build_controller_egg
[2.170s] Invoked command in '/wolvi/build/controller' returned '0': CMAKE_PREFIX_PATH=/wolvi/install/utils:/wolvi/install/prova_02:/wolvi/install/prova_01:/wolvi/install/controller:/wolvi/install/robot_bringup:/wolvi/install/localization:/opt/ros/humble /usr/bin/cmake --build /wolvi/build/controller -- -j16 -l16
[2.174s] Invoking command in '/wolvi/build/controller': CMAKE_PREFIX_PATH=/wolvi/install/utils:/wolvi/install/prova_02:/wolvi/install/prova_01:/wolvi/install/controller:/wolvi/install/robot_bringup:/wolvi/install/localization:/opt/ros/humble /usr/bin/cmake --install /wolvi/build/controller
[2.187s] -- Install configuration: ""
[2.187s] -- Installing: /wolvi/install/controller/share/controller/environment/pythonpath.sh
[2.187s] -- Installing: /wolvi/install/controller/share/controller/environment/pythonpath.dsv
[2.188s] -- Installing: /wolvi/install/controller/local/lib/python3.10/dist-packages/controller-0.0.0-py3.10.egg-info
[2.188s] -- Installing: /wolvi/install/controller/local/lib/python3.10/dist-packages/controller-0.0.0-py3.10.egg-info/top_level.txt
[2.188s] -- Installing: /wolvi/install/controller/local/lib/python3.10/dist-packages/controller-0.0.0-py3.10.egg-info/dependency_links.txt
[2.188s] -- Installing: /wolvi/install/controller/local/lib/python3.10/dist-packages/controller-0.0.0-py3.10.egg-info/SOURCES.txt
[2.188s] -- Installing: /wolvi/install/controller/local/lib/python3.10/dist-packages/controller-0.0.0-py3.10.egg-info/PKG-INFO
[2.188s] -- Installing: /wolvi/install/controller/local/lib/python3.10/dist-packages/controller
[2.189s] -- Installing: /wolvi/install/controller/local/lib/python3.10/dist-packages/controller/__init__.py
[2.227s] Listing '/wolvi/install/controller/local/lib/python3.10/dist-packages/controller'...
[2.227s] Compiling '/wolvi/install/controller/local/lib/python3.10/dist-packages/controller/__init__.py'...
[2.232s] -- Installing: /wolvi/install/controller/lib/controller/controller_node.py
[2.232s] -- Installing: /wolvi/install/controller/lib/controller/first_driver.py
[2.232s] -- Installing: /wolvi/install/controller/lib/controller/differential_drive.py
[2.232s] -- Installing: /wolvi/install/controller/lib/controller/serial_communication.py
[2.233s] -- Installing: /wolvi/install/controller/share/ament_index/resource_index/package_run_dependencies/controller
[2.233s] -- Installing: /wolvi/install/controller/share/ament_index/resource_index/parent_prefix_path/controller
[2.233s] -- Installing: /wolvi/install/controller/share/controller/environment/ament_prefix_path.sh
[2.234s] -- Installing: /wolvi/install/controller/share/controller/environment/ament_prefix_path.dsv
[2.234s] -- Installing: /wolvi/install/controller/share/controller/environment/path.sh
[2.234s] -- Installing: /wolvi/install/controller/share/controller/environment/path.dsv
[2.235s] -- Installing: /wolvi/install/controller/share/controller/local_setup.bash
[2.235s] -- Installing: /wolvi/install/controller/share/controller/local_setup.sh
[2.235s] -- Installing: /wolvi/install/controller/share/controller/local_setup.zsh
[2.235s] -- Installing: /wolvi/install/controller/share/controller/local_setup.dsv
[2.236s] -- Installing: /wolvi/install/controller/share/controller/package.dsv
[2.236s] -- Installing: /wolvi/install/controller/share/ament_index/resource_index/packages/controller
[2.236s] -- Installing: /wolvi/install/controller/share/controller/cmake/controllerConfig.cmake
[2.237s] -- Installing: /wolvi/install/controller/share/controller/cmake/controllerConfig-version.cmake
[2.237s] -- Installing: /wolvi/install/controller/share/controller/package.xml
[2.243s] Invoked command in '/wolvi/build/controller' returned '0': CMAKE_PREFIX_PATH=/wolvi/install/utils:/wolvi/install/prova_02:/wolvi/install/prova_01:/wolvi/install/controller:/wolvi/install/robot_bringup:/wolvi/install/localization:/opt/ros/humble /usr/bin/cmake --install /wolvi/build/controller
