[0.073s] Invoking command in '/wolvi/build/aruco_detection': /usr/bin/cmake /wolvi/src/computing_zone/aruco_detection -DCMAKE_INSTALL_PREFIX=/wolvi/install/aruco_detection
[0.244s] -- The C compiler identification is GNU 11.4.0
[0.349s] -- The CXX compiler identification is GNU 11.4.0
[0.365s] -- Detecting C compiler ABI info
[0.489s] -- Detecting C compiler ABI info - done
[0.498s] -- Check for working C compiler: /usr/bin/cc - skipped
[0.499s] -- Detecting C compile features
[0.499s] -- Detecting C compile features - done
[0.504s] -- Detecting CXX compiler ABI info
[0.654s] -- Detecting CXX compiler ABI info - done
[0.671s] -- Check for working CXX compiler: /usr/bin/c++ - skipped
[0.672s] -- Detecting CXX compile features
[0.672s] -- Detecting CXX compile features - done
[0.688s] -- Found OpenCV: /usr (found version "4.5.4") 
[0.688s] -- Configuring done
[0.695s] -- Generating done
[0.698s] -- Build files have been written to: /wolvi/build/aruco_detection
[0.703s] Invoked command in '/wolvi/build/aruco_detection' returned '0': /usr/bin/cmake /wolvi/src/computing_zone/aruco_detection -DCMAKE_INSTALL_PREFIX=/wolvi/install/aruco_detection
[0.706s] Invoking command in '/wolvi/build/aruco_detection': /usr/bin/cmake --build /wolvi/build/aruco_detection -- -j16 -l16
[0.806s] [ 50%] [32mBuilding CXX object CMakeFiles/t_aruco_detection.dir/src/pose_estimation.cpp.o[0m
[4.659s] [100%] [32m[1mLinking CXX executable t_aruco_detection[0m
[5.290s] [100%] Built target t_aruco_detection
[5.315s] Invoked command in '/wolvi/build/aruco_detection' returned '0': /usr/bin/cmake --build /wolvi/build/aruco_detection -- -j16 -l16
