[0.061s] Invoking command in '/wolvi/build/controller': CMAKE_PREFIX_PATH=${CMAKE_PREFIX_PATH}:/opt/ros/humble /usr/bin/cmake --build /wolvi/build/controller -- -j16 -l16
[0.155s] Built target ament_cmake_python_copy_controller
[0.466s] running egg_info
[0.467s] writing controller.egg-info/PKG-INFO
[0.467s] writing dependency_links to controller.egg-info/dependency_links.txt
[0.468s] writing top-level names to controller.egg-info/top_level.txt
[0.471s] reading manifest file 'controller.egg-info/SOURCES.txt'
[0.472s] writing manifest file 'controller.egg-info/SOURCES.txt'
[0.528s] Built target ament_cmake_python_build_controller_egg
[0.554s] Invoked command in '/wolvi/build/controller' returned '0': CMAKE_PREFIX_PATH=${CMAKE_PREFIX_PATH}:/opt/ros/humble /usr/bin/cmake --build /wolvi/build/controller -- -j16 -l16
[0.557s] Invoking command in '/wolvi/build/controller': CMAKE_PREFIX_PATH=${CMAKE_PREFIX_PATH}:/opt/ros/humble /usr/bin/cmake --install /wolvi/build/controller
[0.573s] -- Install configuration: ""
[0.573s] -- Up-to-date: /wolvi/install/controller/share/controller/environment/pythonpath.sh
[0.573s] -- Up-to-date: /wolvi/install/controller/share/controller/environment/pythonpath.dsv
[0.573s] -- Up-to-date: /wolvi/install/controller/local/lib/python3.10/dist-packages/controller-0.0.0-py3.10.egg-info
[0.574s] -- Installing: /wolvi/install/controller/local/lib/python3.10/dist-packages/controller-0.0.0-py3.10.egg-info/top_level.txt
[0.574s] -- Installing: /wolvi/install/controller/local/lib/python3.10/dist-packages/controller-0.0.0-py3.10.egg-info/dependency_links.txt
[0.574s] -- Installing: /wolvi/install/controller/local/lib/python3.10/dist-packages/controller-0.0.0-py3.10.egg-info/SOURCES.txt
[0.574s] -- Installing: /wolvi/install/controller/local/lib/python3.10/dist-packages/controller-0.0.0-py3.10.egg-info/PKG-INFO
[0.574s] -- Up-to-date: /wolvi/install/controller/local/lib/python3.10/dist-packages/controller
[0.574s] -- Up-to-date: /wolvi/install/controller/local/lib/python3.10/dist-packages/controller/__init__.py
[0.619s] Listing '/wolvi/install/controller/local/lib/python3.10/dist-packages/controller'...
[0.626s] -- Up-to-date: /wolvi/install/controller/lib/controller/controller_node.py
[0.626s] -- Up-to-date: /wolvi/install/controller/lib/controller/first_driver.py
[0.626s] -- Up-to-date: /wolvi/install/controller/lib/controller/differential_drive.py
[0.626s] -- Up-to-date: /wolvi/install/controller/lib/controller/serial_communication.py
[0.626s] -- Up-to-date: /wolvi/install/controller/share/ament_index/resource_index/package_run_dependencies/controller
[0.628s] -- Up-to-date: /wolvi/install/controller/share/ament_index/resource_index/parent_prefix_path/controller
[0.628s] -- Up-to-date: /wolvi/install/controller/share/controller/environment/ament_prefix_path.sh
[0.629s] -- Up-to-date: /wolvi/install/controller/share/controller/environment/ament_prefix_path.dsv
[0.630s] -- Up-to-date: /wolvi/install/controller/share/controller/environment/path.sh
[0.630s] -- Up-to-date: /wolvi/install/controller/share/controller/environment/path.dsv
[0.630s] -- Up-to-date: /wolvi/install/controller/share/controller/local_setup.bash
[0.631s] -- Up-to-date: /wolvi/install/controller/share/controller/local_setup.sh
[0.631s] -- Up-to-date: /wolvi/install/controller/share/controller/local_setup.zsh
[0.632s] -- Up-to-date: /wolvi/install/controller/share/controller/local_setup.dsv
[0.632s] -- Up-to-date: /wolvi/install/controller/share/controller/package.dsv
[0.632s] -- Up-to-date: /wolvi/install/controller/share/ament_index/resource_index/packages/controller
[0.633s] -- Up-to-date: /wolvi/install/controller/share/controller/cmake/controllerConfig.cmake
[0.633s] -- Up-to-date: /wolvi/install/controller/share/controller/cmake/controllerConfig-version.cmake
[0.634s] -- Up-to-date: /wolvi/install/controller/share/controller/package.xml
[0.706s] Invoked command in '/wolvi/build/controller' returned '0': CMAKE_PREFIX_PATH=${CMAKE_PREFIX_PATH}:/opt/ros/humble /usr/bin/cmake --install /wolvi/build/controller
