Built target ament_cmake_python_copy_camera_sim
running egg_info
writing camera_sim.egg-info/PKG-INFO
writing dependency_links to camera_sim.egg-info/dependency_links.txt
writing top-level names to camera_sim.egg-info/top_level.txt
reading manifest file 'camera_sim.egg-info/SOURCES.txt'
writing manifest file 'camera_sim.egg-info/SOURCES.txt'
Built target ament_cmake_python_build_camera_sim_egg
-- Install configuration: ""
-- Up-to-date: /wolvi/install/camera_sim/share/camera_sim/environment/pythonpath.sh
-- Up-to-date: /wolvi/install/camera_sim/share/camera_sim/environment/pythonpath.dsv
-- Up-to-date: /wolvi/install/camera_sim/local/lib/python3.10/dist-packages/camera_sim-0.0.0-py3.10.egg-info
-- Installing: /wolvi/install/camera_sim/local/lib/python3.10/dist-packages/camera_sim-0.0.0-py3.10.egg-info/top_level.txt
-- Installing: /wolvi/install/camera_sim/local/lib/python3.10/dist-packages/camera_sim-0.0.0-py3.10.egg-info/dependency_links.txt
-- Installing: /wolvi/install/camera_sim/local/lib/python3.10/dist-packages/camera_sim-0.0.0-py3.10.egg-info/SOURCES.txt
-- Installing: /wolvi/install/camera_sim/local/lib/python3.10/dist-packages/camera_sim-0.0.0-py3.10.egg-info/PKG-INFO
-- Up-to-date: /wolvi/install/camera_sim/local/lib/python3.10/dist-packages/camera_sim
-- Up-to-date: /wolvi/install/camera_sim/local/lib/python3.10/dist-packages/camera_sim/__init__.py
Listing '/wolvi/install/camera_sim/local/lib/python3.10/dist-packages/camera_sim'...
-- Up-to-date: /wolvi/install/camera_sim/lib/camera_sim/sim_video.py
-- Up-to-date: /wolvi/install/camera_sim/lib/camera_sim/cam_info_node.py
-- Up-to-date: /wolvi/install/camera_sim/lib/camera_sim/sim_photo.py
-- Up-to-date: /wolvi/install/camera_sim/share/ament_index/resource_index/package_run_dependencies/camera_sim
-- Up-to-date: /wolvi/install/camera_sim/share/ament_index/resource_index/parent_prefix_path/camera_sim
-- Up-to-date: /wolvi/install/camera_sim/share/camera_sim/environment/ament_prefix_path.sh
-- Up-to-date: /wolvi/install/camera_sim/share/camera_sim/environment/ament_prefix_path.dsv
-- Up-to-date: /wolvi/install/camera_sim/share/camera_sim/environment/path.sh
-- Up-to-date: /wolvi/install/camera_sim/share/camera_sim/environment/path.dsv
-- Up-to-date: /wolvi/install/camera_sim/share/camera_sim/local_setup.bash
-- Up-to-date: /wolvi/install/camera_sim/share/camera_sim/local_setup.sh
-- Up-to-date: /wolvi/install/camera_sim/share/camera_sim/local_setup.zsh
-- Up-to-date: /wolvi/install/camera_sim/share/camera_sim/local_setup.dsv
-- Up-to-date: /wolvi/install/camera_sim/share/camera_sim/package.dsv
-- Up-to-date: /wolvi/install/camera_sim/share/ament_index/resource_index/packages/camera_sim
-- Up-to-date: /wolvi/install/camera_sim/share/camera_sim/cmake/camera_simConfig.cmake
-- Up-to-date: /wolvi/install/camera_sim/share/camera_sim/cmake/camera_simConfig-version.cmake
-- Up-to-date: /wolvi/install/camera_sim/share/camera_sim/package.xml
