[0.055s] Invoking command in '/wolvi/build/localization': BYOBU_DATE=%Y-%m-%d CMAKE_PREFIX_PATH=${CMAKE_PREFIX_PATH}:/opt/ros/humble /usr/bin/cmake --build /wolvi/build/localization -- -j16 -l16
[0.151s] Built target ament_cmake_python_copy_localization
[0.402s] running egg_info
[0.403s] writing localization.egg-info/PKG-INFO
[0.403s] writing dependency_links to localization.egg-info/dependency_links.txt
[0.403s] writing top-level names to localization.egg-info/top_level.txt
[0.406s] reading manifest file 'localization.egg-info/SOURCES.txt'
[0.407s] writing manifest file 'localization.egg-info/SOURCES.txt'
[0.460s] Built target ament_cmake_python_build_localization_egg
[0.476s] Invoked command in '/wolvi/build/localization' returned '0': BYOBU_DATE=%Y-%m-%d CMAKE_PREFIX_PATH=${CMAKE_PREFIX_PATH}:/opt/ros/humble /usr/bin/cmake --build /wolvi/build/localization -- -j16 -l16
[0.478s] Invoking command in '/wolvi/build/localization': BYOBU_DATE=%Y-%m-%d CMAKE_PREFIX_PATH=${CMAKE_PREFIX_PATH}:/opt/ros/humble /usr/bin/cmake --install /wolvi/build/localization
[0.492s] -- Install configuration: ""
[0.493s] -- Up-to-date: /wolvi/install/localization/share/localization/environment/pythonpath.sh
[0.493s] -- Up-to-date: /wolvi/install/localization/share/localization/environment/pythonpath.dsv
[0.493s] -- Up-to-date: /wolvi/install/localization/local/lib/python3.10/dist-packages/localization-0.0.0-py3.10.egg-info
[0.493s] -- Installing: /wolvi/install/localization/local/lib/python3.10/dist-packages/localization-0.0.0-py3.10.egg-info/top_level.txt
[0.493s] -- Installing: /wolvi/install/localization/local/lib/python3.10/dist-packages/localization-0.0.0-py3.10.egg-info/dependency_links.txt
[0.494s] -- Installing: /wolvi/install/localization/local/lib/python3.10/dist-packages/localization-0.0.0-py3.10.egg-info/SOURCES.txt
[0.494s] -- Installing: /wolvi/install/localization/local/lib/python3.10/dist-packages/localization-0.0.0-py3.10.egg-info/PKG-INFO
[0.494s] -- Up-to-date: /wolvi/install/localization/local/lib/python3.10/dist-packages/localization
[0.494s] -- Up-to-date: /wolvi/install/localization/local/lib/python3.10/dist-packages/localization/__init__.py
[0.533s] Listing '/wolvi/install/localization/local/lib/python3.10/dist-packages/localization'...
[0.541s] -- Up-to-date: /wolvi/install/localization/share/ament_index/resource_index/package_run_dependencies/localization
[0.541s] -- Up-to-date: /wolvi/install/localization/share/ament_index/resource_index/parent_prefix_path/localization
[0.542s] -- Up-to-date: /wolvi/install/localization/share/localization/environment/ament_prefix_path.sh
[0.542s] -- Up-to-date: /wolvi/install/localization/share/localization/environment/ament_prefix_path.dsv
[0.542s] -- Up-to-date: /wolvi/install/localization/share/localization/environment/path.sh
[0.542s] -- Up-to-date: /wolvi/install/localization/share/localization/environment/path.dsv
[0.542s] -- Up-to-date: /wolvi/install/localization/share/localization/local_setup.bash
[0.543s] -- Up-to-date: /wolvi/install/localization/share/localization/local_setup.sh
[0.543s] -- Up-to-date: /wolvi/install/localization/share/localization/local_setup.zsh
[0.543s] -- Up-to-date: /wolvi/install/localization/share/localization/local_setup.dsv
[0.544s] -- Installing: /wolvi/install/localization/share/localization/package.dsv
[0.544s] -- Up-to-date: /wolvi/install/localization/share/ament_index/resource_index/packages/localization
[0.544s] -- Up-to-date: /wolvi/install/localization/share/localization/cmake/localizationConfig.cmake
[0.544s] -- Up-to-date: /wolvi/install/localization/share/localization/cmake/localizationConfig-version.cmake
[0.544s] -- Up-to-date: /wolvi/install/localization/share/localization/package.xml
[0.549s] Invoked command in '/wolvi/build/localization' returned '0': BYOBU_DATE=%Y-%m-%d CMAKE_PREFIX_PATH=${CMAKE_PREFIX_PATH}:/opt/ros/humble /usr/bin/cmake --install /wolvi/build/localization
