[0.025s] Invoking command in '/wolvi/build/utils': BYOBU_DATE=%Y-%m-%d CMAKE_PREFIX_PATH=${CMAKE_PREFIX_PATH}:/opt/ros/humble /usr/bin/cmake --build /wolvi/build/utils -- -j16 -l16
[0.111s] Invoked command in '/wolvi/build/utils' returned '0': BYOBU_DATE=%Y-%m-%d CMAKE_PREFIX_PATH=${CMAKE_PREFIX_PATH}:/opt/ros/humble /usr/bin/cmake --build /wolvi/build/utils -- -j16 -l16
[0.129s] Invoking command in '/wolvi/build/utils': BYOBU_DATE=%Y-%m-%d CMAKE_PREFIX_PATH=${CMAKE_PREFIX_PATH}:/opt/ros/humble /usr/bin/cmake --install /wolvi/build/utils
[0.141s] -- Install configuration: ""
[0.141s] -- Up-to-date: /wolvi/install/utils/lib/python3.X/site-packages
[0.141s] -- Up-to-date: /wolvi/install/utils/lib/python3.X/site-packages/__init__.py
[0.142s] -- Up-to-date: /wolvi/install/utils/share/ament_index/resource_index/package_run_dependencies/utils
[0.142s] -- Up-to-date: /wolvi/install/utils/share/ament_index/resource_index/parent_prefix_path/utils
[0.142s] -- Up-to-date: /wolvi/install/utils/share/utils/environment/ament_prefix_path.sh
[0.142s] -- Up-to-date: /wolvi/install/utils/share/utils/environment/ament_prefix_path.dsv
[0.142s] -- Up-to-date: /wolvi/install/utils/share/utils/environment/path.sh
[0.143s] -- Up-to-date: /wolvi/install/utils/share/utils/environment/path.dsv
[0.143s] -- Up-to-date: /wolvi/install/utils/share/utils/local_setup.bash
[0.143s] -- Up-to-date: /wolvi/install/utils/share/utils/local_setup.sh
[0.143s] -- Up-to-date: /wolvi/install/utils/share/utils/local_setup.zsh
[0.143s] -- Up-to-date: /wolvi/install/utils/share/utils/local_setup.dsv
[0.143s] -- Installing: /wolvi/install/utils/share/utils/package.dsv
[0.143s] -- Up-to-date: /wolvi/install/utils/share/ament_index/resource_index/packages/utils
[0.144s] -- Up-to-date: /wolvi/install/utils/share/utils/cmake/utilsConfig.cmake
[0.144s] -- Up-to-date: /wolvi/install/utils/share/utils/cmake/utilsConfig-version.cmake
[0.144s] -- Up-to-date: /wolvi/install/utils/share/utils/package.xml
[0.146s] Invoked command in '/wolvi/build/utils' returned '0': BYOBU_DATE=%Y-%m-%d CMAKE_PREFIX_PATH=${CMAKE_PREFIX_PATH}:/opt/ros/humble /usr/bin/cmake --install /wolvi/build/utils
