[0.014s] Invoking command in '/wolvi/build/controller': CMAKE_PREFIX_PATH=/wolvi/install/utils:/wolvi/install/controller:/wolvi/install/robot_bringup:/wolvi/install/localization:/opt/ros/humble /usr/bin/cmake --build /wolvi/build/controller -- -j16 -l16
[0.112s] Built target ament_cmake_python_copy_controller
[0.349s] running egg_info
[0.349s] writing controller.egg-info/PKG-INFO
[0.350s] writing dependency_links to controller.egg-info/dependency_links.txt
[0.350s] writing top-level names to controller.egg-info/top_level.txt
[0.352s] reading manifest file 'controller.egg-info/SOURCES.txt'
[0.352s] writing manifest file 'controller.egg-info/SOURCES.txt'
[0.395s] Built target ament_cmake_python_build_controller_egg
[0.416s] Invoked command in '/wolvi/build/controller' returned '0': CMAKE_PREFIX_PATH=/wolvi/install/utils:/wolvi/install/controller:/wolvi/install/robot_bringup:/wolvi/install/localization:/opt/ros/humble /usr/bin/cmake --build /wolvi/build/controller -- -j16 -l16
[0.419s] Invoking command in '/wolvi/build/controller': CMAKE_PREFIX_PATH=/wolvi/install/utils:/wolvi/install/controller:/wolvi/install/robot_bringup:/wolvi/install/localization:/opt/ros/humble /usr/bin/cmake --install /wolvi/build/controller
[0.434s] -- Install configuration: ""
[0.434s] -- Up-to-date: /wolvi/install/controller/share/controller/environment/pythonpath.sh
[0.435s] -- Up-to-date: /wolvi/install/controller/share/controller/environment/pythonpath.dsv
[0.435s] -- Up-to-date: /wolvi/install/controller/local/lib/python3.10/dist-packages/controller-0.0.0-py3.10.egg-info
[0.435s] -- Installing: /wolvi/install/controller/local/lib/python3.10/dist-packages/controller-0.0.0-py3.10.egg-info/top_level.txt
[0.436s] -- Installing: /wolvi/install/controller/local/lib/python3.10/dist-packages/controller-0.0.0-py3.10.egg-info/dependency_links.txt
[0.436s] -- Installing: /wolvi/install/controller/local/lib/python3.10/dist-packages/controller-0.0.0-py3.10.egg-info/SOURCES.txt
[0.436s] -- Installing: /wolvi/install/controller/local/lib/python3.10/dist-packages/controller-0.0.0-py3.10.egg-info/PKG-INFO
[0.436s] -- Up-to-date: /wolvi/install/controller/local/lib/python3.10/dist-packages/controller
[0.437s] -- Up-to-date: /wolvi/install/controller/local/lib/python3.10/dist-packages/controller/__init__.py
[0.481s] Listing '/wolvi/install/controller/local/lib/python3.10/dist-packages/controller'...
[0.489s] -- Installing: /wolvi/install/controller/lib/controller/controller_node.py
[0.490s] -- Installing: /wolvi/install/controller/lib/controller/first_driver.py
[0.490s] -- Installing: /wolvi/install/controller/lib/controller/differential_drive.py
[0.491s] -- Up-to-date: /wolvi/install/controller/lib/controller/serial_communication.py
[0.491s] -- Up-to-date: /wolvi/install/controller/share/ament_index/resource_index/package_run_dependencies/controller
[0.491s] -- Up-to-date: /wolvi/install/controller/share/ament_index/resource_index/parent_prefix_path/controller
[0.491s] -- Up-to-date: /wolvi/install/controller/share/controller/environment/ament_prefix_path.sh
[0.491s] -- Up-to-date: /wolvi/install/controller/share/controller/environment/ament_prefix_path.dsv
[0.491s] -- Up-to-date: /wolvi/install/controller/share/controller/environment/path.sh
[0.492s] -- Up-to-date: /wolvi/install/controller/share/controller/environment/path.dsv
[0.492s] -- Up-to-date: /wolvi/install/controller/share/controller/local_setup.bash
[0.492s] -- Up-to-date: /wolvi/install/controller/share/controller/local_setup.sh
[0.492s] -- Up-to-date: /wolvi/install/controller/share/controller/local_setup.zsh
[0.492s] -- Up-to-date: /wolvi/install/controller/share/controller/local_setup.dsv
[0.492s] -- Installing: /wolvi/install/controller/share/controller/package.dsv
[0.492s] -- Up-to-date: /wolvi/install/controller/share/ament_index/resource_index/packages/controller
[0.493s] -- Up-to-date: /wolvi/install/controller/share/controller/cmake/controllerConfig.cmake
[0.493s] -- Up-to-date: /wolvi/install/controller/share/controller/cmake/controllerConfig-version.cmake
[0.493s] -- Up-to-date: /wolvi/install/controller/share/controller/package.xml
[0.498s] Invoked command in '/wolvi/build/controller' returned '0': CMAKE_PREFIX_PATH=/wolvi/install/utils:/wolvi/install/controller:/wolvi/install/robot_bringup:/wolvi/install/localization:/opt/ros/humble /usr/bin/cmake --install /wolvi/build/controller
