[0.099s] DEBUG:colcon:Command line arguments: ['/usr/bin/colcon', 'build']
[0.099s] DEBUG:colcon:Parsed command line arguments: Namespace(log_base=None, log_level=None, verb_name='build', build_base='build', install_base='install', merge_install=False, symlink_install=False, test_result_base=None, continue_on_error=False, executor='parallel', parallel_workers=16, event_handlers=None, ignore_user_meta=False, metas=['./colcon.meta'], base_paths=['.'], packages_ignore=None, packages_ignore_regex=None, paths=None, packages_up_to=None, packages_up_to_regex=None, packages_above=None, packages_above_and_dependencies=None, packages_above_depth=None, packages_select_by_dep=None, packages_skip_by_dep=None, packages_skip_up_to=None, packages_select_build_failed=False, packages_skip_build_finished=False, packages_select_test_failures=False, packages_skip_test_passed=False, packages_select=None, packages_skip=None, packages_select_regex=None, packages_skip_regex=None, packages_start=None, packages_end=None, cmake_args=None, cmake_target=None, cmake_target_skip_unavailable=False, cmake_clean_cache=False, cmake_clean_first=False, cmake_force_configure=False, ament_cmake_args=None, catkin_cmake_args=None, catkin_skip_building_tests=False, mixin_files=None, mixin=None, verb_parser=<colcon_mixin.mixin.mixin_argument.MixinArgumentDecorator object at 0x7fbfefd50340>, verb_extension=<colcon_core.verb.build.BuildVerb object at 0x7fbfefd27d00>, main=<bound method BuildVerb.main of <colcon_core.verb.build.BuildVerb object at 0x7fbfefd27d00>>, mixin_verb=('build',))
[0.223s] Level 1:colcon.colcon_core.package_discovery:discover_packages(colcon_meta) check parameters
[0.223s] INFO:colcon.colcon_metadata.package_discovery.colcon_meta:Using configuration from '/root/.colcon/metadata/default/Gazebo.meta'
[0.224s] INFO:colcon.colcon_metadata.package_discovery.colcon_meta:Using configuration from '/root/.colcon/metadata/default/fastdds.meta'
[0.224s] INFO:colcon.colcon_metadata.package_discovery.colcon_meta:Using configuration from '/root/.colcon/metadata/default/fastrtps.meta'
[0.224s] Level 1:colcon.colcon_core.package_discovery:discover_packages(recursive) check parameters
[0.224s] Level 1:colcon.colcon_core.package_discovery:discover_packages(ignore) check parameters
[0.224s] Level 1:colcon.colcon_core.package_discovery:discover_packages(path) check parameters
[0.224s] Level 1:colcon.colcon_core.package_discovery:discover_packages(colcon_meta) discover
[0.224s] Level 1:colcon.colcon_core.package_discovery:discover_packages(recursive) discover
[0.224s] INFO:colcon.colcon_core.package_discovery:Crawling recursively for packages in '/wolvi'
[0.224s] Level 1:colcon.colcon_core.package_identification:_identify(.) by extensions ['ignore', 'ignore_ament_install']
[0.224s] Level 1:colcon.colcon_core.package_identification:_identify(.) by extension 'ignore'
[0.224s] Level 1:colcon.colcon_core.package_identification:_identify(.) by extension 'ignore_ament_install'
[0.224s] Level 1:colcon.colcon_core.package_identification:_identify(.) by extensions ['colcon_pkg']
[0.224s] Level 1:colcon.colcon_core.package_identification:_identify(.) by extension 'colcon_pkg'
[0.224s] Level 1:colcon.colcon_core.package_identification:_identify(.) by extensions ['colcon_meta']
[0.224s] Level 1:colcon.colcon_core.package_identification:_identify(.) by extension 'colcon_meta'
[0.224s] Level 1:colcon.colcon_core.package_identification:_identify(.) by extensions ['ros']
[0.224s] Level 1:colcon.colcon_core.package_identification:_identify(.) by extension 'ros'
[0.234s] Level 1:colcon.colcon_core.package_identification:_identify(.) by extensions ['cmake', 'python']
[0.234s] Level 1:colcon.colcon_core.package_identification:_identify(.) by extension 'cmake'
[0.234s] Level 1:colcon.colcon_core.package_identification:_identify(.) by extension 'python'
[0.234s] Level 1:colcon.colcon_core.package_identification:_identify(.) by extensions ['python_setup_py']
[0.234s] Level 1:colcon.colcon_core.package_identification:_identify(.) by extension 'python_setup_py'
[0.234s] Level 1:colcon.colcon_core.package_identification:_identify(build) by extensions ['ignore', 'ignore_ament_install']
[0.234s] Level 1:colcon.colcon_core.package_identification:_identify(build) by extension 'ignore'
[0.234s] Level 1:colcon.colcon_core.package_identification:_identify(build) ignored
[0.234s] Level 1:colcon.colcon_core.package_identification:_identify(install) by extensions ['ignore', 'ignore_ament_install']
[0.234s] Level 1:colcon.colcon_core.package_identification:_identify(install) by extension 'ignore'
[0.234s] Level 1:colcon.colcon_core.package_identification:_identify(install) ignored
[0.235s] Level 1:colcon.colcon_core.package_identification:_identify(log) by extensions ['ignore', 'ignore_ament_install']
[0.235s] Level 1:colcon.colcon_core.package_identification:_identify(log) by extension 'ignore'
[0.235s] Level 1:colcon.colcon_core.package_identification:_identify(log) ignored
[0.235s] Level 1:colcon.colcon_core.package_identification:_identify(src) by extensions ['ignore', 'ignore_ament_install']
[0.235s] Level 1:colcon.colcon_core.package_identification:_identify(src) by extension 'ignore'
[0.235s] Level 1:colcon.colcon_core.package_identification:_identify(src) by extension 'ignore_ament_install'
[0.235s] Level 1:colcon.colcon_core.package_identification:_identify(src) by extensions ['colcon_pkg']
[0.235s] Level 1:colcon.colcon_core.package_identification:_identify(src) by extension 'colcon_pkg'
[0.235s] Level 1:colcon.colcon_core.package_identification:_identify(src) by extensions ['colcon_meta']
[0.235s] Level 1:colcon.colcon_core.package_identification:_identify(src) by extension 'colcon_meta'
[0.235s] Level 1:colcon.colcon_core.package_identification:_identify(src) by extensions ['ros']
[0.235s] Level 1:colcon.colcon_core.package_identification:_identify(src) by extension 'ros'
[0.235s] Level 1:colcon.colcon_core.package_identification:_identify(src) by extensions ['cmake', 'python']
[0.235s] Level 1:colcon.colcon_core.package_identification:_identify(src) by extension 'cmake'
[0.235s] Level 1:colcon.colcon_core.package_identification:_identify(src) by extension 'python'
[0.235s] Level 1:colcon.colcon_core.package_identification:_identify(src) by extensions ['python_setup_py']
[0.235s] Level 1:colcon.colcon_core.package_identification:_identify(src) by extension 'python_setup_py'
[0.235s] Level 1:colcon.colcon_core.package_identification:_identify(src/computing_zone) by extensions ['ignore', 'ignore_ament_install']
[0.235s] Level 1:colcon.colcon_core.package_identification:_identify(src/computing_zone) by extension 'ignore'
[0.235s] Level 1:colcon.colcon_core.package_identification:_identify(src/computing_zone) by extension 'ignore_ament_install'
[0.235s] Level 1:colcon.colcon_core.package_identification:_identify(src/computing_zone) by extensions ['colcon_pkg']
[0.236s] Level 1:colcon.colcon_core.package_identification:_identify(src/computing_zone) by extension 'colcon_pkg'
[0.236s] Level 1:colcon.colcon_core.package_identification:_identify(src/computing_zone) by extensions ['colcon_meta']
[0.236s] Level 1:colcon.colcon_core.package_identification:_identify(src/computing_zone) by extension 'colcon_meta'
[0.236s] Level 1:colcon.colcon_core.package_identification:_identify(src/computing_zone) by extensions ['ros']
[0.236s] Level 1:colcon.colcon_core.package_identification:_identify(src/computing_zone) by extension 'ros'
[0.236s] Level 1:colcon.colcon_core.package_identification:_identify(src/computing_zone) by extensions ['cmake', 'python']
[0.236s] Level 1:colcon.colcon_core.package_identification:_identify(src/computing_zone) by extension 'cmake'
[0.236s] Level 1:colcon.colcon_core.package_identification:_identify(src/computing_zone) by extension 'python'
[0.236s] Level 1:colcon.colcon_core.package_identification:_identify(src/computing_zone) by extensions ['python_setup_py']
[0.236s] Level 1:colcon.colcon_core.package_identification:_identify(src/computing_zone) by extension 'python_setup_py'
[0.236s] Level 1:colcon.colcon_core.package_identification:_identify(src/computing_zone/aruco_detection) by extensions ['ignore', 'ignore_ament_install']
[0.236s] Level 1:colcon.colcon_core.package_identification:_identify(src/computing_zone/aruco_detection) by extension 'ignore'
[0.236s] Level 1:colcon.colcon_core.package_identification:_identify(src/computing_zone/aruco_detection) by extension 'ignore_ament_install'
[0.236s] Level 1:colcon.colcon_core.package_identification:_identify(src/computing_zone/aruco_detection) by extensions ['colcon_pkg']
[0.236s] Level 1:colcon.colcon_core.package_identification:_identify(src/computing_zone/aruco_detection) by extension 'colcon_pkg'
[0.236s] Level 1:colcon.colcon_core.package_identification:_identify(src/computing_zone/aruco_detection) by extensions ['colcon_meta']
[0.236s] Level 1:colcon.colcon_core.package_identification:_identify(src/computing_zone/aruco_detection) by extension 'colcon_meta'
[0.236s] Level 1:colcon.colcon_core.package_identification:_identify(src/computing_zone/aruco_detection) by extensions ['ros']
[0.236s] Level 1:colcon.colcon_core.package_identification:_identify(src/computing_zone/aruco_detection) by extension 'ros'
[0.236s] Level 1:colcon.colcon_core.package_identification:_identify(src/computing_zone/aruco_detection) by extensions ['cmake', 'python']
[0.236s] Level 1:colcon.colcon_core.package_identification:_identify(src/computing_zone/aruco_detection) by extension 'cmake'
[0.239s] Level 1:colcon.colcon_core.package_identification:_identify(src/computing_zone/aruco_detection) by extension 'python'
[0.239s] DEBUG:colcon.colcon_core.package_identification:Package 'src/computing_zone/aruco_detection' with type 'cmake' and name 'aruco_detection'
[0.239s] Level 1:colcon.colcon_core.package_identification:_identify(src/controller) by extensions ['ignore', 'ignore_ament_install']
[0.239s] Level 1:colcon.colcon_core.package_identification:_identify(src/controller) by extension 'ignore'
[0.239s] Level 1:colcon.colcon_core.package_identification:_identify(src/controller) by extension 'ignore_ament_install'
[0.239s] Level 1:colcon.colcon_core.package_identification:_identify(src/controller) by extensions ['colcon_pkg']
[0.239s] Level 1:colcon.colcon_core.package_identification:_identify(src/controller) by extension 'colcon_pkg'
[0.239s] Level 1:colcon.colcon_core.package_identification:_identify(src/controller) by extensions ['colcon_meta']
[0.239s] Level 1:colcon.colcon_core.package_identification:_identify(src/controller) by extension 'colcon_meta'
[0.239s] Level 1:colcon.colcon_core.package_identification:_identify(src/controller) by extensions ['ros']
[0.239s] Level 1:colcon.colcon_core.package_identification:_identify(src/controller) by extension 'ros'
[0.241s] DEBUG:colcon.colcon_core.package_identification:Package 'src/controller' with type 'ros.ament_cmake' and name 'controller'
[0.241s] Level 1:colcon.colcon_core.package_identification:_identify(src/gazebo) by extensions ['ignore', 'ignore_ament_install']
[0.242s] Level 1:colcon.colcon_core.package_identification:_identify(src/gazebo) by extension 'ignore'
[0.242s] Level 1:colcon.colcon_core.package_identification:_identify(src/gazebo) by extension 'ignore_ament_install'
[0.242s] Level 1:colcon.colcon_core.package_identification:_identify(src/gazebo) by extensions ['colcon_pkg']
[0.242s] Level 1:colcon.colcon_core.package_identification:_identify(src/gazebo) by extension 'colcon_pkg'
[0.242s] Level 1:colcon.colcon_core.package_identification:_identify(src/gazebo) by extensions ['colcon_meta']
[0.242s] Level 1:colcon.colcon_core.package_identification:_identify(src/gazebo) by extension 'colcon_meta'
[0.242s] Level 1:colcon.colcon_core.package_identification:_identify(src/gazebo) by extensions ['ros']
[0.242s] Level 1:colcon.colcon_core.package_identification:_identify(src/gazebo) by extension 'ros'
[0.242s] Level 1:colcon.colcon_core.package_identification:_identify(src/gazebo) by extensions ['cmake', 'python']
[0.242s] Level 1:colcon.colcon_core.package_identification:_identify(src/gazebo) by extension 'cmake'
[0.242s] Level 1:colcon.colcon_core.package_identification:_identify(src/gazebo) by extension 'python'
[0.242s] Level 1:colcon.colcon_core.package_identification:_identify(src/gazebo) by extensions ['python_setup_py']
[0.242s] Level 1:colcon.colcon_core.package_identification:_identify(src/gazebo) by extension 'python_setup_py'
[0.242s] Level 1:colcon.colcon_core.package_identification:_identify(src/gazebo/robot_bringup) by extensions ['ignore', 'ignore_ament_install']
[0.242s] Level 1:colcon.colcon_core.package_identification:_identify(src/gazebo/robot_bringup) by extension 'ignore'
[0.242s] Level 1:colcon.colcon_core.package_identification:_identify(src/gazebo/robot_bringup) by extension 'ignore_ament_install'
[0.242s] Level 1:colcon.colcon_core.package_identification:_identify(src/gazebo/robot_bringup) by extensions ['colcon_pkg']
[0.242s] Level 1:colcon.colcon_core.package_identification:_identify(src/gazebo/robot_bringup) by extension 'colcon_pkg'
[0.242s] Level 1:colcon.colcon_core.package_identification:_identify(src/gazebo/robot_bringup) by extensions ['colcon_meta']
[0.242s] Level 1:colcon.colcon_core.package_identification:_identify(src/gazebo/robot_bringup) by extension 'colcon_meta'
[0.242s] Level 1:colcon.colcon_core.package_identification:_identify(src/gazebo/robot_bringup) by extensions ['ros']
[0.242s] Level 1:colcon.colcon_core.package_identification:_identify(src/gazebo/robot_bringup) by extension 'ros'
[0.243s] DEBUG:colcon.colcon_core.package_identification:Package 'src/gazebo/robot_bringup' with type 'ros.ament_cmake' and name 'robot_bringup'
[0.243s] Level 1:colcon.colcon_core.package_identification:_identify(src/localization) by extensions ['ignore', 'ignore_ament_install']
[0.243s] Level 1:colcon.colcon_core.package_identification:_identify(src/localization) by extension 'ignore'
[0.243s] Level 1:colcon.colcon_core.package_identification:_identify(src/localization) by extension 'ignore_ament_install'
[0.243s] Level 1:colcon.colcon_core.package_identification:_identify(src/localization) by extensions ['colcon_pkg']
[0.243s] Level 1:colcon.colcon_core.package_identification:_identify(src/localization) by extension 'colcon_pkg'
[0.243s] Level 1:colcon.colcon_core.package_identification:_identify(src/localization) by extensions ['colcon_meta']
[0.243s] Level 1:colcon.colcon_core.package_identification:_identify(src/localization) by extension 'colcon_meta'
[0.243s] Level 1:colcon.colcon_core.package_identification:_identify(src/localization) by extensions ['ros']
[0.243s] Level 1:colcon.colcon_core.package_identification:_identify(src/localization) by extension 'ros'
[0.244s] DEBUG:colcon.colcon_core.package_identification:Package 'src/localization' with type 'ros.ament_cmake' and name 'localization'
[0.244s] Level 1:colcon.colcon_core.package_identification:_identify(src/navigation) by extensions ['ignore', 'ignore_ament_install']
[0.244s] Level 1:colcon.colcon_core.package_identification:_identify(src/navigation) by extension 'ignore'
[0.244s] Level 1:colcon.colcon_core.package_identification:_identify(src/navigation) by extension 'ignore_ament_install'
[0.244s] Level 1:colcon.colcon_core.package_identification:_identify(src/navigation) by extensions ['colcon_pkg']
[0.244s] Level 1:colcon.colcon_core.package_identification:_identify(src/navigation) by extension 'colcon_pkg'
[0.244s] Level 1:colcon.colcon_core.package_identification:_identify(src/navigation) by extensions ['colcon_meta']
[0.244s] Level 1:colcon.colcon_core.package_identification:_identify(src/navigation) by extension 'colcon_meta'
[0.244s] Level 1:colcon.colcon_core.package_identification:_identify(src/navigation) by extensions ['ros']
[0.244s] Level 1:colcon.colcon_core.package_identification:_identify(src/navigation) by extension 'ros'
[0.245s] DEBUG:colcon.colcon_core.package_identification:Package 'src/navigation' with type 'ros.ament_cmake' and name 'navigation'
[0.245s] Level 1:colcon.colcon_core.package_identification:_identify(src/utils) by extensions ['ignore', 'ignore_ament_install']
[0.245s] Level 1:colcon.colcon_core.package_identification:_identify(src/utils) by extension 'ignore'
[0.245s] Level 1:colcon.colcon_core.package_identification:_identify(src/utils) by extension 'ignore_ament_install'
[0.245s] Level 1:colcon.colcon_core.package_identification:_identify(src/utils) by extensions ['colcon_pkg']
[0.245s] Level 1:colcon.colcon_core.package_identification:_identify(src/utils) by extension 'colcon_pkg'
[0.245s] Level 1:colcon.colcon_core.package_identification:_identify(src/utils) by extensions ['colcon_meta']
[0.245s] Level 1:colcon.colcon_core.package_identification:_identify(src/utils) by extension 'colcon_meta'
[0.245s] Level 1:colcon.colcon_core.package_identification:_identify(src/utils) by extensions ['ros']
[0.245s] Level 1:colcon.colcon_core.package_identification:_identify(src/utils) by extension 'ros'
[0.245s] DEBUG:colcon.colcon_core.package_identification:Package 'src/utils' with type 'ros.ament_cmake' and name 'utils'
[0.245s] Level 1:colcon.colcon_core.package_discovery:discover_packages(recursive) using defaults
[0.245s] Level 1:colcon.colcon_core.package_discovery:discover_packages(ignore) discover
[0.246s] Level 1:colcon.colcon_core.package_discovery:discover_packages(ignore) using defaults
[0.246s] Level 1:colcon.colcon_core.package_discovery:discover_packages(path) discover
[0.246s] Level 1:colcon.colcon_core.package_discovery:discover_packages(path) using defaults
[0.263s] Level 5:colcon.colcon_core.verb:set package 'aruco_detection' build argument 'cmake_args' from command line to 'None'
[0.263s] Level 5:colcon.colcon_core.verb:set package 'aruco_detection' build argument 'cmake_target' from command line to 'None'
[0.263s] Level 5:colcon.colcon_core.verb:set package 'aruco_detection' build argument 'cmake_target_skip_unavailable' from command line to 'False'
[0.263s] Level 5:colcon.colcon_core.verb:set package 'aruco_detection' build argument 'cmake_clean_cache' from command line to 'False'
[0.263s] Level 5:colcon.colcon_core.verb:set package 'aruco_detection' build argument 'cmake_clean_first' from command line to 'False'
[0.263s] Level 5:colcon.colcon_core.verb:set package 'aruco_detection' build argument 'cmake_force_configure' from command line to 'False'
[0.263s] Level 5:colcon.colcon_core.verb:set package 'aruco_detection' build argument 'ament_cmake_args' from command line to 'None'
[0.263s] Level 5:colcon.colcon_core.verb:set package 'aruco_detection' build argument 'catkin_cmake_args' from command line to 'None'
[0.263s] Level 5:colcon.colcon_core.verb:set package 'aruco_detection' build argument 'catkin_skip_building_tests' from command line to 'False'
[0.263s] DEBUG:colcon.colcon_core.verb:Building package 'aruco_detection' with the following arguments: {'ament_cmake_args': None, 'build_base': '/wolvi/build/aruco_detection', 'catkin_cmake_args': None, 'catkin_skip_building_tests': False, 'cmake_args': None, 'cmake_clean_cache': False, 'cmake_clean_first': False, 'cmake_force_configure': False, 'cmake_target': None, 'cmake_target_skip_unavailable': False, 'install_base': '/wolvi/install/aruco_detection', 'merge_install': False, 'path': '/wolvi/src/computing_zone/aruco_detection', 'symlink_install': False, 'test_result_base': None}
[0.263s] Level 5:colcon.colcon_core.verb:set package 'localization' build argument 'cmake_args' from command line to 'None'
[0.263s] Level 5:colcon.colcon_core.verb:set package 'localization' build argument 'cmake_target' from command line to 'None'
[0.263s] Level 5:colcon.colcon_core.verb:set package 'localization' build argument 'cmake_target_skip_unavailable' from command line to 'False'
[0.263s] Level 5:colcon.colcon_core.verb:set package 'localization' build argument 'cmake_clean_cache' from command line to 'False'
[0.263s] Level 5:colcon.colcon_core.verb:set package 'localization' build argument 'cmake_clean_first' from command line to 'False'
[0.263s] Level 5:colcon.colcon_core.verb:set package 'localization' build argument 'cmake_force_configure' from command line to 'False'
[0.263s] Level 5:colcon.colcon_core.verb:set package 'localization' build argument 'ament_cmake_args' from command line to 'None'
[0.263s] Level 5:colcon.colcon_core.verb:set package 'localization' build argument 'catkin_cmake_args' from command line to 'None'
[0.263s] Level 5:colcon.colcon_core.verb:set package 'localization' build argument 'catkin_skip_building_tests' from command line to 'False'
[0.263s] DEBUG:colcon.colcon_core.verb:Building package 'localization' with the following arguments: {'ament_cmake_args': None, 'build_base': '/wolvi/build/localization', 'catkin_cmake_args': None, 'catkin_skip_building_tests': False, 'cmake_args': None, 'cmake_clean_cache': False, 'cmake_clean_first': False, 'cmake_force_configure': False, 'cmake_target': None, 'cmake_target_skip_unavailable': False, 'install_base': '/wolvi/install/localization', 'merge_install': False, 'path': '/wolvi/src/localization', 'symlink_install': False, 'test_result_base': None}
[0.264s] Level 5:colcon.colcon_core.verb:set package 'navigation' build argument 'cmake_args' from command line to 'None'
[0.264s] Level 5:colcon.colcon_core.verb:set package 'navigation' build argument 'cmake_target' from command line to 'None'
[0.264s] Level 5:colcon.colcon_core.verb:set package 'navigation' build argument 'cmake_target_skip_unavailable' from command line to 'False'
[0.264s] Level 5:colcon.colcon_core.verb:set package 'navigation' build argument 'cmake_clean_cache' from command line to 'False'
[0.264s] Level 5:colcon.colcon_core.verb:set package 'navigation' build argument 'cmake_clean_first' from command line to 'False'
[0.264s] Level 5:colcon.colcon_core.verb:set package 'navigation' build argument 'cmake_force_configure' from command line to 'False'
[0.264s] Level 5:colcon.colcon_core.verb:set package 'navigation' build argument 'ament_cmake_args' from command line to 'None'
[0.264s] Level 5:colcon.colcon_core.verb:set package 'navigation' build argument 'catkin_cmake_args' from command line to 'None'
[0.264s] Level 5:colcon.colcon_core.verb:set package 'navigation' build argument 'catkin_skip_building_tests' from command line to 'False'
[0.264s] DEBUG:colcon.colcon_core.verb:Building package 'navigation' with the following arguments: {'ament_cmake_args': None, 'build_base': '/wolvi/build/navigation', 'catkin_cmake_args': None, 'catkin_skip_building_tests': False, 'cmake_args': None, 'cmake_clean_cache': False, 'cmake_clean_first': False, 'cmake_force_configure': False, 'cmake_target': None, 'cmake_target_skip_unavailable': False, 'install_base': '/wolvi/install/navigation', 'merge_install': False, 'path': '/wolvi/src/navigation', 'symlink_install': False, 'test_result_base': None}
[0.264s] Level 5:colcon.colcon_core.verb:set package 'robot_bringup' build argument 'cmake_args' from command line to 'None'
[0.264s] Level 5:colcon.colcon_core.verb:set package 'robot_bringup' build argument 'cmake_target' from command line to 'None'
[0.264s] Level 5:colcon.colcon_core.verb:set package 'robot_bringup' build argument 'cmake_target_skip_unavailable' from command line to 'False'
[0.264s] Level 5:colcon.colcon_core.verb:set package 'robot_bringup' build argument 'cmake_clean_cache' from command line to 'False'
[0.264s] Level 5:colcon.colcon_core.verb:set package 'robot_bringup' build argument 'cmake_clean_first' from command line to 'False'
[0.264s] Level 5:colcon.colcon_core.verb:set package 'robot_bringup' build argument 'cmake_force_configure' from command line to 'False'
[0.264s] Level 5:colcon.colcon_core.verb:set package 'robot_bringup' build argument 'ament_cmake_args' from command line to 'None'
[0.264s] Level 5:colcon.colcon_core.verb:set package 'robot_bringup' build argument 'catkin_cmake_args' from command line to 'None'
[0.264s] Level 5:colcon.colcon_core.verb:set package 'robot_bringup' build argument 'catkin_skip_building_tests' from command line to 'False'
[0.264s] DEBUG:colcon.colcon_core.verb:Building package 'robot_bringup' with the following arguments: {'ament_cmake_args': None, 'build_base': '/wolvi/build/robot_bringup', 'catkin_cmake_args': None, 'catkin_skip_building_tests': False, 'cmake_args': None, 'cmake_clean_cache': False, 'cmake_clean_first': False, 'cmake_force_configure': False, 'cmake_target': None, 'cmake_target_skip_unavailable': False, 'install_base': '/wolvi/install/robot_bringup', 'merge_install': False, 'path': '/wolvi/src/gazebo/robot_bringup', 'symlink_install': False, 'test_result_base': None}
[0.264s] Level 5:colcon.colcon_core.verb:set package 'utils' build argument 'cmake_args' from command line to 'None'
[0.264s] Level 5:colcon.colcon_core.verb:set package 'utils' build argument 'cmake_target' from command line to 'None'
[0.264s] Level 5:colcon.colcon_core.verb:set package 'utils' build argument 'cmake_target_skip_unavailable' from command line to 'False'
[0.264s] Level 5:colcon.colcon_core.verb:set package 'utils' build argument 'cmake_clean_cache' from command line to 'False'
[0.264s] Level 5:colcon.colcon_core.verb:set package 'utils' build argument 'cmake_clean_first' from command line to 'False'
[0.264s] Level 5:colcon.colcon_core.verb:set package 'utils' build argument 'cmake_force_configure' from command line to 'False'
[0.264s] Level 5:colcon.colcon_core.verb:set package 'utils' build argument 'ament_cmake_args' from command line to 'None'
[0.265s] Level 5:colcon.colcon_core.verb:set package 'utils' build argument 'catkin_cmake_args' from command line to 'None'
[0.265s] Level 5:colcon.colcon_core.verb:set package 'utils' build argument 'catkin_skip_building_tests' from command line to 'False'
[0.265s] DEBUG:colcon.colcon_core.verb:Building package 'utils' with the following arguments: {'ament_cmake_args': None, 'build_base': '/wolvi/build/utils', 'catkin_cmake_args': None, 'catkin_skip_building_tests': False, 'cmake_args': None, 'cmake_clean_cache': False, 'cmake_clean_first': False, 'cmake_force_configure': False, 'cmake_target': None, 'cmake_target_skip_unavailable': False, 'install_base': '/wolvi/install/utils', 'merge_install': False, 'path': '/wolvi/src/utils', 'symlink_install': False, 'test_result_base': None}
[0.265s] Level 5:colcon.colcon_core.verb:set package 'controller' build argument 'cmake_args' from command line to 'None'
[0.265s] Level 5:colcon.colcon_core.verb:set package 'controller' build argument 'cmake_target' from command line to 'None'
[0.265s] Level 5:colcon.colcon_core.verb:set package 'controller' build argument 'cmake_target_skip_unavailable' from command line to 'False'
[0.265s] Level 5:colcon.colcon_core.verb:set package 'controller' build argument 'cmake_clean_cache' from command line to 'False'
[0.265s] Level 5:colcon.colcon_core.verb:set package 'controller' build argument 'cmake_clean_first' from command line to 'False'
[0.265s] Level 5:colcon.colcon_core.verb:set package 'controller' build argument 'cmake_force_configure' from command line to 'False'
[0.265s] Level 5:colcon.colcon_core.verb:set package 'controller' build argument 'ament_cmake_args' from command line to 'None'
[0.265s] Level 5:colcon.colcon_core.verb:set package 'controller' build argument 'catkin_cmake_args' from command line to 'None'
[0.265s] Level 5:colcon.colcon_core.verb:set package 'controller' build argument 'catkin_skip_building_tests' from command line to 'False'
[0.265s] DEBUG:colcon.colcon_core.verb:Building package 'controller' with the following arguments: {'ament_cmake_args': None, 'build_base': '/wolvi/build/controller', 'catkin_cmake_args': None, 'catkin_skip_building_tests': False, 'cmake_args': None, 'cmake_clean_cache': False, 'cmake_clean_first': False, 'cmake_force_configure': False, 'cmake_target': None, 'cmake_target_skip_unavailable': False, 'install_base': '/wolvi/install/controller', 'merge_install': False, 'path': '/wolvi/src/controller', 'symlink_install': False, 'test_result_base': None}
[0.265s] INFO:colcon.colcon_core.executor:Executing jobs using 'parallel' executor
[0.266s] DEBUG:colcon.colcon_parallel_executor.executor.parallel:run_until_complete
[0.266s] INFO:colcon.colcon_ros.task.ament_cmake.build:Building ROS package in '/wolvi/src/utils' with build type 'ament_cmake'
[0.267s] INFO:colcon.colcon_cmake.task.cmake.build:Building CMake package in '/wolvi/src/utils'
[0.270s] INFO:colcon.colcon_core.plugin_system:Skipping extension 'colcon_core.shell.bat': Not used on non-Windows systems
[0.270s] INFO:colcon.colcon_core.shell:Skip shell extension 'powershell' for command environment: Not usable outside of PowerShell
[0.270s] DEBUG:colcon.colcon_core.shell:Skip shell extension 'dsv' for command environment
[0.275s] INFO:colcon.colcon_cmake.task.cmake.build:Building CMake package in '/wolvi/src/computing_zone/aruco_detection'
[0.276s] INFO:colcon.colcon_core.shell:Skip shell extension 'powershell' for command environment: Not usable outside of PowerShell
[0.276s] DEBUG:colcon.colcon_core.shell:Skip shell extension 'dsv' for command environment
[0.284s] INFO:colcon.colcon_ros.task.ament_cmake.build:Building ROS package in '/wolvi/src/localization' with build type 'ament_cmake'
[0.284s] INFO:colcon.colcon_cmake.task.cmake.build:Building CMake package in '/wolvi/src/localization'
[0.284s] INFO:colcon.colcon_core.shell:Skip shell extension 'powershell' for command environment: Not usable outside of PowerShell
[0.284s] DEBUG:colcon.colcon_core.shell:Skip shell extension 'dsv' for command environment
[0.291s] INFO:colcon.colcon_ros.task.ament_cmake.build:Building ROS package in '/wolvi/src/navigation' with build type 'ament_cmake'
[0.291s] INFO:colcon.colcon_cmake.task.cmake.build:Building CMake package in '/wolvi/src/navigation'
[0.292s] INFO:colcon.colcon_core.shell:Skip shell extension 'powershell' for command environment: Not usable outside of PowerShell
[0.292s] DEBUG:colcon.colcon_core.shell:Skip shell extension 'dsv' for command environment
[0.297s] INFO:colcon.colcon_ros.task.ament_cmake.build:Building ROS package in '/wolvi/src/gazebo/robot_bringup' with build type 'ament_cmake'
[0.297s] INFO:colcon.colcon_cmake.task.cmake.build:Building CMake package in '/wolvi/src/gazebo/robot_bringup'
[0.297s] INFO:colcon.colcon_core.shell:Skip shell extension 'powershell' for command environment: Not usable outside of PowerShell
[0.297s] DEBUG:colcon.colcon_core.shell:Skip shell extension 'dsv' for command environment
[0.330s] DEBUG:colcon.colcon_core.event_handler.log_command:Invoking command in '/wolvi/build/utils': BYOBU_DATE=%Y-%m-%d CMAKE_PREFIX_PATH=${CMAKE_PREFIX_PATH}:/opt/ros/humble /usr/bin/cmake --build /wolvi/build/utils -- -j16 -l16
[0.336s] DEBUG:colcon.colcon_core.event_handler.log_command:Invoking command in '/wolvi/build/aruco_detection': BYOBU_DATE=%Y-%m-%d /usr/bin/cmake --build /wolvi/build/aruco_detection -- -j16 -l16
[0.341s] DEBUG:colcon.colcon_core.event_handler.log_command:Invoking command in '/wolvi/build/localization': BYOBU_DATE=%Y-%m-%d CMAKE_PREFIX_PATH=${CMAKE_PREFIX_PATH}:/opt/ros/humble /usr/bin/cmake --build /wolvi/build/localization -- -j16 -l16
[0.347s] DEBUG:colcon.colcon_core.event_handler.log_command:Invoking command in '/wolvi/build/navigation': BYOBU_DATE=%Y-%m-%d CMAKE_PREFIX_PATH=${CMAKE_PREFIX_PATH}:/opt/ros/humble /usr/bin/cmake --build /wolvi/build/navigation -- -j16 -l16
[0.355s] DEBUG:colcon.colcon_core.event_handler.log_command:Invoking command in '/wolvi/build/robot_bringup': BYOBU_DATE=%Y-%m-%d CMAKE_PREFIX_PATH=${CMAKE_PREFIX_PATH}:/opt/ros/humble /usr/bin/cmake --build /wolvi/build/robot_bringup -- -j16 -l16
[0.405s] DEBUG:colcon.colcon_core.event_handler.log_command:Invoked command in '/wolvi/build/utils' returned '0': BYOBU_DATE=%Y-%m-%d CMAKE_PREFIX_PATH=${CMAKE_PREFIX_PATH}:/opt/ros/humble /usr/bin/cmake --build /wolvi/build/utils -- -j16 -l16
[0.423s] DEBUG:colcon.colcon_core.event_handler.log_command:Invoking command in '/wolvi/build/utils': BYOBU_DATE=%Y-%m-%d CMAKE_PREFIX_PATH=${CMAKE_PREFIX_PATH}:/opt/ros/humble /usr/bin/cmake --install /wolvi/build/utils
[0.424s] DEBUG:colcon.colcon_core.event_handler.log_command:Invoked command in '/wolvi/build/robot_bringup' returned '0': BYOBU_DATE=%Y-%m-%d CMAKE_PREFIX_PATH=${CMAKE_PREFIX_PATH}:/opt/ros/humble /usr/bin/cmake --build /wolvi/build/robot_bringup -- -j16 -l16
[0.426s] DEBUG:colcon.colcon_core.event_handler.log_command:Invoking command in '/wolvi/build/robot_bringup': BYOBU_DATE=%Y-%m-%d CMAKE_PREFIX_PATH=${CMAKE_PREFIX_PATH}:/opt/ros/humble /usr/bin/cmake --install /wolvi/build/robot_bringup
[0.442s] Level 1:colcon.colcon_core.environment:create_environment_scripts_only(utils)
[0.447s] DEBUG:colcon.colcon_core.event_handler.log_command:Invoked command in '/wolvi/build/utils' returned '0': BYOBU_DATE=%Y-%m-%d CMAKE_PREFIX_PATH=${CMAKE_PREFIX_PATH}:/opt/ros/humble /usr/bin/cmake --install /wolvi/build/utils
[0.450s] Level 1:colcon.colcon_core.environment:checking '/wolvi/install/utils' for CMake module files
[0.451s] Level 1:colcon.colcon_core.environment:checking '/wolvi/install/utils' for CMake config files
[0.452s] Level 1:colcon.colcon_core.shell:create_environment_hook('utils', 'cmake_prefix_path')
[0.452s] INFO:colcon.colcon_core.shell:Creating environment hook '/wolvi/install/utils/share/utils/hook/cmake_prefix_path.ps1'
[0.453s] INFO:colcon.colcon_core.shell:Creating environment descriptor '/wolvi/install/utils/share/utils/hook/cmake_prefix_path.dsv'
[0.454s] INFO:colcon.colcon_core.shell:Creating environment hook '/wolvi/install/utils/share/utils/hook/cmake_prefix_path.sh'
[0.455s] Level 1:colcon.colcon_core.environment:checking '/wolvi/install/utils/lib'
[0.456s] Level 1:colcon.colcon_core.environment:checking '/wolvi/install/utils/bin'
[0.456s] Level 1:colcon.colcon_core.environment:checking '/wolvi/install/utils/lib/pkgconfig/utils.pc'
[0.458s] Level 1:colcon.colcon_core.environment:checking '/wolvi/install/utils/lib/python3.10/site-packages'
[0.459s] Level 1:colcon.colcon_core.environment:checking '/wolvi/install/utils/bin'
[0.459s] INFO:colcon.colcon_core.shell:Creating package script '/wolvi/install/utils/share/utils/package.ps1'
[0.461s] INFO:colcon.colcon_core.shell:Creating package descriptor '/wolvi/install/utils/share/utils/package.dsv'
[0.462s] INFO:colcon.colcon_core.shell:Creating package script '/wolvi/install/utils/share/utils/package.sh'
[0.463s] INFO:colcon.colcon_core.shell:Creating package script '/wolvi/install/utils/share/utils/package.bash'
[0.464s] INFO:colcon.colcon_core.shell:Creating package script '/wolvi/install/utils/share/utils/package.zsh'
[0.465s] Level 1:colcon.colcon_core.environment:create_file_with_runtime_dependencies(/wolvi/install/utils/share/colcon-core/packages/utils)
[0.466s] Level 1:colcon.colcon_core.environment:create_environment_scripts_only(utils)
[0.466s] Level 1:colcon.colcon_core.environment:checking '/wolvi/install/utils' for CMake module files
[0.467s] Level 1:colcon.colcon_core.environment:checking '/wolvi/install/utils' for CMake config files
[0.467s] Level 1:colcon.colcon_core.shell:create_environment_hook('utils', 'cmake_prefix_path')
[0.467s] INFO:colcon.colcon_core.shell:Creating environment hook '/wolvi/install/utils/share/utils/hook/cmake_prefix_path.ps1'
[0.468s] INFO:colcon.colcon_core.shell:Creating environment descriptor '/wolvi/install/utils/share/utils/hook/cmake_prefix_path.dsv'
[0.468s] INFO:colcon.colcon_core.shell:Creating environment hook '/wolvi/install/utils/share/utils/hook/cmake_prefix_path.sh'
[0.469s] Level 1:colcon.colcon_core.environment:checking '/wolvi/install/utils/lib'
[0.469s] Level 1:colcon.colcon_core.environment:checking '/wolvi/install/utils/bin'
[0.469s] Level 1:colcon.colcon_core.environment:checking '/wolvi/install/utils/lib/pkgconfig/utils.pc'
[0.469s] Level 1:colcon.colcon_core.environment:checking '/wolvi/install/utils/lib/python3.10/site-packages'
[0.469s] Level 1:colcon.colcon_core.environment:checking '/wolvi/install/utils/bin'
[0.469s] INFO:colcon.colcon_core.shell:Creating package script '/wolvi/install/utils/share/utils/package.ps1'
[0.470s] INFO:colcon.colcon_core.shell:Creating package descriptor '/wolvi/install/utils/share/utils/package.dsv'
[0.470s] INFO:colcon.colcon_core.shell:Creating package script '/wolvi/install/utils/share/utils/package.sh'
[0.471s] INFO:colcon.colcon_core.shell:Creating package script '/wolvi/install/utils/share/utils/package.bash'
[0.471s] INFO:colcon.colcon_core.shell:Creating package script '/wolvi/install/utils/share/utils/package.zsh'
[0.472s] Level 1:colcon.colcon_core.environment:create_file_with_runtime_dependencies(/wolvi/install/utils/share/colcon-core/packages/utils)
[0.472s] INFO:colcon.colcon_ros.task.ament_cmake.build:Building ROS package in '/wolvi/src/controller' with build type 'ament_cmake'
[0.472s] INFO:colcon.colcon_cmake.task.cmake.build:Building CMake package in '/wolvi/src/controller'
[0.472s] INFO:colcon.colcon_core.shell:Skip shell extension 'powershell' for command environment: Not usable outside of PowerShell
[0.473s] DEBUG:colcon.colcon_core.shell:Skip shell extension 'dsv' for command environment
[0.479s] Level 1:colcon.colcon_core.environment:create_environment_scripts_only(robot_bringup)
[0.479s] Level 1:colcon.colcon_core.environment:checking '/wolvi/install/robot_bringup' for CMake module files
[0.480s] DEBUG:colcon.colcon_core.event_handler.log_command:Invoked command in '/wolvi/build/robot_bringup' returned '0': BYOBU_DATE=%Y-%m-%d CMAKE_PREFIX_PATH=${CMAKE_PREFIX_PATH}:/opt/ros/humble /usr/bin/cmake --install /wolvi/build/robot_bringup
[0.480s] Level 1:colcon.colcon_core.environment:checking '/wolvi/install/robot_bringup' for CMake config files
[0.480s] Level 1:colcon.colcon_core.shell:create_environment_hook('robot_bringup', 'cmake_prefix_path')
[0.480s] INFO:colcon.colcon_core.shell:Creating environment hook '/wolvi/install/robot_bringup/share/robot_bringup/hook/cmake_prefix_path.ps1'
[0.481s] INFO:colcon.colcon_core.shell:Creating environment descriptor '/wolvi/install/robot_bringup/share/robot_bringup/hook/cmake_prefix_path.dsv'
[0.482s] INFO:colcon.colcon_core.shell:Creating environment hook '/wolvi/install/robot_bringup/share/robot_bringup/hook/cmake_prefix_path.sh'
[0.482s] Level 1:colcon.colcon_core.environment:checking '/wolvi/install/robot_bringup/bin'
[0.483s] Level 1:colcon.colcon_core.environment:checking '/wolvi/install/robot_bringup/lib/pkgconfig/robot_bringup.pc'
[0.483s] Level 1:colcon.colcon_core.environment:checking '/wolvi/install/robot_bringup/lib/python3.10/site-packages'
[0.483s] Level 1:colcon.colcon_core.environment:checking '/wolvi/install/robot_bringup/bin'
[0.483s] INFO:colcon.colcon_core.shell:Creating package script '/wolvi/install/robot_bringup/share/robot_bringup/package.ps1'
[0.484s] INFO:colcon.colcon_core.shell:Creating package descriptor '/wolvi/install/robot_bringup/share/robot_bringup/package.dsv'
[0.485s] INFO:colcon.colcon_core.shell:Creating package script '/wolvi/install/robot_bringup/share/robot_bringup/package.sh'
[0.485s] INFO:colcon.colcon_core.shell:Creating package script '/wolvi/install/robot_bringup/share/robot_bringup/package.bash'
[0.485s] INFO:colcon.colcon_core.shell:Creating package script '/wolvi/install/robot_bringup/share/robot_bringup/package.zsh'
[0.486s] Level 1:colcon.colcon_core.environment:create_file_with_runtime_dependencies(/wolvi/install/robot_bringup/share/colcon-core/packages/robot_bringup)
[0.486s] Level 1:colcon.colcon_core.environment:create_environment_scripts_only(robot_bringup)
[0.487s] Level 1:colcon.colcon_core.environment:checking '/wolvi/install/robot_bringup' for CMake module files
[0.488s] Level 1:colcon.colcon_core.environment:checking '/wolvi/install/robot_bringup' for CMake config files
[0.488s] Level 1:colcon.colcon_core.shell:create_environment_hook('robot_bringup', 'cmake_prefix_path')
[0.488s] INFO:colcon.colcon_core.shell:Creating environment hook '/wolvi/install/robot_bringup/share/robot_bringup/hook/cmake_prefix_path.ps1'
[0.489s] INFO:colcon.colcon_core.shell:Creating environment descriptor '/wolvi/install/robot_bringup/share/robot_bringup/hook/cmake_prefix_path.dsv'
[0.490s] INFO:colcon.colcon_core.shell:Creating environment hook '/wolvi/install/robot_bringup/share/robot_bringup/hook/cmake_prefix_path.sh'
[0.491s] Level 1:colcon.colcon_core.environment:checking '/wolvi/install/robot_bringup/bin'
[0.491s] Level 1:colcon.colcon_core.environment:checking '/wolvi/install/robot_bringup/lib/pkgconfig/robot_bringup.pc'
[0.491s] Level 1:colcon.colcon_core.environment:checking '/wolvi/install/robot_bringup/lib/python3.10/site-packages'
[0.492s] Level 1:colcon.colcon_core.environment:checking '/wolvi/install/robot_bringup/bin'
[0.492s] INFO:colcon.colcon_core.shell:Creating package script '/wolvi/install/robot_bringup/share/robot_bringup/package.ps1'
[0.493s] INFO:colcon.colcon_core.shell:Creating package descriptor '/wolvi/install/robot_bringup/share/robot_bringup/package.dsv'
[0.494s] INFO:colcon.colcon_core.shell:Creating package script '/wolvi/install/robot_bringup/share/robot_bringup/package.sh'
[0.494s] INFO:colcon.colcon_core.shell:Creating package script '/wolvi/install/robot_bringup/share/robot_bringup/package.bash'
[0.495s] INFO:colcon.colcon_core.shell:Creating package script '/wolvi/install/robot_bringup/share/robot_bringup/package.zsh'
[0.496s] Level 1:colcon.colcon_core.environment:create_file_with_runtime_dependencies(/wolvi/install/robot_bringup/share/colcon-core/packages/robot_bringup)
[0.497s] WARNING:colcon.colcon_cmake.task.cmake.build:Could not run installation step for package 'aruco_detection' because it has no 'install' target
[0.497s] Level 1:colcon.colcon_core.environment:create_environment_scripts_only(aruco_detection)
[0.497s] Level 1:colcon.colcon_core.environment:checking '/wolvi/install/aruco_detection' for CMake module files
[0.498s] Level 1:colcon.colcon_core.environment:checking '/wolvi/install/aruco_detection' for CMake config files
[0.498s] DEBUG:colcon.colcon_core.event_handler.log_command:Invoked command in '/wolvi/build/aruco_detection' returned '0': BYOBU_DATE=%Y-%m-%d /usr/bin/cmake --build /wolvi/build/aruco_detection -- -j16 -l16
[0.499s] Level 1:colcon.colcon_core.environment:checking '/wolvi/install/aruco_detection/bin'
[0.499s] Level 1:colcon.colcon_core.environment:checking '/wolvi/install/aruco_detection/lib/pkgconfig/aruco_detection.pc'
[0.499s] Level 1:colcon.colcon_core.environment:checking '/wolvi/install/aruco_detection/lib/python3.10/site-packages'
[0.499s] Level 1:colcon.colcon_core.environment:checking '/wolvi/install/aruco_detection/bin'
[0.499s] INFO:colcon.colcon_core.shell:Creating package script '/wolvi/install/aruco_detection/share/aruco_detection/package.ps1'
[0.500s] INFO:colcon.colcon_core.shell:Creating package descriptor '/wolvi/install/aruco_detection/share/aruco_detection/package.dsv'
[0.500s] INFO:colcon.colcon_core.shell:Creating package script '/wolvi/install/aruco_detection/share/aruco_detection/package.sh'
[0.500s] INFO:colcon.colcon_core.shell:Creating package script '/wolvi/install/aruco_detection/share/aruco_detection/package.bash'
[0.500s] INFO:colcon.colcon_core.shell:Creating package script '/wolvi/install/aruco_detection/share/aruco_detection/package.zsh'
[0.501s] Level 1:colcon.colcon_core.environment:create_file_with_runtime_dependencies(/wolvi/install/aruco_detection/share/colcon-core/packages/aruco_detection)
[0.505s] DEBUG:colcon.colcon_core.event_handler.log_command:Invoking command in '/wolvi/build/controller': BYOBU_DATE=%Y-%m-%d CMAKE_PREFIX_PATH=/wolvi/install/utils:/wolvi/install/controller:/wolvi/install/robot_bringup:/wolvi/install/navigation:/wolvi/install/localization:/opt/ros/humble /usr/bin/cmake --build /wolvi/build/controller -- -j16 -l16
[0.750s] DEBUG:colcon.colcon_core.event_handler.log_command:Invoked command in '/wolvi/build/localization' returned '0': BYOBU_DATE=%Y-%m-%d CMAKE_PREFIX_PATH=${CMAKE_PREFIX_PATH}:/opt/ros/humble /usr/bin/cmake --build /wolvi/build/localization -- -j16 -l16
[0.754s] DEBUG:colcon.colcon_core.event_handler.log_command:Invoking command in '/wolvi/build/localization': BYOBU_DATE=%Y-%m-%d CMAKE_PREFIX_PATH=${CMAKE_PREFIX_PATH}:/opt/ros/humble /usr/bin/cmake --install /wolvi/build/localization
[0.756s] DEBUG:colcon.colcon_core.event_handler.log_command:Invoked command in '/wolvi/build/navigation' returned '0': BYOBU_DATE=%Y-%m-%d CMAKE_PREFIX_PATH=${CMAKE_PREFIX_PATH}:/opt/ros/humble /usr/bin/cmake --build /wolvi/build/navigation -- -j16 -l16
[0.759s] DEBUG:colcon.colcon_core.event_handler.log_command:Invoking command in '/wolvi/build/navigation': BYOBU_DATE=%Y-%m-%d CMAKE_PREFIX_PATH=${CMAKE_PREFIX_PATH}:/opt/ros/humble /usr/bin/cmake --install /wolvi/build/navigation
[0.837s] Level 1:colcon.colcon_core.environment:create_environment_scripts_only(localization)
[0.838s] Level 1:colcon.colcon_core.environment:checking '/wolvi/install/localization' for CMake module files
[0.839s] DEBUG:colcon.colcon_core.event_handler.log_command:Invoked command in '/wolvi/build/localization' returned '0': BYOBU_DATE=%Y-%m-%d CMAKE_PREFIX_PATH=${CMAKE_PREFIX_PATH}:/opt/ros/humble /usr/bin/cmake --install /wolvi/build/localization
[0.840s] Level 1:colcon.colcon_core.environment:checking '/wolvi/install/localization' for CMake config files
[0.841s] Level 1:colcon.colcon_core.shell:create_environment_hook('localization', 'cmake_prefix_path')
[0.841s] INFO:colcon.colcon_core.shell:Creating environment hook '/wolvi/install/localization/share/localization/hook/cmake_prefix_path.ps1'
[0.842s] INFO:colcon.colcon_core.shell:Creating environment descriptor '/wolvi/install/localization/share/localization/hook/cmake_prefix_path.dsv'
[0.843s] INFO:colcon.colcon_core.shell:Creating environment hook '/wolvi/install/localization/share/localization/hook/cmake_prefix_path.sh'
[0.845s] Level 1:colcon.colcon_core.environment:checking '/wolvi/install/localization/bin'
[0.845s] Level 1:colcon.colcon_core.environment:checking '/wolvi/install/localization/lib/pkgconfig/localization.pc'
[0.845s] Level 1:colcon.colcon_core.environment:checking '/wolvi/install/localization/lib/python3.10/site-packages'
[0.846s] Level 1:colcon.colcon_core.environment:checking '/wolvi/install/localization/bin'
[0.847s] INFO:colcon.colcon_core.shell:Creating package script '/wolvi/install/localization/share/localization/package.ps1'
[0.848s] INFO:colcon.colcon_core.shell:Creating package descriptor '/wolvi/install/localization/share/localization/package.dsv'
[0.848s] INFO:colcon.colcon_core.shell:Creating package script '/wolvi/install/localization/share/localization/package.sh'
[0.849s] INFO:colcon.colcon_core.shell:Creating package script '/wolvi/install/localization/share/localization/package.bash'
[0.850s] INFO:colcon.colcon_core.shell:Creating package script '/wolvi/install/localization/share/localization/package.zsh'
[0.850s] Level 1:colcon.colcon_core.environment:create_file_with_runtime_dependencies(/wolvi/install/localization/share/colcon-core/packages/localization)
[0.851s] Level 1:colcon.colcon_core.environment:create_environment_scripts_only(localization)
[0.851s] Level 1:colcon.colcon_core.environment:checking '/wolvi/install/localization' for CMake module files
[0.852s] Level 1:colcon.colcon_core.environment:checking '/wolvi/install/localization' for CMake config files
[0.852s] Level 1:colcon.colcon_core.shell:create_environment_hook('localization', 'cmake_prefix_path')
[0.852s] INFO:colcon.colcon_core.shell:Creating environment hook '/wolvi/install/localization/share/localization/hook/cmake_prefix_path.ps1'
[0.853s] INFO:colcon.colcon_core.shell:Creating environment descriptor '/wolvi/install/localization/share/localization/hook/cmake_prefix_path.dsv'
[0.854s] INFO:colcon.colcon_core.shell:Creating environment hook '/wolvi/install/localization/share/localization/hook/cmake_prefix_path.sh'
[0.855s] Level 1:colcon.colcon_core.environment:checking '/wolvi/install/localization/bin'
[0.855s] Level 1:colcon.colcon_core.environment:checking '/wolvi/install/localization/lib/pkgconfig/localization.pc'
[0.855s] Level 1:colcon.colcon_core.environment:checking '/wolvi/install/localization/lib/python3.10/site-packages'
[0.855s] Level 1:colcon.colcon_core.environment:checking '/wolvi/install/localization/bin'
[0.856s] INFO:colcon.colcon_core.shell:Creating package script '/wolvi/install/localization/share/localization/package.ps1'
[0.857s] INFO:colcon.colcon_core.shell:Creating package descriptor '/wolvi/install/localization/share/localization/package.dsv'
[0.857s] INFO:colcon.colcon_core.shell:Creating package script '/wolvi/install/localization/share/localization/package.sh'
[0.858s] INFO:colcon.colcon_core.shell:Creating package script '/wolvi/install/localization/share/localization/package.bash'
[0.859s] INFO:colcon.colcon_core.shell:Creating package script '/wolvi/install/localization/share/localization/package.zsh'
[0.859s] Level 1:colcon.colcon_core.environment:create_file_with_runtime_dependencies(/wolvi/install/localization/share/colcon-core/packages/localization)
[0.861s] Level 1:colcon.colcon_core.environment:create_environment_scripts_only(navigation)
[0.861s] Level 1:colcon.colcon_core.environment:checking '/wolvi/install/navigation' for CMake module files
[0.863s] Level 1:colcon.colcon_core.environment:checking '/wolvi/install/navigation' for CMake config files
[0.863s] DEBUG:colcon.colcon_core.event_handler.log_command:Invoked command in '/wolvi/build/navigation' returned '0': BYOBU_DATE=%Y-%m-%d CMAKE_PREFIX_PATH=${CMAKE_PREFIX_PATH}:/opt/ros/humble /usr/bin/cmake --install /wolvi/build/navigation
[0.864s] Level 1:colcon.colcon_core.shell:create_environment_hook('navigation', 'cmake_prefix_path')
[0.865s] INFO:colcon.colcon_core.shell:Creating environment hook '/wolvi/install/navigation/share/navigation/hook/cmake_prefix_path.ps1'
[0.865s] INFO:colcon.colcon_core.shell:Creating environment descriptor '/wolvi/install/navigation/share/navigation/hook/cmake_prefix_path.dsv'
[0.866s] INFO:colcon.colcon_core.shell:Creating environment hook '/wolvi/install/navigation/share/navigation/hook/cmake_prefix_path.sh'
[0.867s] Level 1:colcon.colcon_core.environment:checking '/wolvi/install/navigation/lib'
[0.868s] Level 1:colcon.colcon_core.environment:checking '/wolvi/install/navigation/bin'
[0.868s] Level 1:colcon.colcon_core.environment:checking '/wolvi/install/navigation/lib/pkgconfig/navigation.pc'
[0.868s] Level 1:colcon.colcon_core.environment:checking '/wolvi/install/navigation/lib/python3.10/site-packages'
[0.869s] Level 1:colcon.colcon_core.environment:checking '/wolvi/install/navigation/bin'
[0.870s] INFO:colcon.colcon_core.shell:Creating package script '/wolvi/install/navigation/share/navigation/package.ps1'
[0.871s] INFO:colcon.colcon_core.shell:Creating package descriptor '/wolvi/install/navigation/share/navigation/package.dsv'
[0.873s] INFO:colcon.colcon_core.shell:Creating package script '/wolvi/install/navigation/share/navigation/package.sh'
[0.874s] INFO:colcon.colcon_core.shell:Creating package script '/wolvi/install/navigation/share/navigation/package.bash'
[0.875s] INFO:colcon.colcon_core.shell:Creating package script '/wolvi/install/navigation/share/navigation/package.zsh'
[0.875s] Level 1:colcon.colcon_core.environment:create_file_with_runtime_dependencies(/wolvi/install/navigation/share/colcon-core/packages/navigation)
[0.876s] Level 1:colcon.colcon_core.environment:create_environment_scripts_only(navigation)
[0.877s] Level 1:colcon.colcon_core.environment:checking '/wolvi/install/navigation' for CMake module files
[0.877s] Level 1:colcon.colcon_core.environment:checking '/wolvi/install/navigation' for CMake config files
[0.878s] Level 1:colcon.colcon_core.shell:create_environment_hook('navigation', 'cmake_prefix_path')
[0.878s] INFO:colcon.colcon_core.shell:Creating environment hook '/wolvi/install/navigation/share/navigation/hook/cmake_prefix_path.ps1'
[0.879s] INFO:colcon.colcon_core.shell:Creating environment descriptor '/wolvi/install/navigation/share/navigation/hook/cmake_prefix_path.dsv'
[0.879s] INFO:colcon.colcon_core.shell:Creating environment hook '/wolvi/install/navigation/share/navigation/hook/cmake_prefix_path.sh'
[0.880s] Level 1:colcon.colcon_core.environment:checking '/wolvi/install/navigation/lib'
[0.880s] Level 1:colcon.colcon_core.environment:checking '/wolvi/install/navigation/bin'
[0.880s] Level 1:colcon.colcon_core.environment:checking '/wolvi/install/navigation/lib/pkgconfig/navigation.pc'
[0.880s] Level 1:colcon.colcon_core.environment:checking '/wolvi/install/navigation/lib/python3.10/site-packages'
[0.880s] Level 1:colcon.colcon_core.environment:checking '/wolvi/install/navigation/bin'
[0.881s] INFO:colcon.colcon_core.shell:Creating package script '/wolvi/install/navigation/share/navigation/package.ps1'
[0.881s] INFO:colcon.colcon_core.shell:Creating package descriptor '/wolvi/install/navigation/share/navigation/package.dsv'
[0.882s] INFO:colcon.colcon_core.shell:Creating package script '/wolvi/install/navigation/share/navigation/package.sh'
[0.883s] INFO:colcon.colcon_core.shell:Creating package script '/wolvi/install/navigation/share/navigation/package.bash'
[0.883s] INFO:colcon.colcon_core.shell:Creating package script '/wolvi/install/navigation/share/navigation/package.zsh'
[0.884s] Level 1:colcon.colcon_core.environment:create_file_with_runtime_dependencies(/wolvi/install/navigation/share/colcon-core/packages/navigation)
[0.975s] DEBUG:colcon.colcon_core.event_handler.log_command:Invoked command in '/wolvi/build/controller' returned '0': BYOBU_DATE=%Y-%m-%d CMAKE_PREFIX_PATH=/wolvi/install/utils:/wolvi/install/controller:/wolvi/install/robot_bringup:/wolvi/install/navigation:/wolvi/install/localization:/opt/ros/humble /usr/bin/cmake --build /wolvi/build/controller -- -j16 -l16
[0.979s] DEBUG:colcon.colcon_core.event_handler.log_command:Invoking command in '/wolvi/build/controller': BYOBU_DATE=%Y-%m-%d CMAKE_PREFIX_PATH=/wolvi/install/utils:/wolvi/install/controller:/wolvi/install/robot_bringup:/wolvi/install/navigation:/wolvi/install/localization:/opt/ros/humble /usr/bin/cmake --install /wolvi/build/controller
[1.045s] Level 1:colcon.colcon_core.environment:create_environment_scripts_only(controller)
[1.046s] Level 1:colcon.colcon_core.environment:checking '/wolvi/install/controller' for CMake module files
[1.047s] DEBUG:colcon.colcon_core.event_handler.log_command:Invoked command in '/wolvi/build/controller' returned '0': BYOBU_DATE=%Y-%m-%d CMAKE_PREFIX_PATH=/wolvi/install/utils:/wolvi/install/controller:/wolvi/install/robot_bringup:/wolvi/install/navigation:/wolvi/install/localization:/opt/ros/humble /usr/bin/cmake --install /wolvi/build/controller
[1.048s] Level 1:colcon.colcon_core.environment:checking '/wolvi/install/controller' for CMake config files
[1.050s] Level 1:colcon.colcon_core.shell:create_environment_hook('controller', 'cmake_prefix_path')
[1.050s] INFO:colcon.colcon_core.shell:Creating environment hook '/wolvi/install/controller/share/controller/hook/cmake_prefix_path.ps1'
[1.052s] INFO:colcon.colcon_core.shell:Creating environment descriptor '/wolvi/install/controller/share/controller/hook/cmake_prefix_path.dsv'
[1.053s] INFO:colcon.colcon_core.shell:Creating environment hook '/wolvi/install/controller/share/controller/hook/cmake_prefix_path.sh'
[1.054s] Level 1:colcon.colcon_core.environment:checking '/wolvi/install/controller/lib'
[1.054s] Level 1:colcon.colcon_core.environment:checking '/wolvi/install/controller/bin'
[1.054s] Level 1:colcon.colcon_core.environment:checking '/wolvi/install/controller/lib/pkgconfig/controller.pc'
[1.055s] Level 1:colcon.colcon_core.environment:checking '/wolvi/install/controller/lib/python3.10/site-packages'
[1.055s] Level 1:colcon.colcon_core.environment:checking '/wolvi/install/controller/bin'
[1.056s] INFO:colcon.colcon_core.shell:Creating package script '/wolvi/install/controller/share/controller/package.ps1'
[1.056s] INFO:colcon.colcon_core.shell:Creating package descriptor '/wolvi/install/controller/share/controller/package.dsv'
[1.056s] INFO:colcon.colcon_core.shell:Creating package script '/wolvi/install/controller/share/controller/package.sh'
[1.057s] INFO:colcon.colcon_core.shell:Creating package script '/wolvi/install/controller/share/controller/package.bash'
[1.057s] INFO:colcon.colcon_core.shell:Creating package script '/wolvi/install/controller/share/controller/package.zsh'
[1.057s] Level 1:colcon.colcon_core.environment:create_file_with_runtime_dependencies(/wolvi/install/controller/share/colcon-core/packages/controller)
[1.058s] Level 1:colcon.colcon_core.environment:create_environment_scripts_only(controller)
[1.058s] Level 1:colcon.colcon_core.environment:checking '/wolvi/install/controller' for CMake module files
[1.058s] Level 1:colcon.colcon_core.environment:checking '/wolvi/install/controller' for CMake config files
[1.058s] Level 1:colcon.colcon_core.shell:create_environment_hook('controller', 'cmake_prefix_path')
[1.059s] INFO:colcon.colcon_core.shell:Creating environment hook '/wolvi/install/controller/share/controller/hook/cmake_prefix_path.ps1'
[1.059s] INFO:colcon.colcon_core.shell:Creating environment descriptor '/wolvi/install/controller/share/controller/hook/cmake_prefix_path.dsv'
[1.059s] INFO:colcon.colcon_core.shell:Creating environment hook '/wolvi/install/controller/share/controller/hook/cmake_prefix_path.sh'
[1.060s] Level 1:colcon.colcon_core.environment:checking '/wolvi/install/controller/lib'
[1.060s] Level 1:colcon.colcon_core.environment:checking '/wolvi/install/controller/bin'
[1.060s] Level 1:colcon.colcon_core.environment:checking '/wolvi/install/controller/lib/pkgconfig/controller.pc'
[1.060s] Level 1:colcon.colcon_core.environment:checking '/wolvi/install/controller/lib/python3.10/site-packages'
[1.060s] Level 1:colcon.colcon_core.environment:checking '/wolvi/install/controller/bin'
[1.060s] INFO:colcon.colcon_core.shell:Creating package script '/wolvi/install/controller/share/controller/package.ps1'
[1.061s] INFO:colcon.colcon_core.shell:Creating package descriptor '/wolvi/install/controller/share/controller/package.dsv'
[1.061s] INFO:colcon.colcon_core.shell:Creating package script '/wolvi/install/controller/share/controller/package.sh'
[1.062s] INFO:colcon.colcon_core.shell:Creating package script '/wolvi/install/controller/share/controller/package.bash'
[1.062s] INFO:colcon.colcon_core.shell:Creating package script '/wolvi/install/controller/share/controller/package.zsh'
[1.063s] Level 1:colcon.colcon_core.environment:create_file_with_runtime_dependencies(/wolvi/install/controller/share/colcon-core/packages/controller)
[1.063s] DEBUG:colcon.colcon_parallel_executor.executor.parallel:closing loop
[1.063s] DEBUG:colcon.colcon_parallel_executor.executor.parallel:loop closed
[1.063s] DEBUG:colcon.colcon_parallel_executor.executor.parallel:run_until_complete finished with '0'
[1.063s] DEBUG:colcon.colcon_core.event_reactor:joining thread
[1.074s] INFO:colcon.colcon_core.plugin_system:Skipping extension 'colcon_notification.desktop_notification.notify_send': Could not find 'notify-send'
[1.074s] INFO:colcon.colcon_core.plugin_system:Skipping extension 'colcon_notification.desktop_notification.terminal_notifier': Not used on non-Darwin systems
[1.074s] INFO:colcon.colcon_core.plugin_system:Skipping extension 'colcon_notification.desktop_notification.win32': Not used on non-Windows systems
[1.075s] INFO:colcon.colcon_notification.desktop_notification:Sending desktop notification using 'notify2'
[1.077s] DEBUG:colcon.colcon_notification.desktop_notification.notify2:Failed to initialize notify2: org.freedesktop.DBus.Error.ServiceUnknown: The name org.freedesktop.Notifications was not provided by any .service files
[1.077s] DEBUG:colcon.colcon_core.event_reactor:joined thread
[1.078s] INFO:colcon.colcon_core.shell:Creating prefix script '/wolvi/install/local_setup.ps1'
[1.081s] INFO:colcon.colcon_core.shell:Creating prefix util module '/wolvi/install/_local_setup_util_ps1.py'
[1.084s] INFO:colcon.colcon_core.shell:Creating prefix chain script '/wolvi/install/setup.ps1'
[1.087s] INFO:colcon.colcon_core.shell:Creating prefix script '/wolvi/install/local_setup.sh'
[1.088s] INFO:colcon.colcon_core.shell:Creating prefix util module '/wolvi/install/_local_setup_util_sh.py'
[1.089s] INFO:colcon.colcon_core.shell:Creating prefix chain script '/wolvi/install/setup.sh'
[1.092s] INFO:colcon.colcon_core.shell:Creating prefix script '/wolvi/install/local_setup.bash'
[1.093s] INFO:colcon.colcon_core.shell:Creating prefix chain script '/wolvi/install/setup.bash'
[1.095s] INFO:colcon.colcon_core.shell:Creating prefix script '/wolvi/install/local_setup.zsh'
[1.096s] INFO:colcon.colcon_core.shell:Creating prefix chain script '/wolvi/install/setup.zsh'
