[0.031s] Invoking command in '/wolvi/build/controller': BYOBU_DATE=%Y-%m-%d CMAKE_PREFIX_PATH=/wolvi/install/utils:/wolvi/install/controller:/wolvi/install/robot_bringup:/wolvi/install/localization:/opt/ros/humble /usr/bin/cmake --build /wolvi/build/controller -- -j16 -l16
[0.074s] -- Found ament_cmake: 1.3.11 (/opt/ros/humble/share/ament_cmake/cmake)
[0.239s] -- Found rclcpp: 16.0.12 (/opt/ros/humble/share/rclcpp/cmake)
[0.297s] -- Found rosidl_generator_c: 3.1.6 (/opt/ros/humble/share/rosidl_generator_c/cmake)
[0.303s] -- Found rosidl_adapter: 3.1.6 (/opt/ros/humble/share/rosidl_adapter/cmake)
[0.310s] -- Found rosidl_generator_cpp: 3.1.6 (/opt/ros/humble/share/rosidl_generator_cpp/cmake)
[0.326s] -- Using all available rosidl_typesupport_c: rosidl_typesupport_fastrtps_c;rosidl_typesupport_introspection_c
[0.344s] -- Using all available rosidl_typesupport_cpp: rosidl_typesupport_fastrtps_cpp;rosidl_typesupport_introspection_cpp
[0.402s] -- Found rmw_implementation_cmake: 6.1.2 (/opt/ros/humble/share/rmw_implementation_cmake/cmake)
[0.403s] -- Found rmw_fastrtps_cpp: 6.2.7 (/opt/ros/humble/share/rmw_fastrtps_cpp/cmake)
[0.599s] -- Using RMW implementation 'rmw_fastrtps_cpp' as default
[0.664s] -- Found rclpy: 3.3.16 (/opt/ros/humble/share/rclpy/cmake)
[0.664s] -- Found utils: 0.0.0 (/wolvi/install/utils/share/utils/cmake)
[0.728s] -- Found ament_lint_auto: 0.12.12 (/opt/ros/humble/share/ament_lint_auto/cmake)
[0.818s] -- Added test 'flake8' to check Python code syntax and style conventions
[0.819s] -- Added test 'lint_cmake' to check CMake code style
[0.820s] -- Added test 'pep257' to check Python code against some of the docstring style conventions in PEP 257
[0.823s] -- Added test 'xmllint' to check XML markup files
[0.825s] -- Configuring done
[0.835s] -- Generating done
[0.839s] -- Build files have been written to: /wolvi/build/controller
[0.918s] Built target ament_cmake_python_copy_controller
[1.131s] running egg_info
[1.132s] writing controller.egg-info/PKG-INFO
[1.132s] writing dependency_links to controller.egg-info/dependency_links.txt
[1.132s] writing top-level names to controller.egg-info/top_level.txt
[1.133s] reading manifest file 'controller.egg-info/SOURCES.txt'
[1.134s] writing manifest file 'controller.egg-info/SOURCES.txt'
[1.172s] Built target ament_cmake_python_build_controller_egg
[1.193s] Invoked command in '/wolvi/build/controller' returned '0': BYOBU_DATE=%Y-%m-%d CMAKE_PREFIX_PATH=/wolvi/install/utils:/wolvi/install/controller:/wolvi/install/robot_bringup:/wolvi/install/localization:/opt/ros/humble /usr/bin/cmake --build /wolvi/build/controller -- -j16 -l16
[1.195s] Invoking command in '/wolvi/build/controller': BYOBU_DATE=%Y-%m-%d CMAKE_PREFIX_PATH=/wolvi/install/utils:/wolvi/install/controller:/wolvi/install/robot_bringup:/wolvi/install/localization:/opt/ros/humble /usr/bin/cmake --install /wolvi/build/controller
[1.208s] -- Install configuration: ""
[1.208s] -- Up-to-date: /wolvi/install/controller/share/controller/environment/pythonpath.sh
[1.208s] -- Installing: /wolvi/install/controller/share/controller/environment/pythonpath.dsv
[1.209s] -- Up-to-date: /wolvi/install/controller/local/lib/python3.10/dist-packages/controller-0.0.0-py3.10.egg-info
[1.209s] -- Installing: /wolvi/install/controller/local/lib/python3.10/dist-packages/controller-0.0.0-py3.10.egg-info/top_level.txt
[1.209s] -- Installing: /wolvi/install/controller/local/lib/python3.10/dist-packages/controller-0.0.0-py3.10.egg-info/dependency_links.txt
[1.209s] -- Installing: /wolvi/install/controller/local/lib/python3.10/dist-packages/controller-0.0.0-py3.10.egg-info/SOURCES.txt
[1.209s] -- Installing: /wolvi/install/controller/local/lib/python3.10/dist-packages/controller-0.0.0-py3.10.egg-info/PKG-INFO
[1.209s] -- Up-to-date: /wolvi/install/controller/local/lib/python3.10/dist-packages/controller
[1.209s] -- Up-to-date: /wolvi/install/controller/local/lib/python3.10/dist-packages/controller/__init__.py
[1.246s] Listing '/wolvi/install/controller/local/lib/python3.10/dist-packages/controller'...
[1.250s] -- Up-to-date: /wolvi/install/controller/lib/controller/controller_node.py
[1.250s] -- Up-to-date: /wolvi/install/controller/lib/controller/first_driver.py
[1.251s] [31mCMake Error at cmake_install.cmake:70 (file):
[1.251s]   file INSTALL cannot find
[1.251s]   "/wolvi/src/controller/scripts/utils/differential_drive.py": No such file
[1.251s]   or directory.
[1.251s] 
[1.251s] [0m
[1.254s] Invoked command in '/wolvi/build/controller' returned '1': BYOBU_DATE=%Y-%m-%d CMAKE_PREFIX_PATH=/wolvi/install/utils:/wolvi/install/controller:/wolvi/install/robot_bringup:/wolvi/install/localization:/opt/ros/humble /usr/bin/cmake --install /wolvi/build/controller
