Built target ament_cmake_python_copy_controller
running egg_info
writing controller.egg-info/PKG-INFO
writing dependency_links to controller.egg-info/dependency_links.txt
writing top-level names to controller.egg-info/top_level.txt
reading manifest file 'controller.egg-info/SOURCES.txt'
writing manifest file 'controller.egg-info/SOURCES.txt'
Built target ament_cmake_python_build_controller_egg
-- Install configuration: ""
-- Up-to-date: /wolvi/install/controller/share/controller/environment/pythonpath.sh
-- Up-to-date: /wolvi/install/controller/share/controller/environment/pythonpath.dsv
-- Up-to-date: /wolvi/install/controller/local/lib/python3.10/dist-packages/controller-0.0.0-py3.10.egg-info
-- Installing: /wolvi/install/controller/local/lib/python3.10/dist-packages/controller-0.0.0-py3.10.egg-info/top_level.txt
-- Installing: /wolvi/install/controller/local/lib/python3.10/dist-packages/controller-0.0.0-py3.10.egg-info/dependency_links.txt
-- Installing: /wolvi/install/controller/local/lib/python3.10/dist-packages/controller-0.0.0-py3.10.egg-info/SOURCES.txt
-- Installing: /wolvi/install/controller/local/lib/python3.10/dist-packages/controller-0.0.0-py3.10.egg-info/PKG-INFO
-- Up-to-date: /wolvi/install/controller/local/lib/python3.10/dist-packages/controller
-- Up-to-date: /wolvi/install/controller/local/lib/python3.10/dist-packages/controller/__init__.py
Listing '/wolvi/install/controller/local/lib/python3.10/dist-packages/controller'...
-- Up-to-date: /wolvi/install/controller/lib/controller/controller_node.py
-- Up-to-date: /wolvi/install/controller/lib/controller/first_driver.py
-- Installing: /wolvi/install/controller/lib/controller/differential_drive.py
-- Up-to-date: /wolvi/install/controller/lib/controller/serial_communication.py
-- Up-to-date: /wolvi/install/controller/share/ament_index/resource_index/package_run_dependencies/controller
-- Up-to-date: /wolvi/install/controller/share/ament_index/resource_index/parent_prefix_path/controller
-- Up-to-date: /wolvi/install/controller/share/controller/environment/ament_prefix_path.sh
-- Up-to-date: /wolvi/install/controller/share/controller/environment/ament_prefix_path.dsv
-- Up-to-date: /wolvi/install/controller/share/controller/environment/path.sh
-- Up-to-date: /wolvi/install/controller/share/controller/environment/path.dsv
-- Up-to-date: /wolvi/install/controller/share/controller/local_setup.bash
-- Up-to-date: /wolvi/install/controller/share/controller/local_setup.sh
-- Up-to-date: /wolvi/install/controller/share/controller/local_setup.zsh
-- Up-to-date: /wolvi/install/controller/share/controller/local_setup.dsv
-- Installing: /wolvi/install/controller/share/controller/package.dsv
-- Up-to-date: /wolvi/install/controller/share/ament_index/resource_index/packages/controller
-- Up-to-date: /wolvi/install/controller/share/controller/cmake/controllerConfig.cmake
-- Up-to-date: /wolvi/install/controller/share/controller/cmake/controllerConfig-version.cmake
-- Up-to-date: /wolvi/install/controller/share/controller/package.xml
