[0.038s] Invoking command in '/wolvi/build/robot_bringup': BYOBU_DATE=%Y-%m-%d CMAKE_PREFIX_PATH=${CMAKE_PREFIX_PATH}:/opt/ros/humble /usr/bin/cmake --build /wolvi/build/robot_bringup -- -j16 -l16
[0.193s] Invoked command in '/wolvi/build/robot_bringup' returned '0': BYOBU_DATE=%Y-%m-%d CMAKE_PREFIX_PATH=${CMAKE_PREFIX_PATH}:/opt/ros/humble /usr/bin/cmake --build /wolvi/build/robot_bringup -- -j16 -l16
[0.198s] Invoking command in '/wolvi/build/robot_bringup': BYOBU_DATE=%Y-%m-%d CMAKE_PREFIX_PATH=${CMAKE_PREFIX_PATH}:/opt/ros/humble /usr/bin/cmake --install /wolvi/build/robot_bringup
[0.216s] -- Install configuration: ""
[0.216s] -- Up-to-date: /wolvi/install/robot_bringup/share/robot_bringup//launch
[0.216s] -- Up-to-date: /wolvi/install/robot_bringup/share/robot_bringup//launch/turtlebot4_bringup.launch.py
[0.216s] -- Up-to-date: /wolvi/install/robot_bringup/share/robot_bringup//config
[0.216s] -- Up-to-date: /wolvi/install/robot_bringup/share/robot_bringup//config/config_turltebot4.rviz
[0.217s] -- Up-to-date: /wolvi/install/robot_bringup/share/ament_index/resource_index/package_run_dependencies/robot_bringup
[0.217s] -- Up-to-date: /wolvi/install/robot_bringup/share/ament_index/resource_index/parent_prefix_path/robot_bringup
[0.217s] -- Up-to-date: /wolvi/install/robot_bringup/share/robot_bringup/environment/ament_prefix_path.sh
[0.217s] -- Up-to-date: /wolvi/install/robot_bringup/share/robot_bringup/environment/ament_prefix_path.dsv
[0.217s] -- Up-to-date: /wolvi/install/robot_bringup/share/robot_bringup/environment/path.sh
[0.218s] -- Up-to-date: /wolvi/install/robot_bringup/share/robot_bringup/environment/path.dsv
[0.219s] -- Up-to-date: /wolvi/install/robot_bringup/share/robot_bringup/local_setup.bash
[0.219s] -- Up-to-date: /wolvi/install/robot_bringup/share/robot_bringup/local_setup.sh
[0.219s] -- Up-to-date: /wolvi/install/robot_bringup/share/robot_bringup/local_setup.zsh
[0.219s] -- Up-to-date: /wolvi/install/robot_bringup/share/robot_bringup/local_setup.dsv
[0.219s] -- Installing: /wolvi/install/robot_bringup/share/robot_bringup/package.dsv
[0.220s] -- Up-to-date: /wolvi/install/robot_bringup/share/ament_index/resource_index/packages/robot_bringup
[0.220s] -- Up-to-date: /wolvi/install/robot_bringup/share/robot_bringup/cmake/robot_bringupConfig.cmake
[0.220s] -- Up-to-date: /wolvi/install/robot_bringup/share/robot_bringup/cmake/robot_bringupConfig-version.cmake
[0.220s] -- Up-to-date: /wolvi/install/robot_bringup/share/robot_bringup/package.xml
[0.281s] Invoked command in '/wolvi/build/robot_bringup' returned '0': BYOBU_DATE=%Y-%m-%d CMAKE_PREFIX_PATH=${CMAKE_PREFIX_PATH}:/opt/ros/humble /usr/bin/cmake --install /wolvi/build/robot_bringup
