-- The C compiler identification is GNU 11.4.0
-- The CXX compiler identification is GNU 11.4.0
-- Detecting C compiler ABI info
-- Detecting C compiler ABI info - done
-- Check for working C compiler: /usr/bin/cc - skipped
-- Detecting C compile features
-- Detecting C compile features - done
-- Detecting CXX compiler ABI info
-- Detecting CXX compiler ABI info - done
-- Check for working CXX compiler: /usr/bin/c++ - skipped
-- Detecting CXX compile features
-- Detecting CXX compile features - done
-- Found ament_cmake: 1.3.11 (/opt/ros/humble/share/ament_cmake/cmake)
-- Found Python3: /usr/bin/python3 (found version "3.10.12") found components: Interpreter 
-- Found rclcpp: 16.0.12 (/opt/ros/humble/share/rclcpp/cmake)
-- Found rosidl_generator_c: 3.1.6 (/opt/ros/humble/share/rosidl_generator_c/cmake)
-- Found rosidl_adapter: 3.1.6 (/opt/ros/humble/share/rosidl_adapter/cmake)
-- Found rosidl_generator_cpp: 3.1.6 (/opt/ros/humble/share/rosidl_generator_cpp/cmake)
-- Using all available rosidl_typesupport_c: rosidl_typesupport_fastrtps_c;rosidl_typesupport_introspection_c
-- Using all available rosidl_typesupport_cpp: rosidl_typesupport_fastrtps_cpp;rosidl_typesupport_introspection_cpp
-- Found rmw_implementation_cmake: 6.1.2 (/opt/ros/humble/share/rmw_implementation_cmake/cmake)
-- Found rmw_fastrtps_cpp: 6.2.7 (/opt/ros/humble/share/rmw_fastrtps_cpp/cmake)
-- Found OpenSSL: /usr/lib/x86_64-linux-gnu/libcrypto.so (found version "3.0.2")  
-- Found FastRTPS: /opt/ros/humble/include  
-- Using RMW implementation 'rmw_fastrtps_cpp' as default
-- Looking for pthread.h
-- Looking for pthread.h - found
-- Performing Test CMAKE_HAVE_LIBC_PTHREAD
-- Performing Test CMAKE_HAVE_LIBC_PTHREAD - Success
-- Found Threads: TRUE  
-- Found sensor_msgs: 4.9.0 (/opt/ros/humble/share/sensor_msgs/cmake)
-- Found OpenCV: /usr (found version "4.5.4") 
-- Found cv_bridge: 3.2.1 (/opt/ros/humble/share/cv_bridge/cmake)
-- Found rosidl_default_generators: 1.2.0 (/opt/ros/humble/share/rosidl_default_generators/cmake)
-- Found ament_lint_auto: 0.12.12 (/opt/ros/humble/share/ament_lint_auto/cmake)
-- Added test 'cppcheck' to perform static code analysis on C / C++ code
-- Configured cppcheck include dirs: $<BUILD_INTERFACE:/wolvi/src/cam_pos_detection/include>
-- Configured cppcheck exclude dirs and/or files: 
-- Added test 'lint_cmake' to check CMake code style
-- Added test 'uncrustify' to check C / C++ code style
-- Configured uncrustify additional arguments: 
-- Added test 'xmllint' to check XML markup files
-- Configuring done
-- Generating done
-- Build files have been written to: /wolvi/build/cam_pos_detection
[ 14%] [32mBuilding CXX object CMakeFiles/report_img.dir/src/report_img.cpp.o[0m
[ 42%] [32mBuilding CXX object CMakeFiles/robot_position.dir/src/image_processor.cpp.o[0m
[ 42%] [32mBuilding CXX object CMakeFiles/robot_position.dir/src/aruco_detector.cpp.o[0m
[ 57%] [32mBuilding CXX object CMakeFiles/robot_position.dir/src/robot_position_node.cpp.o[0m
[ 71%] [32mBuilding CXX object CMakeFiles/robot_position.dir/src/pose_calculator.cpp.o[0m
[ 85%] [32m[1mLinking CXX executable report_img[0m
/usr/bin/ld: CMakeFiles/report_img.dir/src/report_img.cpp.o: in function `parse_camera_matrix(std::istream&)':
report_img.cpp:(.text+0x47): undefined reference to `cv::Mat::Mat(int, int, int)'
/usr/bin/ld: report_img.cpp:(.text+0x3b6): undefined reference to `cv::Mat::~Mat()'
/usr/bin/ld: CMakeFiles/report_img.dir/src/report_img.cpp.o: in function `parse_dist_coeffs(std::istream&)':
report_img.cpp:(.text+0x41e): undefined reference to `cv::Mat::Mat(int, int, int)'
/usr/bin/ld: report_img.cpp:(.text+0x684): undefined reference to `cv::Mat::~Mat()'
/usr/bin/ld: CMakeFiles/report_img.dir/src/report_img.cpp.o: in function `main':
report_img.cpp:(.text+0x721): undefined reference to `cv::imread(std::__cxx11::basic_string<char, std::char_traits<char>, std::allocator<char> > const&, int)'
/usr/bin/ld: report_img.cpp:(.text+0x7f2): undefined reference to `cv::Mat::Mat()'
/usr/bin/ld: report_img.cpp:(.text+0x8bd): undefined reference to `cv::getOptimalNewCameraMatrix(cv::_InputArray const&, cv::_InputArray const&, cv::Size_<int>, double, cv::Size_<int>, cv::Rect_<int>*, bool)'
/usr/bin/ld: report_img.cpp:(.text+0x8da): undefined reference to `cv::Mat::operator=(cv::Mat&&)'
/usr/bin/ld: report_img.cpp:(.text+0x8e9): undefined reference to `cv::Mat::~Mat()'
/usr/bin/ld: report_img.cpp:(.text+0x916): undefined reference to `cv::Mat::Mat()'
/usr/bin/ld: report_img.cpp:(.text+0x9ca): undefined reference to `cv::undistort(cv::_InputArray const&, cv::_OutputArray const&, cv::_InputArray const&, cv::_InputArray const&, cv::_InputArray const&)'
/usr/bin/ld: report_img.cpp:(.text+0xa4e): undefined reference to `cv::Mat::operator=(cv::Mat&&)'
/usr/bin/ld: report_img.cpp:(.text+0xa5d): undefined reference to `cv::Mat::~Mat()'
/usr/bin/ld: report_img.cpp:(.text+0xa6c): undefined reference to `cv::Mat::empty() const'
/usr/bin/ld: report_img.cpp:(.text+0xab9): undefined reference to `cv::aruco::getPredefinedDictionary(cv::aruco::PREDEFINED_DICTIONARY_NAME)'
/usr/bin/ld: report_img.cpp:(.text+0xae6): undefined reference to `cv::Mat::Mat()'
/usr/bin/ld: report_img.cpp:(.text+0xb38): undefined reference to `cv::cvtColor(cv::_InputArray const&, cv::_OutputArray const&, int, int)'
/usr/bin/ld: report_img.cpp:(.text+0xba1): undefined reference to `cv::equalizeHist(cv::_InputArray const&, cv::_OutputArray const&)'
/usr/bin/ld: report_img.cpp:(.text+0xbc4): undefined reference to `cv::noArray()'
/usr/bin/ld: report_img.cpp:(.text+0xbcc): undefined reference to `cv::noArray()'
/usr/bin/ld: report_img.cpp:(.text+0xbd8): undefined reference to `cv::noArray()'
/usr/bin/ld: report_img.cpp:(.text+0xbee): undefined reference to `cv::aruco::DetectorParameters::create()'
/usr/bin/ld: report_img.cpp:(.text+0xc75): undefined reference to `cv::aruco::detectMarkers(cv::_InputArray const&, cv::Ptr<cv::aruco::Dictionary> const&, cv::_OutputArray const&, cv::_OutputArray const&, cv::Ptr<cv::aruco::DetectorParameters> const&, cv::_OutputArray const&, cv::_InputArray const&, cv::_InputArray const&)'
/usr/bin/ld: report_img.cpp:(.text+0x124e): undefined reference to `cv::Mat::Mat()'
/usr/bin/ld: report_img.cpp:(.text+0x125d): undefined reference to `cv::Mat::Mat()'
/usr/bin/ld: report_img.cpp:(.text+0x132f): undefined reference to `cv::solvePnP(cv::_InputArray const&, cv::_InputArray const&, cv::_InputArray const&, cv::_InputArray const&, cv::_OutputArray const&, cv::_OutputArray const&, bool, int)'
/usr/bin/ld: report_img.cpp:(.text+0x139c): undefined reference to `cv::Mat::Mat()'
/usr/bin/ld: report_img.cpp:(.text+0x13a1): undefined reference to `cv::noArray()'
/usr/bin/ld: report_img.cpp:(.text+0x13f2): undefined reference to `cv::Rodrigues(cv::_InputArray const&, cv::_OutputArray const&, cv::_OutputArray const&)'
/usr/bin/ld: report_img.cpp:(.text+0x1429): undefined reference to `cv::Mat::t() const'
/usr/bin/ld: report_img.cpp:(.text+0x151f): undefined reference to `cv::Mat::Mat(cv::Mat&&)'
/usr/bin/ld: report_img.cpp:(.text+0x1556): undefined reference to `cv::operator-(cv::Mat const&)'
/usr/bin/ld: report_img.cpp:(.text+0x1576): undefined reference to `cv::operator*(cv::MatExpr const&, cv::Mat const&)'
/usr/bin/ld: report_img.cpp:(.text+0x16c4): undefined reference to `cv::imread(std::__cxx11::basic_string<char, std::char_traits<char>, std::allocator<char> > const&, int)'
/usr/bin/ld: report_img.cpp:(.text+0x1705): undefined reference to `cv::noArray()'
/usr/bin/ld: report_img.cpp:(.text+0x170d): undefined reference to `cv::noArray()'
/usr/bin/ld: report_img.cpp:(.text+0x1715): undefined reference to `cv::noArray()'
/usr/bin/ld: report_img.cpp:(.text+0x1727): undefined reference to `cv::aruco::DetectorParameters::create()'
/usr/bin/ld: report_img.cpp:(.text+0x17a6): undefined reference to `cv::aruco::detectMarkers(cv::_InputArray const&, cv::Ptr<cv::aruco::Dictionary> const&, cv::_OutputArray const&, cv::_OutputArray const&, cv::Ptr<cv::aruco::DetectorParameters> const&, cv::_OutputArray const&, cv::_InputArray const&, cv::_InputArray const&)'
/usr/bin/ld: report_img.cpp:(.text+0x1ad0): undefined reference to `cv::Mat::Mat()'
/usr/bin/ld: report_img.cpp:(.text+0x1adf): undefined reference to `cv::Mat::Mat()'
/usr/bin/ld: report_img.cpp:(.text+0x1bb1): undefined reference to `cv::solvePnP(cv::_InputArray const&, cv::_InputArray const&, cv::_InputArray const&, cv::_InputArray const&, cv::_OutputArray const&, cv::_OutputArray const&, bool, int)'
/usr/bin/ld: report_img.cpp:(.text+0x1c1e): undefined reference to `cv::Mat::Mat()'
/usr/bin/ld: report_img.cpp:(.text+0x1c23): undefined reference to `cv::noArray()'
/usr/bin/ld: report_img.cpp:(.text+0x1c74): undefined reference to `cv::Rodrigues(cv::_InputArray const&, cv::_OutputArray const&, cv::_OutputArray const&)'
/usr/bin/ld: report_img.cpp:(.text+0x1d60): undefined reference to `cv::Mat::Mat(cv::Mat&&)'
/usr/bin/ld: report_img.cpp:(.text+0x1d9e): undefined reference to `cv::operator*(cv::Mat const&, cv::Mat const&)'
/usr/bin/ld: report_img.cpp:(.text+0x1dbe): undefined reference to `cv::operator+(cv::MatExpr const&, cv::Mat const&)'
/usr/bin/ld: report_img.cpp:(.text+0x1ff2): undefined reference to `cv::noArray()'
/usr/bin/ld: report_img.cpp:(.text+0x20ce): undefined reference to `cv::projectPoints(cv::_InputArray const&, cv::_InputArray const&, cv::_InputArray const&, cv::_InputArray const&, cv::_InputArray const&, cv::_OutputArray const&, cv::_OutputArray const&, double)'
/usr/bin/ld: report_img.cpp:(.text+0x21cc): undefined reference to `cv::circle(cv::_InputOutputArray const&, cv::Point_<int>, int, cv::Scalar_<double> const&, int, int, int)'
/usr/bin/ld: report_img.cpp:(.text+0x2287): undefined reference to `cv::circle(cv::_InputOutputArray const&, cv::Point_<int>, int, cv::Scalar_<double> const&, int, int, int)'
/usr/bin/ld: report_img.cpp:(.text+0x2315): undefined reference to `cv::resize(cv::_InputArray const&, cv::_OutputArray const&, cv::Size_<int>, double, double, int)'
/usr/bin/ld: report_img.cpp:(.text+0x2394): undefined reference to `cv::imshow(std::__cxx11::basic_string<char, std::char_traits<char>, std::allocator<char> > const&, cv::_InputArray const&)'
/usr/bin/ld: report_img.cpp:(.text+0x23cb): undefined reference to `cv::waitKey(int)'
/usr/bin/ld: report_img.cpp:(.text+0x23d0): undefined reference to `cv::destroyAllWindows()'
/usr/bin/ld: report_img.cpp:(.text+0x2402): undefined reference to `cv::Mat::~Mat()'
/usr/bin/ld: report_img.cpp:(.text+0x2411): undefined reference to `cv::Mat::~Mat()'
/usr/bin/ld: report_img.cpp:(.text+0x2420): undefined reference to `cv::Mat::~Mat()'
/usr/bin/ld: report_img.cpp:(.text+0x242f): undefined reference to `cv::Mat::~Mat()'
/usr/bin/ld: report_img.cpp:(.text+0x243e): undefined reference to `cv::Mat::~Mat()'
/usr/bin/ld: CMakeFiles/report_img.dir/src/report_img.cpp.o:report_img.cpp:(.text+0x2498): more undefined references to `cv::Mat::~Mat()' follow
/usr/bin/ld: CMakeFiles/report_img.dir/src/report_img.cpp.o: in function `cv::Mat::operator()(cv::Rect_<int> const&) const':
report_img.cpp:(.text._ZNK2cv3MatclERKNS_5Rect_IiEE[_ZNK2cv3MatclERKNS_5Rect_IiEE]+0x2b): undefined reference to `cv::Mat::Mat(cv::Mat const&, cv::Rect_<int> const&)'
/usr/bin/ld: CMakeFiles/report_img.dir/src/report_img.cpp.o: in function `cv::MatConstIterator::MatConstIterator(cv::Mat const*)':
report_img.cpp:(.text._ZN2cv16MatConstIteratorC2EPKNS_3MatE[_ZN2cv16MatConstIteratorC5EPKNS_3MatE]+0xa5): undefined reference to `cv::Mat::empty() const'
/usr/bin/ld: report_img.cpp:(.text._ZN2cv16MatConstIteratorC2EPKNS_3MatE[_ZN2cv16MatConstIteratorC5EPKNS_3MatE]+0xfa): undefined reference to `cv::error(int, std::__cxx11::basic_string<char, std::char_traits<char>, std::allocator<char> > const&, char const*, char const*, int)'
/usr/bin/ld: report_img.cpp:(.text._ZN2cv16MatConstIteratorC2EPKNS_3MatE[_ZN2cv16MatConstIteratorC5EPKNS_3MatE]+0x12d): undefined reference to `cv::Mat::total() const'
/usr/bin/ld: report_img.cpp:(.text._ZN2cv16MatConstIteratorC2EPKNS_3MatE[_ZN2cv16MatConstIteratorC5EPKNS_3MatE]+0x15b): undefined reference to `cv::MatConstIterator::seek(int const*, bool)'
/usr/bin/ld: CMakeFiles/report_img.dir/src/report_img.cpp.o: in function `cv::MatConstIterator::operator++()':
report_img.cpp:(.text._ZN2cv16MatConstIteratorppEv[_ZN2cv16MatConstIteratorppEv]+0x8c): undefined reference to `cv::MatConstIterator::seek(long, bool)'
/usr/bin/ld: CMakeFiles/report_img.dir/src/report_img.cpp.o: in function `cv::MatExpr::operator cv::Mat() const':
report_img.cpp:(.text._ZNK2cv7MatExprcvNS_3MatEEv[_ZNK2cv7MatExprcvNS_3MatEEv]+0x1d): undefined reference to `cv::Mat::Mat()'
/usr/bin/ld: report_img.cpp:(.text._ZNK2cv7MatExprcvNS_3MatEEv[_ZNK2cv7MatExprcvNS_3MatEEv]+0x5d): undefined reference to `cv::Mat::~Mat()'
/usr/bin/ld: CMakeFiles/report_img.dir/src/report_img.cpp.o: in function `cv::Mat_<double>::~Mat_()':
report_img.cpp:(.text._ZN2cv4Mat_IdED2Ev[_ZN2cv4Mat_IdED5Ev]+0x18): undefined reference to `cv::Mat::~Mat()'
/usr/bin/ld: CMakeFiles/report_img.dir/src/report_img.cpp.o: in function `cv::MatExpr::~MatExpr()':
report_img.cpp:(.text._ZN2cv7MatExprD2Ev[_ZN2cv7MatExprD5Ev]+0x1e): undefined reference to `cv::Mat::~Mat()'
/usr/bin/ld: report_img.cpp:(.text._ZN2cv7MatExprD2Ev[_ZN2cv7MatExprD5Ev]+0x2e): undefined reference to `cv::Mat::~Mat()'
/usr/bin/ld: report_img.cpp:(.text._ZN2cv7MatExprD2Ev[_ZN2cv7MatExprD5Ev]+0x3e): undefined reference to `cv::Mat::~Mat()'
/usr/bin/ld: CMakeFiles/report_img.dir/src/report_img.cpp.o: in function `cv::Mat_<double>::Mat_(int, int)':
report_img.cpp:(.text._ZN2cv4Mat_IdEC2Eii[_ZN2cv4Mat_IdEC5Eii]+0x29): undefined reference to `cv::Mat::Mat(int, int, int)'
/usr/bin/ld: CMakeFiles/report_img.dir/src/report_img.cpp.o: in function `cv::Mat_<double>::Mat_(cv::Mat const&)':
report_img.cpp:(.text._ZN2cv4Mat_IdEC2ERKNS_3MatE[_ZN2cv4Mat_IdEC5ERKNS_3MatE]+0x1d): undefined reference to `cv::Mat::Mat()'
/usr/bin/ld: report_img.cpp:(.text._ZN2cv4Mat_IdEC2ERKNS_3MatE[_ZN2cv4Mat_IdEC5ERKNS_3MatE]+0x59): undefined reference to `cv::Mat::~Mat()'
/usr/bin/ld: CMakeFiles/report_img.dir/src/report_img.cpp.o: in function `cv::Mat_<double>::operator=(cv::Mat const&)':
report_img.cpp:(.text._ZN2cv4Mat_IdEaSERKNS_3MatE[_ZN2cv4Mat_IdEaSERKNS_3MatE]+0x38): undefined reference to `cv::Mat::empty() const'
/usr/bin/ld: report_img.cpp:(.text._ZN2cv4Mat_IdEaSERKNS_3MatE[_ZN2cv4Mat_IdEaSERKNS_3MatE]+0x89): undefined reference to `cv::Mat::operator=(cv::Mat const&)'
/usr/bin/ld: report_img.cpp:(.text._ZN2cv4Mat_IdEaSERKNS_3MatE[_ZN2cv4Mat_IdEaSERKNS_3MatE]+0xd8): undefined reference to `cv::Mat::reshape(int, int, int const*) const'
/usr/bin/ld: report_img.cpp:(.text._ZN2cv4Mat_IdEaSERKNS_3MatE[_ZN2cv4Mat_IdEaSERKNS_3MatE]+0xfe): undefined reference to `cv::Mat::~Mat()'
/usr/bin/ld: report_img.cpp:(.text._ZN2cv4Mat_IdEaSERKNS_3MatE[_ZN2cv4Mat_IdEaSERKNS_3MatE]+0x126): undefined reference to `cv::Mat::empty() const'
/usr/bin/ld: report_img.cpp:(.text._ZN2cv4Mat_IdEaSERKNS_3MatE[_ZN2cv4Mat_IdEaSERKNS_3MatE]+0x18e): undefined reference to `cv::error(int, std::__cxx11::basic_string<char, std::char_traits<char>, std::allocator<char> > const&, char const*, char const*, int)'
/usr/bin/ld: report_img.cpp:(.text._ZN2cv4Mat_IdEaSERKNS_3MatE[_ZN2cv4Mat_IdEaSERKNS_3MatE]+0x1e3): undefined reference to `cv::Mat::convertTo(cv::_OutputArray const&, int, double, double) const'
/usr/bin/ld: report_img.cpp:(.text._ZN2cv4Mat_IdEaSERKNS_3MatE[_ZN2cv4Mat_IdEaSERKNS_3MatE]+0x220): undefined reference to `cv::Mat::~Mat()'
/usr/bin/ld: CMakeFiles/report_img.dir/src/report_img.cpp.o: in function `cv::Mat_<double>::release()':
report_img.cpp:(.text._ZN2cv4Mat_IdE7releaseEv[_ZN2cv4Mat_IdE7releaseEv]+0x18): undefined reference to `cv::Mat::release()'
/usr/bin/ld: CMakeFiles/report_img.dir/src/report_img.cpp.o: in function `cv::Mat_<double>::operator=(cv::Mat&&)':
report_img.cpp:(.text._ZN2cv4Mat_IdEaSEONS_3MatE[_ZN2cv4Mat_IdEaSEONS_3MatE]+0x38): undefined reference to `cv::Mat::empty() const'
/usr/bin/ld: report_img.cpp:(.text._ZN2cv4Mat_IdEaSEONS_3MatE[_ZN2cv4Mat_IdEaSEONS_3MatE]+0x89): undefined reference to `cv::Mat::operator=(cv::Mat&&)'
/usr/bin/ld: report_img.cpp:(.text._ZN2cv4Mat_IdEaSEONS_3MatE[_ZN2cv4Mat_IdEaSEONS_3MatE]+0xdf): undefined reference to `cv::Mat::reshape(int, int, int const*) const'
/usr/bin/ld: report_img.cpp:(.text._ZN2cv4Mat_IdEaSEONS_3MatE[_ZN2cv4Mat_IdEaSEONS_3MatE]+0xee): undefined reference to `cv::Mat::operator=(cv::Mat&&)'
/usr/bin/ld: report_img.cpp:(.text._ZN2cv4Mat_IdEaSEONS_3MatE[_ZN2cv4Mat_IdEaSEONS_3MatE]+0xfa): undefined reference to `cv::Mat::~Mat()'
/usr/bin/ld: report_img.cpp:(.text._ZN2cv4Mat_IdEaSEONS_3MatE[_ZN2cv4Mat_IdEaSEONS_3MatE]+0x158): undefined reference to `cv::Mat::convertTo(cv::_OutputArray const&, int, double, double) const'
/usr/bin/ld: report_img.cpp:(.text._ZN2cv4Mat_IdEaSEONS_3MatE[_ZN2cv4Mat_IdEaSEONS_3MatE]+0x192): undefined reference to `cv::Mat::~Mat()'
collect2: error: ld returned 1 exit status
gmake[2]: *** [CMakeFiles/report_img.dir/build.make:97: report_img] Error 1
gmake[1]: *** [CMakeFiles/Makefile2:165: CMakeFiles/report_img.dir/all] Error 2
gmake[1]: *** Waiting for unfinished jobs....
[100%] [32m[1mLinking CXX executable robot_position[0m
[100%] Built target robot_position
gmake: *** [Makefile:146: all] Error 2
