[0.061s] Invoking command in '/wolvi/build/cam_pos_detection': CMAKE_PREFIX_PATH=${CMAKE_PREFIX_PATH}:/opt/ros/humble /usr/bin/cmake /wolvi/src/cam_pos_detection -DCMAKE_INSTALL_PREFIX=/wolvi/install/cam_pos_detection
[0.228s] -- The C compiler identification is GNU 11.4.0
[0.341s] -- The CXX compiler identification is GNU 11.4.0
[0.358s] -- Detecting C compiler ABI info
[0.497s] -- Detecting C compiler ABI info - done
[0.510s] -- Check for working C compiler: /usr/bin/cc - skipped
[0.511s] -- Detecting C compile features
[0.512s] -- Detecting C compile features - done
[0.516s] -- Detecting CXX compiler ABI info
[0.653s] -- Detecting CXX compiler ABI info - done
[0.666s] -- Check for working CXX compiler: /usr/bin/c++ - skipped
[0.666s] -- Detecting CXX compile features
[0.667s] -- Detecting CXX compile features - done
[0.671s] -- Found ament_cmake: 1.3.11 (/opt/ros/humble/share/ament_cmake/cmake)
[0.916s] -- Found Python3: /usr/bin/python3 (found version "3.10.12") found components: Interpreter 
[1.070s] -- Found rclcpp: 16.0.12 (/opt/ros/humble/share/rclcpp/cmake)
[1.139s] -- Found rosidl_generator_c: 3.1.6 (/opt/ros/humble/share/rosidl_generator_c/cmake)
[1.146s] -- Found rosidl_adapter: 3.1.6 (/opt/ros/humble/share/rosidl_adapter/cmake)
[1.159s] -- Found rosidl_generator_cpp: 3.1.6 (/opt/ros/humble/share/rosidl_generator_cpp/cmake)
[1.180s] -- Using all available rosidl_typesupport_c: rosidl_typesupport_fastrtps_c;rosidl_typesupport_introspection_c
[1.204s] -- Using all available rosidl_typesupport_cpp: rosidl_typesupport_fastrtps_cpp;rosidl_typesupport_introspection_cpp
[1.268s] -- Found rmw_implementation_cmake: 6.1.2 (/opt/ros/humble/share/rmw_implementation_cmake/cmake)
[1.272s] -- Found rmw_fastrtps_cpp: 6.2.7 (/opt/ros/humble/share/rmw_fastrtps_cpp/cmake)
[1.479s] -- Found OpenSSL: /usr/lib/x86_64-linux-gnu/libcrypto.so (found version "3.0.2")  
[1.539s] -- Found FastRTPS: /opt/ros/humble/include  
[1.630s] -- Using RMW implementation 'rmw_fastrtps_cpp' as default
[1.645s] -- Looking for pthread.h
[1.799s] -- Looking for pthread.h - found
[1.800s] -- Performing Test CMAKE_HAVE_LIBC_PTHREAD
[1.956s] -- Performing Test CMAKE_HAVE_LIBC_PTHREAD - Success
[1.958s] -- Found Threads: TRUE  
[2.037s] -- Found sensor_msgs: 4.9.0 (/opt/ros/humble/share/sensor_msgs/cmake)
[2.092s] -- Found OpenCV: /usr (found version "4.5.4") 
[2.096s] -- Found cv_bridge: 3.2.1 (/opt/ros/humble/share/cv_bridge/cmake)
[2.103s] -- Found rosidl_default_generators: 1.2.0 (/opt/ros/humble/share/rosidl_default_generators/cmake)
[2.122s] -- Found ament_lint_auto: 0.12.12 (/opt/ros/humble/share/ament_lint_auto/cmake)
[2.252s] -- Added test 'cppcheck' to perform static code analysis on C / C++ code
[2.252s] -- Configured cppcheck include dirs: $<BUILD_INTERFACE:/wolvi/src/cam_pos_detection/include>
[2.252s] -- Configured cppcheck exclude dirs and/or files: 
[2.253s] -- Added test 'lint_cmake' to check CMake code style
[2.255s] -- Added test 'uncrustify' to check C / C++ code style
[2.255s] -- Configured uncrustify additional arguments: 
[2.256s] -- Added test 'xmllint' to check XML markup files
[2.258s] -- Configuring done
[2.286s] -- Generating done
[2.293s] -- Build files have been written to: /wolvi/build/cam_pos_detection
[2.317s] Invoked command in '/wolvi/build/cam_pos_detection' returned '0': CMAKE_PREFIX_PATH=${CMAKE_PREFIX_PATH}:/opt/ros/humble /usr/bin/cmake /wolvi/src/cam_pos_detection -DCMAKE_INSTALL_PREFIX=/wolvi/install/cam_pos_detection
[2.320s] Invoking command in '/wolvi/build/cam_pos_detection': CMAKE_PREFIX_PATH=${CMAKE_PREFIX_PATH}:/opt/ros/humble /usr/bin/cmake --build /wolvi/build/cam_pos_detection -- -j16 -l16
[2.413s] [ 14%] [32mBuilding CXX object CMakeFiles/report_img.dir/src/report_img.cpp.o[0m
[2.414s] [ 42%] [32mBuilding CXX object CMakeFiles/robot_position.dir/src/image_processor.cpp.o[0m
[2.414s] [ 42%] [32mBuilding CXX object CMakeFiles/robot_position.dir/src/aruco_detector.cpp.o[0m
[2.414s] [ 57%] [32mBuilding CXX object CMakeFiles/robot_position.dir/src/robot_position_node.cpp.o[0m
[2.415s] [ 71%] [32mBuilding CXX object CMakeFiles/robot_position.dir/src/pose_calculator.cpp.o[0m
[5.548s] [ 85%] [32m[1mLinking CXX executable report_img[0m
[5.665s] /usr/bin/ld: CMakeFiles/report_img.dir/src/report_img.cpp.o: in function `parse_camera_matrix(std::istream&)':
[5.665s] report_img.cpp:(.text+0x47): undefined reference to `cv::Mat::Mat(int, int, int)'
[5.666s] /usr/bin/ld: report_img.cpp:(.text+0x3b6): undefined reference to `cv::Mat::~Mat()'
[5.666s] /usr/bin/ld: CMakeFiles/report_img.dir/src/report_img.cpp.o: in function `parse_dist_coeffs(std::istream&)':
[5.666s] report_img.cpp:(.text+0x41e): undefined reference to `cv::Mat::Mat(int, int, int)'
[5.666s] /usr/bin/ld: report_img.cpp:(.text+0x684): undefined reference to `cv::Mat::~Mat()'
[5.667s] /usr/bin/ld: CMakeFiles/report_img.dir/src/report_img.cpp.o: in function `main':
[5.667s] report_img.cpp:(.text+0x721): undefined reference to `cv::imread(std::__cxx11::basic_string<char, std::char_traits<char>, std::allocator<char> > const&, int)'
[5.667s] /usr/bin/ld: report_img.cpp:(.text+0x7f2): undefined reference to `cv::Mat::Mat()'
[5.667s] /usr/bin/ld: report_img.cpp:(.text+0x8bd): undefined reference to `cv::getOptimalNewCameraMatrix(cv::_InputArray const&, cv::_InputArray const&, cv::Size_<int>, double, cv::Size_<int>, cv::Rect_<int>*, bool)'
[5.667s] /usr/bin/ld: report_img.cpp:(.text+0x8da): undefined reference to `cv::Mat::operator=(cv::Mat&&)'
[5.668s] /usr/bin/ld: report_img.cpp:(.text+0x8e9): undefined reference to `cv::Mat::~Mat()'
[5.668s] /usr/bin/ld: report_img.cpp:(.text+0x916): undefined reference to `cv::Mat::Mat()'
[5.668s] /usr/bin/ld: report_img.cpp:(.text+0x9ca): undefined reference to `cv::undistort(cv::_InputArray const&, cv::_OutputArray const&, cv::_InputArray const&, cv::_InputArray const&, cv::_InputArray const&)'
[5.669s] /usr/bin/ld: report_img.cpp:(.text+0xa4e): undefined reference to `cv::Mat::operator=(cv::Mat&&)'
[5.669s] /usr/bin/ld: report_img.cpp:(.text+0xa5d): undefined reference to `cv::Mat::~Mat()'
[5.669s] /usr/bin/ld: report_img.cpp:(.text+0xa6c): undefined reference to `cv::Mat::empty() const'
[5.669s] /usr/bin/ld: report_img.cpp:(.text+0xab9): undefined reference to `cv::aruco::getPredefinedDictionary(cv::aruco::PREDEFINED_DICTIONARY_NAME)'
[5.670s] /usr/bin/ld: report_img.cpp:(.text+0xae6): undefined reference to `cv::Mat::Mat()'
[5.670s] /usr/bin/ld: report_img.cpp:(.text+0xb38): undefined reference to `cv::cvtColor(cv::_InputArray const&, cv::_OutputArray const&, int, int)'
[5.670s] /usr/bin/ld: report_img.cpp:(.text+0xba1): undefined reference to `cv::equalizeHist(cv::_InputArray const&, cv::_OutputArray const&)'
[5.670s] /usr/bin/ld: report_img.cpp:(.text+0xbc4): undefined reference to `cv::noArray()'
[5.670s] /usr/bin/ld: report_img.cpp:(.text+0xbcc): undefined reference to `cv::noArray()'
[5.671s] /usr/bin/ld: report_img.cpp:(.text+0xbd8): undefined reference to `cv::noArray()'
[5.671s] /usr/bin/ld: report_img.cpp:(.text+0xbee): undefined reference to `cv::aruco::DetectorParameters::create()'
[5.671s] /usr/bin/ld: report_img.cpp:(.text+0xc75): undefined reference to `cv::aruco::detectMarkers(cv::_InputArray const&, cv::Ptr<cv::aruco::Dictionary> const&, cv::_OutputArray const&, cv::_OutputArray const&, cv::Ptr<cv::aruco::DetectorParameters> const&, cv::_OutputArray const&, cv::_InputArray const&, cv::_InputArray const&)'
[5.671s] /usr/bin/ld: report_img.cpp:(.text+0x124e): undefined reference to `cv::Mat::Mat()'
[5.671s] /usr/bin/ld: report_img.cpp:(.text+0x125d): undefined reference to `cv::Mat::Mat()'
[5.671s] /usr/bin/ld: report_img.cpp:(.text+0x132f): undefined reference to `cv::solvePnP(cv::_InputArray const&, cv::_InputArray const&, cv::_InputArray const&, cv::_InputArray const&, cv::_OutputArray const&, cv::_OutputArray const&, bool, int)'
[5.671s] /usr/bin/ld: report_img.cpp:(.text+0x139c): undefined reference to `cv::Mat::Mat()'
[5.672s] /usr/bin/ld: report_img.cpp:(.text+0x13a1): undefined reference to `cv::noArray()'
[5.672s] /usr/bin/ld: report_img.cpp:(.text+0x13f2): undefined reference to `cv::Rodrigues(cv::_InputArray const&, cv::_OutputArray const&, cv::_OutputArray const&)'
[5.672s] /usr/bin/ld: report_img.cpp:(.text+0x1429): undefined reference to `cv::Mat::t() const'
[5.672s] /usr/bin/ld: report_img.cpp:(.text+0x151f): undefined reference to `cv::Mat::Mat(cv::Mat&&)'
[5.672s] /usr/bin/ld: report_img.cpp:(.text+0x1556): undefined reference to `cv::operator-(cv::Mat const&)'
[5.672s] /usr/bin/ld: report_img.cpp:(.text+0x1576): undefined reference to `cv::operator*(cv::MatExpr const&, cv::Mat const&)'
[5.672s] /usr/bin/ld: report_img.cpp:(.text+0x16c4): undefined reference to `cv::imread(std::__cxx11::basic_string<char, std::char_traits<char>, std::allocator<char> > const&, int)'
[5.672s] /usr/bin/ld: report_img.cpp:(.text+0x1705): undefined reference to `cv::noArray()'
[5.673s] /usr/bin/ld: report_img.cpp:(.text+0x170d): undefined reference to `cv::noArray()'
[5.673s] /usr/bin/ld: report_img.cpp:(.text+0x1715): undefined reference to `cv::noArray()'
[5.673s] /usr/bin/ld: report_img.cpp:(.text+0x1727): undefined reference to `cv::aruco::DetectorParameters::create()'
[5.673s] /usr/bin/ld: report_img.cpp:(.text+0x17a6): undefined reference to `cv::aruco::detectMarkers(cv::_InputArray const&, cv::Ptr<cv::aruco::Dictionary> const&, cv::_OutputArray const&, cv::_OutputArray const&, cv::Ptr<cv::aruco::DetectorParameters> const&, cv::_OutputArray const&, cv::_InputArray const&, cv::_InputArray const&)'
[5.673s] /usr/bin/ld: report_img.cpp:(.text+0x1ad0): undefined reference to `cv::Mat::Mat()'
[5.673s] /usr/bin/ld: report_img.cpp:(.text+0x1adf): undefined reference to `cv::Mat::Mat()'
[5.673s] /usr/bin/ld: report_img.cpp:(.text+0x1bb1): undefined reference to `cv::solvePnP(cv::_InputArray const&, cv::_InputArray const&, cv::_InputArray const&, cv::_InputArray const&, cv::_OutputArray const&, cv::_OutputArray const&, bool, int)'
[5.673s] /usr/bin/ld: report_img.cpp:(.text+0x1c1e): undefined reference to `cv::Mat::Mat()'
[5.674s] /usr/bin/ld: report_img.cpp:(.text+0x1c23): undefined reference to `cv::noArray()'
[5.674s] /usr/bin/ld: report_img.cpp:(.text+0x1c74): undefined reference to `cv::Rodrigues(cv::_InputArray const&, cv::_OutputArray const&, cv::_OutputArray const&)'
[5.674s] /usr/bin/ld: report_img.cpp:(.text+0x1d60): undefined reference to `cv::Mat::Mat(cv::Mat&&)'
[5.674s] /usr/bin/ld: report_img.cpp:(.text+0x1d9e): undefined reference to `cv::operator*(cv::Mat const&, cv::Mat const&)'
[5.674s] /usr/bin/ld: report_img.cpp:(.text+0x1dbe): undefined reference to `cv::operator+(cv::MatExpr const&, cv::Mat const&)'
[5.674s] /usr/bin/ld: report_img.cpp:(.text+0x1ff2): undefined reference to `cv::noArray()'
[5.674s] /usr/bin/ld: report_img.cpp:(.text+0x20ce): undefined reference to `cv::projectPoints(cv::_InputArray const&, cv::_InputArray const&, cv::_InputArray const&, cv::_InputArray const&, cv::_InputArray const&, cv::_OutputArray const&, cv::_OutputArray const&, double)'
[5.674s] /usr/bin/ld: report_img.cpp:(.text+0x21cc): undefined reference to `cv::circle(cv::_InputOutputArray const&, cv::Point_<int>, int, cv::Scalar_<double> const&, int, int, int)'
[5.675s] /usr/bin/ld: report_img.cpp:(.text+0x2287): undefined reference to `cv::circle(cv::_InputOutputArray const&, cv::Point_<int>, int, cv::Scalar_<double> const&, int, int, int)'
[5.675s] /usr/bin/ld: report_img.cpp:(.text+0x2315): undefined reference to `cv::resize(cv::_InputArray const&, cv::_OutputArray const&, cv::Size_<int>, double, double, int)'
[5.675s] /usr/bin/ld: report_img.cpp:(.text+0x2394): undefined reference to `cv::imshow(std::__cxx11::basic_string<char, std::char_traits<char>, std::allocator<char> > const&, cv::_InputArray const&)'
[5.675s] /usr/bin/ld: report_img.cpp:(.text+0x23cb): undefined reference to `cv::waitKey(int)'
[5.675s] /usr/bin/ld: report_img.cpp:(.text+0x23d0): undefined reference to `cv::destroyAllWindows()'
[5.675s] /usr/bin/ld: report_img.cpp:(.text+0x2402): undefined reference to `cv::Mat::~Mat()'
[5.675s] /usr/bin/ld: report_img.cpp:(.text+0x2411): undefined reference to `cv::Mat::~Mat()'
[5.676s] /usr/bin/ld: report_img.cpp:(.text+0x2420): undefined reference to `cv::Mat::~Mat()'
[5.676s] /usr/bin/ld: report_img.cpp:(.text+0x242f): undefined reference to `cv::Mat::~Mat()'
[5.676s] /usr/bin/ld: report_img.cpp:(.text+0x243e): undefined reference to `cv::Mat::~Mat()'
[5.676s] /usr/bin/ld: CMakeFiles/report_img.dir/src/report_img.cpp.o:report_img.cpp:(.text+0x2498): more undefined references to `cv::Mat::~Mat()' follow
[5.676s] /usr/bin/ld: CMakeFiles/report_img.dir/src/report_img.cpp.o: in function `cv::Mat::operator()(cv::Rect_<int> const&) const':
[5.676s] report_img.cpp:(.text._ZNK2cv3MatclERKNS_5Rect_IiEE[_ZNK2cv3MatclERKNS_5Rect_IiEE]+0x2b): undefined reference to `cv::Mat::Mat(cv::Mat const&, cv::Rect_<int> const&)'
[5.676s] /usr/bin/ld: CMakeFiles/report_img.dir/src/report_img.cpp.o: in function `cv::MatConstIterator::MatConstIterator(cv::Mat const*)':
[5.676s] report_img.cpp:(.text._ZN2cv16MatConstIteratorC2EPKNS_3MatE[_ZN2cv16MatConstIteratorC5EPKNS_3MatE]+0xa5): undefined reference to `cv::Mat::empty() const'
[5.676s] /usr/bin/ld: report_img.cpp:(.text._ZN2cv16MatConstIteratorC2EPKNS_3MatE[_ZN2cv16MatConstIteratorC5EPKNS_3MatE]+0xfa): undefined reference to `cv::error(int, std::__cxx11::basic_string<char, std::char_traits<char>, std::allocator<char> > const&, char const*, char const*, int)'
[5.677s] /usr/bin/ld: report_img.cpp:(.text._ZN2cv16MatConstIteratorC2EPKNS_3MatE[_ZN2cv16MatConstIteratorC5EPKNS_3MatE]+0x12d): undefined reference to `cv::Mat::total() const'
[5.677s] /usr/bin/ld: report_img.cpp:(.text._ZN2cv16MatConstIteratorC2EPKNS_3MatE[_ZN2cv16MatConstIteratorC5EPKNS_3MatE]+0x15b): undefined reference to `cv::MatConstIterator::seek(int const*, bool)'
[5.677s] /usr/bin/ld: CMakeFiles/report_img.dir/src/report_img.cpp.o: in function `cv::MatConstIterator::operator++()':
[5.677s] report_img.cpp:(.text._ZN2cv16MatConstIteratorppEv[_ZN2cv16MatConstIteratorppEv]+0x8c): undefined reference to `cv::MatConstIterator::seek(long, bool)'
[5.677s] /usr/bin/ld: CMakeFiles/report_img.dir/src/report_img.cpp.o: in function `cv::MatExpr::operator cv::Mat() const':
[5.677s] report_img.cpp:(.text._ZNK2cv7MatExprcvNS_3MatEEv[_ZNK2cv7MatExprcvNS_3MatEEv]+0x1d): undefined reference to `cv::Mat::Mat()'
[5.677s] /usr/bin/ld: report_img.cpp:(.text._ZNK2cv7MatExprcvNS_3MatEEv[_ZNK2cv7MatExprcvNS_3MatEEv]+0x5d): undefined reference to `cv::Mat::~Mat()'
[5.677s] /usr/bin/ld: CMakeFiles/report_img.dir/src/report_img.cpp.o: in function `cv::Mat_<double>::~Mat_()':
[5.677s] report_img.cpp:(.text._ZN2cv4Mat_IdED2Ev[_ZN2cv4Mat_IdED5Ev]+0x18): undefined reference to `cv::Mat::~Mat()'
[5.677s] /usr/bin/ld: CMakeFiles/report_img.dir/src/report_img.cpp.o: in function `cv::MatExpr::~MatExpr()':
[5.677s] report_img.cpp:(.text._ZN2cv7MatExprD2Ev[_ZN2cv7MatExprD5Ev]+0x1e): undefined reference to `cv::Mat::~Mat()'
[5.677s] /usr/bin/ld: report_img.cpp:(.text._ZN2cv7MatExprD2Ev[_ZN2cv7MatExprD5Ev]+0x2e): undefined reference to `cv::Mat::~Mat()'
[5.677s] /usr/bin/ld: report_img.cpp:(.text._ZN2cv7MatExprD2Ev[_ZN2cv7MatExprD5Ev]+0x3e): undefined reference to `cv::Mat::~Mat()'
[5.677s] /usr/bin/ld: CMakeFiles/report_img.dir/src/report_img.cpp.o: in function `cv::Mat_<double>::Mat_(int, int)':
[5.678s] report_img.cpp:(.text._ZN2cv4Mat_IdEC2Eii[_ZN2cv4Mat_IdEC5Eii]+0x29): undefined reference to `cv::Mat::Mat(int, int, int)'
[5.678s] /usr/bin/ld: CMakeFiles/report_img.dir/src/report_img.cpp.o: in function `cv::Mat_<double>::Mat_(cv::Mat const&)':
[5.678s] report_img.cpp:(.text._ZN2cv4Mat_IdEC2ERKNS_3MatE[_ZN2cv4Mat_IdEC5ERKNS_3MatE]+0x1d): undefined reference to `cv::Mat::Mat()'
[5.678s] /usr/bin/ld: report_img.cpp:(.text._ZN2cv4Mat_IdEC2ERKNS_3MatE[_ZN2cv4Mat_IdEC5ERKNS_3MatE]+0x59): undefined reference to `cv::Mat::~Mat()'
[5.678s] /usr/bin/ld: CMakeFiles/report_img.dir/src/report_img.cpp.o: in function `cv::Mat_<double>::operator=(cv::Mat const&)':
[5.678s] report_img.cpp:(.text._ZN2cv4Mat_IdEaSERKNS_3MatE[_ZN2cv4Mat_IdEaSERKNS_3MatE]+0x38): undefined reference to `cv::Mat::empty() const'
[5.678s] /usr/bin/ld: report_img.cpp:(.text._ZN2cv4Mat_IdEaSERKNS_3MatE[_ZN2cv4Mat_IdEaSERKNS_3MatE]+0x89): undefined reference to `cv::Mat::operator=(cv::Mat const&)'
[5.678s] /usr/bin/ld: report_img.cpp:(.text._ZN2cv4Mat_IdEaSERKNS_3MatE[_ZN2cv4Mat_IdEaSERKNS_3MatE]+0xd8): undefined reference to `cv::Mat::reshape(int, int, int const*) const'
[5.678s] /usr/bin/ld: report_img.cpp:(.text._ZN2cv4Mat_IdEaSERKNS_3MatE[_ZN2cv4Mat_IdEaSERKNS_3MatE]+0xfe): undefined reference to `cv::Mat::~Mat()'
[5.678s] /usr/bin/ld: report_img.cpp:(.text._ZN2cv4Mat_IdEaSERKNS_3MatE[_ZN2cv4Mat_IdEaSERKNS_3MatE]+0x126): undefined reference to `cv::Mat::empty() const'
[5.678s] /usr/bin/ld: report_img.cpp:(.text._ZN2cv4Mat_IdEaSERKNS_3MatE[_ZN2cv4Mat_IdEaSERKNS_3MatE]+0x18e): undefined reference to `cv::error(int, std::__cxx11::basic_string<char, std::char_traits<char>, std::allocator<char> > const&, char const*, char const*, int)'
[5.678s] /usr/bin/ld: report_img.cpp:(.text._ZN2cv4Mat_IdEaSERKNS_3MatE[_ZN2cv4Mat_IdEaSERKNS_3MatE]+0x1e3): undefined reference to `cv::Mat::convertTo(cv::_OutputArray const&, int, double, double) const'
[5.678s] /usr/bin/ld: report_img.cpp:(.text._ZN2cv4Mat_IdEaSERKNS_3MatE[_ZN2cv4Mat_IdEaSERKNS_3MatE]+0x220): undefined reference to `cv::Mat::~Mat()'
[5.678s] /usr/bin/ld: CMakeFiles/report_img.dir/src/report_img.cpp.o: in function `cv::Mat_<double>::release()':
[5.678s] report_img.cpp:(.text._ZN2cv4Mat_IdE7releaseEv[_ZN2cv4Mat_IdE7releaseEv]+0x18): undefined reference to `cv::Mat::release()'
[5.678s] /usr/bin/ld: CMakeFiles/report_img.dir/src/report_img.cpp.o: in function `cv::Mat_<double>::operator=(cv::Mat&&)':
[5.679s] report_img.cpp:(.text._ZN2cv4Mat_IdEaSEONS_3MatE[_ZN2cv4Mat_IdEaSEONS_3MatE]+0x38): undefined reference to `cv::Mat::empty() const'
[5.679s] /usr/bin/ld: report_img.cpp:(.text._ZN2cv4Mat_IdEaSEONS_3MatE[_ZN2cv4Mat_IdEaSEONS_3MatE]+0x89): undefined reference to `cv::Mat::operator=(cv::Mat&&)'
[5.679s] /usr/bin/ld: report_img.cpp:(.text._ZN2cv4Mat_IdEaSEONS_3MatE[_ZN2cv4Mat_IdEaSEONS_3MatE]+0xdf): undefined reference to `cv::Mat::reshape(int, int, int const*) const'
[5.679s] /usr/bin/ld: report_img.cpp:(.text._ZN2cv4Mat_IdEaSEONS_3MatE[_ZN2cv4Mat_IdEaSEONS_3MatE]+0xee): undefined reference to `cv::Mat::operator=(cv::Mat&&)'
[5.679s] /usr/bin/ld: report_img.cpp:(.text._ZN2cv4Mat_IdEaSEONS_3MatE[_ZN2cv4Mat_IdEaSEONS_3MatE]+0xfa): undefined reference to `cv::Mat::~Mat()'
[5.679s] /usr/bin/ld: report_img.cpp:(.text._ZN2cv4Mat_IdEaSEONS_3MatE[_ZN2cv4Mat_IdEaSEONS_3MatE]+0x158): undefined reference to `cv::Mat::convertTo(cv::_OutputArray const&, int, double, double) const'
[5.679s] /usr/bin/ld: report_img.cpp:(.text._ZN2cv4Mat_IdEaSEONS_3MatE[_ZN2cv4Mat_IdEaSEONS_3MatE]+0x192): undefined reference to `cv::Mat::~Mat()'
[5.680s] collect2: error: ld returned 1 exit status
[5.684s] gmake[2]: *** [CMakeFiles/report_img.dir/build.make:97: report_img] Error 1
[5.685s] gmake[1]: *** [CMakeFiles/Makefile2:165: CMakeFiles/report_img.dir/all] Error 2
[5.685s] gmake[1]: *** Waiting for unfinished jobs....
[14.922s] [100%] [32m[1mLinking CXX executable robot_position[0m
[16.150s] [100%] Built target robot_position
[16.153s] gmake: *** [Makefile:146: all] Error 2
[16.159s] Invoked command in '/wolvi/build/cam_pos_detection' returned '2': CMAKE_PREFIX_PATH=${CMAKE_PREFIX_PATH}:/opt/ros/humble /usr/bin/cmake --build /wolvi/build/cam_pos_detection -- -j16 -l16
