Built target ament_cmake_python_copy_controller
running egg_info
writing controller.egg-info/PKG-INFO
writing dependency_links to controller.egg-info/dependency_links.txt
writing top-level names to controller.egg-info/top_level.txt
reading manifest file 'controller.egg-info/SOURCES.txt'
writing manifest file 'controller.egg-info/SOURCES.txt'
Built target ament_cmake_python_build_controller_egg
-- Install configuration: ""
-- Up-to-date: /wolvi/install/controller/share/controller/environment/pythonpath.sh
-- Up-to-date: /wolvi/install/controller/share/controller/environment/pythonpath.dsv
-- Up-to-date: /wolvi/install/controller/local/lib/python3.10/dist-packages/controller-0.0.0-py3.10.egg-info
-- Installing: /wolvi/install/controller/local/lib/python3.10/dist-packages/controller-0.0.0-py3.10.egg-info/top_level.txt
-- Installing: /wolvi/install/controller/local/lib/python3.10/dist-packages/controller-0.0.0-py3.10.egg-info/dependency_links.txt
-- Installing: /wolvi/install/controller/local/lib/python3.10/dist-packages/controller-0.0.0-py3.10.egg-info/SOURCES.txt
-- Installing: /wolvi/install/controller/local/lib/python3.10/dist-packages/controller-0.0.0-py3.10.egg-info/PKG-INFO
-- Up-to-date: /wolvi/install/controller/local/lib/python3.10/dist-packages/controller
-- Up-to-date: /wolvi/install/controller/local/lib/python3.10/dist-packages/controller/__init__.py
Listing '/wolvi/install/controller/local/lib/python3.10/dist-packages/controller'...
-- Up-to-date: /wolvi/install/controller/lib/controller/controller_node.py
-- Installing: /wolvi/install/controller/lib/controller/first_driver.py
-- Up-to-date: /wolvi/install/controller/lib/controller/differential_drive.py
