[0.022s] Invoking command in '/wolvi/build/controller': BYOBU_DATE=%Y-%m-%d CMAKE_PREFIX_PATH=/wolvi/install/utils:/wolvi/install/controller:/wolvi/install/robot_bringup:/wolvi/install/localization:/opt/ros/humble /usr/bin/cmake --build /wolvi/build/controller -- -j16 -l16
[0.137s] Built target ament_cmake_python_copy_controller
[0.362s] running egg_info
[0.363s] writing controller.egg-info/PKG-INFO
[0.364s] writing dependency_links to controller.egg-info/dependency_links.txt
[0.364s] writing top-level names to controller.egg-info/top_level.txt
[0.367s] reading manifest file 'controller.egg-info/SOURCES.txt'
[0.367s] writing manifest file 'controller.egg-info/SOURCES.txt'
[0.406s] Built target ament_cmake_python_build_controller_egg
[0.428s] Invoked command in '/wolvi/build/controller' returned '0': BYOBU_DATE=%Y-%m-%d CMAKE_PREFIX_PATH=/wolvi/install/utils:/wolvi/install/controller:/wolvi/install/robot_bringup:/wolvi/install/localization:/opt/ros/humble /usr/bin/cmake --build /wolvi/build/controller -- -j16 -l16
[0.431s] Invoking command in '/wolvi/build/controller': BYOBU_DATE=%Y-%m-%d CMAKE_PREFIX_PATH=/wolvi/install/utils:/wolvi/install/controller:/wolvi/install/robot_bringup:/wolvi/install/localization:/opt/ros/humble /usr/bin/cmake --install /wolvi/build/controller
[0.445s] -- Install configuration: ""
[0.445s] -- Up-to-date: /wolvi/install/controller/share/controller/environment/pythonpath.sh
[0.446s] -- Up-to-date: /wolvi/install/controller/share/controller/environment/pythonpath.dsv
[0.446s] -- Up-to-date: /wolvi/install/controller/local/lib/python3.10/dist-packages/controller-0.0.0-py3.10.egg-info
[0.446s] -- Installing: /wolvi/install/controller/local/lib/python3.10/dist-packages/controller-0.0.0-py3.10.egg-info/top_level.txt
[0.446s] -- Installing: /wolvi/install/controller/local/lib/python3.10/dist-packages/controller-0.0.0-py3.10.egg-info/dependency_links.txt
[0.447s] -- Installing: /wolvi/install/controller/local/lib/python3.10/dist-packages/controller-0.0.0-py3.10.egg-info/SOURCES.txt
[0.447s] -- Installing: /wolvi/install/controller/local/lib/python3.10/dist-packages/controller-0.0.0-py3.10.egg-info/PKG-INFO
[0.447s] -- Up-to-date: /wolvi/install/controller/local/lib/python3.10/dist-packages/controller
[0.447s] -- Up-to-date: /wolvi/install/controller/local/lib/python3.10/dist-packages/controller/__init__.py
[0.486s] Listing '/wolvi/install/controller/local/lib/python3.10/dist-packages/controller'...
[0.494s] -- Up-to-date: /wolvi/install/controller/lib/controller/controller_node.py
[0.495s] -- Installing: /wolvi/install/controller/lib/controller/first_driver.py
[0.495s] -- Up-to-date: /wolvi/install/controller/lib/controller/differential_drive.py
[0.495s] [31mCMake Error at cmake_install.cmake:70 (file):
[0.495s]   file INSTALL cannot find
[0.495s]   "/wolvi/src/controller/scripts/serial_communication.py": No such file or
[0.495s]   directory.
[0.495s] 
[0.495s] [0m
[0.497s] Invoked command in '/wolvi/build/controller' returned '1': BYOBU_DATE=%Y-%m-%d CMAKE_PREFIX_PATH=/wolvi/install/utils:/wolvi/install/controller:/wolvi/install/robot_bringup:/wolvi/install/localization:/opt/ros/humble /usr/bin/cmake --install /wolvi/build/controller
