[0.101s] DEBUG:colcon:Command line arguments: ['/usr/bin/colcon', 'build']
[0.101s] DEBUG:colcon:Parsed command line arguments: Namespace(log_base=None, log_level=None, verb_name='build', build_base='build', install_base='install', merge_install=False, symlink_install=False, test_result_base=None, continue_on_error=False, executor='parallel', parallel_workers=16, event_handlers=None, ignore_user_meta=False, metas=['./colcon.meta'], base_paths=['.'], packages_ignore=None, packages_ignore_regex=None, paths=None, packages_up_to=None, packages_up_to_regex=None, packages_above=None, packages_above_and_dependencies=None, packages_above_depth=None, packages_select_by_dep=None, packages_skip_by_dep=None, packages_skip_up_to=None, packages_select_build_failed=False, packages_skip_build_finished=False, packages_select_test_failures=False, packages_skip_test_passed=False, packages_select=None, packages_skip=None, packages_select_regex=None, packages_skip_regex=None, packages_start=None, packages_end=None, cmake_args=None, cmake_target=None, cmake_target_skip_unavailable=False, cmake_clean_cache=False, cmake_clean_first=False, cmake_force_configure=False, ament_cmake_args=None, catkin_cmake_args=None, catkin_skip_building_tests=False, mixin_files=None, mixin=None, verb_parser=<colcon_mixin.mixin.mixin_argument.MixinArgumentDecorator object at 0x7fca2b8afaf0>, verb_extension=<colcon_core.verb.build.BuildVerb object at 0x7fca2b8af4f0>, main=<bound method BuildVerb.main of <colcon_core.verb.build.BuildVerb object at 0x7fca2b8af4f0>>, mixin_verb=('build',))
[0.222s] Level 1:colcon.colcon_core.package_discovery:discover_packages(colcon_meta) check parameters
[0.223s] INFO:colcon.colcon_metadata.package_discovery.colcon_meta:Using configuration from '/root/.colcon/metadata/default/Gazebo.meta'
[0.223s] INFO:colcon.colcon_metadata.package_discovery.colcon_meta:Using configuration from '/root/.colcon/metadata/default/fastdds.meta'
[0.224s] INFO:colcon.colcon_metadata.package_discovery.colcon_meta:Using configuration from '/root/.colcon/metadata/default/fastrtps.meta'
[0.224s] Level 1:colcon.colcon_core.package_discovery:discover_packages(recursive) check parameters
[0.224s] Level 1:colcon.colcon_core.package_discovery:discover_packages(ignore) check parameters
[0.224s] Level 1:colcon.colcon_core.package_discovery:discover_packages(path) check parameters
[0.224s] Level 1:colcon.colcon_core.package_discovery:discover_packages(colcon_meta) discover
[0.224s] Level 1:colcon.colcon_core.package_discovery:discover_packages(recursive) discover
[0.224s] INFO:colcon.colcon_core.package_discovery:Crawling recursively for packages in '/wolvi'
[0.224s] Level 1:colcon.colcon_core.package_identification:_identify(.) by extensions ['ignore', 'ignore_ament_install']
[0.224s] Level 1:colcon.colcon_core.package_identification:_identify(.) by extension 'ignore'
[0.224s] Level 1:colcon.colcon_core.package_identification:_identify(.) by extension 'ignore_ament_install'
[0.224s] Level 1:colcon.colcon_core.package_identification:_identify(.) by extensions ['colcon_pkg']
[0.224s] Level 1:colcon.colcon_core.package_identification:_identify(.) by extension 'colcon_pkg'
[0.224s] Level 1:colcon.colcon_core.package_identification:_identify(.) by extensions ['colcon_meta']
[0.224s] Level 1:colcon.colcon_core.package_identification:_identify(.) by extension 'colcon_meta'
[0.224s] Level 1:colcon.colcon_core.package_identification:_identify(.) by extensions ['ros']
[0.224s] Level 1:colcon.colcon_core.package_identification:_identify(.) by extension 'ros'
[0.233s] Level 1:colcon.colcon_core.package_identification:_identify(.) by extensions ['cmake', 'python']
[0.233s] Level 1:colcon.colcon_core.package_identification:_identify(.) by extension 'cmake'
[0.233s] Level 1:colcon.colcon_core.package_identification:_identify(.) by extension 'python'
[0.233s] Level 1:colcon.colcon_core.package_identification:_identify(.) by extensions ['python_setup_py']
[0.234s] Level 1:colcon.colcon_core.package_identification:_identify(.) by extension 'python_setup_py'
[0.234s] Level 1:colcon.colcon_core.package_identification:_identify(build) by extensions ['ignore', 'ignore_ament_install']
[0.234s] Level 1:colcon.colcon_core.package_identification:_identify(build) by extension 'ignore'
[0.234s] Level 1:colcon.colcon_core.package_identification:_identify(build) ignored
[0.234s] Level 1:colcon.colcon_core.package_identification:_identify(install) by extensions ['ignore', 'ignore_ament_install']
[0.234s] Level 1:colcon.colcon_core.package_identification:_identify(install) by extension 'ignore'
[0.234s] Level 1:colcon.colcon_core.package_identification:_identify(install) ignored
[0.234s] Level 1:colcon.colcon_core.package_identification:_identify(log) by extensions ['ignore', 'ignore_ament_install']
[0.234s] Level 1:colcon.colcon_core.package_identification:_identify(log) by extension 'ignore'
[0.234s] Level 1:colcon.colcon_core.package_identification:_identify(log) ignored
[0.234s] Level 1:colcon.colcon_core.package_identification:_identify(src) by extensions ['ignore', 'ignore_ament_install']
[0.234s] Level 1:colcon.colcon_core.package_identification:_identify(src) by extension 'ignore'
[0.234s] Level 1:colcon.colcon_core.package_identification:_identify(src) by extension 'ignore_ament_install'
[0.234s] Level 1:colcon.colcon_core.package_identification:_identify(src) by extensions ['colcon_pkg']
[0.234s] Level 1:colcon.colcon_core.package_identification:_identify(src) by extension 'colcon_pkg'
[0.234s] Level 1:colcon.colcon_core.package_identification:_identify(src) by extensions ['colcon_meta']
[0.234s] Level 1:colcon.colcon_core.package_identification:_identify(src) by extension 'colcon_meta'
[0.234s] Level 1:colcon.colcon_core.package_identification:_identify(src) by extensions ['ros']
[0.234s] Level 1:colcon.colcon_core.package_identification:_identify(src) by extension 'ros'
[0.235s] Level 1:colcon.colcon_core.package_identification:_identify(src) by extensions ['cmake', 'python']
[0.235s] Level 1:colcon.colcon_core.package_identification:_identify(src) by extension 'cmake'
[0.235s] Level 1:colcon.colcon_core.package_identification:_identify(src) by extension 'python'
[0.235s] Level 1:colcon.colcon_core.package_identification:_identify(src) by extensions ['python_setup_py']
[0.235s] Level 1:colcon.colcon_core.package_identification:_identify(src) by extension 'python_setup_py'
[0.235s] Level 1:colcon.colcon_core.package_identification:_identify(src/controller) by extensions ['ignore', 'ignore_ament_install']
[0.235s] Level 1:colcon.colcon_core.package_identification:_identify(src/controller) by extension 'ignore'
[0.235s] Level 1:colcon.colcon_core.package_identification:_identify(src/controller) by extension 'ignore_ament_install'
[0.235s] Level 1:colcon.colcon_core.package_identification:_identify(src/controller) by extensions ['colcon_pkg']
[0.235s] Level 1:colcon.colcon_core.package_identification:_identify(src/controller) by extension 'colcon_pkg'
[0.235s] Level 1:colcon.colcon_core.package_identification:_identify(src/controller) by extensions ['colcon_meta']
[0.235s] Level 1:colcon.colcon_core.package_identification:_identify(src/controller) by extension 'colcon_meta'
[0.235s] Level 1:colcon.colcon_core.package_identification:_identify(src/controller) by extensions ['ros']
[0.235s] Level 1:colcon.colcon_core.package_identification:_identify(src/controller) by extension 'ros'
[0.237s] DEBUG:colcon.colcon_core.package_identification:Package 'src/controller' with type 'ros.ament_cmake' and name 'controller'
[0.237s] Level 1:colcon.colcon_core.package_identification:_identify(src/gazebo) by extensions ['ignore', 'ignore_ament_install']
[0.237s] Level 1:colcon.colcon_core.package_identification:_identify(src/gazebo) by extension 'ignore'
[0.237s] Level 1:colcon.colcon_core.package_identification:_identify(src/gazebo) by extension 'ignore_ament_install'
[0.237s] Level 1:colcon.colcon_core.package_identification:_identify(src/gazebo) by extensions ['colcon_pkg']
[0.237s] Level 1:colcon.colcon_core.package_identification:_identify(src/gazebo) by extension 'colcon_pkg'
[0.237s] Level 1:colcon.colcon_core.package_identification:_identify(src/gazebo) by extensions ['colcon_meta']
[0.237s] Level 1:colcon.colcon_core.package_identification:_identify(src/gazebo) by extension 'colcon_meta'
[0.237s] Level 1:colcon.colcon_core.package_identification:_identify(src/gazebo) by extensions ['ros']
[0.237s] Level 1:colcon.colcon_core.package_identification:_identify(src/gazebo) by extension 'ros'
[0.237s] Level 1:colcon.colcon_core.package_identification:_identify(src/gazebo) by extensions ['cmake', 'python']
[0.238s] Level 1:colcon.colcon_core.package_identification:_identify(src/gazebo) by extension 'cmake'
[0.238s] Level 1:colcon.colcon_core.package_identification:_identify(src/gazebo) by extension 'python'
[0.238s] Level 1:colcon.colcon_core.package_identification:_identify(src/gazebo) by extensions ['python_setup_py']
[0.238s] Level 1:colcon.colcon_core.package_identification:_identify(src/gazebo) by extension 'python_setup_py'
[0.238s] Level 1:colcon.colcon_core.package_identification:_identify(src/gazebo/robot_bringup) by extensions ['ignore', 'ignore_ament_install']
[0.238s] Level 1:colcon.colcon_core.package_identification:_identify(src/gazebo/robot_bringup) by extension 'ignore'
[0.238s] Level 1:colcon.colcon_core.package_identification:_identify(src/gazebo/robot_bringup) by extension 'ignore_ament_install'
[0.238s] Level 1:colcon.colcon_core.package_identification:_identify(src/gazebo/robot_bringup) by extensions ['colcon_pkg']
[0.238s] Level 1:colcon.colcon_core.package_identification:_identify(src/gazebo/robot_bringup) by extension 'colcon_pkg'
[0.238s] Level 1:colcon.colcon_core.package_identification:_identify(src/gazebo/robot_bringup) by extensions ['colcon_meta']
[0.238s] Level 1:colcon.colcon_core.package_identification:_identify(src/gazebo/robot_bringup) by extension 'colcon_meta'
[0.238s] Level 1:colcon.colcon_core.package_identification:_identify(src/gazebo/robot_bringup) by extensions ['ros']
[0.238s] Level 1:colcon.colcon_core.package_identification:_identify(src/gazebo/robot_bringup) by extension 'ros'
[0.238s] DEBUG:colcon.colcon_core.package_identification:Package 'src/gazebo/robot_bringup' with type 'ros.ament_cmake' and name 'robot_bringup'
[0.239s] Level 1:colcon.colcon_core.package_identification:_identify(src/localization) by extensions ['ignore', 'ignore_ament_install']
[0.239s] Level 1:colcon.colcon_core.package_identification:_identify(src/localization) by extension 'ignore'
[0.239s] Level 1:colcon.colcon_core.package_identification:_identify(src/localization) by extension 'ignore_ament_install'
[0.239s] Level 1:colcon.colcon_core.package_identification:_identify(src/localization) by extensions ['colcon_pkg']
[0.239s] Level 1:colcon.colcon_core.package_identification:_identify(src/localization) by extension 'colcon_pkg'
[0.239s] Level 1:colcon.colcon_core.package_identification:_identify(src/localization) by extensions ['colcon_meta']
[0.239s] Level 1:colcon.colcon_core.package_identification:_identify(src/localization) by extension 'colcon_meta'
[0.239s] Level 1:colcon.colcon_core.package_identification:_identify(src/localization) by extensions ['ros']
[0.239s] Level 1:colcon.colcon_core.package_identification:_identify(src/localization) by extension 'ros'
[0.239s] DEBUG:colcon.colcon_core.package_identification:Package 'src/localization' with type 'ros.ament_cmake' and name 'localization'
[0.239s] Level 1:colcon.colcon_core.package_identification:_identify(src/utils) by extensions ['ignore', 'ignore_ament_install']
[0.239s] Level 1:colcon.colcon_core.package_identification:_identify(src/utils) by extension 'ignore'
[0.239s] Level 1:colcon.colcon_core.package_identification:_identify(src/utils) by extension 'ignore_ament_install'
[0.240s] Level 1:colcon.colcon_core.package_identification:_identify(src/utils) by extensions ['colcon_pkg']
[0.240s] Level 1:colcon.colcon_core.package_identification:_identify(src/utils) by extension 'colcon_pkg'
[0.240s] Level 1:colcon.colcon_core.package_identification:_identify(src/utils) by extensions ['colcon_meta']
[0.240s] Level 1:colcon.colcon_core.package_identification:_identify(src/utils) by extension 'colcon_meta'
[0.240s] Level 1:colcon.colcon_core.package_identification:_identify(src/utils) by extensions ['ros']
[0.240s] Level 1:colcon.colcon_core.package_identification:_identify(src/utils) by extension 'ros'
[0.240s] DEBUG:colcon.colcon_core.package_identification:Package 'src/utils' with type 'ros.ament_cmake' and name 'utils'
[0.240s] Level 1:colcon.colcon_core.package_discovery:discover_packages(recursive) using defaults
[0.240s] Level 1:colcon.colcon_core.package_discovery:discover_packages(ignore) discover
[0.240s] Level 1:colcon.colcon_core.package_discovery:discover_packages(ignore) using defaults
[0.240s] Level 1:colcon.colcon_core.package_discovery:discover_packages(path) discover
[0.240s] Level 1:colcon.colcon_core.package_discovery:discover_packages(path) using defaults
[0.256s] Level 5:colcon.colcon_core.verb:set package 'localization' build argument 'cmake_args' from command line to 'None'
[0.256s] Level 5:colcon.colcon_core.verb:set package 'localization' build argument 'cmake_target' from command line to 'None'
[0.256s] Level 5:colcon.colcon_core.verb:set package 'localization' build argument 'cmake_target_skip_unavailable' from command line to 'False'
[0.256s] Level 5:colcon.colcon_core.verb:set package 'localization' build argument 'cmake_clean_cache' from command line to 'False'
[0.256s] Level 5:colcon.colcon_core.verb:set package 'localization' build argument 'cmake_clean_first' from command line to 'False'
[0.256s] Level 5:colcon.colcon_core.verb:set package 'localization' build argument 'cmake_force_configure' from command line to 'False'
[0.256s] Level 5:colcon.colcon_core.verb:set package 'localization' build argument 'ament_cmake_args' from command line to 'None'
[0.256s] Level 5:colcon.colcon_core.verb:set package 'localization' build argument 'catkin_cmake_args' from command line to 'None'
[0.256s] Level 5:colcon.colcon_core.verb:set package 'localization' build argument 'catkin_skip_building_tests' from command line to 'False'
[0.256s] DEBUG:colcon.colcon_core.verb:Building package 'localization' with the following arguments: {'ament_cmake_args': None, 'build_base': '/wolvi/build/localization', 'catkin_cmake_args': None, 'catkin_skip_building_tests': False, 'cmake_args': None, 'cmake_clean_cache': False, 'cmake_clean_first': False, 'cmake_force_configure': False, 'cmake_target': None, 'cmake_target_skip_unavailable': False, 'install_base': '/wolvi/install/localization', 'merge_install': False, 'path': '/wolvi/src/localization', 'symlink_install': False, 'test_result_base': None}
[0.256s] Level 5:colcon.colcon_core.verb:set package 'robot_bringup' build argument 'cmake_args' from command line to 'None'
[0.257s] Level 5:colcon.colcon_core.verb:set package 'robot_bringup' build argument 'cmake_target' from command line to 'None'
[0.257s] Level 5:colcon.colcon_core.verb:set package 'robot_bringup' build argument 'cmake_target_skip_unavailable' from command line to 'False'
[0.257s] Level 5:colcon.colcon_core.verb:set package 'robot_bringup' build argument 'cmake_clean_cache' from command line to 'False'
[0.257s] Level 5:colcon.colcon_core.verb:set package 'robot_bringup' build argument 'cmake_clean_first' from command line to 'False'
[0.257s] Level 5:colcon.colcon_core.verb:set package 'robot_bringup' build argument 'cmake_force_configure' from command line to 'False'
[0.257s] Level 5:colcon.colcon_core.verb:set package 'robot_bringup' build argument 'ament_cmake_args' from command line to 'None'
[0.257s] Level 5:colcon.colcon_core.verb:set package 'robot_bringup' build argument 'catkin_cmake_args' from command line to 'None'
[0.257s] Level 5:colcon.colcon_core.verb:set package 'robot_bringup' build argument 'catkin_skip_building_tests' from command line to 'False'
[0.257s] DEBUG:colcon.colcon_core.verb:Building package 'robot_bringup' with the following arguments: {'ament_cmake_args': None, 'build_base': '/wolvi/build/robot_bringup', 'catkin_cmake_args': None, 'catkin_skip_building_tests': False, 'cmake_args': None, 'cmake_clean_cache': False, 'cmake_clean_first': False, 'cmake_force_configure': False, 'cmake_target': None, 'cmake_target_skip_unavailable': False, 'install_base': '/wolvi/install/robot_bringup', 'merge_install': False, 'path': '/wolvi/src/gazebo/robot_bringup', 'symlink_install': False, 'test_result_base': None}
[0.257s] Level 5:colcon.colcon_core.verb:set package 'utils' build argument 'cmake_args' from command line to 'None'
[0.257s] Level 5:colcon.colcon_core.verb:set package 'utils' build argument 'cmake_target' from command line to 'None'
[0.257s] Level 5:colcon.colcon_core.verb:set package 'utils' build argument 'cmake_target_skip_unavailable' from command line to 'False'
[0.257s] Level 5:colcon.colcon_core.verb:set package 'utils' build argument 'cmake_clean_cache' from command line to 'False'
[0.257s] Level 5:colcon.colcon_core.verb:set package 'utils' build argument 'cmake_clean_first' from command line to 'False'
[0.257s] Level 5:colcon.colcon_core.verb:set package 'utils' build argument 'cmake_force_configure' from command line to 'False'
[0.257s] Level 5:colcon.colcon_core.verb:set package 'utils' build argument 'ament_cmake_args' from command line to 'None'
[0.257s] Level 5:colcon.colcon_core.verb:set package 'utils' build argument 'catkin_cmake_args' from command line to 'None'
[0.257s] Level 5:colcon.colcon_core.verb:set package 'utils' build argument 'catkin_skip_building_tests' from command line to 'False'
[0.257s] DEBUG:colcon.colcon_core.verb:Building package 'utils' with the following arguments: {'ament_cmake_args': None, 'build_base': '/wolvi/build/utils', 'catkin_cmake_args': None, 'catkin_skip_building_tests': False, 'cmake_args': None, 'cmake_clean_cache': False, 'cmake_clean_first': False, 'cmake_force_configure': False, 'cmake_target': None, 'cmake_target_skip_unavailable': False, 'install_base': '/wolvi/install/utils', 'merge_install': False, 'path': '/wolvi/src/utils', 'symlink_install': False, 'test_result_base': None}
[0.257s] Level 5:colcon.colcon_core.verb:set package 'controller' build argument 'cmake_args' from command line to 'None'
[0.257s] Level 5:colcon.colcon_core.verb:set package 'controller' build argument 'cmake_target' from command line to 'None'
[0.257s] Level 5:colcon.colcon_core.verb:set package 'controller' build argument 'cmake_target_skip_unavailable' from command line to 'False'
[0.257s] Level 5:colcon.colcon_core.verb:set package 'controller' build argument 'cmake_clean_cache' from command line to 'False'
[0.257s] Level 5:colcon.colcon_core.verb:set package 'controller' build argument 'cmake_clean_first' from command line to 'False'
[0.257s] Level 5:colcon.colcon_core.verb:set package 'controller' build argument 'cmake_force_configure' from command line to 'False'
[0.257s] Level 5:colcon.colcon_core.verb:set package 'controller' build argument 'ament_cmake_args' from command line to 'None'
[0.257s] Level 5:colcon.colcon_core.verb:set package 'controller' build argument 'catkin_cmake_args' from command line to 'None'
[0.257s] Level 5:colcon.colcon_core.verb:set package 'controller' build argument 'catkin_skip_building_tests' from command line to 'False'
[0.258s] DEBUG:colcon.colcon_core.verb:Building package 'controller' with the following arguments: {'ament_cmake_args': None, 'build_base': '/wolvi/build/controller', 'catkin_cmake_args': None, 'catkin_skip_building_tests': False, 'cmake_args': None, 'cmake_clean_cache': False, 'cmake_clean_first': False, 'cmake_force_configure': False, 'cmake_target': None, 'cmake_target_skip_unavailable': False, 'install_base': '/wolvi/install/controller', 'merge_install': False, 'path': '/wolvi/src/controller', 'symlink_install': False, 'test_result_base': None}
[0.258s] INFO:colcon.colcon_core.executor:Executing jobs using 'parallel' executor
[0.259s] DEBUG:colcon.colcon_parallel_executor.executor.parallel:run_until_complete
[0.259s] INFO:colcon.colcon_ros.task.ament_cmake.build:Building ROS package in '/wolvi/src/utils' with build type 'ament_cmake'
[0.259s] INFO:colcon.colcon_cmake.task.cmake.build:Building CMake package in '/wolvi/src/utils'
[0.261s] INFO:colcon.colcon_core.plugin_system:Skipping extension 'colcon_core.shell.bat': Not used on non-Windows systems
[0.262s] INFO:colcon.colcon_core.shell:Skip shell extension 'powershell' for command environment: Not usable outside of PowerShell
[0.262s] DEBUG:colcon.colcon_core.shell:Skip shell extension 'dsv' for command environment
[0.266s] INFO:colcon.colcon_ros.task.ament_cmake.build:Building ROS package in '/wolvi/src/localization' with build type 'ament_cmake'
[0.266s] INFO:colcon.colcon_cmake.task.cmake.build:Building CMake package in '/wolvi/src/localization'
[0.266s] INFO:colcon.colcon_core.shell:Skip shell extension 'powershell' for command environment: Not usable outside of PowerShell
[0.266s] DEBUG:colcon.colcon_core.shell:Skip shell extension 'dsv' for command environment
[0.273s] INFO:colcon.colcon_ros.task.ament_cmake.build:Building ROS package in '/wolvi/src/gazebo/robot_bringup' with build type 'ament_cmake'
[0.274s] INFO:colcon.colcon_cmake.task.cmake.build:Building CMake package in '/wolvi/src/gazebo/robot_bringup'
[0.275s] INFO:colcon.colcon_core.shell:Skip shell extension 'powershell' for command environment: Not usable outside of PowerShell
[0.275s] DEBUG:colcon.colcon_core.shell:Skip shell extension 'dsv' for command environment
[0.291s] DEBUG:colcon.colcon_core.event_handler.log_command:Invoking command in '/wolvi/build/utils': BYOBU_DATE=%Y-%m-%d CMAKE_PREFIX_PATH=${CMAKE_PREFIX_PATH}:/opt/ros/humble /usr/bin/cmake --build /wolvi/build/utils -- -j16 -l16
[0.298s] DEBUG:colcon.colcon_core.event_handler.log_command:Invoking command in '/wolvi/build/localization': BYOBU_DATE=%Y-%m-%d CMAKE_PREFIX_PATH=${CMAKE_PREFIX_PATH}:/opt/ros/humble /usr/bin/cmake --build /wolvi/build/localization -- -j16 -l16
[0.303s] DEBUG:colcon.colcon_core.event_handler.log_command:Invoking command in '/wolvi/build/robot_bringup': BYOBU_DATE=%Y-%m-%d CMAKE_PREFIX_PATH=${CMAKE_PREFIX_PATH}:/opt/ros/humble /usr/bin/cmake --build /wolvi/build/robot_bringup -- -j16 -l16
[0.353s] DEBUG:colcon.colcon_core.event_handler.log_command:Invoked command in '/wolvi/build/utils' returned '0': BYOBU_DATE=%Y-%m-%d CMAKE_PREFIX_PATH=${CMAKE_PREFIX_PATH}:/opt/ros/humble /usr/bin/cmake --build /wolvi/build/utils -- -j16 -l16
[0.374s] DEBUG:colcon.colcon_core.event_handler.log_command:Invoking command in '/wolvi/build/utils': BYOBU_DATE=%Y-%m-%d CMAKE_PREFIX_PATH=${CMAKE_PREFIX_PATH}:/opt/ros/humble /usr/bin/cmake --install /wolvi/build/utils
[0.378s] DEBUG:colcon.colcon_core.event_handler.log_command:Invoked command in '/wolvi/build/robot_bringup' returned '0': BYOBU_DATE=%Y-%m-%d CMAKE_PREFIX_PATH=${CMAKE_PREFIX_PATH}:/opt/ros/humble /usr/bin/cmake --build /wolvi/build/robot_bringup -- -j16 -l16
[0.380s] DEBUG:colcon.colcon_core.event_handler.log_command:Invoking command in '/wolvi/build/robot_bringup': BYOBU_DATE=%Y-%m-%d CMAKE_PREFIX_PATH=${CMAKE_PREFIX_PATH}:/opt/ros/humble /usr/bin/cmake --install /wolvi/build/robot_bringup
[0.389s] Level 1:colcon.colcon_core.environment:create_environment_scripts_only(utils)
[0.390s] DEBUG:colcon.colcon_core.event_handler.log_command:Invoked command in '/wolvi/build/utils' returned '0': BYOBU_DATE=%Y-%m-%d CMAKE_PREFIX_PATH=${CMAKE_PREFIX_PATH}:/opt/ros/humble /usr/bin/cmake --install /wolvi/build/utils
[0.391s] Level 1:colcon.colcon_core.environment:checking '/wolvi/install/utils' for CMake module files
[0.392s] Level 1:colcon.colcon_core.environment:checking '/wolvi/install/utils' for CMake config files
[0.392s] Level 1:colcon.colcon_core.shell:create_environment_hook('utils', 'cmake_prefix_path')
[0.392s] INFO:colcon.colcon_core.shell:Creating environment hook '/wolvi/install/utils/share/utils/hook/cmake_prefix_path.ps1'
[0.393s] INFO:colcon.colcon_core.shell:Creating environment descriptor '/wolvi/install/utils/share/utils/hook/cmake_prefix_path.dsv'
[0.395s] INFO:colcon.colcon_core.shell:Creating environment hook '/wolvi/install/utils/share/utils/hook/cmake_prefix_path.sh'
[0.398s] Level 1:colcon.colcon_core.environment:checking '/wolvi/install/utils/lib'
[0.398s] Level 1:colcon.colcon_core.environment:checking '/wolvi/install/utils/bin'
[0.398s] Level 1:colcon.colcon_core.environment:checking '/wolvi/install/utils/lib/pkgconfig/utils.pc'
[0.402s] Level 1:colcon.colcon_core.environment:checking '/wolvi/install/utils/lib/python3.10/site-packages'
[0.402s] Level 1:colcon.colcon_core.environment:checking '/wolvi/install/utils/bin'
[0.402s] INFO:colcon.colcon_core.shell:Creating package script '/wolvi/install/utils/share/utils/package.ps1'
[0.404s] INFO:colcon.colcon_core.shell:Creating package descriptor '/wolvi/install/utils/share/utils/package.dsv'
[0.405s] INFO:colcon.colcon_core.shell:Creating package script '/wolvi/install/utils/share/utils/package.sh'
[0.420s] INFO:colcon.colcon_core.shell:Creating package script '/wolvi/install/utils/share/utils/package.bash'
[0.421s] INFO:colcon.colcon_core.shell:Creating package script '/wolvi/install/utils/share/utils/package.zsh'
[0.421s] Level 1:colcon.colcon_core.environment:create_file_with_runtime_dependencies(/wolvi/install/utils/share/colcon-core/packages/utils)
[0.422s] Level 1:colcon.colcon_core.environment:create_environment_scripts_only(utils)
[0.422s] Level 1:colcon.colcon_core.environment:checking '/wolvi/install/utils' for CMake module files
[0.422s] Level 1:colcon.colcon_core.environment:checking '/wolvi/install/utils' for CMake config files
[0.423s] Level 1:colcon.colcon_core.shell:create_environment_hook('utils', 'cmake_prefix_path')
[0.423s] INFO:colcon.colcon_core.shell:Creating environment hook '/wolvi/install/utils/share/utils/hook/cmake_prefix_path.ps1'
[0.423s] INFO:colcon.colcon_core.shell:Creating environment descriptor '/wolvi/install/utils/share/utils/hook/cmake_prefix_path.dsv'
[0.423s] INFO:colcon.colcon_core.shell:Creating environment hook '/wolvi/install/utils/share/utils/hook/cmake_prefix_path.sh'
[0.424s] Level 1:colcon.colcon_core.environment:checking '/wolvi/install/utils/lib'
[0.424s] Level 1:colcon.colcon_core.environment:checking '/wolvi/install/utils/bin'
[0.424s] Level 1:colcon.colcon_core.environment:checking '/wolvi/install/utils/lib/pkgconfig/utils.pc'
[0.424s] Level 1:colcon.colcon_core.environment:checking '/wolvi/install/utils/lib/python3.10/site-packages'
[0.424s] Level 1:colcon.colcon_core.environment:checking '/wolvi/install/utils/bin'
[0.424s] INFO:colcon.colcon_core.shell:Creating package script '/wolvi/install/utils/share/utils/package.ps1'
[0.425s] INFO:colcon.colcon_core.shell:Creating package descriptor '/wolvi/install/utils/share/utils/package.dsv'
[0.425s] INFO:colcon.colcon_core.shell:Creating package script '/wolvi/install/utils/share/utils/package.sh'
[0.425s] INFO:colcon.colcon_core.shell:Creating package script '/wolvi/install/utils/share/utils/package.bash'
[0.426s] INFO:colcon.colcon_core.shell:Creating package script '/wolvi/install/utils/share/utils/package.zsh'
[0.426s] Level 1:colcon.colcon_core.environment:create_file_with_runtime_dependencies(/wolvi/install/utils/share/colcon-core/packages/utils)
[0.426s] INFO:colcon.colcon_ros.task.ament_cmake.build:Building ROS package in '/wolvi/src/controller' with build type 'ament_cmake'
[0.426s] INFO:colcon.colcon_cmake.task.cmake.build:Building CMake package in '/wolvi/src/controller'
[0.427s] INFO:colcon.colcon_core.shell:Skip shell extension 'powershell' for command environment: Not usable outside of PowerShell
[0.427s] DEBUG:colcon.colcon_core.shell:Skip shell extension 'dsv' for command environment
[0.431s] Level 1:colcon.colcon_core.environment:create_environment_scripts_only(robot_bringup)
[0.431s] Level 1:colcon.colcon_core.environment:checking '/wolvi/install/robot_bringup' for CMake module files
[0.432s] DEBUG:colcon.colcon_core.event_handler.log_command:Invoked command in '/wolvi/build/robot_bringup' returned '0': BYOBU_DATE=%Y-%m-%d CMAKE_PREFIX_PATH=${CMAKE_PREFIX_PATH}:/opt/ros/humble /usr/bin/cmake --install /wolvi/build/robot_bringup
[0.433s] Level 1:colcon.colcon_core.environment:checking '/wolvi/install/robot_bringup' for CMake config files
[0.433s] Level 1:colcon.colcon_core.shell:create_environment_hook('robot_bringup', 'cmake_prefix_path')
[0.433s] INFO:colcon.colcon_core.shell:Creating environment hook '/wolvi/install/robot_bringup/share/robot_bringup/hook/cmake_prefix_path.ps1'
[0.434s] INFO:colcon.colcon_core.shell:Creating environment descriptor '/wolvi/install/robot_bringup/share/robot_bringup/hook/cmake_prefix_path.dsv'
[0.435s] INFO:colcon.colcon_core.shell:Creating environment hook '/wolvi/install/robot_bringup/share/robot_bringup/hook/cmake_prefix_path.sh'
[0.436s] Level 1:colcon.colcon_core.environment:checking '/wolvi/install/robot_bringup/bin'
[0.437s] Level 1:colcon.colcon_core.environment:checking '/wolvi/install/robot_bringup/lib/pkgconfig/robot_bringup.pc'
[0.437s] Level 1:colcon.colcon_core.environment:checking '/wolvi/install/robot_bringup/lib/python3.10/site-packages'
[0.437s] Level 1:colcon.colcon_core.environment:checking '/wolvi/install/robot_bringup/bin'
[0.438s] INFO:colcon.colcon_core.shell:Creating package script '/wolvi/install/robot_bringup/share/robot_bringup/package.ps1'
[0.439s] INFO:colcon.colcon_core.shell:Creating package descriptor '/wolvi/install/robot_bringup/share/robot_bringup/package.dsv'
[0.439s] INFO:colcon.colcon_core.shell:Creating package script '/wolvi/install/robot_bringup/share/robot_bringup/package.sh'
[0.440s] INFO:colcon.colcon_core.shell:Creating package script '/wolvi/install/robot_bringup/share/robot_bringup/package.bash'
[0.441s] INFO:colcon.colcon_core.shell:Creating package script '/wolvi/install/robot_bringup/share/robot_bringup/package.zsh'
[0.441s] Level 1:colcon.colcon_core.environment:create_file_with_runtime_dependencies(/wolvi/install/robot_bringup/share/colcon-core/packages/robot_bringup)
[0.441s] Level 1:colcon.colcon_core.environment:create_environment_scripts_only(robot_bringup)
[0.441s] Level 1:colcon.colcon_core.environment:checking '/wolvi/install/robot_bringup' for CMake module files
[0.442s] Level 1:colcon.colcon_core.environment:checking '/wolvi/install/robot_bringup' for CMake config files
[0.442s] Level 1:colcon.colcon_core.shell:create_environment_hook('robot_bringup', 'cmake_prefix_path')
[0.442s] INFO:colcon.colcon_core.shell:Creating environment hook '/wolvi/install/robot_bringup/share/robot_bringup/hook/cmake_prefix_path.ps1'
[0.442s] INFO:colcon.colcon_core.shell:Creating environment descriptor '/wolvi/install/robot_bringup/share/robot_bringup/hook/cmake_prefix_path.dsv'
[0.443s] INFO:colcon.colcon_core.shell:Creating environment hook '/wolvi/install/robot_bringup/share/robot_bringup/hook/cmake_prefix_path.sh'
[0.443s] Level 1:colcon.colcon_core.environment:checking '/wolvi/install/robot_bringup/bin'
[0.443s] Level 1:colcon.colcon_core.environment:checking '/wolvi/install/robot_bringup/lib/pkgconfig/robot_bringup.pc'
[0.443s] Level 1:colcon.colcon_core.environment:checking '/wolvi/install/robot_bringup/lib/python3.10/site-packages'
[0.443s] Level 1:colcon.colcon_core.environment:checking '/wolvi/install/robot_bringup/bin'
[0.444s] INFO:colcon.colcon_core.shell:Creating package script '/wolvi/install/robot_bringup/share/robot_bringup/package.ps1'
[0.444s] INFO:colcon.colcon_core.shell:Creating package descriptor '/wolvi/install/robot_bringup/share/robot_bringup/package.dsv'
[0.444s] INFO:colcon.colcon_core.shell:Creating package script '/wolvi/install/robot_bringup/share/robot_bringup/package.sh'
[0.445s] INFO:colcon.colcon_core.shell:Creating package script '/wolvi/install/robot_bringup/share/robot_bringup/package.bash'
[0.445s] INFO:colcon.colcon_core.shell:Creating package script '/wolvi/install/robot_bringup/share/robot_bringup/package.zsh'
[0.445s] Level 1:colcon.colcon_core.environment:create_file_with_runtime_dependencies(/wolvi/install/robot_bringup/share/colcon-core/packages/robot_bringup)
[0.449s] DEBUG:colcon.colcon_core.event_handler.log_command:Invoking command in '/wolvi/build/controller': BYOBU_DATE=%Y-%m-%d CMAKE_PREFIX_PATH=/wolvi/install/utils:/wolvi/install/controller:/wolvi/install/robot_bringup:/wolvi/install/localization:/opt/ros/humble /usr/bin/cmake --build /wolvi/build/controller -- -j16 -l16
[0.692s] DEBUG:colcon.colcon_core.event_handler.log_command:Invoked command in '/wolvi/build/localization' returned '0': BYOBU_DATE=%Y-%m-%d CMAKE_PREFIX_PATH=${CMAKE_PREFIX_PATH}:/opt/ros/humble /usr/bin/cmake --build /wolvi/build/localization -- -j16 -l16
[0.696s] DEBUG:colcon.colcon_core.event_handler.log_command:Invoking command in '/wolvi/build/localization': BYOBU_DATE=%Y-%m-%d CMAKE_PREFIX_PATH=${CMAKE_PREFIX_PATH}:/opt/ros/humble /usr/bin/cmake --install /wolvi/build/localization
[0.759s] Level 1:colcon.colcon_core.environment:create_environment_scripts_only(localization)
[0.759s] Level 1:colcon.colcon_core.environment:checking '/wolvi/install/localization' for CMake module files
[0.760s] DEBUG:colcon.colcon_core.event_handler.log_command:Invoked command in '/wolvi/build/localization' returned '0': BYOBU_DATE=%Y-%m-%d CMAKE_PREFIX_PATH=${CMAKE_PREFIX_PATH}:/opt/ros/humble /usr/bin/cmake --install /wolvi/build/localization
[0.761s] Level 1:colcon.colcon_core.environment:checking '/wolvi/install/localization' for CMake config files
[0.762s] Level 1:colcon.colcon_core.shell:create_environment_hook('localization', 'cmake_prefix_path')
[0.762s] INFO:colcon.colcon_core.shell:Creating environment hook '/wolvi/install/localization/share/localization/hook/cmake_prefix_path.ps1'
[0.763s] INFO:colcon.colcon_core.shell:Creating environment descriptor '/wolvi/install/localization/share/localization/hook/cmake_prefix_path.dsv'
[0.765s] INFO:colcon.colcon_core.shell:Creating environment hook '/wolvi/install/localization/share/localization/hook/cmake_prefix_path.sh'
[0.766s] Level 1:colcon.colcon_core.environment:checking '/wolvi/install/localization/bin'
[0.766s] Level 1:colcon.colcon_core.environment:checking '/wolvi/install/localization/lib/pkgconfig/localization.pc'
[0.767s] Level 1:colcon.colcon_core.environment:checking '/wolvi/install/localization/lib/python3.10/site-packages'
[0.767s] Level 1:colcon.colcon_core.environment:checking '/wolvi/install/localization/bin'
[0.768s] INFO:colcon.colcon_core.shell:Creating package script '/wolvi/install/localization/share/localization/package.ps1'
[0.769s] INFO:colcon.colcon_core.shell:Creating package descriptor '/wolvi/install/localization/share/localization/package.dsv'
[0.769s] INFO:colcon.colcon_core.shell:Creating package script '/wolvi/install/localization/share/localization/package.sh'
[0.770s] INFO:colcon.colcon_core.shell:Creating package script '/wolvi/install/localization/share/localization/package.bash'
[0.771s] INFO:colcon.colcon_core.shell:Creating package script '/wolvi/install/localization/share/localization/package.zsh'
[0.771s] Level 1:colcon.colcon_core.environment:create_file_with_runtime_dependencies(/wolvi/install/localization/share/colcon-core/packages/localization)
[0.772s] Level 1:colcon.colcon_core.environment:create_environment_scripts_only(localization)
[0.773s] Level 1:colcon.colcon_core.environment:checking '/wolvi/install/localization' for CMake module files
[0.773s] Level 1:colcon.colcon_core.environment:checking '/wolvi/install/localization' for CMake config files
[0.774s] Level 1:colcon.colcon_core.shell:create_environment_hook('localization', 'cmake_prefix_path')
[0.774s] INFO:colcon.colcon_core.shell:Creating environment hook '/wolvi/install/localization/share/localization/hook/cmake_prefix_path.ps1'
[0.775s] INFO:colcon.colcon_core.shell:Creating environment descriptor '/wolvi/install/localization/share/localization/hook/cmake_prefix_path.dsv'
[0.776s] INFO:colcon.colcon_core.shell:Creating environment hook '/wolvi/install/localization/share/localization/hook/cmake_prefix_path.sh'
[0.776s] Level 1:colcon.colcon_core.environment:checking '/wolvi/install/localization/bin'
[0.776s] Level 1:colcon.colcon_core.environment:checking '/wolvi/install/localization/lib/pkgconfig/localization.pc'
[0.777s] Level 1:colcon.colcon_core.environment:checking '/wolvi/install/localization/lib/python3.10/site-packages'
[0.777s] Level 1:colcon.colcon_core.environment:checking '/wolvi/install/localization/bin'
[0.777s] INFO:colcon.colcon_core.shell:Creating package script '/wolvi/install/localization/share/localization/package.ps1'
[0.778s] INFO:colcon.colcon_core.shell:Creating package descriptor '/wolvi/install/localization/share/localization/package.dsv'
[0.778s] INFO:colcon.colcon_core.shell:Creating package script '/wolvi/install/localization/share/localization/package.sh'
[0.778s] INFO:colcon.colcon_core.shell:Creating package script '/wolvi/install/localization/share/localization/package.bash'
[0.779s] INFO:colcon.colcon_core.shell:Creating package script '/wolvi/install/localization/share/localization/package.zsh'
[0.779s] Level 1:colcon.colcon_core.environment:create_file_with_runtime_dependencies(/wolvi/install/localization/share/colcon-core/packages/localization)
[0.856s] DEBUG:colcon.colcon_core.event_handler.log_command:Invoked command in '/wolvi/build/controller' returned '0': BYOBU_DATE=%Y-%m-%d CMAKE_PREFIX_PATH=/wolvi/install/utils:/wolvi/install/controller:/wolvi/install/robot_bringup:/wolvi/install/localization:/opt/ros/humble /usr/bin/cmake --build /wolvi/build/controller -- -j16 -l16
[0.858s] DEBUG:colcon.colcon_core.event_handler.log_command:Invoking command in '/wolvi/build/controller': BYOBU_DATE=%Y-%m-%d CMAKE_PREFIX_PATH=/wolvi/install/utils:/wolvi/install/controller:/wolvi/install/robot_bringup:/wolvi/install/localization:/opt/ros/humble /usr/bin/cmake --install /wolvi/build/controller
[0.925s] DEBUG:colcon.colcon_core.event_handler.log_command:Invoked command in '/wolvi/build/controller' returned '1': BYOBU_DATE=%Y-%m-%d CMAKE_PREFIX_PATH=/wolvi/install/utils:/wolvi/install/controller:/wolvi/install/robot_bringup:/wolvi/install/localization:/opt/ros/humble /usr/bin/cmake --install /wolvi/build/controller
[0.926s] Level 1:colcon.colcon_core.environment:create_environment_scripts_only(controller)
[0.926s] Level 1:colcon.colcon_core.environment:checking '/wolvi/install/controller' for CMake module files
[0.927s] Level 1:colcon.colcon_core.environment:checking '/wolvi/install/controller' for CMake config files
[0.928s] Level 1:colcon.colcon_core.shell:create_environment_hook('controller', 'cmake_prefix_path')
[0.928s] INFO:colcon.colcon_core.shell:Creating environment hook '/wolvi/install/controller/share/controller/hook/cmake_prefix_path.ps1'
[0.929s] INFO:colcon.colcon_core.shell:Creating environment descriptor '/wolvi/install/controller/share/controller/hook/cmake_prefix_path.dsv'
[0.930s] INFO:colcon.colcon_core.shell:Creating environment hook '/wolvi/install/controller/share/controller/hook/cmake_prefix_path.sh'
[0.931s] Level 1:colcon.colcon_core.environment:checking '/wolvi/install/controller/lib'
[0.932s] Level 1:colcon.colcon_core.environment:checking '/wolvi/install/controller/bin'
[0.932s] Level 1:colcon.colcon_core.environment:checking '/wolvi/install/controller/lib/pkgconfig/controller.pc'
[0.932s] Level 1:colcon.colcon_core.environment:checking '/wolvi/install/controller/lib/python3.10/site-packages'
[0.933s] Level 1:colcon.colcon_core.environment:checking '/wolvi/install/controller/bin'
[0.933s] INFO:colcon.colcon_core.shell:Creating package script '/wolvi/install/controller/share/controller/package.ps1'
[0.935s] INFO:colcon.colcon_core.shell:Creating package descriptor '/wolvi/install/controller/share/controller/package.dsv'
[0.936s] INFO:colcon.colcon_core.shell:Creating package script '/wolvi/install/controller/share/controller/package.sh'
[0.937s] INFO:colcon.colcon_core.shell:Creating package script '/wolvi/install/controller/share/controller/package.bash'
[0.937s] INFO:colcon.colcon_core.shell:Creating package script '/wolvi/install/controller/share/controller/package.zsh'
[0.937s] Level 1:colcon.colcon_core.environment:create_file_with_runtime_dependencies(/wolvi/install/controller/share/colcon-core/packages/controller)
[0.948s] DEBUG:colcon.colcon_parallel_executor.executor.parallel:closing loop
[0.948s] DEBUG:colcon.colcon_parallel_executor.executor.parallel:loop closed
[0.948s] DEBUG:colcon.colcon_parallel_executor.executor.parallel:run_until_complete finished with '1'
[0.949s] DEBUG:colcon.colcon_core.event_reactor:joining thread
[0.960s] INFO:colcon.colcon_core.plugin_system:Skipping extension 'colcon_notification.desktop_notification.notify_send': Could not find 'notify-send'
[0.960s] INFO:colcon.colcon_core.plugin_system:Skipping extension 'colcon_notification.desktop_notification.terminal_notifier': Not used on non-Darwin systems
[0.960s] INFO:colcon.colcon_core.plugin_system:Skipping extension 'colcon_notification.desktop_notification.win32': Not used on non-Windows systems
[0.960s] INFO:colcon.colcon_notification.desktop_notification:Sending desktop notification using 'notify2'
[0.961s] DEBUG:colcon.colcon_notification.desktop_notification.notify2:Failed to initialize notify2: org.freedesktop.DBus.Error.ServiceUnknown: The name org.freedesktop.Notifications was not provided by any .service files
[0.962s] DEBUG:colcon.colcon_core.event_reactor:joined thread
[0.962s] INFO:colcon.colcon_core.shell:Creating prefix script '/wolvi/install/local_setup.ps1'
[0.963s] INFO:colcon.colcon_core.shell:Creating prefix util module '/wolvi/install/_local_setup_util_ps1.py'
[0.965s] INFO:colcon.colcon_core.shell:Creating prefix chain script '/wolvi/install/setup.ps1'
[0.966s] INFO:colcon.colcon_core.shell:Creating prefix script '/wolvi/install/local_setup.sh'
[0.966s] INFO:colcon.colcon_core.shell:Creating prefix util module '/wolvi/install/_local_setup_util_sh.py'
[0.966s] INFO:colcon.colcon_core.shell:Creating prefix chain script '/wolvi/install/setup.sh'
[0.968s] INFO:colcon.colcon_core.shell:Creating prefix script '/wolvi/install/local_setup.bash'
[0.968s] INFO:colcon.colcon_core.shell:Creating prefix chain script '/wolvi/install/setup.bash'
[0.971s] INFO:colcon.colcon_core.shell:Creating prefix script '/wolvi/install/local_setup.zsh'
[0.972s] INFO:colcon.colcon_core.shell:Creating prefix chain script '/wolvi/install/setup.zsh'
