[0.056s] Invoking command in '/wolvi/build/camera_sim': CMAKE_PREFIX_PATH=${CMAKE_PREFIX_PATH}:/opt/ros/humble /usr/bin/cmake /wolvi/src/camera_sim -DCMAKE_INSTALL_PREFIX=/wolvi/install/camera_sim
[0.211s] -- The C compiler identification is GNU 11.4.0
[0.326s] -- The CXX compiler identification is GNU 11.4.0
[0.339s] -- Detecting C compiler ABI info
[0.475s] -- Detecting C compiler ABI info - done
[0.488s] -- Check for working C compiler: /usr/bin/cc - skipped
[0.489s] -- Detecting C compile features
[0.489s] -- Detecting C compile features - done
[0.494s] -- Detecting CXX compiler ABI info
[0.628s] -- Detecting CXX compiler ABI info - done
[0.645s] -- Check for working CXX compiler: /usr/bin/c++ - skipped
[0.646s] -- Detecting CXX compile features
[0.646s] -- Detecting CXX compile features - done
[0.657s] -- Found ament_cmake: 1.3.11 (/opt/ros/humble/share/ament_cmake/cmake)
[0.902s] -- Found Python3: /usr/bin/python3 (found version "3.10.12") found components: Interpreter 
[1.059s] -- Found rclcpp: 16.0.12 (/opt/ros/humble/share/rclcpp/cmake)
[1.124s] -- Found rosidl_generator_c: 3.1.6 (/opt/ros/humble/share/rosidl_generator_c/cmake)
[1.133s] -- Found rosidl_adapter: 3.1.6 (/opt/ros/humble/share/rosidl_adapter/cmake)
[1.148s] -- Found rosidl_generator_cpp: 3.1.6 (/opt/ros/humble/share/rosidl_generator_cpp/cmake)
[1.166s] -- Using all available rosidl_typesupport_c: rosidl_typesupport_fastrtps_c;rosidl_typesupport_introspection_c
[1.190s] -- Using all available rosidl_typesupport_cpp: rosidl_typesupport_fastrtps_cpp;rosidl_typesupport_introspection_cpp
[1.257s] -- Found rmw_implementation_cmake: 6.1.2 (/opt/ros/humble/share/rmw_implementation_cmake/cmake)
[1.261s] -- Found rmw_fastrtps_cpp: 6.2.7 (/opt/ros/humble/share/rmw_fastrtps_cpp/cmake)
[1.465s] -- Found OpenSSL: /usr/lib/x86_64-linux-gnu/libcrypto.so (found version "3.0.2")  
[1.531s] -- Found FastRTPS: /opt/ros/humble/include  
[1.628s] -- Using RMW implementation 'rmw_fastrtps_cpp' as default
[1.641s] -- Looking for pthread.h
[1.770s] -- Looking for pthread.h - found
[1.771s] -- Performing Test CMAKE_HAVE_LIBC_PTHREAD
[1.909s] -- Performing Test CMAKE_HAVE_LIBC_PTHREAD - Success
[1.910s] -- Found Threads: TRUE  
[1.989s] -- Found rclpy: 3.3.16 (/opt/ros/humble/share/rclpy/cmake)
[2.122s] -- Found ament_lint_auto: 0.12.12 (/opt/ros/humble/share/ament_lint_auto/cmake)
[2.256s] -- Added test 'flake8' to check Python code syntax and style conventions
[2.257s] -- Added test 'lint_cmake' to check CMake code style
[2.258s] -- Added test 'pep257' to check Python code against some of the docstring style conventions in PEP 257
[2.261s] -- Added test 'xmllint' to check XML markup files
[2.263s] -- Configuring done
[2.272s] -- Generating done
[2.275s] -- Build files have been written to: /wolvi/build/camera_sim
[2.292s] Invoked command in '/wolvi/build/camera_sim' returned '0': CMAKE_PREFIX_PATH=${CMAKE_PREFIX_PATH}:/opt/ros/humble /usr/bin/cmake /wolvi/src/camera_sim -DCMAKE_INSTALL_PREFIX=/wolvi/install/camera_sim
[2.294s] Invoking command in '/wolvi/build/camera_sim': CMAKE_PREFIX_PATH=${CMAKE_PREFIX_PATH}:/opt/ros/humble /usr/bin/cmake --build /wolvi/build/camera_sim -- -j16 -l16
[2.392s] Built target ament_cmake_python_copy_camera_sim
[2.865s] running egg_info
[2.866s] creating camera_sim.egg-info
[2.866s] writing camera_sim.egg-info/PKG-INFO
[2.867s] writing dependency_links to camera_sim.egg-info/dependency_links.txt
[2.867s] writing top-level names to camera_sim.egg-info/top_level.txt
[2.868s] writing manifest file 'camera_sim.egg-info/SOURCES.txt'
[2.873s] reading manifest file 'camera_sim.egg-info/SOURCES.txt'
[2.874s] writing manifest file 'camera_sim.egg-info/SOURCES.txt'
[2.967s] Built target ament_cmake_python_build_camera_sim_egg
[2.993s] Invoked command in '/wolvi/build/camera_sim' returned '0': CMAKE_PREFIX_PATH=${CMAKE_PREFIX_PATH}:/opt/ros/humble /usr/bin/cmake --build /wolvi/build/camera_sim -- -j16 -l16
[3.011s] Invoking command in '/wolvi/build/camera_sim': CMAKE_PREFIX_PATH=${CMAKE_PREFIX_PATH}:/opt/ros/humble /usr/bin/cmake --install /wolvi/build/camera_sim
[3.023s] -- Install configuration: ""
[3.024s] -- Installing: /wolvi/install/camera_sim/share/camera_sim/environment/pythonpath.sh
[3.024s] -- Installing: /wolvi/install/camera_sim/share/camera_sim/environment/pythonpath.dsv
[3.025s] -- Installing: /wolvi/install/camera_sim/local/lib/python3.10/dist-packages/camera_sim-0.0.0-py3.10.egg-info
[3.025s] -- Installing: /wolvi/install/camera_sim/local/lib/python3.10/dist-packages/camera_sim-0.0.0-py3.10.egg-info/top_level.txt
[3.025s] -- Installing: /wolvi/install/camera_sim/local/lib/python3.10/dist-packages/camera_sim-0.0.0-py3.10.egg-info/dependency_links.txt
[3.025s] -- Installing: /wolvi/install/camera_sim/local/lib/python3.10/dist-packages/camera_sim-0.0.0-py3.10.egg-info/SOURCES.txt
[3.026s] -- Installing: /wolvi/install/camera_sim/local/lib/python3.10/dist-packages/camera_sim-0.0.0-py3.10.egg-info/PKG-INFO
[3.026s] -- Installing: /wolvi/install/camera_sim/local/lib/python3.10/dist-packages/camera_sim
[3.026s] -- Installing: /wolvi/install/camera_sim/local/lib/python3.10/dist-packages/camera_sim/__init__.py
[3.093s] Listing '/wolvi/install/camera_sim/local/lib/python3.10/dist-packages/camera_sim'...
[3.093s] Compiling '/wolvi/install/camera_sim/local/lib/python3.10/dist-packages/camera_sim/__init__.py'...
[3.108s] -- Installing: /wolvi/install/camera_sim/lib/camera_sim/sim_video.py
[3.109s] -- Installing: /wolvi/install/camera_sim/lib/camera_sim/cam_info_node.py
[3.109s] -- Installing: /wolvi/install/camera_sim/lib/camera_sim/sim_photo.py
[3.111s] -- Installing: /wolvi/install/camera_sim/share/ament_index/resource_index/package_run_dependencies/camera_sim
[3.111s] -- Installing: /wolvi/install/camera_sim/share/ament_index/resource_index/parent_prefix_path/camera_sim
[3.111s] -- Installing: /wolvi/install/camera_sim/share/camera_sim/environment/ament_prefix_path.sh
[3.113s] -- Installing: /wolvi/install/camera_sim/share/camera_sim/environment/ament_prefix_path.dsv
[3.113s] -- Installing: /wolvi/install/camera_sim/share/camera_sim/environment/path.sh
[3.113s] -- Installing: /wolvi/install/camera_sim/share/camera_sim/environment/path.dsv
[3.113s] -- Installing: /wolvi/install/camera_sim/share/camera_sim/local_setup.bash
[3.113s] -- Installing: /wolvi/install/camera_sim/share/camera_sim/local_setup.sh
[3.114s] -- Installing: /wolvi/install/camera_sim/share/camera_sim/local_setup.zsh
[3.120s] -- Installing: /wolvi/install/camera_sim/share/camera_sim/local_setup.dsv
[3.120s] -- Installing: /wolvi/install/camera_sim/share/camera_sim/package.dsv
[3.120s] -- Installing: /wolvi/install/camera_sim/share/ament_index/resource_index/packages/camera_sim
[3.120s] -- Installing: /wolvi/install/camera_sim/share/camera_sim/cmake/camera_simConfig.cmake
[3.120s] -- Installing: /wolvi/install/camera_sim/share/camera_sim/cmake/camera_simConfig-version.cmake
[3.120s] -- Installing: /wolvi/install/camera_sim/share/camera_sim/package.xml
[3.122s] Invoked command in '/wolvi/build/camera_sim' returned '0': CMAKE_PREFIX_PATH=${CMAKE_PREFIX_PATH}:/opt/ros/humble /usr/bin/cmake --install /wolvi/build/camera_sim
