[0.051s] Invoking command in '/wolvi/build/robot_bringup': BYOBU_DATE=%Y-%m-%d CMAKE_PREFIX_PATH=${CMAKE_PREFIX_PATH}:/opt/ros/humble /usr/bin/cmake --build /wolvi/build/robot_bringup -- -j16 -l16
[0.127s] Invoked command in '/wolvi/build/robot_bringup' returned '0': BYOBU_DATE=%Y-%m-%d CMAKE_PREFIX_PATH=${CMAKE_PREFIX_PATH}:/opt/ros/humble /usr/bin/cmake --build /wolvi/build/robot_bringup -- -j16 -l16
[0.130s] Invoking command in '/wolvi/build/robot_bringup': BYOBU_DATE=%Y-%m-%d CMAKE_PREFIX_PATH=${CMAKE_PREFIX_PATH}:/opt/ros/humble /usr/bin/cmake --install /wolvi/build/robot_bringup
[0.147s] -- Install configuration: ""
[0.147s] -- Up-to-date: /wolvi/install/robot_bringup/share/robot_bringup//launch
[0.148s] -- Up-to-date: /wolvi/install/robot_bringup/share/robot_bringup//launch/turtlebot4_bringup.launch.py
[0.149s] -- Up-to-date: /wolvi/install/robot_bringup/share/robot_bringup//config
[0.149s] -- Up-to-date: /wolvi/install/robot_bringup/share/robot_bringup//config/config_turltebot4.rviz
[0.155s] -- Up-to-date: /wolvi/install/robot_bringup/share/ament_index/resource_index/package_run_dependencies/robot_bringup
[0.157s] -- Up-to-date: /wolvi/install/robot_bringup/share/ament_index/resource_index/parent_prefix_path/robot_bringup
[0.157s] -- Up-to-date: /wolvi/install/robot_bringup/share/robot_bringup/environment/ament_prefix_path.sh
[0.158s] -- Up-to-date: /wolvi/install/robot_bringup/share/robot_bringup/environment/ament_prefix_path.dsv
[0.159s] -- Up-to-date: /wolvi/install/robot_bringup/share/robot_bringup/environment/path.sh
[0.159s] -- Up-to-date: /wolvi/install/robot_bringup/share/robot_bringup/environment/path.dsv
[0.159s] -- Up-to-date: /wolvi/install/robot_bringup/share/robot_bringup/local_setup.bash
[0.161s] -- Up-to-date: /wolvi/install/robot_bringup/share/robot_bringup/local_setup.sh
[0.161s] -- Up-to-date: /wolvi/install/robot_bringup/share/robot_bringup/local_setup.zsh
[0.162s] -- Up-to-date: /wolvi/install/robot_bringup/share/robot_bringup/local_setup.dsv
[0.163s] -- Installing: /wolvi/install/robot_bringup/share/robot_bringup/package.dsv
[0.163s] -- Up-to-date: /wolvi/install/robot_bringup/share/ament_index/resource_index/packages/robot_bringup
[0.164s] -- Up-to-date: /wolvi/install/robot_bringup/share/robot_bringup/cmake/robot_bringupConfig.cmake
[0.166s] -- Up-to-date: /wolvi/install/robot_bringup/share/robot_bringup/cmake/robot_bringupConfig-version.cmake
[0.167s] -- Up-to-date: /wolvi/install/robot_bringup/share/robot_bringup/package.xml
[0.195s] Invoked command in '/wolvi/build/robot_bringup' returned '0': BYOBU_DATE=%Y-%m-%d CMAKE_PREFIX_PATH=${CMAKE_PREFIX_PATH}:/opt/ros/humble /usr/bin/cmake --install /wolvi/build/robot_bringup
