[0.061s] Invoking command in '/wolvi/build/utils': CMAKE_PREFIX_PATH=${CMAKE_PREFIX_PATH}:/opt/ros/humble /usr/bin/cmake --build /wolvi/build/utils -- -j16 -l16
[0.214s] Invoked command in '/wolvi/build/utils' returned '0': CMAKE_PREFIX_PATH=${CMAKE_PREFIX_PATH}:/opt/ros/humble /usr/bin/cmake --build /wolvi/build/utils -- -j16 -l16
[0.217s] Invoking command in '/wolvi/build/utils': CMAKE_PREFIX_PATH=${CMAKE_PREFIX_PATH}:/opt/ros/humble /usr/bin/cmake --install /wolvi/build/utils
[0.233s] -- Install configuration: ""
[0.233s] -- Up-to-date: /wolvi/install/utils/lib/python3.X/site-packages
[0.233s] -- Up-to-date: /wolvi/install/utils/lib/python3.X/site-packages/__init__.py
[0.234s] -- Up-to-date: /wolvi/install/utils/share/ament_index/resource_index/package_run_dependencies/utils
[0.234s] -- Up-to-date: /wolvi/install/utils/share/ament_index/resource_index/parent_prefix_path/utils
[0.234s] -- Up-to-date: /wolvi/install/utils/share/utils/environment/ament_prefix_path.sh
[0.234s] -- Up-to-date: /wolvi/install/utils/share/utils/environment/ament_prefix_path.dsv
[0.235s] -- Up-to-date: /wolvi/install/utils/share/utils/environment/path.sh
[0.235s] -- Up-to-date: /wolvi/install/utils/share/utils/environment/path.dsv
[0.235s] -- Up-to-date: /wolvi/install/utils/share/utils/local_setup.bash
[0.235s] -- Up-to-date: /wolvi/install/utils/share/utils/local_setup.sh
[0.235s] -- Up-to-date: /wolvi/install/utils/share/utils/local_setup.zsh
[0.235s] -- Up-to-date: /wolvi/install/utils/share/utils/local_setup.dsv
[0.236s] -- Installing: /wolvi/install/utils/share/utils/package.dsv
[0.236s] -- Up-to-date: /wolvi/install/utils/share/ament_index/resource_index/packages/utils
[0.236s] -- Up-to-date: /wolvi/install/utils/share/utils/cmake/utilsConfig.cmake
[0.236s] -- Up-to-date: /wolvi/install/utils/share/utils/cmake/utilsConfig-version.cmake
[0.237s] -- Up-to-date: /wolvi/install/utils/share/utils/package.xml
[0.278s] Invoked command in '/wolvi/build/utils' returned '0': CMAKE_PREFIX_PATH=${CMAKE_PREFIX_PATH}:/opt/ros/humble /usr/bin/cmake --install /wolvi/build/utils
