-- Found ament_cmake: 1.3.11 (/opt/ros/humble/share/ament_cmake/cmake)
-- Found rclcpp: 16.0.12 (/opt/ros/humble/share/rclcpp/cmake)
-- Found rosidl_generator_c: 3.1.6 (/opt/ros/humble/share/rosidl_generator_c/cmake)
-- Found rosidl_adapter: 3.1.6 (/opt/ros/humble/share/rosidl_adapter/cmake)
-- Found rosidl_generator_cpp: 3.1.6 (/opt/ros/humble/share/rosidl_generator_cpp/cmake)
-- Using all available rosidl_typesupport_c: rosidl_typesupport_fastrtps_c;rosidl_typesupport_introspection_c
-- Using all available rosidl_typesupport_cpp: rosidl_typesupport_fastrtps_cpp;rosidl_typesupport_introspection_cpp
-- Found rmw_implementation_cmake: 6.1.2 (/opt/ros/humble/share/rmw_implementation_cmake/cmake)
-- Found rmw_fastrtps_cpp: 6.2.7 (/opt/ros/humble/share/rmw_fastrtps_cpp/cmake)
-- Using RMW implementation 'rmw_fastrtps_cpp' as default
-- Found sensor_msgs: 4.9.0 (/opt/ros/humble/share/sensor_msgs/cmake)
-- Found cv_bridge: 3.2.1 (/opt/ros/humble/share/cv_bridge/cmake)
-- Found rosidl_default_generators: 1.2.0 (/opt/ros/humble/share/rosidl_default_generators/cmake)
-- Found ament_lint_auto: 0.12.12 (/opt/ros/humble/share/ament_lint_auto/cmake)
-- Added test 'cppcheck' to perform static code analysis on C / C++ code
-- Configured cppcheck include dirs: $<BUILD_INTERFACE:/wolvi/src/cam_pos_detection/include>
-- Configured cppcheck exclude dirs and/or files: 
-- Added test 'lint_cmake' to check CMake code style
-- Added test 'uncrustify' to check C / C++ code style
-- Configured uncrustify additional arguments: 
-- Added test 'xmllint' to check XML markup files
-- Configuring done
-- Generating done
-- Build files have been written to: /wolvi/build/cam_pos_detection
[35m[1mConsolidate compiler generated dependencies of target robot_position[0m
[35m[1mConsolidate compiler generated dependencies of target report_img[0m
[ 14%] [32mBuilding CXX object CMakeFiles/report_img.dir/src/report_img.cpp.o[0m
[ 85%] Built target robot_position
[100%] [32m[1mLinking CXX executable report_img[0m
[100%] Built target report_img
-- Install configuration: ""
-- Installing: /wolvi/install/cam_pos_detection/lib/cam_pos_detection/robot_position
-- Set runtime path of "/wolvi/install/cam_pos_detection/lib/cam_pos_detection/robot_position" to ""
-- Installing: /wolvi/install/cam_pos_detection/lib/cam_pos_detection/report_img
-- Installing: /wolvi/install/cam_pos_detection/include/
-- Installing: /wolvi/install/cam_pos_detection/include//cam_pos_detection
-- Installing: /wolvi/install/cam_pos_detection/include//cam_pos_detection/image_processor.h
-- Installing: /wolvi/install/cam_pos_detection/include//cam_pos_detection/pose_calculator.h
-- Installing: /wolvi/install/cam_pos_detection/include//cam_pos_detection/aruco_detector.h
-- Installing: /wolvi/install/cam_pos_detection/share/ament_index/resource_index/package_run_dependencies/cam_pos_detection
-- Installing: /wolvi/install/cam_pos_detection/share/ament_index/resource_index/parent_prefix_path/cam_pos_detection
-- Installing: /wolvi/install/cam_pos_detection/share/cam_pos_detection/environment/ament_prefix_path.sh
-- Installing: /wolvi/install/cam_pos_detection/share/cam_pos_detection/environment/ament_prefix_path.dsv
-- Installing: /wolvi/install/cam_pos_detection/share/cam_pos_detection/environment/path.sh
-- Installing: /wolvi/install/cam_pos_detection/share/cam_pos_detection/environment/path.dsv
-- Installing: /wolvi/install/cam_pos_detection/share/cam_pos_detection/local_setup.bash
-- Installing: /wolvi/install/cam_pos_detection/share/cam_pos_detection/local_setup.sh
-- Installing: /wolvi/install/cam_pos_detection/share/cam_pos_detection/local_setup.zsh
-- Installing: /wolvi/install/cam_pos_detection/share/cam_pos_detection/local_setup.dsv
-- Installing: /wolvi/install/cam_pos_detection/share/cam_pos_detection/package.dsv
-- Installing: /wolvi/install/cam_pos_detection/share/ament_index/resource_index/packages/cam_pos_detection
-- Installing: /wolvi/install/cam_pos_detection/share/cam_pos_detection/cmake/cam_pos_detectionConfig.cmake
-- Installing: /wolvi/install/cam_pos_detection/share/cam_pos_detection/cmake/cam_pos_detectionConfig-version.cmake
-- Installing: /wolvi/install/cam_pos_detection/share/cam_pos_detection/package.xml
