[0.065s] Invoking command in '/wolvi/build/robot_bringup': CMAKE_PREFIX_PATH=${CMAKE_PREFIX_PATH}:/opt/ros/humble /usr/bin/cmake --build /wolvi/build/robot_bringup -- -j16 -l16
[0.148s] Invoked command in '/wolvi/build/robot_bringup' returned '0': CMAKE_PREFIX_PATH=${CMAKE_PREFIX_PATH}:/opt/ros/humble /usr/bin/cmake --build /wolvi/build/robot_bringup -- -j16 -l16
[0.169s] Invoking command in '/wolvi/build/robot_bringup': CMAKE_PREFIX_PATH=${CMAKE_PREFIX_PATH}:/opt/ros/humble /usr/bin/cmake --install /wolvi/build/robot_bringup
[0.185s] -- Install configuration: ""
[0.185s] -- Up-to-date: /wolvi/install/robot_bringup/share/robot_bringup//launch
[0.185s] -- Up-to-date: /wolvi/install/robot_bringup/share/robot_bringup//launch/turtlebot4_bringup.launch.py
[0.186s] -- Up-to-date: /wolvi/install/robot_bringup/share/robot_bringup//config
[0.186s] -- Up-to-date: /wolvi/install/robot_bringup/share/robot_bringup//config/config_turltebot4.rviz
[0.186s] -- Up-to-date: /wolvi/install/robot_bringup/share/ament_index/resource_index/package_run_dependencies/robot_bringup
[0.187s] -- Up-to-date: /wolvi/install/robot_bringup/share/ament_index/resource_index/parent_prefix_path/robot_bringup
[0.187s] -- Up-to-date: /wolvi/install/robot_bringup/share/robot_bringup/environment/ament_prefix_path.sh
[0.187s] -- Up-to-date: /wolvi/install/robot_bringup/share/robot_bringup/environment/ament_prefix_path.dsv
[0.187s] -- Up-to-date: /wolvi/install/robot_bringup/share/robot_bringup/environment/path.sh
[0.187s] -- Up-to-date: /wolvi/install/robot_bringup/share/robot_bringup/environment/path.dsv
[0.188s] -- Up-to-date: /wolvi/install/robot_bringup/share/robot_bringup/local_setup.bash
[0.188s] -- Up-to-date: /wolvi/install/robot_bringup/share/robot_bringup/local_setup.sh
[0.188s] -- Up-to-date: /wolvi/install/robot_bringup/share/robot_bringup/local_setup.zsh
[0.188s] -- Up-to-date: /wolvi/install/robot_bringup/share/robot_bringup/local_setup.dsv
[0.189s] -- Installing: /wolvi/install/robot_bringup/share/robot_bringup/package.dsv
[0.190s] -- Up-to-date: /wolvi/install/robot_bringup/share/ament_index/resource_index/packages/robot_bringup
[0.190s] -- Up-to-date: /wolvi/install/robot_bringup/share/robot_bringup/cmake/robot_bringupConfig.cmake
[0.190s] -- Up-to-date: /wolvi/install/robot_bringup/share/robot_bringup/cmake/robot_bringupConfig-version.cmake
[0.190s] -- Up-to-date: /wolvi/install/robot_bringup/share/robot_bringup/package.xml
[0.191s] Invoked command in '/wolvi/build/robot_bringup' returned '0': CMAKE_PREFIX_PATH=${CMAKE_PREFIX_PATH}:/opt/ros/humble /usr/bin/cmake --install /wolvi/build/robot_bringup
