[0.028s] Invoking command in '/wolvi/build/controller': BYOBU_DATE=%Y-%m-%d CMAKE_PREFIX_PATH=/wolvi/install/utils:/wolvi/install/prova_02:/wolvi/install/prova_01:/wolvi/install/controller:/wolvi/install/robot_bringup:/wolvi/install/localization:/opt/ros/humble /usr/bin/cmake --build /wolvi/build/controller -- -j16 -l16
[0.060s] -- Found ament_cmake: 1.3.11 (/opt/ros/humble/share/ament_cmake/cmake)
[0.208s] -- Found rclcpp: 16.0.12 (/opt/ros/humble/share/rclcpp/cmake)
[0.235s] -- Found rosidl_generator_c: 3.1.6 (/opt/ros/humble/share/rosidl_generator_c/cmake)
[0.237s] -- Found rosidl_adapter: 3.1.6 (/opt/ros/humble/share/rosidl_adapter/cmake)
[0.242s] -- Found rosidl_generator_cpp: 3.1.6 (/opt/ros/humble/share/rosidl_generator_cpp/cmake)
[0.252s] -- Using all available rosidl_typesupport_c: rosidl_typesupport_fastrtps_c;rosidl_typesupport_introspection_c
[0.265s] -- Using all available rosidl_typesupport_cpp: rosidl_typesupport_fastrtps_cpp;rosidl_typesupport_introspection_cpp
[0.295s] -- Found rmw_implementation_cmake: 6.1.2 (/opt/ros/humble/share/rmw_implementation_cmake/cmake)
[0.297s] -- Found rmw_fastrtps_cpp: 6.2.7 (/opt/ros/humble/share/rmw_fastrtps_cpp/cmake)
[0.457s] -- Using RMW implementation 'rmw_fastrtps_cpp' as default
[0.499s] -- Found rclpy: 3.3.16 (/opt/ros/humble/share/rclpy/cmake)
[0.499s] -- Found utils: 0.0.0 (/wolvi/install/utils/share/utils/cmake)
[0.567s] -- Found ament_lint_auto: 0.12.12 (/opt/ros/humble/share/ament_lint_auto/cmake)
[0.636s] -- Added test 'flake8' to check Python code syntax and style conventions
[0.636s] -- Added test 'lint_cmake' to check CMake code style
[0.636s] -- Added test 'pep257' to check Python code against some of the docstring style conventions in PEP 257
[0.636s] -- Added test 'xmllint' to check XML markup files
[0.637s] -- Configuring done
[0.643s] -- Generating done
[0.646s] -- Build files have been written to: /wolvi/build/controller
[0.718s] Built target ament_cmake_python_copy_controller
[0.928s] running egg_info
[0.929s] writing controller.egg-info/PKG-INFO
[0.929s] writing dependency_links to controller.egg-info/dependency_links.txt
[0.929s] writing top-level names to controller.egg-info/top_level.txt
[0.931s] reading manifest file 'controller.egg-info/SOURCES.txt'
[0.931s] writing manifest file 'controller.egg-info/SOURCES.txt'
[0.966s] Built target ament_cmake_python_build_controller_egg
[0.988s] Invoked command in '/wolvi/build/controller' returned '0': BYOBU_DATE=%Y-%m-%d CMAKE_PREFIX_PATH=/wolvi/install/utils:/wolvi/install/prova_02:/wolvi/install/prova_01:/wolvi/install/controller:/wolvi/install/robot_bringup:/wolvi/install/localization:/opt/ros/humble /usr/bin/cmake --build /wolvi/build/controller -- -j16 -l16
[0.992s] Invoking command in '/wolvi/build/controller': BYOBU_DATE=%Y-%m-%d CMAKE_PREFIX_PATH=/wolvi/install/utils:/wolvi/install/prova_02:/wolvi/install/prova_01:/wolvi/install/controller:/wolvi/install/robot_bringup:/wolvi/install/localization:/opt/ros/humble /usr/bin/cmake --install /wolvi/build/controller
[1.007s] -- Install configuration: ""
[1.007s] -- Up-to-date: /wolvi/install/controller/share/controller/environment/pythonpath.sh
[1.007s] -- Installing: /wolvi/install/controller/share/controller/environment/pythonpath.dsv
[1.007s] -- Up-to-date: /wolvi/install/controller/local/lib/python3.10/dist-packages/controller-0.0.0-py3.10.egg-info
[1.007s] -- Installing: /wolvi/install/controller/local/lib/python3.10/dist-packages/controller-0.0.0-py3.10.egg-info/top_level.txt
[1.008s] -- Installing: /wolvi/install/controller/local/lib/python3.10/dist-packages/controller-0.0.0-py3.10.egg-info/dependency_links.txt
[1.008s] -- Installing: /wolvi/install/controller/local/lib/python3.10/dist-packages/controller-0.0.0-py3.10.egg-info/SOURCES.txt
[1.008s] -- Installing: /wolvi/install/controller/local/lib/python3.10/dist-packages/controller-0.0.0-py3.10.egg-info/PKG-INFO
[1.009s] -- Up-to-date: /wolvi/install/controller/local/lib/python3.10/dist-packages/controller
[1.009s] -- Up-to-date: /wolvi/install/controller/local/lib/python3.10/dist-packages/controller/__init__.py
[1.042s] Listing '/wolvi/install/controller/local/lib/python3.10/dist-packages/controller'...
[1.046s] -- Up-to-date: /wolvi/install/controller/lib/controller/controller_node.py
[1.046s] -- Up-to-date: /wolvi/install/controller/lib/controller/first_driver.py
[1.047s] -- Up-to-date: /wolvi/install/controller/lib/controller/differential_drive.py
[1.047s] -- Up-to-date: /wolvi/install/controller/lib/controller/serial_communication.py
[1.047s] -- Up-to-date: /wolvi/install/controller/share/ament_index/resource_index/package_run_dependencies/controller
[1.047s] -- Up-to-date: /wolvi/install/controller/share/ament_index/resource_index/parent_prefix_path/controller
[1.048s] -- Up-to-date: /wolvi/install/controller/share/controller/environment/ament_prefix_path.sh
[1.048s] -- Installing: /wolvi/install/controller/share/controller/environment/ament_prefix_path.dsv
[1.048s] -- Up-to-date: /wolvi/install/controller/share/controller/environment/path.sh
[1.048s] -- Installing: /wolvi/install/controller/share/controller/environment/path.dsv
[1.048s] -- Up-to-date: /wolvi/install/controller/share/controller/local_setup.bash
[1.048s] -- Up-to-date: /wolvi/install/controller/share/controller/local_setup.sh
[1.049s] -- Up-to-date: /wolvi/install/controller/share/controller/local_setup.zsh
[1.049s] -- Installing: /wolvi/install/controller/share/controller/local_setup.dsv
[1.049s] -- Installing: /wolvi/install/controller/share/controller/package.dsv
[1.049s] -- Up-to-date: /wolvi/install/controller/share/ament_index/resource_index/packages/controller
[1.049s] -- Up-to-date: /wolvi/install/controller/share/controller/cmake/controllerConfig.cmake
[1.049s] -- Up-to-date: /wolvi/install/controller/share/controller/cmake/controllerConfig-version.cmake
[1.050s] -- Up-to-date: /wolvi/install/controller/share/controller/package.xml
[1.054s] Invoked command in '/wolvi/build/controller' returned '0': BYOBU_DATE=%Y-%m-%d CMAKE_PREFIX_PATH=/wolvi/install/utils:/wolvi/install/prova_02:/wolvi/install/prova_01:/wolvi/install/controller:/wolvi/install/robot_bringup:/wolvi/install/localization:/opt/ros/humble /usr/bin/cmake --install /wolvi/build/controller
