[0.116s] DEBUG:colcon:Command line arguments: ['/usr/bin/colcon', 'build']
[0.116s] DEBUG:colcon:Parsed command line arguments: Namespace(log_base=None, log_level=None, verb_name='build', build_base='build', install_base='install', merge_install=False, symlink_install=False, test_result_base=None, continue_on_error=False, executor='parallel', parallel_workers=16, event_handlers=None, ignore_user_meta=False, metas=['./colcon.meta'], base_paths=['.'], packages_ignore=None, packages_ignore_regex=None, paths=None, packages_up_to=None, packages_up_to_regex=None, packages_above=None, packages_above_and_dependencies=None, packages_above_depth=None, packages_select_by_dep=None, packages_skip_by_dep=None, packages_skip_up_to=None, packages_select_build_failed=False, packages_skip_build_finished=False, packages_select_test_failures=False, packages_skip_test_passed=False, packages_select=None, packages_skip=None, packages_select_regex=None, packages_skip_regex=None, packages_start=None, packages_end=None, cmake_args=None, cmake_target=None, cmake_target_skip_unavailable=False, cmake_clean_cache=False, cmake_clean_first=False, cmake_force_configure=False, ament_cmake_args=None, catkin_cmake_args=None, catkin_skip_building_tests=False, mixin_files=None, mixin=None, verb_parser=<colcon_mixin.mixin.mixin_argument.MixinArgumentDecorator object at 0x7ff9542e3af0>, verb_extension=<colcon_core.verb.build.BuildVerb object at 0x7ff9542e34f0>, main=<bound method BuildVerb.main of <colcon_core.verb.build.BuildVerb object at 0x7ff9542e34f0>>, mixin_verb=('build',))
[0.250s] Level 1:colcon.colcon_core.package_discovery:discover_packages(colcon_meta) check parameters
[0.251s] INFO:colcon.colcon_metadata.package_discovery.colcon_meta:Using configuration from '/root/.colcon/metadata/default/Gazebo.meta'
[0.251s] INFO:colcon.colcon_metadata.package_discovery.colcon_meta:Using configuration from '/root/.colcon/metadata/default/fastdds.meta'
[0.251s] INFO:colcon.colcon_metadata.package_discovery.colcon_meta:Using configuration from '/root/.colcon/metadata/default/fastrtps.meta'
[0.251s] Level 1:colcon.colcon_core.package_discovery:discover_packages(recursive) check parameters
[0.251s] Level 1:colcon.colcon_core.package_discovery:discover_packages(ignore) check parameters
[0.251s] Level 1:colcon.colcon_core.package_discovery:discover_packages(path) check parameters
[0.252s] Level 1:colcon.colcon_core.package_discovery:discover_packages(colcon_meta) discover
[0.252s] Level 1:colcon.colcon_core.package_discovery:discover_packages(recursive) discover
[0.252s] INFO:colcon.colcon_core.package_discovery:Crawling recursively for packages in '/wolvi'
[0.252s] Level 1:colcon.colcon_core.package_identification:_identify(.) by extensions ['ignore', 'ignore_ament_install']
[0.252s] Level 1:colcon.colcon_core.package_identification:_identify(.) by extension 'ignore'
[0.252s] Level 1:colcon.colcon_core.package_identification:_identify(.) by extension 'ignore_ament_install'
[0.252s] Level 1:colcon.colcon_core.package_identification:_identify(.) by extensions ['colcon_pkg']
[0.252s] Level 1:colcon.colcon_core.package_identification:_identify(.) by extension 'colcon_pkg'
[0.252s] Level 1:colcon.colcon_core.package_identification:_identify(.) by extensions ['colcon_meta']
[0.252s] Level 1:colcon.colcon_core.package_identification:_identify(.) by extension 'colcon_meta'
[0.252s] Level 1:colcon.colcon_core.package_identification:_identify(.) by extensions ['ros']
[0.252s] Level 1:colcon.colcon_core.package_identification:_identify(.) by extension 'ros'
[0.263s] Level 1:colcon.colcon_core.package_identification:_identify(.) by extensions ['cmake', 'python']
[0.263s] Level 1:colcon.colcon_core.package_identification:_identify(.) by extension 'cmake'
[0.263s] Level 1:colcon.colcon_core.package_identification:_identify(.) by extension 'python'
[0.263s] Level 1:colcon.colcon_core.package_identification:_identify(.) by extensions ['python_setup_py']
[0.263s] Level 1:colcon.colcon_core.package_identification:_identify(.) by extension 'python_setup_py'
[0.263s] Level 1:colcon.colcon_core.package_identification:_identify(build) by extensions ['ignore', 'ignore_ament_install']
[0.263s] Level 1:colcon.colcon_core.package_identification:_identify(build) by extension 'ignore'
[0.263s] Level 1:colcon.colcon_core.package_identification:_identify(build) ignored
[0.263s] Level 1:colcon.colcon_core.package_identification:_identify(install) by extensions ['ignore', 'ignore_ament_install']
[0.263s] Level 1:colcon.colcon_core.package_identification:_identify(install) by extension 'ignore'
[0.263s] Level 1:colcon.colcon_core.package_identification:_identify(install) ignored
[0.263s] Level 1:colcon.colcon_core.package_identification:_identify(log) by extensions ['ignore', 'ignore_ament_install']
[0.263s] Level 1:colcon.colcon_core.package_identification:_identify(log) by extension 'ignore'
[0.263s] Level 1:colcon.colcon_core.package_identification:_identify(log) ignored
[0.263s] Level 1:colcon.colcon_core.package_identification:_identify(src) by extensions ['ignore', 'ignore_ament_install']
[0.264s] Level 1:colcon.colcon_core.package_identification:_identify(src) by extension 'ignore'
[0.264s] Level 1:colcon.colcon_core.package_identification:_identify(src) by extension 'ignore_ament_install'
[0.264s] Level 1:colcon.colcon_core.package_identification:_identify(src) by extensions ['colcon_pkg']
[0.264s] Level 1:colcon.colcon_core.package_identification:_identify(src) by extension 'colcon_pkg'
[0.264s] Level 1:colcon.colcon_core.package_identification:_identify(src) by extensions ['colcon_meta']
[0.264s] Level 1:colcon.colcon_core.package_identification:_identify(src) by extension 'colcon_meta'
[0.264s] Level 1:colcon.colcon_core.package_identification:_identify(src) by extensions ['ros']
[0.264s] Level 1:colcon.colcon_core.package_identification:_identify(src) by extension 'ros'
[0.264s] Level 1:colcon.colcon_core.package_identification:_identify(src) by extensions ['cmake', 'python']
[0.264s] Level 1:colcon.colcon_core.package_identification:_identify(src) by extension 'cmake'
[0.264s] Level 1:colcon.colcon_core.package_identification:_identify(src) by extension 'python'
[0.264s] Level 1:colcon.colcon_core.package_identification:_identify(src) by extensions ['python_setup_py']
[0.264s] Level 1:colcon.colcon_core.package_identification:_identify(src) by extension 'python_setup_py'
[0.264s] Level 1:colcon.colcon_core.package_identification:_identify(src/controller) by extensions ['ignore', 'ignore_ament_install']
[0.264s] Level 1:colcon.colcon_core.package_identification:_identify(src/controller) by extension 'ignore'
[0.264s] Level 1:colcon.colcon_core.package_identification:_identify(src/controller) by extension 'ignore_ament_install'
[0.264s] Level 1:colcon.colcon_core.package_identification:_identify(src/controller) by extensions ['colcon_pkg']
[0.264s] Level 1:colcon.colcon_core.package_identification:_identify(src/controller) by extension 'colcon_pkg'
[0.264s] Level 1:colcon.colcon_core.package_identification:_identify(src/controller) by extensions ['colcon_meta']
[0.264s] Level 1:colcon.colcon_core.package_identification:_identify(src/controller) by extension 'colcon_meta'
[0.264s] Level 1:colcon.colcon_core.package_identification:_identify(src/controller) by extensions ['ros']
[0.264s] Level 1:colcon.colcon_core.package_identification:_identify(src/controller) by extension 'ros'
[0.267s] DEBUG:colcon.colcon_core.package_identification:Package 'src/controller' with type 'ros.ament_cmake' and name 'controller'
[0.267s] Level 1:colcon.colcon_core.package_identification:_identify(src/gazebo) by extensions ['ignore', 'ignore_ament_install']
[0.267s] Level 1:colcon.colcon_core.package_identification:_identify(src/gazebo) by extension 'ignore'
[0.267s] Level 1:colcon.colcon_core.package_identification:_identify(src/gazebo) by extension 'ignore_ament_install'
[0.267s] Level 1:colcon.colcon_core.package_identification:_identify(src/gazebo) by extensions ['colcon_pkg']
[0.267s] Level 1:colcon.colcon_core.package_identification:_identify(src/gazebo) by extension 'colcon_pkg'
[0.267s] Level 1:colcon.colcon_core.package_identification:_identify(src/gazebo) by extensions ['colcon_meta']
[0.267s] Level 1:colcon.colcon_core.package_identification:_identify(src/gazebo) by extension 'colcon_meta'
[0.267s] Level 1:colcon.colcon_core.package_identification:_identify(src/gazebo) by extensions ['ros']
[0.267s] Level 1:colcon.colcon_core.package_identification:_identify(src/gazebo) by extension 'ros'
[0.267s] Level 1:colcon.colcon_core.package_identification:_identify(src/gazebo) by extensions ['cmake', 'python']
[0.267s] Level 1:colcon.colcon_core.package_identification:_identify(src/gazebo) by extension 'cmake'
[0.268s] Level 1:colcon.colcon_core.package_identification:_identify(src/gazebo) by extension 'python'
[0.268s] Level 1:colcon.colcon_core.package_identification:_identify(src/gazebo) by extensions ['python_setup_py']
[0.268s] Level 1:colcon.colcon_core.package_identification:_identify(src/gazebo) by extension 'python_setup_py'
[0.268s] Level 1:colcon.colcon_core.package_identification:_identify(src/gazebo/robot_bringup) by extensions ['ignore', 'ignore_ament_install']
[0.268s] Level 1:colcon.colcon_core.package_identification:_identify(src/gazebo/robot_bringup) by extension 'ignore'
[0.268s] Level 1:colcon.colcon_core.package_identification:_identify(src/gazebo/robot_bringup) by extension 'ignore_ament_install'
[0.268s] Level 1:colcon.colcon_core.package_identification:_identify(src/gazebo/robot_bringup) by extensions ['colcon_pkg']
[0.268s] Level 1:colcon.colcon_core.package_identification:_identify(src/gazebo/robot_bringup) by extension 'colcon_pkg'
[0.268s] Level 1:colcon.colcon_core.package_identification:_identify(src/gazebo/robot_bringup) by extensions ['colcon_meta']
[0.268s] Level 1:colcon.colcon_core.package_identification:_identify(src/gazebo/robot_bringup) by extension 'colcon_meta'
[0.268s] Level 1:colcon.colcon_core.package_identification:_identify(src/gazebo/robot_bringup) by extensions ['ros']
[0.268s] Level 1:colcon.colcon_core.package_identification:_identify(src/gazebo/robot_bringup) by extension 'ros'
[0.269s] DEBUG:colcon.colcon_core.package_identification:Package 'src/gazebo/robot_bringup' with type 'ros.ament_cmake' and name 'robot_bringup'
[0.269s] Level 1:colcon.colcon_core.package_identification:_identify(src/localization) by extensions ['ignore', 'ignore_ament_install']
[0.269s] Level 1:colcon.colcon_core.package_identification:_identify(src/localization) by extension 'ignore'
[0.269s] Level 1:colcon.colcon_core.package_identification:_identify(src/localization) by extension 'ignore_ament_install'
[0.269s] Level 1:colcon.colcon_core.package_identification:_identify(src/localization) by extensions ['colcon_pkg']
[0.269s] Level 1:colcon.colcon_core.package_identification:_identify(src/localization) by extension 'colcon_pkg'
[0.269s] Level 1:colcon.colcon_core.package_identification:_identify(src/localization) by extensions ['colcon_meta']
[0.269s] Level 1:colcon.colcon_core.package_identification:_identify(src/localization) by extension 'colcon_meta'
[0.269s] Level 1:colcon.colcon_core.package_identification:_identify(src/localization) by extensions ['ros']
[0.269s] Level 1:colcon.colcon_core.package_identification:_identify(src/localization) by extension 'ros'
[0.270s] DEBUG:colcon.colcon_core.package_identification:Package 'src/localization' with type 'ros.ament_cmake' and name 'localization'
[0.270s] Level 1:colcon.colcon_core.package_identification:_identify(src/utils) by extensions ['ignore', 'ignore_ament_install']
[0.270s] Level 1:colcon.colcon_core.package_identification:_identify(src/utils) by extension 'ignore'
[0.270s] Level 1:colcon.colcon_core.package_identification:_identify(src/utils) by extension 'ignore_ament_install'
[0.270s] Level 1:colcon.colcon_core.package_identification:_identify(src/utils) by extensions ['colcon_pkg']
[0.270s] Level 1:colcon.colcon_core.package_identification:_identify(src/utils) by extension 'colcon_pkg'
[0.270s] Level 1:colcon.colcon_core.package_identification:_identify(src/utils) by extensions ['colcon_meta']
[0.270s] Level 1:colcon.colcon_core.package_identification:_identify(src/utils) by extension 'colcon_meta'
[0.270s] Level 1:colcon.colcon_core.package_identification:_identify(src/utils) by extensions ['ros']
[0.270s] Level 1:colcon.colcon_core.package_identification:_identify(src/utils) by extension 'ros'
[0.270s] DEBUG:colcon.colcon_core.package_identification:Package 'src/utils' with type 'ros.ament_cmake' and name 'utils'
[0.270s] Level 1:colcon.colcon_core.package_discovery:discover_packages(recursive) using defaults
[0.271s] Level 1:colcon.colcon_core.package_discovery:discover_packages(ignore) discover
[0.271s] Level 1:colcon.colcon_core.package_discovery:discover_packages(ignore) using defaults
[0.271s] Level 1:colcon.colcon_core.package_discovery:discover_packages(path) discover
[0.271s] Level 1:colcon.colcon_core.package_discovery:discover_packages(path) using defaults
[0.290s] Level 5:colcon.colcon_core.verb:set package 'localization' build argument 'cmake_args' from command line to 'None'
[0.290s] Level 5:colcon.colcon_core.verb:set package 'localization' build argument 'cmake_target' from command line to 'None'
[0.290s] Level 5:colcon.colcon_core.verb:set package 'localization' build argument 'cmake_target_skip_unavailable' from command line to 'False'
[0.290s] Level 5:colcon.colcon_core.verb:set package 'localization' build argument 'cmake_clean_cache' from command line to 'False'
[0.290s] Level 5:colcon.colcon_core.verb:set package 'localization' build argument 'cmake_clean_first' from command line to 'False'
[0.290s] Level 5:colcon.colcon_core.verb:set package 'localization' build argument 'cmake_force_configure' from command line to 'False'
[0.291s] Level 5:colcon.colcon_core.verb:set package 'localization' build argument 'ament_cmake_args' from command line to 'None'
[0.291s] Level 5:colcon.colcon_core.verb:set package 'localization' build argument 'catkin_cmake_args' from command line to 'None'
[0.291s] Level 5:colcon.colcon_core.verb:set package 'localization' build argument 'catkin_skip_building_tests' from command line to 'False'
[0.291s] DEBUG:colcon.colcon_core.verb:Building package 'localization' with the following arguments: {'ament_cmake_args': None, 'build_base': '/wolvi/build/localization', 'catkin_cmake_args': None, 'catkin_skip_building_tests': False, 'cmake_args': None, 'cmake_clean_cache': False, 'cmake_clean_first': False, 'cmake_force_configure': False, 'cmake_target': None, 'cmake_target_skip_unavailable': False, 'install_base': '/wolvi/install/localization', 'merge_install': False, 'path': '/wolvi/src/localization', 'symlink_install': False, 'test_result_base': None}
[0.291s] Level 5:colcon.colcon_core.verb:set package 'robot_bringup' build argument 'cmake_args' from command line to 'None'
[0.291s] Level 5:colcon.colcon_core.verb:set package 'robot_bringup' build argument 'cmake_target' from command line to 'None'
[0.291s] Level 5:colcon.colcon_core.verb:set package 'robot_bringup' build argument 'cmake_target_skip_unavailable' from command line to 'False'
[0.291s] Level 5:colcon.colcon_core.verb:set package 'robot_bringup' build argument 'cmake_clean_cache' from command line to 'False'
[0.291s] Level 5:colcon.colcon_core.verb:set package 'robot_bringup' build argument 'cmake_clean_first' from command line to 'False'
[0.291s] Level 5:colcon.colcon_core.verb:set package 'robot_bringup' build argument 'cmake_force_configure' from command line to 'False'
[0.291s] Level 5:colcon.colcon_core.verb:set package 'robot_bringup' build argument 'ament_cmake_args' from command line to 'None'
[0.291s] Level 5:colcon.colcon_core.verb:set package 'robot_bringup' build argument 'catkin_cmake_args' from command line to 'None'
[0.291s] Level 5:colcon.colcon_core.verb:set package 'robot_bringup' build argument 'catkin_skip_building_tests' from command line to 'False'
[0.291s] DEBUG:colcon.colcon_core.verb:Building package 'robot_bringup' with the following arguments: {'ament_cmake_args': None, 'build_base': '/wolvi/build/robot_bringup', 'catkin_cmake_args': None, 'catkin_skip_building_tests': False, 'cmake_args': None, 'cmake_clean_cache': False, 'cmake_clean_first': False, 'cmake_force_configure': False, 'cmake_target': None, 'cmake_target_skip_unavailable': False, 'install_base': '/wolvi/install/robot_bringup', 'merge_install': False, 'path': '/wolvi/src/gazebo/robot_bringup', 'symlink_install': False, 'test_result_base': None}
[0.291s] Level 5:colcon.colcon_core.verb:set package 'utils' build argument 'cmake_args' from command line to 'None'
[0.291s] Level 5:colcon.colcon_core.verb:set package 'utils' build argument 'cmake_target' from command line to 'None'
[0.291s] Level 5:colcon.colcon_core.verb:set package 'utils' build argument 'cmake_target_skip_unavailable' from command line to 'False'
[0.291s] Level 5:colcon.colcon_core.verb:set package 'utils' build argument 'cmake_clean_cache' from command line to 'False'
[0.291s] Level 5:colcon.colcon_core.verb:set package 'utils' build argument 'cmake_clean_first' from command line to 'False'
[0.291s] Level 5:colcon.colcon_core.verb:set package 'utils' build argument 'cmake_force_configure' from command line to 'False'
[0.291s] Level 5:colcon.colcon_core.verb:set package 'utils' build argument 'ament_cmake_args' from command line to 'None'
[0.291s] Level 5:colcon.colcon_core.verb:set package 'utils' build argument 'catkin_cmake_args' from command line to 'None'
[0.291s] Level 5:colcon.colcon_core.verb:set package 'utils' build argument 'catkin_skip_building_tests' from command line to 'False'
[0.292s] DEBUG:colcon.colcon_core.verb:Building package 'utils' with the following arguments: {'ament_cmake_args': None, 'build_base': '/wolvi/build/utils', 'catkin_cmake_args': None, 'catkin_skip_building_tests': False, 'cmake_args': None, 'cmake_clean_cache': False, 'cmake_clean_first': False, 'cmake_force_configure': False, 'cmake_target': None, 'cmake_target_skip_unavailable': False, 'install_base': '/wolvi/install/utils', 'merge_install': False, 'path': '/wolvi/src/utils', 'symlink_install': False, 'test_result_base': None}
[0.292s] Level 5:colcon.colcon_core.verb:set package 'controller' build argument 'cmake_args' from command line to 'None'
[0.292s] Level 5:colcon.colcon_core.verb:set package 'controller' build argument 'cmake_target' from command line to 'None'
[0.292s] Level 5:colcon.colcon_core.verb:set package 'controller' build argument 'cmake_target_skip_unavailable' from command line to 'False'
[0.292s] Level 5:colcon.colcon_core.verb:set package 'controller' build argument 'cmake_clean_cache' from command line to 'False'
[0.292s] Level 5:colcon.colcon_core.verb:set package 'controller' build argument 'cmake_clean_first' from command line to 'False'
[0.292s] Level 5:colcon.colcon_core.verb:set package 'controller' build argument 'cmake_force_configure' from command line to 'False'
[0.292s] Level 5:colcon.colcon_core.verb:set package 'controller' build argument 'ament_cmake_args' from command line to 'None'
[0.292s] Level 5:colcon.colcon_core.verb:set package 'controller' build argument 'catkin_cmake_args' from command line to 'None'
[0.292s] Level 5:colcon.colcon_core.verb:set package 'controller' build argument 'catkin_skip_building_tests' from command line to 'False'
[0.292s] DEBUG:colcon.colcon_core.verb:Building package 'controller' with the following arguments: {'ament_cmake_args': None, 'build_base': '/wolvi/build/controller', 'catkin_cmake_args': None, 'catkin_skip_building_tests': False, 'cmake_args': None, 'cmake_clean_cache': False, 'cmake_clean_first': False, 'cmake_force_configure': False, 'cmake_target': None, 'cmake_target_skip_unavailable': False, 'install_base': '/wolvi/install/controller', 'merge_install': False, 'path': '/wolvi/src/controller', 'symlink_install': False, 'test_result_base': None}
[0.292s] INFO:colcon.colcon_core.executor:Executing jobs using 'parallel' executor
[0.293s] DEBUG:colcon.colcon_parallel_executor.executor.parallel:run_until_complete
[0.294s] INFO:colcon.colcon_ros.task.ament_cmake.build:Building ROS package in '/wolvi/src/utils' with build type 'ament_cmake'
[0.294s] INFO:colcon.colcon_cmake.task.cmake.build:Building CMake package in '/wolvi/src/utils'
[0.298s] INFO:colcon.colcon_core.plugin_system:Skipping extension 'colcon_core.shell.bat': Not used on non-Windows systems
[0.299s] INFO:colcon.colcon_core.shell:Skip shell extension 'powershell' for command environment: Not usable outside of PowerShell
[0.299s] DEBUG:colcon.colcon_core.shell:Skip shell extension 'dsv' for command environment
[0.308s] INFO:colcon.colcon_ros.task.ament_cmake.build:Building ROS package in '/wolvi/src/localization' with build type 'ament_cmake'
[0.308s] INFO:colcon.colcon_cmake.task.cmake.build:Building CMake package in '/wolvi/src/localization'
[0.309s] INFO:colcon.colcon_core.shell:Skip shell extension 'powershell' for command environment: Not usable outside of PowerShell
[0.309s] DEBUG:colcon.colcon_core.shell:Skip shell extension 'dsv' for command environment
[0.313s] INFO:colcon.colcon_ros.task.ament_cmake.build:Building ROS package in '/wolvi/src/gazebo/robot_bringup' with build type 'ament_cmake'
[0.314s] INFO:colcon.colcon_cmake.task.cmake.build:Building CMake package in '/wolvi/src/gazebo/robot_bringup'
[0.314s] INFO:colcon.colcon_core.shell:Skip shell extension 'powershell' for command environment: Not usable outside of PowerShell
[0.314s] DEBUG:colcon.colcon_core.shell:Skip shell extension 'dsv' for command environment
[0.334s] DEBUG:colcon.colcon_core.event_handler.log_command:Invoking command in '/wolvi/build/utils': BYOBU_DATE=%Y-%m-%d CMAKE_PREFIX_PATH=${CMAKE_PREFIX_PATH}:/opt/ros/humble /usr/bin/cmake --build /wolvi/build/utils -- -j16 -l16
[0.345s] DEBUG:colcon.colcon_core.event_handler.log_command:Invoking command in '/wolvi/build/localization': BYOBU_DATE=%Y-%m-%d CMAKE_PREFIX_PATH=${CMAKE_PREFIX_PATH}:/opt/ros/humble /usr/bin/cmake --build /wolvi/build/localization -- -j16 -l16
[0.352s] DEBUG:colcon.colcon_core.event_handler.log_command:Invoking command in '/wolvi/build/robot_bringup': BYOBU_DATE=%Y-%m-%d CMAKE_PREFIX_PATH=${CMAKE_PREFIX_PATH}:/opt/ros/humble /usr/bin/cmake --build /wolvi/build/robot_bringup -- -j16 -l16
[0.406s] DEBUG:colcon.colcon_core.event_handler.log_command:Invoked command in '/wolvi/build/utils' returned '0': BYOBU_DATE=%Y-%m-%d CMAKE_PREFIX_PATH=${CMAKE_PREFIX_PATH}:/opt/ros/humble /usr/bin/cmake --build /wolvi/build/utils -- -j16 -l16
[0.424s] DEBUG:colcon.colcon_core.event_handler.log_command:Invoking command in '/wolvi/build/utils': BYOBU_DATE=%Y-%m-%d CMAKE_PREFIX_PATH=${CMAKE_PREFIX_PATH}:/opt/ros/humble /usr/bin/cmake --install /wolvi/build/utils
[0.427s] DEBUG:colcon.colcon_core.event_handler.log_command:Invoked command in '/wolvi/build/robot_bringup' returned '0': BYOBU_DATE=%Y-%m-%d CMAKE_PREFIX_PATH=${CMAKE_PREFIX_PATH}:/opt/ros/humble /usr/bin/cmake --build /wolvi/build/robot_bringup -- -j16 -l16
[0.433s] DEBUG:colcon.colcon_core.event_handler.log_command:Invoking command in '/wolvi/build/robot_bringup': BYOBU_DATE=%Y-%m-%d CMAKE_PREFIX_PATH=${CMAKE_PREFIX_PATH}:/opt/ros/humble /usr/bin/cmake --install /wolvi/build/robot_bringup
[0.448s] Level 1:colcon.colcon_core.environment:create_environment_scripts_only(utils)
[0.450s] DEBUG:colcon.colcon_core.event_handler.log_command:Invoked command in '/wolvi/build/utils' returned '0': BYOBU_DATE=%Y-%m-%d CMAKE_PREFIX_PATH=${CMAKE_PREFIX_PATH}:/opt/ros/humble /usr/bin/cmake --install /wolvi/build/utils
[0.454s] Level 1:colcon.colcon_core.environment:checking '/wolvi/install/utils' for CMake module files
[0.455s] Level 1:colcon.colcon_core.environment:checking '/wolvi/install/utils' for CMake config files
[0.455s] Level 1:colcon.colcon_core.shell:create_environment_hook('utils', 'cmake_prefix_path')
[0.456s] INFO:colcon.colcon_core.shell:Creating environment hook '/wolvi/install/utils/share/utils/hook/cmake_prefix_path.ps1'
[0.457s] INFO:colcon.colcon_core.shell:Creating environment descriptor '/wolvi/install/utils/share/utils/hook/cmake_prefix_path.dsv'
[0.458s] INFO:colcon.colcon_core.shell:Creating environment hook '/wolvi/install/utils/share/utils/hook/cmake_prefix_path.sh'
[0.460s] Level 1:colcon.colcon_core.environment:checking '/wolvi/install/utils/lib'
[0.460s] Level 1:colcon.colcon_core.environment:checking '/wolvi/install/utils/bin'
[0.460s] Level 1:colcon.colcon_core.environment:checking '/wolvi/install/utils/lib/pkgconfig/utils.pc'
[0.464s] Level 1:colcon.colcon_core.environment:checking '/wolvi/install/utils/lib/python3.10/site-packages'
[0.464s] Level 1:colcon.colcon_core.environment:checking '/wolvi/install/utils/bin'
[0.465s] INFO:colcon.colcon_core.shell:Creating package script '/wolvi/install/utils/share/utils/package.ps1'
[0.466s] INFO:colcon.colcon_core.shell:Creating package descriptor '/wolvi/install/utils/share/utils/package.dsv'
[0.467s] INFO:colcon.colcon_core.shell:Creating package script '/wolvi/install/utils/share/utils/package.sh'
[0.487s] INFO:colcon.colcon_core.shell:Creating package script '/wolvi/install/utils/share/utils/package.bash'
[0.488s] INFO:colcon.colcon_core.shell:Creating package script '/wolvi/install/utils/share/utils/package.zsh'
[0.488s] Level 1:colcon.colcon_core.environment:create_file_with_runtime_dependencies(/wolvi/install/utils/share/colcon-core/packages/utils)
[0.489s] Level 1:colcon.colcon_core.environment:create_environment_scripts_only(utils)
[0.489s] Level 1:colcon.colcon_core.environment:checking '/wolvi/install/utils' for CMake module files
[0.489s] Level 1:colcon.colcon_core.environment:checking '/wolvi/install/utils' for CMake config files
[0.490s] Level 1:colcon.colcon_core.shell:create_environment_hook('utils', 'cmake_prefix_path')
[0.490s] INFO:colcon.colcon_core.shell:Creating environment hook '/wolvi/install/utils/share/utils/hook/cmake_prefix_path.ps1'
[0.490s] INFO:colcon.colcon_core.shell:Creating environment descriptor '/wolvi/install/utils/share/utils/hook/cmake_prefix_path.dsv'
[0.490s] INFO:colcon.colcon_core.shell:Creating environment hook '/wolvi/install/utils/share/utils/hook/cmake_prefix_path.sh'
[0.491s] Level 1:colcon.colcon_core.environment:checking '/wolvi/install/utils/lib'
[0.491s] Level 1:colcon.colcon_core.environment:checking '/wolvi/install/utils/bin'
[0.491s] Level 1:colcon.colcon_core.environment:checking '/wolvi/install/utils/lib/pkgconfig/utils.pc'
[0.491s] Level 1:colcon.colcon_core.environment:checking '/wolvi/install/utils/lib/python3.10/site-packages'
[0.491s] Level 1:colcon.colcon_core.environment:checking '/wolvi/install/utils/bin'
[0.492s] INFO:colcon.colcon_core.shell:Creating package script '/wolvi/install/utils/share/utils/package.ps1'
[0.492s] INFO:colcon.colcon_core.shell:Creating package descriptor '/wolvi/install/utils/share/utils/package.dsv'
[0.492s] INFO:colcon.colcon_core.shell:Creating package script '/wolvi/install/utils/share/utils/package.sh'
[0.493s] INFO:colcon.colcon_core.shell:Creating package script '/wolvi/install/utils/share/utils/package.bash'
[0.493s] INFO:colcon.colcon_core.shell:Creating package script '/wolvi/install/utils/share/utils/package.zsh'
[0.494s] Level 1:colcon.colcon_core.environment:create_file_with_runtime_dependencies(/wolvi/install/utils/share/colcon-core/packages/utils)
[0.495s] INFO:colcon.colcon_ros.task.ament_cmake.build:Building ROS package in '/wolvi/src/controller' with build type 'ament_cmake'
[0.495s] INFO:colcon.colcon_cmake.task.cmake.build:Building CMake package in '/wolvi/src/controller'
[0.495s] INFO:colcon.colcon_core.shell:Skip shell extension 'powershell' for command environment: Not usable outside of PowerShell
[0.495s] DEBUG:colcon.colcon_core.shell:Skip shell extension 'dsv' for command environment
[0.500s] Level 1:colcon.colcon_core.environment:create_environment_scripts_only(robot_bringup)
[0.501s] Level 1:colcon.colcon_core.environment:checking '/wolvi/install/robot_bringup' for CMake module files
[0.501s] DEBUG:colcon.colcon_core.event_handler.log_command:Invoked command in '/wolvi/build/robot_bringup' returned '0': BYOBU_DATE=%Y-%m-%d CMAKE_PREFIX_PATH=${CMAKE_PREFIX_PATH}:/opt/ros/humble /usr/bin/cmake --install /wolvi/build/robot_bringup
[0.502s] Level 1:colcon.colcon_core.environment:checking '/wolvi/install/robot_bringup' for CMake config files
[0.503s] Level 1:colcon.colcon_core.shell:create_environment_hook('robot_bringup', 'cmake_prefix_path')
[0.503s] INFO:colcon.colcon_core.shell:Creating environment hook '/wolvi/install/robot_bringup/share/robot_bringup/hook/cmake_prefix_path.ps1'
[0.504s] INFO:colcon.colcon_core.shell:Creating environment descriptor '/wolvi/install/robot_bringup/share/robot_bringup/hook/cmake_prefix_path.dsv'
[0.505s] INFO:colcon.colcon_core.shell:Creating environment hook '/wolvi/install/robot_bringup/share/robot_bringup/hook/cmake_prefix_path.sh'
[0.506s] Level 1:colcon.colcon_core.environment:checking '/wolvi/install/robot_bringup/bin'
[0.506s] Level 1:colcon.colcon_core.environment:checking '/wolvi/install/robot_bringup/lib/pkgconfig/robot_bringup.pc'
[0.506s] Level 1:colcon.colcon_core.environment:checking '/wolvi/install/robot_bringup/lib/python3.10/site-packages'
[0.507s] Level 1:colcon.colcon_core.environment:checking '/wolvi/install/robot_bringup/bin'
[0.507s] INFO:colcon.colcon_core.shell:Creating package script '/wolvi/install/robot_bringup/share/robot_bringup/package.ps1'
[0.508s] INFO:colcon.colcon_core.shell:Creating package descriptor '/wolvi/install/robot_bringup/share/robot_bringup/package.dsv'
[0.509s] INFO:colcon.colcon_core.shell:Creating package script '/wolvi/install/robot_bringup/share/robot_bringup/package.sh'
[0.510s] INFO:colcon.colcon_core.shell:Creating package script '/wolvi/install/robot_bringup/share/robot_bringup/package.bash'
[0.510s] INFO:colcon.colcon_core.shell:Creating package script '/wolvi/install/robot_bringup/share/robot_bringup/package.zsh'
[0.510s] Level 1:colcon.colcon_core.environment:create_file_with_runtime_dependencies(/wolvi/install/robot_bringup/share/colcon-core/packages/robot_bringup)
[0.511s] Level 1:colcon.colcon_core.environment:create_environment_scripts_only(robot_bringup)
[0.511s] Level 1:colcon.colcon_core.environment:checking '/wolvi/install/robot_bringup' for CMake module files
[0.511s] Level 1:colcon.colcon_core.environment:checking '/wolvi/install/robot_bringup' for CMake config files
[0.511s] Level 1:colcon.colcon_core.shell:create_environment_hook('robot_bringup', 'cmake_prefix_path')
[0.512s] INFO:colcon.colcon_core.shell:Creating environment hook '/wolvi/install/robot_bringup/share/robot_bringup/hook/cmake_prefix_path.ps1'
[0.512s] INFO:colcon.colcon_core.shell:Creating environment descriptor '/wolvi/install/robot_bringup/share/robot_bringup/hook/cmake_prefix_path.dsv'
[0.513s] INFO:colcon.colcon_core.shell:Creating environment hook '/wolvi/install/robot_bringup/share/robot_bringup/hook/cmake_prefix_path.sh'
[0.514s] Level 1:colcon.colcon_core.environment:checking '/wolvi/install/robot_bringup/bin'
[0.514s] Level 1:colcon.colcon_core.environment:checking '/wolvi/install/robot_bringup/lib/pkgconfig/robot_bringup.pc'
[0.514s] Level 1:colcon.colcon_core.environment:checking '/wolvi/install/robot_bringup/lib/python3.10/site-packages'
[0.514s] Level 1:colcon.colcon_core.environment:checking '/wolvi/install/robot_bringup/bin'
[0.514s] INFO:colcon.colcon_core.shell:Creating package script '/wolvi/install/robot_bringup/share/robot_bringup/package.ps1'
[0.515s] INFO:colcon.colcon_core.shell:Creating package descriptor '/wolvi/install/robot_bringup/share/robot_bringup/package.dsv'
[0.515s] INFO:colcon.colcon_core.shell:Creating package script '/wolvi/install/robot_bringup/share/robot_bringup/package.sh'
[0.516s] INFO:colcon.colcon_core.shell:Creating package script '/wolvi/install/robot_bringup/share/robot_bringup/package.bash'
[0.516s] INFO:colcon.colcon_core.shell:Creating package script '/wolvi/install/robot_bringup/share/robot_bringup/package.zsh'
[0.517s] Level 1:colcon.colcon_core.environment:create_file_with_runtime_dependencies(/wolvi/install/robot_bringup/share/colcon-core/packages/robot_bringup)
[0.523s] DEBUG:colcon.colcon_core.event_handler.log_command:Invoking command in '/wolvi/build/controller': BYOBU_DATE=%Y-%m-%d CMAKE_PREFIX_PATH=/wolvi/install/utils:/wolvi/install/controller:/wolvi/install/robot_bringup:/wolvi/install/localization:/opt/ros/humble /usr/bin/cmake --build /wolvi/build/controller -- -j16 -l16
[0.730s] DEBUG:colcon.colcon_core.event_handler.log_command:Invoked command in '/wolvi/build/localization' returned '0': BYOBU_DATE=%Y-%m-%d CMAKE_PREFIX_PATH=${CMAKE_PREFIX_PATH}:/opt/ros/humble /usr/bin/cmake --build /wolvi/build/localization -- -j16 -l16
[0.734s] DEBUG:colcon.colcon_core.event_handler.log_command:Invoking command in '/wolvi/build/localization': BYOBU_DATE=%Y-%m-%d CMAKE_PREFIX_PATH=${CMAKE_PREFIX_PATH}:/opt/ros/humble /usr/bin/cmake --install /wolvi/build/localization
[0.799s] Level 1:colcon.colcon_core.environment:create_environment_scripts_only(localization)
[0.800s] Level 1:colcon.colcon_core.environment:checking '/wolvi/install/localization' for CMake module files
[0.801s] DEBUG:colcon.colcon_core.event_handler.log_command:Invoked command in '/wolvi/build/localization' returned '0': BYOBU_DATE=%Y-%m-%d CMAKE_PREFIX_PATH=${CMAKE_PREFIX_PATH}:/opt/ros/humble /usr/bin/cmake --install /wolvi/build/localization
[0.802s] Level 1:colcon.colcon_core.environment:checking '/wolvi/install/localization' for CMake config files
[0.802s] Level 1:colcon.colcon_core.shell:create_environment_hook('localization', 'cmake_prefix_path')
[0.803s] INFO:colcon.colcon_core.shell:Creating environment hook '/wolvi/install/localization/share/localization/hook/cmake_prefix_path.ps1'
[0.803s] INFO:colcon.colcon_core.shell:Creating environment descriptor '/wolvi/install/localization/share/localization/hook/cmake_prefix_path.dsv'
[0.804s] INFO:colcon.colcon_core.shell:Creating environment hook '/wolvi/install/localization/share/localization/hook/cmake_prefix_path.sh'
[0.805s] Level 1:colcon.colcon_core.environment:checking '/wolvi/install/localization/bin'
[0.805s] Level 1:colcon.colcon_core.environment:checking '/wolvi/install/localization/lib/pkgconfig/localization.pc'
[0.805s] Level 1:colcon.colcon_core.environment:checking '/wolvi/install/localization/lib/python3.10/site-packages'
[0.806s] Level 1:colcon.colcon_core.environment:checking '/wolvi/install/localization/bin'
[0.806s] INFO:colcon.colcon_core.shell:Creating package script '/wolvi/install/localization/share/localization/package.ps1'
[0.807s] INFO:colcon.colcon_core.shell:Creating package descriptor '/wolvi/install/localization/share/localization/package.dsv'
[0.808s] INFO:colcon.colcon_core.shell:Creating package script '/wolvi/install/localization/share/localization/package.sh'
[0.809s] INFO:colcon.colcon_core.shell:Creating package script '/wolvi/install/localization/share/localization/package.bash'
[0.809s] INFO:colcon.colcon_core.shell:Creating package script '/wolvi/install/localization/share/localization/package.zsh'
[0.810s] Level 1:colcon.colcon_core.environment:create_file_with_runtime_dependencies(/wolvi/install/localization/share/colcon-core/packages/localization)
[0.811s] Level 1:colcon.colcon_core.environment:create_environment_scripts_only(localization)
[0.811s] Level 1:colcon.colcon_core.environment:checking '/wolvi/install/localization' for CMake module files
[0.812s] Level 1:colcon.colcon_core.environment:checking '/wolvi/install/localization' for CMake config files
[0.813s] Level 1:colcon.colcon_core.shell:create_environment_hook('localization', 'cmake_prefix_path')
[0.813s] INFO:colcon.colcon_core.shell:Creating environment hook '/wolvi/install/localization/share/localization/hook/cmake_prefix_path.ps1'
[0.814s] INFO:colcon.colcon_core.shell:Creating environment descriptor '/wolvi/install/localization/share/localization/hook/cmake_prefix_path.dsv'
[0.814s] INFO:colcon.colcon_core.shell:Creating environment hook '/wolvi/install/localization/share/localization/hook/cmake_prefix_path.sh'
[0.815s] Level 1:colcon.colcon_core.environment:checking '/wolvi/install/localization/bin'
[0.815s] Level 1:colcon.colcon_core.environment:checking '/wolvi/install/localization/lib/pkgconfig/localization.pc'
[0.816s] Level 1:colcon.colcon_core.environment:checking '/wolvi/install/localization/lib/python3.10/site-packages'
[0.816s] Level 1:colcon.colcon_core.environment:checking '/wolvi/install/localization/bin'
[0.816s] INFO:colcon.colcon_core.shell:Creating package script '/wolvi/install/localization/share/localization/package.ps1'
[0.817s] INFO:colcon.colcon_core.shell:Creating package descriptor '/wolvi/install/localization/share/localization/package.dsv'
[0.818s] INFO:colcon.colcon_core.shell:Creating package script '/wolvi/install/localization/share/localization/package.sh'
[0.819s] INFO:colcon.colcon_core.shell:Creating package script '/wolvi/install/localization/share/localization/package.bash'
[0.819s] INFO:colcon.colcon_core.shell:Creating package script '/wolvi/install/localization/share/localization/package.zsh'
[0.819s] Level 1:colcon.colcon_core.environment:create_file_with_runtime_dependencies(/wolvi/install/localization/share/colcon-core/packages/localization)
[1.545s] DEBUG:colcon.colcon_core.event_handler.log_command:Invoked command in '/wolvi/build/controller' returned '0': BYOBU_DATE=%Y-%m-%d CMAKE_PREFIX_PATH=/wolvi/install/utils:/wolvi/install/controller:/wolvi/install/robot_bringup:/wolvi/install/localization:/opt/ros/humble /usr/bin/cmake --build /wolvi/build/controller -- -j16 -l16
[1.549s] DEBUG:colcon.colcon_core.event_handler.log_command:Invoking command in '/wolvi/build/controller': BYOBU_DATE=%Y-%m-%d CMAKE_PREFIX_PATH=/wolvi/install/utils:/wolvi/install/controller:/wolvi/install/robot_bringup:/wolvi/install/localization:/opt/ros/humble /usr/bin/cmake --install /wolvi/build/controller
[1.610s] Level 1:colcon.colcon_core.environment:create_environment_scripts_only(controller)
[1.611s] Level 1:colcon.colcon_core.environment:checking '/wolvi/install/controller' for CMake module files
[1.612s] DEBUG:colcon.colcon_core.event_handler.log_command:Invoked command in '/wolvi/build/controller' returned '0': BYOBU_DATE=%Y-%m-%d CMAKE_PREFIX_PATH=/wolvi/install/utils:/wolvi/install/controller:/wolvi/install/robot_bringup:/wolvi/install/localization:/opt/ros/humble /usr/bin/cmake --install /wolvi/build/controller
[1.613s] Level 1:colcon.colcon_core.environment:checking '/wolvi/install/controller' for CMake config files
[1.614s] Level 1:colcon.colcon_core.shell:create_environment_hook('controller', 'cmake_prefix_path')
[1.614s] INFO:colcon.colcon_core.shell:Creating environment hook '/wolvi/install/controller/share/controller/hook/cmake_prefix_path.ps1'
[1.615s] INFO:colcon.colcon_core.shell:Creating environment descriptor '/wolvi/install/controller/share/controller/hook/cmake_prefix_path.dsv'
[1.616s] INFO:colcon.colcon_core.shell:Creating environment hook '/wolvi/install/controller/share/controller/hook/cmake_prefix_path.sh'
[1.617s] Level 1:colcon.colcon_core.environment:checking '/wolvi/install/controller/lib'
[1.617s] Level 1:colcon.colcon_core.environment:checking '/wolvi/install/controller/bin'
[1.617s] Level 1:colcon.colcon_core.environment:checking '/wolvi/install/controller/lib/pkgconfig/controller.pc'
[1.617s] Level 1:colcon.colcon_core.environment:checking '/wolvi/install/controller/lib/python3.10/site-packages'
[1.617s] Level 1:colcon.colcon_core.environment:checking '/wolvi/install/controller/bin'
[1.618s] INFO:colcon.colcon_core.shell:Creating package script '/wolvi/install/controller/share/controller/package.ps1'
[1.619s] INFO:colcon.colcon_core.shell:Creating package descriptor '/wolvi/install/controller/share/controller/package.dsv'
[1.619s] INFO:colcon.colcon_core.shell:Creating package script '/wolvi/install/controller/share/controller/package.sh'
[1.620s] INFO:colcon.colcon_core.shell:Creating package script '/wolvi/install/controller/share/controller/package.bash'
[1.620s] INFO:colcon.colcon_core.shell:Creating package script '/wolvi/install/controller/share/controller/package.zsh'
[1.621s] Level 1:colcon.colcon_core.environment:create_file_with_runtime_dependencies(/wolvi/install/controller/share/colcon-core/packages/controller)
[1.622s] Level 1:colcon.colcon_core.environment:create_environment_scripts_only(controller)
[1.622s] Level 1:colcon.colcon_core.environment:checking '/wolvi/install/controller' for CMake module files
[1.623s] Level 1:colcon.colcon_core.environment:checking '/wolvi/install/controller' for CMake config files
[1.624s] Level 1:colcon.colcon_core.shell:create_environment_hook('controller', 'cmake_prefix_path')
[1.624s] INFO:colcon.colcon_core.shell:Creating environment hook '/wolvi/install/controller/share/controller/hook/cmake_prefix_path.ps1'
[1.625s] INFO:colcon.colcon_core.shell:Creating environment descriptor '/wolvi/install/controller/share/controller/hook/cmake_prefix_path.dsv'
[1.625s] INFO:colcon.colcon_core.shell:Creating environment hook '/wolvi/install/controller/share/controller/hook/cmake_prefix_path.sh'
[1.626s] Level 1:colcon.colcon_core.environment:checking '/wolvi/install/controller/lib'
[1.626s] Level 1:colcon.colcon_core.environment:checking '/wolvi/install/controller/bin'
[1.626s] Level 1:colcon.colcon_core.environment:checking '/wolvi/install/controller/lib/pkgconfig/controller.pc'
[1.626s] Level 1:colcon.colcon_core.environment:checking '/wolvi/install/controller/lib/python3.10/site-packages'
[1.626s] Level 1:colcon.colcon_core.environment:checking '/wolvi/install/controller/bin'
[1.626s] INFO:colcon.colcon_core.shell:Creating package script '/wolvi/install/controller/share/controller/package.ps1'
[1.627s] INFO:colcon.colcon_core.shell:Creating package descriptor '/wolvi/install/controller/share/controller/package.dsv'
[1.627s] INFO:colcon.colcon_core.shell:Creating package script '/wolvi/install/controller/share/controller/package.sh'
[1.627s] INFO:colcon.colcon_core.shell:Creating package script '/wolvi/install/controller/share/controller/package.bash'
[1.628s] INFO:colcon.colcon_core.shell:Creating package script '/wolvi/install/controller/share/controller/package.zsh'
[1.628s] Level 1:colcon.colcon_core.environment:create_file_with_runtime_dependencies(/wolvi/install/controller/share/colcon-core/packages/controller)
[1.628s] DEBUG:colcon.colcon_parallel_executor.executor.parallel:closing loop
[1.629s] DEBUG:colcon.colcon_parallel_executor.executor.parallel:loop closed
[1.629s] DEBUG:colcon.colcon_parallel_executor.executor.parallel:run_until_complete finished with '0'
[1.629s] DEBUG:colcon.colcon_core.event_reactor:joining thread
[1.638s] INFO:colcon.colcon_core.plugin_system:Skipping extension 'colcon_notification.desktop_notification.notify_send': Could not find 'notify-send'
[1.639s] INFO:colcon.colcon_core.plugin_system:Skipping extension 'colcon_notification.desktop_notification.terminal_notifier': Not used on non-Darwin systems
[1.639s] INFO:colcon.colcon_core.plugin_system:Skipping extension 'colcon_notification.desktop_notification.win32': Not used on non-Windows systems
[1.639s] INFO:colcon.colcon_notification.desktop_notification:Sending desktop notification using 'notify2'
[1.642s] DEBUG:colcon.colcon_notification.desktop_notification.notify2:Failed to initialize notify2: org.freedesktop.DBus.Error.ServiceUnknown: The name org.freedesktop.Notifications was not provided by any .service files
[1.642s] DEBUG:colcon.colcon_core.event_reactor:joined thread
[1.642s] INFO:colcon.colcon_core.shell:Creating prefix script '/wolvi/install/local_setup.ps1'
[1.644s] INFO:colcon.colcon_core.shell:Creating prefix util module '/wolvi/install/_local_setup_util_ps1.py'
[1.646s] INFO:colcon.colcon_core.shell:Creating prefix chain script '/wolvi/install/setup.ps1'
[1.649s] INFO:colcon.colcon_core.shell:Creating prefix script '/wolvi/install/local_setup.sh'
[1.650s] INFO:colcon.colcon_core.shell:Creating prefix util module '/wolvi/install/_local_setup_util_sh.py'
[1.651s] INFO:colcon.colcon_core.shell:Creating prefix chain script '/wolvi/install/setup.sh'
[1.652s] INFO:colcon.colcon_core.shell:Creating prefix script '/wolvi/install/local_setup.bash'
[1.653s] INFO:colcon.colcon_core.shell:Creating prefix chain script '/wolvi/install/setup.bash'
[1.655s] INFO:colcon.colcon_core.shell:Creating prefix script '/wolvi/install/local_setup.zsh'
[1.656s] INFO:colcon.colcon_core.shell:Creating prefix chain script '/wolvi/install/setup.zsh'
