-- Found ament_cmake: 1.3.11 (/opt/ros/humble/share/ament_cmake/cmake)
-- Found rclcpp: 16.0.12 (/opt/ros/humble/share/rclcpp/cmake)
-- Found rosidl_generator_c: 3.1.6 (/opt/ros/humble/share/rosidl_generator_c/cmake)
-- Found rosidl_adapter: 3.1.6 (/opt/ros/humble/share/rosidl_adapter/cmake)
-- Found rosidl_generator_cpp: 3.1.6 (/opt/ros/humble/share/rosidl_generator_cpp/cmake)
-- Using all available rosidl_typesupport_c: rosidl_typesupport_fastrtps_c;rosidl_typesupport_introspection_c
-- Using all available rosidl_typesupport_cpp: rosidl_typesupport_fastrtps_cpp;rosidl_typesupport_introspection_cpp
-- Found rmw_implementation_cmake: 6.1.2 (/opt/ros/humble/share/rmw_implementation_cmake/cmake)
-- Found rmw_fastrtps_cpp: 6.2.7 (/opt/ros/humble/share/rmw_fastrtps_cpp/cmake)
-- Using RMW implementation 'rmw_fastrtps_cpp' as default
-- Found rclpy: 3.3.16 (/opt/ros/humble/share/rclpy/cmake)
-- Found ament_lint_auto: 0.12.12 (/opt/ros/humble/share/ament_lint_auto/cmake)
-- Configuring done
-- Generating done
-- Build files have been written to: /wolvi/build/utils
-- Install configuration: ""
-- Installing: /wolvi/install/utils/lib/python3.X/site-packages
-- Installing: /wolvi/install/utils/lib/python3.X/site-packages/__init__.py
-- Installing: /wolvi/install/utils/share/ament_index/resource_index/package_run_dependencies/utils
-- Installing: /wolvi/install/utils/share/ament_index/resource_index/parent_prefix_path/utils
-- Installing: /wolvi/install/utils/share/utils/environment/ament_prefix_path.sh
-- Installing: /wolvi/install/utils/share/utils/environment/ament_prefix_path.dsv
-- Installing: /wolvi/install/utils/share/utils/environment/path.sh
-- Installing: /wolvi/install/utils/share/utils/environment/path.dsv
-- Installing: /wolvi/install/utils/share/utils/local_setup.bash
-- Installing: /wolvi/install/utils/share/utils/local_setup.sh
-- Installing: /wolvi/install/utils/share/utils/local_setup.zsh
-- Installing: /wolvi/install/utils/share/utils/local_setup.dsv
-- Installing: /wolvi/install/utils/share/utils/package.dsv
-- Installing: /wolvi/install/utils/share/ament_index/resource_index/packages/utils
-- Installing: /wolvi/install/utils/share/utils/cmake/utilsConfig.cmake
-- Installing: /wolvi/install/utils/share/utils/cmake/utilsConfig-version.cmake
-- Installing: /wolvi/install/utils/share/utils/package.xml
