[0.029s] Invoking command in '/wolvi/build/utils': CMAKE_PREFIX_PATH=${CMAKE_PREFIX_PATH}:/opt/ros/humble /usr/bin/cmake --build /wolvi/build/utils -- -j16 -l16
[0.070s] -- Found ament_cmake: 1.3.11 (/opt/ros/humble/share/ament_cmake/cmake)
[0.213s] -- Found rclcpp: 16.0.12 (/opt/ros/humble/share/rclcpp/cmake)
[0.242s] -- Found rosidl_generator_c: 3.1.6 (/opt/ros/humble/share/rosidl_generator_c/cmake)
[0.244s] -- Found rosidl_adapter: 3.1.6 (/opt/ros/humble/share/rosidl_adapter/cmake)
[0.249s] -- Found rosidl_generator_cpp: 3.1.6 (/opt/ros/humble/share/rosidl_generator_cpp/cmake)
[0.258s] -- Using all available rosidl_typesupport_c: rosidl_typesupport_fastrtps_c;rosidl_typesupport_introspection_c
[0.269s] -- Using all available rosidl_typesupport_cpp: rosidl_typesupport_fastrtps_cpp;rosidl_typesupport_introspection_cpp
[0.299s] -- Found rmw_implementation_cmake: 6.1.2 (/opt/ros/humble/share/rmw_implementation_cmake/cmake)
[0.301s] -- Found rmw_fastrtps_cpp: 6.2.7 (/opt/ros/humble/share/rmw_fastrtps_cpp/cmake)
[0.467s] -- Using RMW implementation 'rmw_fastrtps_cpp' as default
[0.518s] -- Found rclpy: 3.3.16 (/opt/ros/humble/share/rclpy/cmake)
[0.519s] -- Found ament_lint_auto: 0.12.12 (/opt/ros/humble/share/ament_lint_auto/cmake)
[0.588s] -- Configuring done
[0.595s] -- Generating done
[0.597s] -- Build files have been written to: /wolvi/build/utils
[0.640s] Invoked command in '/wolvi/build/utils' returned '0': CMAKE_PREFIX_PATH=${CMAKE_PREFIX_PATH}:/opt/ros/humble /usr/bin/cmake --build /wolvi/build/utils -- -j16 -l16
[0.643s] Invoking command in '/wolvi/build/utils': CMAKE_PREFIX_PATH=${CMAKE_PREFIX_PATH}:/opt/ros/humble /usr/bin/cmake --install /wolvi/build/utils
[0.657s] -- Install configuration: ""
[0.657s] -- Installing: /wolvi/install/utils/lib/python3.X/site-packages
[0.657s] -- Installing: /wolvi/install/utils/lib/python3.X/site-packages/__init__.py
[0.658s] -- Installing: /wolvi/install/utils/share/ament_index/resource_index/package_run_dependencies/utils
[0.658s] -- Installing: /wolvi/install/utils/share/ament_index/resource_index/parent_prefix_path/utils
[0.658s] -- Installing: /wolvi/install/utils/share/utils/environment/ament_prefix_path.sh
[0.658s] -- Installing: /wolvi/install/utils/share/utils/environment/ament_prefix_path.dsv
[0.659s] -- Installing: /wolvi/install/utils/share/utils/environment/path.sh
[0.659s] -- Installing: /wolvi/install/utils/share/utils/environment/path.dsv
[0.659s] -- Installing: /wolvi/install/utils/share/utils/local_setup.bash
[0.659s] -- Installing: /wolvi/install/utils/share/utils/local_setup.sh
[0.659s] -- Installing: /wolvi/install/utils/share/utils/local_setup.zsh
[0.659s] -- Installing: /wolvi/install/utils/share/utils/local_setup.dsv
[0.659s] -- Installing: /wolvi/install/utils/share/utils/package.dsv
[0.660s] -- Installing: /wolvi/install/utils/share/ament_index/resource_index/packages/utils
[0.660s] -- Installing: /wolvi/install/utils/share/utils/cmake/utilsConfig.cmake
[0.660s] -- Installing: /wolvi/install/utils/share/utils/cmake/utilsConfig-version.cmake
[0.660s] -- Installing: /wolvi/install/utils/share/utils/package.xml
[0.662s] Invoked command in '/wolvi/build/utils' returned '0': CMAKE_PREFIX_PATH=${CMAKE_PREFIX_PATH}:/opt/ros/humble /usr/bin/cmake --install /wolvi/build/utils
