-- Install configuration: ""
-- Installing: /wolvi/install/robot_bringup/share/robot_bringup//launch
-- Installing: /wolvi/install/robot_bringup/share/robot_bringup//launch/turtlebot4_bringup.launch.py
-- Installing: /wolvi/install/robot_bringup/share/robot_bringup//config
-- Installing: /wolvi/install/robot_bringup/share/robot_bringup//config/config_turltebot4.rviz
-- Installing: /wolvi/install/robot_bringup/share/ament_index/resource_index/package_run_dependencies/robot_bringup
-- Installing: /wolvi/install/robot_bringup/share/ament_index/resource_index/parent_prefix_path/robot_bringup
-- Installing: /wolvi/install/robot_bringup/share/robot_bringup/environment/ament_prefix_path.sh
-- Installing: /wolvi/install/robot_bringup/share/robot_bringup/environment/ament_prefix_path.dsv
-- Installing: /wolvi/install/robot_bringup/share/robot_bringup/environment/path.sh
-- Installing: /wolvi/install/robot_bringup/share/robot_bringup/environment/path.dsv
-- Installing: /wolvi/install/robot_bringup/share/robot_bringup/local_setup.bash
-- Installing: /wolvi/install/robot_bringup/share/robot_bringup/local_setup.sh
-- Installing: /wolvi/install/robot_bringup/share/robot_bringup/local_setup.zsh
-- Installing: /wolvi/install/robot_bringup/share/robot_bringup/local_setup.dsv
-- Installing: /wolvi/install/robot_bringup/share/robot_bringup/package.dsv
-- Installing: /wolvi/install/robot_bringup/share/ament_index/resource_index/packages/robot_bringup
-- Installing: /wolvi/install/robot_bringup/share/robot_bringup/cmake/robot_bringupConfig.cmake
-- Installing: /wolvi/install/robot_bringup/share/robot_bringup/cmake/robot_bringupConfig-version.cmake
-- Installing: /wolvi/install/robot_bringup/share/robot_bringup/package.xml
